2022-01-13 09:01:09 INFO  main cc.mrbird.febs.Application Starting Application on XTZJ-20210805AL with PID 7156 (E:\IdeaProjects\RussiaPostofficeServer\target\classes started by Administrator in E:\IdeaProjects\RussiaPostofficeServer)
2022-01-13 09:01:09 INFO  main cc.mrbird.febs.Application The following profiles are active: dev_wang
2022-01-13 09:01:10 INFO  main org.springframework.boot.devtools.env.DevToolsPropertyDefaultsPostProcessor Devtools property defaults active! Set 'spring.devtools.add-properties' to 'false' to disable
2022-01-13 09:01:10 INFO  main org.springframework.boot.devtools.env.DevToolsPropertyDefaultsPostProcessor For additional web related logging consider setting the 'logging.level.web' property to 'DEBUG'
2022-01-13 09:01:17 INFO  main org.springframework.data.repository.config.RepositoryConfigurationDelegate Multiple Spring Data modules found, entering strict repository configuration mode!
2022-01-13 09:01:17 INFO  main org.springframework.data.repository.config.RepositoryConfigurationDelegate Bootstrapping Spring Data Redis repositories in DEFAULT mode.
2022-01-13 09:01:17 INFO  main org.springframework.data.repository.config.RepositoryConfigurationDelegate Finished Spring Data repository scanning in 222ms. Found 0 Redis repository interfaces.
2022-01-13 09:01:19 INFO  main com.ulisesbocchio.jasyptspringboot.configuration.EnableEncryptablePropertiesBeanFactoryPostProcessor Post-processing PropertySource instances
2022-01-13 09:01:19 INFO  main com.ulisesbocchio.jasyptspringboot.EncryptablePropertySourceConverter Converting PropertySource configurationProperties [org.springframework.boot.context.properties.source.ConfigurationPropertySourcesPropertySource] to AOP Proxy
2022-01-13 09:01:19 INFO  main com.ulisesbocchio.jasyptspringboot.EncryptablePropertySourceConverter Converting PropertySource servletConfigInitParams [org.springframework.core.env.PropertySource$StubPropertySource] to EncryptablePropertySourceWrapper
2022-01-13 09:01:19 INFO  main com.ulisesbocchio.jasyptspringboot.EncryptablePropertySourceConverter Converting PropertySource servletContextInitParams [org.springframework.core.env.PropertySource$StubPropertySource] to EncryptablePropertySourceWrapper
2022-01-13 09:01:19 INFO  main com.ulisesbocchio.jasyptspringboot.EncryptablePropertySourceConverter Converting PropertySource systemProperties [org.springframework.core.env.PropertiesPropertySource] to EncryptableMapPropertySourceWrapper
2022-01-13 09:01:19 INFO  main com.ulisesbocchio.jasyptspringboot.EncryptablePropertySourceConverter Converting PropertySource systemEnvironment [org.springframework.boot.env.SystemEnvironmentPropertySourceEnvironmentPostProcessor$OriginAwareSystemEnvironmentPropertySource] to EncryptableMapPropertySourceWrapper
2022-01-13 09:01:19 INFO  main com.ulisesbocchio.jasyptspringboot.EncryptablePropertySourceConverter Converting PropertySource random [org.springframework.boot.env.RandomValuePropertySource] to EncryptablePropertySourceWrapper
2022-01-13 09:01:19 INFO  main com.ulisesbocchio.jasyptspringboot.EncryptablePropertySourceConverter Converting PropertySource applicationConfig: [classpath:/application-dev_wang.yml] [org.springframework.boot.env.OriginTrackedMapPropertySource] to EncryptableMapPropertySourceWrapper
2022-01-13 09:01:19 INFO  main com.ulisesbocchio.jasyptspringboot.EncryptablePropertySourceConverter Converting PropertySource applicationConfig: [classpath:/application.yml] [org.springframework.boot.env.OriginTrackedMapPropertySource] to EncryptableMapPropertySourceWrapper
2022-01-13 09:01:19 INFO  main com.ulisesbocchio.jasyptspringboot.EncryptablePropertySourceConverter Converting PropertySource devtools [org.springframework.core.env.MapPropertySource] to EncryptableMapPropertySourceWrapper
2022-01-13 09:01:19 INFO  main com.ulisesbocchio.jasyptspringboot.EncryptablePropertySourceConverter Converting PropertySource class path resource [febs.properties] [org.springframework.core.io.support.ResourcePropertySource] to EncryptableMapPropertySourceWrapper
2022-01-13 09:01:20 INFO  main com.ulisesbocchio.jasyptspringboot.filter.DefaultLazyPropertyFilter Property Filter custom Bean not found with name 'encryptablePropertyFilter'. Initializing Default Property Filter
2022-01-13 09:01:20 INFO  main com.ulisesbocchio.jasyptspringboot.resolver.DefaultLazyPropertyResolver Property Resolver custom Bean not found with name 'encryptablePropertyResolver'. Initializing Default Property Resolver
2022-01-13 09:01:20 INFO  main com.ulisesbocchio.jasyptspringboot.detector.DefaultLazyPropertyDetector Property Detector custom Bean not found with name 'encryptablePropertyDetector'. Initializing Default Property Detector
2022-01-13 09:01:20 INFO  main org.springframework.context.support.PostProcessorRegistrationDelegate$BeanPostProcessorChecker Bean 'spring.datasource.dynamic-com.baomidou.dynamic.datasource.spring.boot.autoconfigure.DynamicDataSourceProperties' of type [com.baomidou.dynamic.datasource.spring.boot.autoconfigure.DynamicDataSourceProperties] is not eligible for getting processed by all BeanPostProcessors (for example: not eligible for auto-proxying)
2022-01-13 09:01:20 INFO  main org.springframework.context.support.PostProcessorRegistrationDelegate$BeanPostProcessorChecker Bean 'com.baomidou.dynamic.datasource.spring.boot.autoconfigure.DynamicDataSourceAutoConfiguration' of type [com.baomidou.dynamic.datasource.spring.boot.autoconfigure.DynamicDataSourceAutoConfiguration$$EnhancerBySpringCGLIB$$1] is not eligible for getting processed by all BeanPostProcessors (for example: not eligible for auto-proxying)
2022-01-13 09:01:20 INFO  main org.springframework.context.support.PostProcessorRegistrationDelegate$BeanPostProcessorChecker Bean 'dsProcessor' of type [com.baomidou.dynamic.datasource.processor.DsHeaderProcessor] is not eligible for getting processed by all BeanPostProcessors (for example: not eligible for auto-proxying)
2022-01-13 09:01:20 INFO  main org.springframework.context.support.PostProcessorRegistrationDelegate$BeanPostProcessorChecker Bean 'dynamicDatasourceAnnotationAdvisor' of type [com.baomidou.dynamic.datasource.aop.DynamicDataSourceAnnotationAdvisor] is not eligible for getting processed by all BeanPostProcessors (for example: not eligible for auto-proxying)
2022-01-13 09:01:21 INFO  main org.springframework.context.support.PostProcessorRegistrationDelegate$BeanPostProcessorChecker Bean 'febsProperties' of type [cc.mrbird.febs.common.properties.FebsProperties$$EnhancerBySpringCGLIB$$1] is not eligible for getting processed by all BeanPostProcessors (for example: not eligible for auto-proxying)
2022-01-13 09:01:21 INFO  main org.springframework.context.support.PostProcessorRegistrationDelegate$BeanPostProcessorChecker Bean 'shiroConfig' of type [cc.mrbird.febs.common.authentication.ShiroConfig$$EnhancerBySpringCGLIB$$1] is not eligible for getting processed by all BeanPostProcessors (for example: not eligible for auto-proxying)
2022-01-13 09:01:21 INFO  main org.springframework.context.support.PostProcessorRegistrationDelegate$BeanPostProcessorChecker Bean 'redisConfigure' of type [cc.mrbird.febs.common.configure.RedisConfigure$$EnhancerBySpringCGLIB$$1] is not eligible for getting processed by all BeanPostProcessors (for example: not eligible for auto-proxying)
2022-01-13 09:01:21 INFO  main org.springframework.context.support.PostProcessorRegistrationDelegate$BeanPostProcessorChecker Bean 'spring.redis-org.springframework.boot.autoconfigure.data.redis.RedisProperties' of type [org.springframework.boot.autoconfigure.data.redis.RedisProperties] is not eligible for getting processed by all BeanPostProcessors (for example: not eligible for auto-proxying)
2022-01-13 09:01:21 INFO  main org.springframework.context.support.PostProcessorRegistrationDelegate$BeanPostProcessorChecker Bean 'org.springframework.boot.autoconfigure.data.redis.LettuceConnectionConfiguration' of type [org.springframework.boot.autoconfigure.data.redis.LettuceConnectionConfiguration] is not eligible for getting processed by all BeanPostProcessors (for example: not eligible for auto-proxying)
2022-01-13 09:01:21 INFO  main org.springframework.context.support.PostProcessorRegistrationDelegate$BeanPostProcessorChecker Bean 'lettuceClientResources' of type [io.lettuce.core.resource.DefaultClientResources] is not eligible for getting processed by all BeanPostProcessors (for example: not eligible for auto-proxying)
2022-01-13 09:01:22 INFO  main org.springframework.context.support.PostProcessorRegistrationDelegate$BeanPostProcessorChecker Bean 'redisConnectionFactory' of type [org.springframework.data.redis.connection.lettuce.LettuceConnectionFactory] is not eligible for getting processed by all BeanPostProcessors (for example: not eligible for auto-proxying)
2022-01-13 09:01:22 INFO  main org.springframework.context.support.PostProcessorRegistrationDelegate$BeanPostProcessorChecker Bean 'redisTemplate' of type [org.springframework.data.redis.core.RedisTemplate] is not eligible for getting processed by all BeanPostProcessors (for example: not eligible for auto-proxying)
2022-01-13 09:01:22 INFO  main org.springframework.context.support.PostProcessorRegistrationDelegate$BeanPostProcessorChecker Bean 'redisService' of type [cc.mrbird.febs.common.service.RedisService] is not eligible for getting processed by all BeanPostProcessors (for example: not eligible for auto-proxying)
2022-01-13 09:01:22 INFO  main org.springframework.context.support.PostProcessorRegistrationDelegate$BeanPostProcessorChecker Bean 'mybatis-plus-com.baomidou.mybatisplus.autoconfigure.MybatisPlusProperties' of type [com.baomidou.mybatisplus.autoconfigure.MybatisPlusProperties] is not eligible for getting processed by all BeanPostProcessors (for example: not eligible for auto-proxying)
2022-01-13 09:01:22 INFO  main org.springframework.context.support.PostProcessorRegistrationDelegate$BeanPostProcessorChecker Bean 'mybatisPlusConfigure' of type [cc.mrbird.febs.common.configure.MybatisPlusConfigure$$EnhancerBySpringCGLIB$$1] is not eligible for getting processed by all BeanPostProcessors (for example: not eligible for auto-proxying)
2022-01-13 09:01:22 INFO  main org.springframework.context.support.PostProcessorRegistrationDelegate$BeanPostProcessorChecker Bean 'paginationInterceptor' of type [com.baomidou.mybatisplus.extension.plugins.PaginationInterceptor] is not eligible for getting processed by all BeanPostProcessors (for example: not eligible for auto-proxying)
2022-01-13 09:01:22 INFO  main org.springframework.context.support.PostProcessorRegistrationDelegate$BeanPostProcessorChecker Bean 'com.baomidou.mybatisplus.autoconfigure.MybatisPlusAutoConfiguration' of type [com.baomidou.mybatisplus.autoconfigure.MybatisPlusAutoConfiguration$$EnhancerBySpringCGLIB$$1] is not eligible for getting processed by all BeanPostProcessors (for example: not eligible for auto-proxying)
2022-01-13 09:01:22 INFO  main org.springframework.context.support.PostProcessorRegistrationDelegate$BeanPostProcessorChecker Bean 'dataSourceCreator' of type [com.baomidou.dynamic.datasource.creator.DataSourceCreator] is not eligible for getting processed by all BeanPostProcessors (for example: not eligible for auto-proxying)
2022-01-13 09:01:22 INFO  main org.springframework.context.support.PostProcessorRegistrationDelegate$BeanPostProcessorChecker Bean 'dynamicDataSourceProvider' of type [com.baomidou.dynamic.datasource.provider.YmlDynamicDataSourceProvider] is not eligible for getting processed by all BeanPostProcessors (for example: not eligible for auto-proxying)
2022-01-13 09:01:22 INFO  main com.baomidou.dynamic.datasource.DynamicRoutingDataSource dynamic-datasource detect P6SPY plugin and enabled it
2022-01-13 09:01:22 INFO  main com.zaxxer.hikari.HikariDataSource base - Starting...
2022-01-13 09:01:24 INFO  main com.zaxxer.hikari.HikariDataSource base - Start completed.
2022-01-13 09:01:24 INFO  main com.baomidou.dynamic.datasource.DynamicRoutingDataSource dynamic-datasource [base] wrap p6spy plugin
2022-01-13 09:01:24 INFO  main com.baomidou.dynamic.datasource.DynamicRoutingDataSource dynamic-datasource - load a datasource named [base] success
2022-01-13 09:01:24 INFO  main com.baomidou.dynamic.datasource.DynamicRoutingDataSource dynamic-datasource initial loaded [1] datasource,primary datasource named [base]
2022-01-13 09:01:24 INFO  main org.springframework.context.support.PostProcessorRegistrationDelegate$BeanPostProcessorChecker Bean 'dataSource' of type [com.baomidou.dynamic.datasource.DynamicRoutingDataSource] is not eligible for getting processed by all BeanPostProcessors (for example: not eligible for auto-proxying)
2022-01-13 09:01:24 INFO  main org.springframework.context.support.PostProcessorRegistrationDelegate$BeanPostProcessorChecker Bean 'spring.datasource-org.springframework.boot.autoconfigure.jdbc.DataSourceProperties' of type [org.springframework.boot.autoconfigure.jdbc.DataSourceProperties] is not eligible for getting processed by all BeanPostProcessors (for example: not eligible for auto-proxying)
2022-01-13 09:01:24 INFO  main org.springframework.context.support.PostProcessorRegistrationDelegate$BeanPostProcessorChecker Bean 'org.springframework.boot.autoconfigure.jdbc.DataSourceInitializerInvoker' of type [org.springframework.boot.autoconfigure.jdbc.DataSourceInitializerInvoker] is not eligible for getting processed by all BeanPostProcessors (for example: not eligible for auto-proxying)
2022-01-13 09:01:27 INFO  main org.springframework.context.support.PostProcessorRegistrationDelegate$BeanPostProcessorChecker Bean 'sqlSessionFactory' of type [org.apache.ibatis.session.defaults.DefaultSqlSessionFactory] is not eligible for getting processed by all BeanPostProcessors (for example: not eligible for auto-proxying)
2022-01-13 09:01:27 INFO  main org.springframework.context.support.PostProcessorRegistrationDelegate$BeanPostProcessorChecker Bean 'sqlSessionTemplate' of type [org.mybatis.spring.SqlSessionTemplate] is not eligible for getting processed by all BeanPostProcessors (for example: not eligible for auto-proxying)
2022-01-13 09:01:27 INFO  main org.springframework.context.support.PostProcessorRegistrationDelegate$BeanPostProcessorChecker Bean 'userMapper' of type [org.mybatis.spring.mapper.MapperFactoryBean] is not eligible for getting processed by all BeanPostProcessors (for example: not eligible for auto-proxying)
2022-01-13 09:01:27 INFO  main org.springframework.context.support.PostProcessorRegistrationDelegate$BeanPostProcessorChecker Bean 'userMapper' of type [com.sun.proxy.$Proxy128] is not eligible for getting processed by all BeanPostProcessors (for example: not eligible for auto-proxying)
2022-01-13 09:01:27 WARN  main com.baomidou.mybatisplus.core.metadata.TableInfoHelper Warn: Could not find @TableId in Class: cc.mrbird.febs.system.entity.UserRole.
2022-01-13 09:01:27 INFO  main org.springframework.context.support.PostProcessorRegistrationDelegate$BeanPostProcessorChecker Bean 'userRoleMapper' of type [org.mybatis.spring.mapper.MapperFactoryBean] is not eligible for getting processed by all BeanPostProcessors (for example: not eligible for auto-proxying)
2022-01-13 09:01:27 INFO  main org.springframework.context.support.PostProcessorRegistrationDelegate$BeanPostProcessorChecker Bean 'userRoleMapper' of type [com.sun.proxy.$Proxy129] is not eligible for getting processed by all BeanPostProcessors (for example: not eligible for auto-proxying)
2022-01-13 09:01:27 INFO  main org.springframework.context.support.PostProcessorRegistrationDelegate$BeanPostProcessorChecker Bean 'userRoleServiceImpl' of type [cc.mrbird.febs.system.service.impl.UserRoleServiceImpl] is not eligible for getting processed by all BeanPostProcessors (for example: not eligible for auto-proxying)
2022-01-13 09:01:27 INFO  main org.springframework.context.support.PostProcessorRegistrationDelegate$BeanPostProcessorChecker Bean 'userDataPermissionMapper' of type [org.mybatis.spring.mapper.MapperFactoryBean] is not eligible for getting processed by all BeanPostProcessors (for example: not eligible for auto-proxying)
2022-01-13 09:01:27 INFO  main org.springframework.context.support.PostProcessorRegistrationDelegate$BeanPostProcessorChecker Bean 'userDataPermissionMapper' of type [com.sun.proxy.$Proxy131] is not eligible for getting processed by all BeanPostProcessors (for example: not eligible for auto-proxying)
2022-01-13 09:01:27 INFO  main org.springframework.context.support.PostProcessorRegistrationDelegate$BeanPostProcessorChecker Bean 'userDataPermissionService' of type [cc.mrbird.febs.system.service.impl.UserDataPermissionServiceImpl] is not eligible for getting processed by all BeanPostProcessors (for example: not eligible for auto-proxying)
2022-01-13 09:01:27 INFO  main org.springframework.context.support.PostProcessorRegistrationDelegate$BeanPostProcessorChecker Bean 'userServiceImpl' of type [cc.mrbird.febs.system.service.impl.UserServiceImpl] is not eligible for getting processed by all BeanPostProcessors (for example: not eligible for auto-proxying)
2022-01-13 09:01:27 INFO  main org.springframework.context.support.PostProcessorRegistrationDelegate$BeanPostProcessorChecker Bean 'menuMapper' of type [org.mybatis.spring.mapper.MapperFactoryBean] is not eligible for getting processed by all BeanPostProcessors (for example: not eligible for auto-proxying)
2022-01-13 09:01:27 INFO  main org.springframework.context.support.PostProcessorRegistrationDelegate$BeanPostProcessorChecker Bean 'menuMapper' of type [com.sun.proxy.$Proxy134] is not eligible for getting processed by all BeanPostProcessors (for example: not eligible for auto-proxying)
2022-01-13 09:01:27 WARN  main com.baomidou.mybatisplus.core.metadata.TableInfoHelper Warn: Could not find @TableId in Class: cc.mrbird.febs.system.entity.RoleMenu.
2022-01-13 09:01:27 INFO  main org.springframework.context.support.PostProcessorRegistrationDelegate$BeanPostProcessorChecker Bean 'roleMenuMapper' of type [org.mybatis.spring.mapper.MapperFactoryBean] is not eligible for getting processed by all BeanPostProcessors (for example: not eligible for auto-proxying)
2022-01-13 09:01:27 INFO  main org.springframework.context.support.PostProcessorRegistrationDelegate$BeanPostProcessorChecker Bean 'roleMenuMapper' of type [com.sun.proxy.$Proxy135] is not eligible for getting processed by all BeanPostProcessors (for example: not eligible for auto-proxying)
2022-01-13 09:01:27 INFO  main org.springframework.context.support.PostProcessorRegistrationDelegate$BeanPostProcessorChecker Bean 'roleMenuServiceImpl' of type [cc.mrbird.febs.system.service.impl.RoleMenuServiceImpl] is not eligible for getting processed by all BeanPostProcessors (for example: not eligible for auto-proxying)
2022-01-13 09:01:28 INFO  main org.springframework.context.support.PostProcessorRegistrationDelegate$BeanPostProcessorChecker Bean 'menuServiceImpl' of type [cc.mrbird.febs.system.service.impl.MenuServiceImpl] is not eligible for getting processed by all BeanPostProcessors (for example: not eligible for auto-proxying)
2022-01-13 09:01:28 INFO  main org.springframework.context.support.PostProcessorRegistrationDelegate$BeanPostProcessorChecker Bean 'roleMapper' of type [org.mybatis.spring.mapper.MapperFactoryBean] is not eligible for getting processed by all BeanPostProcessors (for example: not eligible for auto-proxying)
2022-01-13 09:01:28 INFO  main org.springframework.context.support.PostProcessorRegistrationDelegate$BeanPostProcessorChecker Bean 'roleMapper' of type [com.sun.proxy.$Proxy138] is not eligible for getting processed by all BeanPostProcessors (for example: not eligible for auto-proxying)
2022-01-13 09:01:28 INFO  main org.springframework.context.support.PostProcessorRegistrationDelegate$BeanPostProcessorChecker Bean 'roleServiceImpl' of type [cc.mrbird.febs.system.service.impl.RoleServiceImpl] is not eligible for getting processed by all BeanPostProcessors (for example: not eligible for auto-proxying)
2022-01-13 09:01:28 INFO  main org.springframework.context.support.PostProcessorRegistrationDelegate$BeanPostProcessorChecker Bean 'shiroRealm' of type [cc.mrbird.febs.common.authentication.ShiroRealm] is not eligible for getting processed by all BeanPostProcessors (for example: not eligible for auto-proxying)
2022-01-13 09:01:28 INFO  main org.springframework.context.support.PostProcessorRegistrationDelegate$BeanPostProcessorChecker Bean 'redisSessionDAO' of type [org.crazycake.shiro.RedisSessionDAO] is not eligible for getting processed by all BeanPostProcessors (for example: not eligible for auto-proxying)
2022-01-13 09:01:28 INFO  main org.springframework.context.support.PostProcessorRegistrationDelegate$BeanPostProcessorChecker Bean 'simpleCookie' of type [org.apache.shiro.web.servlet.SimpleCookie] is not eligible for getting processed by all BeanPostProcessors (for example: not eligible for auto-proxying)
2022-01-13 09:01:28 INFO  main org.springframework.context.support.PostProcessorRegistrationDelegate$BeanPostProcessorChecker Bean 'sessionManager' of type [org.apache.shiro.web.session.mgt.DefaultWebSessionManager] is not eligible for getting processed by all BeanPostProcessors (for example: not eligible for auto-proxying)
2022-01-13 09:01:28 INFO  main org.springframework.context.support.PostProcessorRegistrationDelegate$BeanPostProcessorChecker Bean 'securityManager' of type [org.apache.shiro.web.mgt.DefaultWebSecurityManager] is not eligible for getting processed by all BeanPostProcessors (for example: not eligible for auto-proxying)
2022-01-13 09:01:28 INFO  main org.springframework.context.support.PostProcessorRegistrationDelegate$BeanPostProcessorChecker Bean 'authorizationAttributeSourceAdvisor' of type [org.apache.shiro.spring.security.interceptor.AuthorizationAttributeSourceAdvisor] is not eligible for getting processed by all BeanPostProcessors (for example: not eligible for auto-proxying)
2022-01-13 09:01:29 INFO  main org.springframework.boot.web.embedded.tomcat.TomcatWebServer Tomcat initialized with port(s): 88 (http)
2022-01-13 09:01:29 INFO  main org.apache.coyote.http11.Http11NioProtocol Initializing ProtocolHandler ["http-nio-0.0.0.0-88"]
2022-01-13 09:01:29 INFO  main org.apache.catalina.core.StandardService Starting service [Tomcat]
2022-01-13 09:01:29 INFO  main org.apache.catalina.core.StandardEngine Starting Servlet engine: [Apache Tomcat/9.0.31]
2022-01-13 09:01:29 INFO  main org.apache.catalina.core.AprLifecycleListener Loaded APR based Apache Tomcat Native library [1.2.30] using APR version [1.7.0].
2022-01-13 09:01:29 INFO  main org.apache.catalina.core.AprLifecycleListener APR capabilities: IPv6 [true], sendfile [true], accept filters [false], random [true].
2022-01-13 09:01:29 INFO  main org.apache.catalina.core.AprLifecycleListener APR/OpenSSL configuration: useAprConnector [false], useOpenSSL [true]
2022-01-13 09:01:29 INFO  main org.apache.catalina.core.AprLifecycleListener OpenSSL successfully initialized [OpenSSL 1.1.1k  25 Mar 2021]
2022-01-13 09:01:30 INFO  main org.apache.catalina.core.ContainerBase.[Tomcat].[localhost].[/posmart] Initializing Spring embedded WebApplicationContext
2022-01-13 09:01:30 INFO  main org.springframework.web.context.ContextLoader Root WebApplicationContext: initialization completed in 20362 ms
2022-01-13 09:01:31 INFO  main cc.mrbird.febs.common.xss.XssFilter ------------ xss filter init ------------
2022-01-13 09:01:32 INFO  main cc.mrbird.febs.common.threadpool.AlarmThreadPool 初始化AlarmThreadPool
2022-01-13 09:01:34 INFO  main io.lettuce.core.EpollProvider Starting without optional epoll library
2022-01-13 09:01:34 INFO  main io.lettuce.core.KqueueProvider Starting without optional kqueue library
2022-01-13 09:01:35 INFO  main org.springframework.scheduling.concurrent.ThreadPoolTaskExecutor Initializing ExecutorService
2022-01-13 09:01:35 INFO  main org.springframework.scheduling.concurrent.ThreadPoolTaskExecutor Initializing ExecutorService 'NettyAsyncThreadPool'
2022-01-13 09:01:35 INFO  main cc.mrbird.febs.common.netty.NettyServerHandler NettyServerHandler 初始化 对象是：cc.mrbird.febs.common.netty.NettyServerHandler@7e4921be
2022-01-13 09:01:36 INFO  main org.quartz.impl.StdSchedulerFactory Using default implementation for ThreadExecutor
2022-01-13 09:01:36 INFO  main org.quartz.core.SchedulerSignalerImpl Initialized Scheduler Signaller of type: class org.quartz.core.SchedulerSignalerImpl
2022-01-13 09:01:36 INFO  main org.quartz.core.QuartzScheduler Quartz Scheduler v.2.3.2 created.
2022-01-13 09:01:36 INFO  main org.quartz.simpl.RAMJobStore RAMJobStore initialized.
2022-01-13 09:01:36 INFO  main org.quartz.core.QuartzScheduler Scheduler meta-data: Quartz Scheduler (v2.3.2) 'quartzScheduler' with instanceId 'NON_CLUSTERED'
  Scheduler class: 'org.quartz.core.QuartzScheduler' - running locally.
  NOT STARTED.
  Currently in standby mode.
  Number of jobs executed: 0
  Using thread pool 'org.quartz.simpl.SimpleThreadPool' - with 10 threads.
  Using job-store 'org.quartz.simpl.RAMJobStore' - which does not support persistence. and is not clustered.

2022-01-13 09:01:36 INFO  main org.quartz.impl.StdSchedulerFactory Quartz scheduler 'quartzScheduler' initialized from an externally provided properties instance.
2022-01-13 09:01:36 INFO  main org.quartz.impl.StdSchedulerFactory Quartz scheduler version: 2.3.2
2022-01-13 09:01:36 INFO  main org.quartz.core.QuartzScheduler JobFactory set to: org.springframework.scheduling.quartz.SpringBeanJobFactory@6e5e36ab
2022-01-13 09:01:36 WARN  main com.baomidou.mybatisplus.core.metadata.TableInfoHelper Warn: Could not find @TableId in Class: cc.mrbird.febs.others.entity.Eximport.
2022-01-13 09:01:36 INFO  main org.springframework.scheduling.concurrent.ThreadPoolTaskExecutor Initializing ExecutorService
2022-01-13 09:01:36 INFO  main org.springframework.scheduling.concurrent.ThreadPoolTaskExecutor Initializing ExecutorService 'febsAsyncThreadPool'
2022-01-13 09:01:37 INFO  main org.springframework.boot.actuate.endpoint.web.EndpointLinksResolver Exposing 2 endpoint(s) beneath base path '/actuator'
2022-01-13 09:01:38 INFO  main springfox.documentation.spring.web.PropertySourcedRequestMappingHandlerMapping Mapped URL path [/v2/api-docs] onto method [springfox.documentation.swagger2.web.Swagger2Controller#getDocumentation(String, HttpServletRequest)]
2022-01-13 09:01:38 INFO  main org.springframework.boot.devtools.autoconfigure.OptionalLiveReloadServer LiveReload server is running on port 35729
2022-01-13 09:01:38 INFO  main org.springframework.boot.autoconfigure.web.servlet.WelcomePageHandlerMapping Adding welcome page template: index
2022-01-13 09:01:40 INFO  main springfox.documentation.spring.web.plugins.DocumentationPluginsBootstrapper Context refreshed
2022-01-13 09:01:40 INFO  main springfox.documentation.spring.web.plugins.DocumentationPluginsBootstrapper Found 1 custom documentation plugin(s)
2022-01-13 09:01:41 INFO  main springfox.documentation.spring.web.scanners.ApiListingReferenceScanner Scanning for api listing references
2022-01-13 09:01:41 INFO  main springfox.documentation.spring.web.readers.operation.CachingOperationNameGenerator Generating unique operation named: exportUsingPOST_1
2022-01-13 09:01:41 INFO  main springfox.documentation.spring.web.readers.operation.CachingOperationNameGenerator Generating unique operation named: exportUsingPOST_2
2022-01-13 09:01:41 INFO  main springfox.documentation.spring.web.readers.operation.CachingOperationNameGenerator Generating unique operation named: exportUsingPOST_3
2022-01-13 09:01:41 INFO  main springfox.documentation.spring.web.readers.operation.CachingOperationNameGenerator Generating unique operation named: exportUsingPOST_4
2022-01-13 09:01:41 INFO  main springfox.documentation.spring.web.readers.operation.CachingOperationNameGenerator Generating unique operation named: exportUsingPOST_5
2022-01-13 09:01:42 INFO  main springfox.documentation.spring.web.readers.operation.CachingOperationNameGenerator Generating unique operation named: exportUsingGET_1
2022-01-13 09:01:42 INFO  main springfox.documentation.spring.web.readers.operation.CachingOperationNameGenerator Generating unique operation named: selectStatusUsingGET_1
2022-01-13 09:01:42 INFO  main springfox.documentation.spring.web.readers.operation.CachingOperationNameGenerator Generating unique operation named: exportUsingPOST_6
2022-01-13 09:01:42 INFO  main springfox.documentation.spring.web.readers.operation.CachingOperationNameGenerator Generating unique operation named: exportUsingPOST_7
2022-01-13 09:01:42 INFO  main springfox.documentation.spring.web.readers.operation.CachingOperationNameGenerator Generating unique operation named: exportUsingPOST_8
2022-01-13 09:01:42 INFO  main springfox.documentation.spring.web.readers.operation.CachingOperationNameGenerator Generating unique operation named: exportUsingPOST_9
2022-01-13 09:01:42 INFO  main springfox.documentation.spring.web.readers.operation.CachingOperationNameGenerator Generating unique operation named: exportUsingPOST_10
2022-01-13 09:01:42 INFO  main springfox.documentation.spring.web.readers.operation.CachingOperationNameGenerator Generating unique operation named: exportUsingPOST_11
2022-01-13 09:01:42 INFO  main springfox.documentation.spring.web.readers.operation.CachingOperationNameGenerator Generating unique operation named: exportUsingPOST_12
2022-01-13 09:01:42 INFO  main springfox.documentation.spring.web.readers.operation.CachingOperationNameGenerator Generating unique operation named: exportUsingPOST_13
2022-01-13 09:01:42 INFO  main springfox.documentation.spring.web.readers.operation.CachingOperationNameGenerator Generating unique operation named: exportUsingPOST_14
2022-01-13 09:01:42 INFO  main springfox.documentation.spring.web.readers.operation.CachingOperationNameGenerator Generating unique operation named: exportUsingPOST_15
2022-01-13 09:01:42 INFO  main springfox.documentation.spring.web.readers.operation.CachingOperationNameGenerator Generating unique operation named: exportUsingPOST_16
2022-01-13 09:01:42 INFO  main springfox.documentation.spring.web.readers.operation.CachingOperationNameGenerator Generating unique operation named: exportUsingPOST_17
2022-01-13 09:01:42 INFO  main org.springframework.scheduling.quartz.SchedulerFactoryBean Starting Quartz Scheduler now
2022-01-13 09:01:42 INFO  main org.quartz.core.QuartzScheduler Scheduler quartzScheduler_$_NON_CLUSTERED started.
2022-01-13 09:01:42 INFO  main org.apache.coyote.http11.Http11NioProtocol Starting ProtocolHandler ["http-nio-0.0.0.0-88"]
2022-01-13 09:01:42 INFO  main org.springframework.boot.web.embedded.tomcat.TomcatWebServer Tomcat started on port(s): 88 (http) with context path '/posmart'
2022-01-13 09:01:42 INFO  main cc.mrbird.febs.Application Started Application in 39.938 seconds (JVM running for 53.852)
2022-01-13 09:01:42 INFO  main cc.mrbird.febs.common.runner.FebsStartedUpRunner 注资服务器启动完毕，地址：http://192.168.2.119:88/posmart/login
2022-01-13 09:01:42 INFO  main cc.mrbird.febs.common.license.LicenseVerifyUtils ++++++++ 开始安装证书 ++++++++
2022-01-13 09:01:42 INFO  main cc.mrbird.febs.common.license.LicenseVerifyUtils param = LicenseVerifyParam{subject='license_gdpt', publicAlias='publicCert', storePass='public_gdpt@2022', licensePath='F:\workspace\RussiaPostofficeServerFile\license\license.lic', publicKeysStorePath='F:\workspace\RussiaPostofficeServerFile\license\publicCerts.keystore'}
2022-01-13 09:01:43 INFO  main cc.mrbird.febs.common.license.CustomLicenseManager 获取操作系统类型
2022-01-13 09:01:43 INFO  main cc.mrbird.febs.common.license.LicenseVerifyUtils 证书安装成功，证书有效期：2021-12-31 00:00:00 - 2022-02-01 00:00:00
2022-01-13 09:01:43 WARN  main io.netty.bootstrap.ServerBootstrap Unknown channel option 'SO_SNDBUF' for channel '[id: 0x89e23392]'
2022-01-13 09:01:43 INFO  main cc.mrbird.febs.common.netty.NettyServer 服务器启动开始监听端口: 12800
2022-01-13 09:01:43 INFO  main cc.mrbird.febs.common.netty.NettyServer 关闭SSL
2022-01-13 09:02:00 INFO  http-nio-0.0.0.0-88-exec-1 org.apache.catalina.core.ContainerBase.[Tomcat].[localhost].[/posmart] Initializing Spring DispatcherServlet 'dispatcherServlet'
2022-01-13 09:02:00 INFO  http-nio-0.0.0.0-88-exec-1 org.springframework.web.servlet.DispatcherServlet Initializing Servlet 'dispatcherServlet'
2022-01-13 09:02:00 INFO  http-nio-0.0.0.0-88-exec-1 org.springframework.web.servlet.DispatcherServlet Completed initialization in 14 ms
2022-01-13 09:02:00 INFO  http-nio-0.0.0.0-88-exec-1 org.apache.shiro.session.mgt.AbstractValidatingSessionManager Enabling session validation scheduler...
2022-01-13 09:02:14 INFO  http-nio-0.0.0.0-88-exec-8 p6spy 2022-01-13 09:02:14 | 耗时 169 ms | SQL 语句：
SELECT u.user_id userId, u.username, u.realname, u.parent_id, u.email, u.mobile, u.password, u.status, u.create_time createTime, u.ssex sex, u.dept_id deptId, u.last_login_time lastLoginTime, u.modify_time modifyTime, u.description, u.avatar, u.theme, u.is_tab isTab, d.dept_name deptName, GROUP_CONCAT(r.role_id) roleId, GROUP_CONCAT(r.ROLE_NAME) roleName FROM t_user u LEFT JOIN t_dept d ON (u.dept_id = d.dept_id) LEFT JOIN t_user_role ur ON (u.user_id = ur.user_id) LEFT JOIN t_role r ON r.role_id = ur.role_id WHERE 1=1 AND u.username = 'admin' GROUP BY u.username, u.realname, u.parent_id, u.user_id, u.email, u.mobile, u.password, u.status, u.create_time, u.ssex, u.dept_id, u.last_login_time, u.modify_time, u.description, u.avatar, u.theme, u.is_tab Limit 1;
2022-01-13 09:02:14 INFO  http-nio-0.0.0.0-88-exec-8 p6spy 2022-01-13 09:02:14 | 耗时 17 ms | SQL 语句：
SELECT USER_ID,DEPT_ID FROM t_user_data_permission WHERE (USER_ID = '8');
2022-01-13 09:02:15 INFO  http-nio-0.0.0.0-88-exec-8 p6spy 2022-01-13 09:02:15 | 耗时 132 ms | SQL 语句：
INSERT INTO t_login_log ( USERNAME, LOGIN_TIME, LOCATION, IP, `SYSTEM`, BROWSER ) VALUES ( 'admin', '2022-01-13T09:02:15.034+0800', '内网IP|0|0|内网IP|内网IP', '192.168.2.119', 'Windows 10', 'Chrome 96' );
2022-01-13 09:02:15 INFO  http-nio-0.0.0.0-88-exec-10 cc.mrbird.febs.common.license.LicenseVerifyUtils 开始校验
2022-01-13 09:02:15 INFO  http-nio-0.0.0.0-88-exec-10 cc.mrbird.febs.common.license.CustomLicenseManager serverInfos不为null = LicenseCheckModel{ipAddress=[192.168.2.119], macAddress=[38-D5-47-AB-24-C0], cpuSerial='BFEBFBFF000306C3', mainBoardSerial='160881918021870'}
2022-01-13 09:02:15 INFO  http-nio-0.0.0.0-88-exec-10 cc.mrbird.febs.common.license.LicenseVerifyUtils 证书校验通过，证书有效期：2021-12-31 00:00:00 - 2022-02-01 00:00:00
2022-01-13 09:02:15 INFO  http-nio-0.0.0.0-88-exec-10 p6spy 2022-01-13 09:02:15 | 耗时 1 ms | SQL 语句：
SELECT r.* FROM t_role r LEFT JOIN t_user_role ur ON (r.role_id = ur.role_id) LEFT JOIN t_user u ON (u.user_id = ur.user_id) WHERE u.username = 'admin';
2022-01-13 09:02:15 INFO  http-nio-0.0.0.0-88-exec-10 p6spy 2022-01-13 09:02:15 | 耗时 28 ms | SQL 语句：
SELECT m.perms FROM t_role r LEFT JOIN t_user_role ur ON (r.role_id = ur.role_id) LEFT JOIN t_user u ON (u.user_id = ur.user_id) LEFT JOIN t_role_menu rm ON (rm.role_id = r.role_id) LEFT JOIN t_menu m ON (m.menu_id = rm.menu_id) WHERE u.username = 'admin' AND m.perms is not null AND m.perms <> '';
2022-01-13 09:02:15 INFO  http-nio-0.0.0.0-88-exec-10 p6spy 2022-01-13 09:02:15 | 耗时 2 ms | SQL 语句：
SELECT u.user_id userId, u.username, u.realname, u.parent_id, u.email, u.mobile, u.password, u.status, u.create_time createTime, u.ssex sex, u.dept_id deptId, u.last_login_time lastLoginTime, u.modify_time modifyTime, u.description, u.avatar, u.theme, u.is_tab isTab, d.dept_name deptName, GROUP_CONCAT(r.role_id) roleId, GROUP_CONCAT(r.ROLE_NAME) roleName FROM t_user u LEFT JOIN t_dept d ON (u.dept_id = d.dept_id) LEFT JOIN t_user_role ur ON (u.user_id = ur.user_id) LEFT JOIN t_role r ON r.role_id = ur.role_id WHERE 1=1 AND u.username = 'admin' GROUP BY u.username, u.realname, u.parent_id, u.user_id, u.email, u.mobile, u.password, u.status, u.create_time, u.ssex, u.dept_id, u.last_login_time, u.modify_time, u.description, u.avatar, u.theme, u.is_tab Limit 1;
2022-01-13 09:02:15 INFO  http-nio-0.0.0.0-88-exec-10 p6spy 2022-01-13 09:02:15 | 耗时 10 ms | SQL 语句：
SELECT COUNT( 1 ) FROM t_notice WHERE (user_id = 8 AND is_read = '0');
2022-01-13 09:02:16 INFO  http-nio-0.0.0.0-88-exec-9 p6spy 2022-01-13 09:02:16 | 耗时 22 ms | SQL 语句：
SELECT m.* FROM t_menu m WHERE m.type <> 1 AND m.MENU_ID IN ( SELECT DISTINCT rm.menu_id FROM t_role_menu rm LEFT JOIN t_role r ON (rm.role_id = r.role_id) LEFT JOIN t_user_role ur ON (ur.role_id = r.role_id) LEFT JOIN t_user u ON (u.user_id = ur.user_id) WHERE u.username = 'admin' ) ORDER BY m.order_num;
2022-01-13 09:02:16 INFO  http-nio-0.0.0.0-88-exec-10 cc.mrbird.febs.common.websocket.WebSocketServer 生产环境的websocket配置 cc.mrbird.febs.common.websocket.WebSocketServer@52abedf0
2022-01-13 09:02:16 INFO  http-nio-0.0.0.0-88-exec-10 cc.mrbird.febs.common.websocket.WebSocketServer 连接用户的id:8,当前在线人数为:1
2022-01-13 09:02:16 INFO  http-nio-0.0.0.0-88-exec-10 cc.mrbird.febs.common.websocket.WebSocketServer 发送消息到:8，报文:连接成功
2022-01-13 09:02:16 INFO  http-nio-0.0.0.0-88-exec-1 p6spy 2022-01-13 09:02:16 | 耗时 5 ms | SQL 语句：
select count(1) from t_login_log;
2022-01-13 09:02:16 INFO  http-nio-0.0.0.0-88-exec-1 p6spy 2022-01-13 09:02:16 | 耗时 45 ms | SQL 语句：
SELECT count(1) FROM t_login_log WHERE login_time between CURDATE() and DATE_ADD(CURDATE(), INTERVAL 1 DAY);
2022-01-13 09:02:16 INFO  Febs-Async-Thread-1 p6spy 2022-01-13 09:02:16 | 耗时 32 ms | SQL 语句：
UPDATE t_user SET LAST_LOGIN_TIME='2022-01-13T09:02:16.935+0800' WHERE (USERNAME = 'admin');
2022-01-13 09:02:16 INFO  http-nio-0.0.0.0-88-exec-1 p6spy 2022-01-13 09:02:16 | 耗时 1 ms | SQL 语句：
SELECT count(DISTINCT(ip)) FROM t_login_log WHERE login_time between CURDATE() and DATE_ADD(CURDATE(), INTERVAL 1 DAY);
2022-01-13 09:02:17 INFO  http-nio-0.0.0.0-88-exec-1 p6spy 2022-01-13 09:02:17 | 耗时 80 ms | SQL 语句：
select date_format(l.login_time, '%m-%d') days, count(1) count from ( select * from t_login_log where date_sub(curdate(), interval 10 day) <= date(login_time) ) as l where 1 = 1 group by days;
2022-01-13 09:02:17 INFO  http-nio-0.0.0.0-88-exec-1 p6spy 2022-01-13 09:02:17 | 耗时 31 ms | SQL 语句：
select date_format(l.login_time, '%m-%d') days, count(1) count from ( select * from t_login_log where date_sub(curdate(), interval 10 day) <= date(login_time) ) as l where 1 = 1 and l.username = 'admin' group by days;
2022-01-13 09:02:17 INFO  http-nio-0.0.0.0-88-exec-10 cc.mrbird.febs.common.websocket.WebSocketServer websocket session = org.apache.tomcat.websocket.WsSession@c758384
2022-01-13 09:02:21 INFO  http-nio-0.0.0.0-88-exec-7 p6spy 2022-01-13 09:02:21 | 耗时 1 ms | SQL 语句：
SELECT r.* FROM t_role r LEFT JOIN t_user_role ur ON (r.role_id = ur.role_id) LEFT JOIN t_user u ON (u.user_id = ur.user_id) WHERE u.username = 'admin';
2022-01-13 09:02:21 INFO  http-nio-0.0.0.0-88-exec-7 p6spy 2022-01-13 09:02:21 | 耗时 1 ms | SQL 语句：
SELECT m.perms FROM t_role r LEFT JOIN t_user_role ur ON (r.role_id = ur.role_id) LEFT JOIN t_user u ON (u.user_id = ur.user_id) LEFT JOIN t_role_menu rm ON (rm.role_id = r.role_id) LEFT JOIN t_menu m ON (m.menu_id = rm.menu_id) WHERE u.username = 'admin' AND m.perms is not null AND m.perms <> '';
2022-01-13 09:02:21 INFO  http-nio-0.0.0.0-88-exec-9 p6spy 2022-01-13 09:02:21 | 耗时 27 ms | SQL 语句：
SELECT COUNT(1) FROM rcs_print_job WHERE (type = 2);
2022-01-13 09:02:21 INFO  http-nio-0.0.0.0-88-exec-9 p6spy 2022-01-13 09:02:21 | 耗时 2 ms | SQL 语句：
SELECT id,contract_code,foreseen_id,transaction_id,user_id,pc_user_id,frank_machine_id,flow,flow_detail,total_count,total_amount,type,cancel_msg_code,updated_time,created_time FROM rcs_print_job WHERE (type = 2) ORDER BY id DESC LIMIT 0,10;
2022-01-13 09:02:24 INFO  http-nio-0.0.0.0-88-exec-8 cc.mrbird.febs.rcs.controller.ViewController 得到的foreseenid=37431eec-194f-4706-bf56-e8e36c9aca2e
2022-01-13 09:02:24 INFO  http-nio-0.0.0.0-88-exec-8 p6spy 2022-01-13 09:02:24 | 耗时 90 ms | SQL 语句：
SELECT id,post_office,user_id,contract_code,foreseen_status,total_count,frank_machine_id,tax_version,total_ammount,updated_time,created_time FROM rcs_foreseen WHERE (id = '37431eec-194f-4706-bf56-e8e36c9aca2e');
2022-01-13 09:02:24 INFO  http-nio-0.0.0.0-88-exec-8 cc.mrbird.febs.rcs.controller.ViewController 详情 foreseen = Foreseen(id=37431eec-194f-4706-bf56-e8e36c9aca2e, postOffice=131000, userId=MXX001_0001, contractCode=00000177, foreseenStatus=1, totalCount=10, frankMachineId=PM100200, taxVersion=11.0.7, totalAmmount=500.0, updatedTime=Mon Dec 27 10:17:47 CST 2021, createdTime=Mon Dec 27 10:17:47 CST 2021)
2022-01-13 09:02:26 INFO  http-nio-0.0.0.0-88-exec-7 cc.mrbird.febs.rcs.controller.ViewController 得到的transactionId=c05a9a95-44a8-455f-bd5e-27962826b527
2022-01-13 09:02:26 INFO  http-nio-0.0.0.0-88-exec-7 p6spy 2022-01-13 09:02:26 | 耗时 17 ms | SQL 语句：
SELECT id,foreseen_id,post_office,frank_machine_id,contract_code,start_date_time,stop_date_time,user_id,credit_val,amount,count,graph_id,tax_version,transaction_status,updated_time,created_time FROM rcs_transaction WHERE (id = 'c05a9a95-44a8-455f-bd5e-27962826b527');
2022-01-13 09:02:26 INFO  http-nio-0.0.0.0-88-exec-7 cc.mrbird.febs.rcs.controller.ViewController 详情 foreseen = Transaction(id=c05a9a95-44a8-455f-bd5e-27962826b527, foreseenId=062e3f6a-f7e4-451a-841f-af5f6d2c326f, postOffice=null, frankMachineId=null, contractCode=null, startDateTime=2021-12-27T14:17:22.000+08:00, stopDateTime=null, userId=null, creditVal=0.0, amount=0.0, count=0, graphId=null, taxVersion=null, transactionStatus=0, updatedTime=null, createdTime=Mon Dec 27 14:17:22 CST 2021)
2022-01-13 09:02:32 INFO  http-nio-0.0.0.0-88-exec-5 p6spy 2022-01-13 09:02:32 | 耗时 1 ms | SQL 语句：
SELECT id,contract_code,foreseen_id,transaction_id,user_id,pc_user_id,frank_machine_id,flow,flow_detail,total_count,total_amount,type,cancel_msg_code,updated_time,created_time FROM rcs_print_job WHERE (id = 4492);
2022-01-13 09:02:32 INFO  http-nio-0.0.0.0-88-exec-5 p6spy 2022-01-13 09:02:32 | 耗时 28 ms | SQL 语句：
SELECT id,print_job_id,foreseen_id,code AS productCode,count,weight,amount,address,created_time FROM rcs_foreseen_product WHERE (print_job_id = 4492);
2022-01-13 09:02:35 INFO  http-nio-0.0.0.0-88-exec-4 cc.mrbird.febs.rcs.controller.PrintJobController 开始打印任务操作：4492
2022-01-13 09:02:35 INFO  http-nio-0.0.0.0-88-exec-4 cc.mrbird.febs.rcs.controller.PrintJobController userinfo = 8
2022-01-13 09:02:35 INFO  http-nio-0.0.0.0-88-exec-4 cc.mrbird.febs.rcs.service.impl.PrintJobServiceImpl 开始处理打印
2022-01-13 09:02:35 INFO  http-nio-0.0.0.0-88-exec-4 p6spy 2022-01-13 09:02:35 | 耗时 0 ms | SQL 语句：
SELECT id,contract_code,foreseen_id,transaction_id,user_id,pc_user_id,frank_machine_id,flow,flow_detail,total_count,total_amount,type,cancel_msg_code,updated_time,created_time FROM rcs_print_job WHERE (id = 4492);
2022-01-13 09:02:36 INFO  http-nio-0.0.0.0-88-exec-4 p6spy 2022-01-13 09:02:36 | 耗时 33 ms | SQL 语句：
SELECT device_id,acnum,nickname,warn_amount,max_amount,secret_key,valid_days,use_lock,lock_info,created_time,cur_fm_status,future_fm_status,flow,flow_detail,is_russia,error_code,error_message,fm_event,frank_machine_id,post_office,tax_version,tax_is_update,updated_time,user_id FROM t_device WHERE (frank_machine_id = '5');
2022-01-13 09:02:36 ERROR http-nio-0.0.0.0-88-exec-4 cc.mrbird.febs.device.service.impl.DeviceServiceImpl Unknown FM Id 5
2022-01-13 09:02:36 ERROR http-nio-0.0.0.0-88-exec-4 cc.mrbird.febs.rcs.common.exception.FmException FmException error = 表头号或者FrankMachineId不存在
2022-01-13 09:02:36 INFO  http-nio-0.0.0.0-88-exec-4 p6spy 2022-01-13 09:02:36 | 耗时 1 ms | SQL 语句：
SELECT device_id,acnum,nickname,warn_amount,max_amount,secret_key,valid_days,use_lock,lock_info,created_time,cur_fm_status,future_fm_status,flow,flow_detail,is_russia,error_code,error_message,fm_event,frank_machine_id,post_office,tax_version,tax_is_update,updated_time,user_id FROM t_device WHERE (frank_machine_id = '5');
2022-01-13 09:02:36 ERROR http-nio-0.0.0.0-88-exec-4 cc.mrbird.febs.device.service.impl.DeviceServiceImpl Unknown FM Id 5
2022-01-13 09:02:36 ERROR http-nio-0.0.0.0-88-exec-4 cc.mrbird.febs.rcs.common.exception.FmException FmException error = 表头号或者FrankMachineId不存在
2022-01-13 09:02:36 ERROR http-nio-0.0.0.0-88-exec-4 cc.mrbird.febs.rcs.common.exception.FmException FmException error = 表头号或者FrankMachineId不存在
2022-01-13 09:02:36 INFO  http-nio-0.0.0.0-88-exec-2 p6spy 2022-01-13 09:02:36 | 耗时 2 ms | SQL 语句：
SELECT COUNT(1) FROM rcs_print_job WHERE (type = 2);
2022-01-13 09:02:36 INFO  http-nio-0.0.0.0-88-exec-2 p6spy 2022-01-13 09:02:36 | 耗时 3 ms | SQL 语句：
SELECT id,contract_code,foreseen_id,transaction_id,user_id,pc_user_id,frank_machine_id,flow,flow_detail,total_count,total_amount,type,cancel_msg_code,updated_time,created_time FROM rcs_print_job WHERE (type = 2) ORDER BY id DESC LIMIT 0,10;
2022-01-13 09:02:41 INFO  http-nio-0.0.0.0-88-exec-9 p6spy 2022-01-13 09:02:41 | 耗时 0 ms | SQL 语句：
SELECT COUNT(1) FROM rcs_print_job WHERE (type = 2);
2022-01-13 09:02:41 INFO  http-nio-0.0.0.0-88-exec-9 p6spy 2022-01-13 09:02:41 | 耗时 0 ms | SQL 语句：
SELECT id,contract_code,foreseen_id,transaction_id,user_id,pc_user_id,frank_machine_id,flow,flow_detail,total_count,total_amount,type,cancel_msg_code,updated_time,created_time FROM rcs_print_job WHERE (type = 2) ORDER BY id DESC LIMIT 0,10;
2022-01-13 09:02:41 INFO  http-nio-0.0.0.0-88-exec-8 p6spy 2022-01-13 09:02:41 | 耗时 1 ms | SQL 语句：
SELECT COUNT(1) FROM rcs_print_job WHERE (type = 2);
2022-01-13 09:02:41 INFO  http-nio-0.0.0.0-88-exec-8 p6spy 2022-01-13 09:02:41 | 耗时 1 ms | SQL 语句：
SELECT id,contract_code,foreseen_id,transaction_id,user_id,pc_user_id,frank_machine_id,flow,flow_detail,total_count,total_amount,type,cancel_msg_code,updated_time,created_time FROM rcs_print_job WHERE (type = 2) ORDER BY id DESC LIMIT 0,10;
2022-01-13 09:02:42 INFO  http-nio-0.0.0.0-88-exec-3 p6spy 2022-01-13 09:02:42 | 耗时 0 ms | SQL 语句：
SELECT COUNT(1) FROM rcs_print_job WHERE (type = 2);
2022-01-13 09:02:42 INFO  http-nio-0.0.0.0-88-exec-3 p6spy 2022-01-13 09:02:42 | 耗时 1 ms | SQL 语句：
SELECT id,contract_code,foreseen_id,transaction_id,user_id,pc_user_id,frank_machine_id,flow,flow_detail,total_count,total_amount,type,cancel_msg_code,updated_time,created_time FROM rcs_print_job WHERE (type = 2) ORDER BY id DESC LIMIT 0,10;
2022-01-13 09:02:42 INFO  http-nio-0.0.0.0-88-exec-1 p6spy 2022-01-13 09:02:42 | 耗时 0 ms | SQL 语句：
SELECT id,contract_code,foreseen_id,transaction_id,user_id,pc_user_id,frank_machine_id,flow,flow_detail,total_count,total_amount,type,cancel_msg_code,updated_time,created_time FROM rcs_print_job WHERE (id = 4493);
2022-01-13 09:02:42 INFO  http-nio-0.0.0.0-88-exec-1 p6spy 2022-01-13 09:02:42 | 耗时 1 ms | SQL 语句：
SELECT id,print_job_id,foreseen_id,code AS productCode,count,weight,amount,address,created_time FROM rcs_foreseen_product WHERE (print_job_id = 4493);
2022-01-13 09:19:10 INFO  http-nio-0.0.0.0-88-exec-4 cc.mrbird.febs.rcs.controller.PrintJobController 开始打印任务操作：4491
2022-01-13 09:19:10 INFO  http-nio-0.0.0.0-88-exec-4 cc.mrbird.febs.rcs.controller.PrintJobController userinfo = 8
2022-01-13 09:19:10 INFO  http-nio-0.0.0.0-88-exec-4 cc.mrbird.febs.rcs.service.impl.PrintJobServiceImpl 开始处理打印
2022-01-13 09:19:10 INFO  http-nio-0.0.0.0-88-exec-4 p6spy 2022-01-13 09:19:10 | 耗时 1 ms | SQL 语句：
SELECT id,contract_code,foreseen_id,transaction_id,user_id,pc_user_id,frank_machine_id,flow,flow_detail,total_count,total_amount,type,cancel_msg_code,updated_time,created_time FROM rcs_print_job WHERE (id = 4491);
2022-01-13 09:19:10 INFO  http-nio-0.0.0.0-88-exec-4 p6spy 2022-01-13 09:19:10 | 耗时 0 ms | SQL 语句：
SELECT device_id,acnum,nickname,warn_amount,max_amount,secret_key,valid_days,use_lock,lock_info,created_time,cur_fm_status,future_fm_status,flow,flow_detail,is_russia,error_code,error_message,fm_event,frank_machine_id,post_office,tax_version,tax_is_update,updated_time,user_id FROM t_device WHERE (frank_machine_id = '78');
2022-01-13 09:19:10 ERROR http-nio-0.0.0.0-88-exec-4 cc.mrbird.febs.device.service.impl.DeviceServiceImpl Unknown FM Id 78
2022-01-13 09:19:10 ERROR http-nio-0.0.0.0-88-exec-4 cc.mrbird.febs.rcs.common.exception.FmException FmException error = 表头号或者FrankMachineId不存在
2022-01-13 09:19:10 INFO  http-nio-0.0.0.0-88-exec-4 p6spy 2022-01-13 09:19:10 | 耗时 0 ms | SQL 语句：
SELECT device_id,acnum,nickname,warn_amount,max_amount,secret_key,valid_days,use_lock,lock_info,created_time,cur_fm_status,future_fm_status,flow,flow_detail,is_russia,error_code,error_message,fm_event,frank_machine_id,post_office,tax_version,tax_is_update,updated_time,user_id FROM t_device WHERE (frank_machine_id = '78');
2022-01-13 09:19:10 ERROR http-nio-0.0.0.0-88-exec-4 cc.mrbird.febs.device.service.impl.DeviceServiceImpl Unknown FM Id 78
2022-01-13 09:19:10 ERROR http-nio-0.0.0.0-88-exec-4 cc.mrbird.febs.rcs.common.exception.FmException FmException error = 表头号或者FrankMachineId不存在
2022-01-13 09:19:10 ERROR http-nio-0.0.0.0-88-exec-4 cc.mrbird.febs.rcs.common.exception.FmException FmException error = 表头号或者FrankMachineId不存在
2022-01-13 09:19:10 INFO  http-nio-0.0.0.0-88-exec-2 p6spy 2022-01-13 09:19:10 | 耗时 1 ms | SQL 语句：
SELECT COUNT(1) FROM rcs_print_job WHERE (type = 2);
2022-01-13 09:19:10 INFO  http-nio-0.0.0.0-88-exec-2 p6spy 2022-01-13 09:19:10 | 耗时 1 ms | SQL 语句：
SELECT id,contract_code,foreseen_id,transaction_id,user_id,pc_user_id,frank_machine_id,flow,flow_detail,total_count,total_amount,type,cancel_msg_code,updated_time,created_time FROM rcs_print_job WHERE (type = 2) ORDER BY id DESC LIMIT 0,10;
2022-01-13 09:30:25 INFO  http-nio-0.0.0.0-88-exec-1 cc.mrbird.febs.rcs.controller.PrintJobController 开始打印任务操作：4493
2022-01-13 09:30:25 INFO  http-nio-0.0.0.0-88-exec-1 cc.mrbird.febs.rcs.controller.PrintJobController userinfo = 8
2022-01-13 09:30:25 INFO  http-nio-0.0.0.0-88-exec-1 cc.mrbird.febs.rcs.service.impl.PrintJobServiceImpl 开始处理打印
2022-01-13 09:30:25 INFO  http-nio-0.0.0.0-88-exec-1 p6spy 2022-01-13 09:30:25 | 耗时 15 ms | SQL 语句：
SELECT id,contract_code,foreseen_id,transaction_id,user_id,pc_user_id,frank_machine_id,flow,flow_detail,total_count,total_amount,type,cancel_msg_code,updated_time,created_time FROM rcs_print_job WHERE (id = 4493);
2022-01-13 09:30:25 INFO  http-nio-0.0.0.0-88-exec-1 p6spy 2022-01-13 09:30:25 | 耗时 14 ms | SQL 语句：
SELECT device_id,acnum,nickname,warn_amount,max_amount,secret_key,valid_days,use_lock,lock_info,created_time,cur_fm_status,future_fm_status,flow,flow_detail,is_russia,error_code,error_message,fm_event,frank_machine_id,post_office,tax_version,tax_is_update,updated_time,user_id FROM t_device WHERE (frank_machine_id = '5');
2022-01-13 09:30:25 ERROR http-nio-0.0.0.0-88-exec-1 cc.mrbird.febs.device.service.impl.DeviceServiceImpl Unknown FM Id 5
2022-01-13 09:30:25 ERROR http-nio-0.0.0.0-88-exec-1 cc.mrbird.febs.rcs.common.exception.FmException FmException error = 表头号或者FrankMachineId不存在
2022-01-13 09:30:25 INFO  http-nio-0.0.0.0-88-exec-1 p6spy 2022-01-13 09:30:25 | 耗时 0 ms | SQL 语句：
SELECT device_id,acnum,nickname,warn_amount,max_amount,secret_key,valid_days,use_lock,lock_info,created_time,cur_fm_status,future_fm_status,flow,flow_detail,is_russia,error_code,error_message,fm_event,frank_machine_id,post_office,tax_version,tax_is_update,updated_time,user_id FROM t_device WHERE (frank_machine_id = '5');
2022-01-13 09:30:25 ERROR http-nio-0.0.0.0-88-exec-1 cc.mrbird.febs.device.service.impl.DeviceServiceImpl Unknown FM Id 5
2022-01-13 09:30:25 ERROR http-nio-0.0.0.0-88-exec-1 cc.mrbird.febs.rcs.common.exception.FmException FmException error = 表头号或者FrankMachineId不存在
2022-01-13 09:30:25 ERROR http-nio-0.0.0.0-88-exec-1 cc.mrbird.febs.rcs.common.exception.FmException FmException error = 表头号或者FrankMachineId不存在
2022-01-13 09:30:25 INFO  http-nio-0.0.0.0-88-exec-6 p6spy 2022-01-13 09:30:25 | 耗时 0 ms | SQL 语句：
SELECT COUNT(1) FROM rcs_print_job WHERE (type = 2);
2022-01-13 09:30:25 INFO  http-nio-0.0.0.0-88-exec-6 p6spy 2022-01-13 09:30:25 | 耗时 0 ms | SQL 语句：
SELECT id,contract_code,foreseen_id,transaction_id,user_id,pc_user_id,frank_machine_id,flow,flow_detail,total_count,total_amount,type,cancel_msg_code,updated_time,created_time FROM rcs_print_job WHERE (type = 2) ORDER BY id DESC LIMIT 0,10;
2022-01-13 10:00:00 INFO  pool-6-thread-1 org.springframework.data.repository.config.RepositoryConfigurationDelegate Bootstrapping Spring Data Redis repositories in DEFAULT mode.
2022-01-13 10:00:00 INFO  pool-6-thread-1 org.springframework.data.repository.config.RepositoryConfigurationDelegate Finished Spring Data repository scanning in 115ms. Found 0 Redis repository interfaces.
2022-01-13 10:00:00 WARN  pool-6-thread-1 org.mybatis.spring.mapper.ClassPathMapperScanner No MyBatis mapper was found in '[cc.mrbird.febs.*.mapper]' package. Please check your configuration.
2022-01-13 10:02:00 INFO  SessionValidationThread-1 org.apache.shiro.session.mgt.AbstractValidatingSessionManager Validating all active sessions...
2022-01-13 10:02:00 INFO  SessionValidationThread-1 org.apache.shiro.session.mgt.AbstractValidatingSessionManager Finished session validation.  No sessions were stopped.
2022-01-13 11:00:00 INFO  pool-6-thread-1 org.springframework.data.repository.config.RepositoryConfigurationDelegate Bootstrapping Spring Data Redis repositories in DEFAULT mode.
2022-01-13 11:00:00 INFO  pool-6-thread-1 org.springframework.data.repository.config.RepositoryConfigurationDelegate Finished Spring Data repository scanning in 111ms. Found 0 Redis repository interfaces.
2022-01-13 11:00:00 WARN  pool-6-thread-1 org.mybatis.spring.mapper.ClassPathMapperScanner No MyBatis mapper was found in '[cc.mrbird.febs.*.mapper]' package. Please check your configuration.
2022-01-13 11:02:00 INFO  SessionValidationThread-1 org.apache.shiro.session.mgt.AbstractValidatingSessionManager Validating all active sessions...
2022-01-13 11:02:00 INFO  SessionValidationThread-1 org.apache.shiro.session.mgt.AbstractValidatingSessionManager Finished session validation.  No sessions were stopped.
