2022-04-01 08:51:49 INFO  main cc.mrbird.febs.Application Starting Application on XTZJ-20210805AL with PID 9528 (E:\IdeaProjects\RussiaPostofficeServer\target\classes started by Administrator in E:\IdeaProjects\RussiaPostofficeServer)
2022-04-01 08:51:49 INFO  main cc.mrbird.febs.Application The following profiles are active: dev_wang
2022-04-01 08:51:49 INFO  main org.springframework.boot.devtools.env.DevToolsPropertyDefaultsPostProcessor Devtools property defaults active! Set 'spring.devtools.add-properties' to 'false' to disable
2022-04-01 08:51:49 INFO  main org.springframework.boot.devtools.env.DevToolsPropertyDefaultsPostProcessor For additional web related logging consider setting the 'logging.level.web' property to 'DEBUG'
2022-04-01 08:51:54 INFO  main org.springframework.data.repository.config.RepositoryConfigurationDelegate Multiple Spring Data modules found, entering strict repository configuration mode!
2022-04-01 08:51:54 INFO  main org.springframework.data.repository.config.RepositoryConfigurationDelegate Bootstrapping Spring Data MongoDB repositories in DEFAULT mode.
2022-04-01 08:51:54 INFO  main org.springframework.data.repository.config.RepositoryConfigurationDelegate Finished Spring Data repository scanning in 167ms. Found 0 MongoDB repository interfaces.
2022-04-01 08:51:54 INFO  main org.springframework.data.repository.config.RepositoryConfigurationDelegate Multiple Spring Data modules found, entering strict repository configuration mode!
2022-04-01 08:51:54 INFO  main org.springframework.data.repository.config.RepositoryConfigurationDelegate Bootstrapping Spring Data Redis repositories in DEFAULT mode.
2022-04-01 08:51:54 INFO  main org.springframework.data.repository.config.RepositoryConfigurationDelegate Finished Spring Data repository scanning in 122ms. Found 0 Redis repository interfaces.
2022-04-01 08:51:56 INFO  main com.ulisesbocchio.jasyptspringboot.configuration.EnableEncryptablePropertiesBeanFactoryPostProcessor Post-processing PropertySource instances
2022-04-01 08:51:56 INFO  main com.ulisesbocchio.jasyptspringboot.EncryptablePropertySourceConverter Converting PropertySource configurationProperties [org.springframework.boot.context.properties.source.ConfigurationPropertySourcesPropertySource] to AOP Proxy
2022-04-01 08:51:56 INFO  main com.ulisesbocchio.jasyptspringboot.EncryptablePropertySourceConverter Converting PropertySource servletConfigInitParams [org.springframework.core.env.PropertySource$StubPropertySource] to EncryptablePropertySourceWrapper
2022-04-01 08:51:56 INFO  main com.ulisesbocchio.jasyptspringboot.EncryptablePropertySourceConverter Converting PropertySource servletContextInitParams [org.springframework.core.env.PropertySource$StubPropertySource] to EncryptablePropertySourceWrapper
2022-04-01 08:51:56 INFO  main com.ulisesbocchio.jasyptspringboot.EncryptablePropertySourceConverter Converting PropertySource systemProperties [org.springframework.core.env.PropertiesPropertySource] to EncryptableMapPropertySourceWrapper
2022-04-01 08:51:56 INFO  main com.ulisesbocchio.jasyptspringboot.EncryptablePropertySourceConverter Converting PropertySource systemEnvironment [org.springframework.boot.env.SystemEnvironmentPropertySourceEnvironmentPostProcessor$OriginAwareSystemEnvironmentPropertySource] to EncryptableMapPropertySourceWrapper
2022-04-01 08:51:56 INFO  main com.ulisesbocchio.jasyptspringboot.EncryptablePropertySourceConverter Converting PropertySource random [org.springframework.boot.env.RandomValuePropertySource] to EncryptablePropertySourceWrapper
2022-04-01 08:51:56 INFO  main com.ulisesbocchio.jasyptspringboot.EncryptablePropertySourceConverter Converting PropertySource applicationConfig: [classpath:/application-dev_wang.yml] [org.springframework.boot.env.OriginTrackedMapPropertySource] to EncryptableMapPropertySourceWrapper
2022-04-01 08:51:56 INFO  main com.ulisesbocchio.jasyptspringboot.EncryptablePropertySourceConverter Converting PropertySource applicationConfig: [classpath:/application.yml] [org.springframework.boot.env.OriginTrackedMapPropertySource] to EncryptableMapPropertySourceWrapper
2022-04-01 08:51:56 INFO  main com.ulisesbocchio.jasyptspringboot.EncryptablePropertySourceConverter Converting PropertySource devtools [org.springframework.core.env.MapPropertySource] to EncryptableMapPropertySourceWrapper
2022-04-01 08:51:56 INFO  main com.ulisesbocchio.jasyptspringboot.EncryptablePropertySourceConverter Converting PropertySource class path resource [febs.properties] [org.springframework.core.io.support.ResourcePropertySource] to EncryptableMapPropertySourceWrapper
2022-04-01 08:51:56 INFO  main com.ulisesbocchio.jasyptspringboot.filter.DefaultLazyPropertyFilter Property Filter custom Bean not found with name 'encryptablePropertyFilter'. Initializing Default Property Filter
2022-04-01 08:51:56 INFO  main com.ulisesbocchio.jasyptspringboot.resolver.DefaultLazyPropertyResolver Property Resolver custom Bean not found with name 'encryptablePropertyResolver'. Initializing Default Property Resolver
2022-04-01 08:51:56 INFO  main com.ulisesbocchio.jasyptspringboot.detector.DefaultLazyPropertyDetector Property Detector custom Bean not found with name 'encryptablePropertyDetector'. Initializing Default Property Detector
2022-04-01 08:51:56 INFO  main org.springframework.context.support.PostProcessorRegistrationDelegate$BeanPostProcessorChecker Bean 'spring.datasource.dynamic-com.baomidou.dynamic.datasource.spring.boot.autoconfigure.DynamicDataSourceProperties' of type [com.baomidou.dynamic.datasource.spring.boot.autoconfigure.DynamicDataSourceProperties] is not eligible for getting processed by all BeanPostProcessors (for example: not eligible for auto-proxying)
2022-04-01 08:51:57 INFO  main org.springframework.context.support.PostProcessorRegistrationDelegate$BeanPostProcessorChecker Bean 'com.baomidou.dynamic.datasource.spring.boot.autoconfigure.DynamicDataSourceAutoConfiguration' of type [com.baomidou.dynamic.datasource.spring.boot.autoconfigure.DynamicDataSourceAutoConfiguration$$EnhancerBySpringCGLIB$$1] is not eligible for getting processed by all BeanPostProcessors (for example: not eligible for auto-proxying)
2022-04-01 08:51:57 INFO  main org.springframework.context.support.PostProcessorRegistrationDelegate$BeanPostProcessorChecker Bean 'dsProcessor' of type [com.baomidou.dynamic.datasource.processor.DsHeaderProcessor] is not eligible for getting processed by all BeanPostProcessors (for example: not eligible for auto-proxying)
2022-04-01 08:51:57 INFO  main org.springframework.context.support.PostProcessorRegistrationDelegate$BeanPostProcessorChecker Bean 'dynamicDatasourceAnnotationAdvisor' of type [com.baomidou.dynamic.datasource.aop.DynamicDataSourceAnnotationAdvisor] is not eligible for getting processed by all BeanPostProcessors (for example: not eligible for auto-proxying)
2022-04-01 08:51:57 INFO  main org.springframework.context.support.PostProcessorRegistrationDelegate$BeanPostProcessorChecker Bean 'febsProperties' of type [cc.mrbird.febs.common.properties.FebsProperties$$EnhancerBySpringCGLIB$$1] is not eligible for getting processed by all BeanPostProcessors (for example: not eligible for auto-proxying)
2022-04-01 08:51:57 INFO  main org.springframework.context.support.PostProcessorRegistrationDelegate$BeanPostProcessorChecker Bean 'shiroConfig' of type [cc.mrbird.febs.common.authentication.ShiroConfig$$EnhancerBySpringCGLIB$$1] is not eligible for getting processed by all BeanPostProcessors (for example: not eligible for auto-proxying)
2022-04-01 08:51:57 INFO  main org.springframework.context.support.PostProcessorRegistrationDelegate$BeanPostProcessorChecker Bean 'mybatis-plus-com.baomidou.mybatisplus.autoconfigure.MybatisPlusProperties' of type [com.baomidou.mybatisplus.autoconfigure.MybatisPlusProperties] is not eligible for getting processed by all BeanPostProcessors (for example: not eligible for auto-proxying)
2022-04-01 08:51:57 INFO  main org.springframework.context.support.PostProcessorRegistrationDelegate$BeanPostProcessorChecker Bean 'mybatisPlusConfigure' of type [cc.mrbird.febs.common.configure.MybatisPlusConfigure$$EnhancerBySpringCGLIB$$1] is not eligible for getting processed by all BeanPostProcessors (for example: not eligible for auto-proxying)
2022-04-01 08:51:57 INFO  main org.springframework.context.support.PostProcessorRegistrationDelegate$BeanPostProcessorChecker Bean 'paginationInterceptor' of type [com.baomidou.mybatisplus.extension.plugins.PaginationInterceptor] is not eligible for getting processed by all BeanPostProcessors (for example: not eligible for auto-proxying)
2022-04-01 08:51:57 INFO  main org.springframework.context.support.PostProcessorRegistrationDelegate$BeanPostProcessorChecker Bean 'com.baomidou.mybatisplus.autoconfigure.MybatisPlusAutoConfiguration' of type [com.baomidou.mybatisplus.autoconfigure.MybatisPlusAutoConfiguration$$EnhancerBySpringCGLIB$$1] is not eligible for getting processed by all BeanPostProcessors (for example: not eligible for auto-proxying)
2022-04-01 08:51:57 INFO  main org.springframework.context.support.PostProcessorRegistrationDelegate$BeanPostProcessorChecker Bean 'dataSourceCreator' of type [com.baomidou.dynamic.datasource.creator.DataSourceCreator] is not eligible for getting processed by all BeanPostProcessors (for example: not eligible for auto-proxying)
2022-04-01 08:51:57 INFO  main org.springframework.context.support.PostProcessorRegistrationDelegate$BeanPostProcessorChecker Bean 'dynamicDataSourceProvider' of type [com.baomidou.dynamic.datasource.provider.YmlDynamicDataSourceProvider] is not eligible for getting processed by all BeanPostProcessors (for example: not eligible for auto-proxying)
2022-04-01 08:51:57 INFO  main com.baomidou.dynamic.datasource.DynamicRoutingDataSource dynamic-datasource detect P6SPY plugin and enabled it
2022-04-01 08:51:57 INFO  main com.zaxxer.hikari.HikariDataSource base - Starting...
2022-04-01 08:51:58 INFO  main com.zaxxer.hikari.HikariDataSource base - Start completed.
2022-04-01 08:51:58 INFO  main com.baomidou.dynamic.datasource.DynamicRoutingDataSource dynamic-datasource [base] wrap p6spy plugin
2022-04-01 08:51:58 INFO  main com.baomidou.dynamic.datasource.DynamicRoutingDataSource dynamic-datasource - load a datasource named [base] success
2022-04-01 08:51:58 INFO  main com.baomidou.dynamic.datasource.DynamicRoutingDataSource dynamic-datasource initial loaded [1] datasource,primary datasource named [base]
2022-04-01 08:51:58 INFO  main org.springframework.context.support.PostProcessorRegistrationDelegate$BeanPostProcessorChecker Bean 'dataSource' of type [com.baomidou.dynamic.datasource.DynamicRoutingDataSource] is not eligible for getting processed by all BeanPostProcessors (for example: not eligible for auto-proxying)
2022-04-01 08:51:58 INFO  main org.springframework.context.support.PostProcessorRegistrationDelegate$BeanPostProcessorChecker Bean 'spring.datasource-org.springframework.boot.autoconfigure.jdbc.DataSourceProperties' of type [org.springframework.boot.autoconfigure.jdbc.DataSourceProperties] is not eligible for getting processed by all BeanPostProcessors (for example: not eligible for auto-proxying)
2022-04-01 08:51:58 INFO  main org.springframework.context.support.PostProcessorRegistrationDelegate$BeanPostProcessorChecker Bean 'org.springframework.boot.autoconfigure.jdbc.DataSourceInitializerInvoker' of type [org.springframework.boot.autoconfigure.jdbc.DataSourceInitializerInvoker] is not eligible for getting processed by all BeanPostProcessors (for example: not eligible for auto-proxying)
2022-04-01 08:52:00 INFO  main org.springframework.context.support.PostProcessorRegistrationDelegate$BeanPostProcessorChecker Bean 'sqlSessionFactory' of type [org.apache.ibatis.session.defaults.DefaultSqlSessionFactory] is not eligible for getting processed by all BeanPostProcessors (for example: not eligible for auto-proxying)
2022-04-01 08:52:00 INFO  main org.springframework.context.support.PostProcessorRegistrationDelegate$BeanPostProcessorChecker Bean 'sqlSessionTemplate' of type [org.mybatis.spring.SqlSessionTemplate] is not eligible for getting processed by all BeanPostProcessors (for example: not eligible for auto-proxying)
2022-04-01 08:52:00 INFO  main org.springframework.context.support.PostProcessorRegistrationDelegate$BeanPostProcessorChecker Bean 'userMapper' of type [org.mybatis.spring.mapper.MapperFactoryBean] is not eligible for getting processed by all BeanPostProcessors (for example: not eligible for auto-proxying)
2022-04-01 08:52:00 INFO  main org.springframework.context.support.PostProcessorRegistrationDelegate$BeanPostProcessorChecker Bean 'userMapper' of type [com.sun.proxy.$Proxy133] is not eligible for getting processed by all BeanPostProcessors (for example: not eligible for auto-proxying)
2022-04-01 08:52:00 WARN  main com.baomidou.mybatisplus.core.metadata.TableInfoHelper Warn: Could not find @TableId in Class: cc.mrbird.febs.system.entity.UserRole.
2022-04-01 08:52:01 INFO  main org.springframework.context.support.PostProcessorRegistrationDelegate$BeanPostProcessorChecker Bean 'userRoleMapper' of type [org.mybatis.spring.mapper.MapperFactoryBean] is not eligible for getting processed by all BeanPostProcessors (for example: not eligible for auto-proxying)
2022-04-01 08:52:01 INFO  main org.springframework.context.support.PostProcessorRegistrationDelegate$BeanPostProcessorChecker Bean 'userRoleMapper' of type [com.sun.proxy.$Proxy134] is not eligible for getting processed by all BeanPostProcessors (for example: not eligible for auto-proxying)
2022-04-01 08:52:01 INFO  main org.springframework.context.support.PostProcessorRegistrationDelegate$BeanPostProcessorChecker Bean 'userRoleServiceImpl' of type [cc.mrbird.febs.system.service.impl.UserRoleServiceImpl] is not eligible for getting processed by all BeanPostProcessors (for example: not eligible for auto-proxying)
2022-04-01 08:52:01 INFO  main org.springframework.context.support.PostProcessorRegistrationDelegate$BeanPostProcessorChecker Bean 'userDataPermissionMapper' of type [org.mybatis.spring.mapper.MapperFactoryBean] is not eligible for getting processed by all BeanPostProcessors (for example: not eligible for auto-proxying)
2022-04-01 08:52:01 INFO  main org.springframework.context.support.PostProcessorRegistrationDelegate$BeanPostProcessorChecker Bean 'userDataPermissionMapper' of type [com.sun.proxy.$Proxy136] is not eligible for getting processed by all BeanPostProcessors (for example: not eligible for auto-proxying)
2022-04-01 08:52:01 INFO  main org.springframework.context.support.PostProcessorRegistrationDelegate$BeanPostProcessorChecker Bean 'userDataPermissionService' of type [cc.mrbird.febs.system.service.impl.UserDataPermissionServiceImpl] is not eligible for getting processed by all BeanPostProcessors (for example: not eligible for auto-proxying)
2022-04-01 08:52:01 INFO  main org.springframework.context.support.PostProcessorRegistrationDelegate$BeanPostProcessorChecker Bean 'userServiceImpl' of type [cc.mrbird.febs.system.service.impl.UserServiceImpl] is not eligible for getting processed by all BeanPostProcessors (for example: not eligible for auto-proxying)
2022-04-01 08:52:01 INFO  main org.springframework.context.support.PostProcessorRegistrationDelegate$BeanPostProcessorChecker Bean 'roleMapper' of type [org.mybatis.spring.mapper.MapperFactoryBean] is not eligible for getting processed by all BeanPostProcessors (for example: not eligible for auto-proxying)
2022-04-01 08:52:01 INFO  main org.springframework.context.support.PostProcessorRegistrationDelegate$BeanPostProcessorChecker Bean 'roleMapper' of type [com.sun.proxy.$Proxy139] is not eligible for getting processed by all BeanPostProcessors (for example: not eligible for auto-proxying)
2022-04-01 08:52:01 WARN  main com.baomidou.mybatisplus.core.metadata.TableInfoHelper Warn: Could not find @TableId in Class: cc.mrbird.febs.system.entity.RoleMenu.
2022-04-01 08:52:01 INFO  main org.springframework.context.support.PostProcessorRegistrationDelegate$BeanPostProcessorChecker Bean 'roleMenuMapper' of type [org.mybatis.spring.mapper.MapperFactoryBean] is not eligible for getting processed by all BeanPostProcessors (for example: not eligible for auto-proxying)
2022-04-01 08:52:01 INFO  main org.springframework.context.support.PostProcessorRegistrationDelegate$BeanPostProcessorChecker Bean 'roleMenuMapper' of type [com.sun.proxy.$Proxy140] is not eligible for getting processed by all BeanPostProcessors (for example: not eligible for auto-proxying)
2022-04-01 08:52:01 INFO  main org.springframework.context.support.PostProcessorRegistrationDelegate$BeanPostProcessorChecker Bean 'roleMenuServiceImpl' of type [cc.mrbird.febs.system.service.impl.RoleMenuServiceImpl] is not eligible for getting processed by all BeanPostProcessors (for example: not eligible for auto-proxying)
2022-04-01 08:52:01 INFO  main org.springframework.context.support.PostProcessorRegistrationDelegate$BeanPostProcessorChecker Bean 'roleServiceImpl' of type [cc.mrbird.febs.system.service.impl.RoleServiceImpl] is not eligible for getting processed by all BeanPostProcessors (for example: not eligible for auto-proxying)
2022-04-01 08:52:01 INFO  main org.springframework.context.support.PostProcessorRegistrationDelegate$BeanPostProcessorChecker Bean 'menuMapper' of type [org.mybatis.spring.mapper.MapperFactoryBean] is not eligible for getting processed by all BeanPostProcessors (for example: not eligible for auto-proxying)
2022-04-01 08:52:01 INFO  main org.springframework.context.support.PostProcessorRegistrationDelegate$BeanPostProcessorChecker Bean 'menuMapper' of type [com.sun.proxy.$Proxy143] is not eligible for getting processed by all BeanPostProcessors (for example: not eligible for auto-proxying)
2022-04-01 08:52:01 INFO  main org.springframework.context.support.PostProcessorRegistrationDelegate$BeanPostProcessorChecker Bean 'menuServiceImpl' of type [cc.mrbird.febs.system.service.impl.MenuServiceImpl] is not eligible for getting processed by all BeanPostProcessors (for example: not eligible for auto-proxying)
2022-04-01 08:52:01 INFO  main org.springframework.context.support.PostProcessorRegistrationDelegate$BeanPostProcessorChecker Bean 'redisConfigure' of type [cc.mrbird.febs.common.configure.RedisConfigure$$EnhancerBySpringCGLIB$$1] is not eligible for getting processed by all BeanPostProcessors (for example: not eligible for auto-proxying)
2022-04-01 08:52:01 INFO  main org.springframework.context.support.PostProcessorRegistrationDelegate$BeanPostProcessorChecker Bean 'spring.redis-org.springframework.boot.autoconfigure.data.redis.RedisProperties' of type [org.springframework.boot.autoconfigure.data.redis.RedisProperties] is not eligible for getting processed by all BeanPostProcessors (for example: not eligible for auto-proxying)
2022-04-01 08:52:01 INFO  main org.springframework.context.support.PostProcessorRegistrationDelegate$BeanPostProcessorChecker Bean 'org.springframework.boot.autoconfigure.data.redis.LettuceConnectionConfiguration' of type [org.springframework.boot.autoconfigure.data.redis.LettuceConnectionConfiguration] is not eligible for getting processed by all BeanPostProcessors (for example: not eligible for auto-proxying)
2022-04-01 08:52:01 INFO  main org.springframework.context.support.PostProcessorRegistrationDelegate$BeanPostProcessorChecker Bean 'lettuceClientResources' of type [io.lettuce.core.resource.DefaultClientResources] is not eligible for getting processed by all BeanPostProcessors (for example: not eligible for auto-proxying)
2022-04-01 08:52:02 INFO  main org.springframework.context.support.PostProcessorRegistrationDelegate$BeanPostProcessorChecker Bean 'redisConnectionFactory' of type [org.springframework.data.redis.connection.lettuce.LettuceConnectionFactory] is not eligible for getting processed by all BeanPostProcessors (for example: not eligible for auto-proxying)
2022-04-01 08:52:02 INFO  main org.springframework.context.support.PostProcessorRegistrationDelegate$BeanPostProcessorChecker Bean 'redisTemplate' of type [org.springframework.data.redis.core.RedisTemplate] is not eligible for getting processed by all BeanPostProcessors (for example: not eligible for auto-proxying)
2022-04-01 08:52:02 INFO  main org.springframework.context.support.PostProcessorRegistrationDelegate$BeanPostProcessorChecker Bean 'redisService' of type [cc.mrbird.febs.common.service.RedisService] is not eligible for getting processed by all BeanPostProcessors (for example: not eligible for auto-proxying)
2022-04-01 08:52:02 INFO  main org.springframework.context.support.PostProcessorRegistrationDelegate$BeanPostProcessorChecker Bean 'shiroRealm' of type [cc.mrbird.febs.common.authentication.ShiroRealm] is not eligible for getting processed by all BeanPostProcessors (for example: not eligible for auto-proxying)
2022-04-01 08:52:02 INFO  main org.springframework.context.support.PostProcessorRegistrationDelegate$BeanPostProcessorChecker Bean 'redisSessionDAO' of type [org.crazycake.shiro.RedisSessionDAO] is not eligible for getting processed by all BeanPostProcessors (for example: not eligible for auto-proxying)
2022-04-01 08:52:02 INFO  main org.springframework.context.support.PostProcessorRegistrationDelegate$BeanPostProcessorChecker Bean 'simpleCookie' of type [org.apache.shiro.web.servlet.SimpleCookie] is not eligible for getting processed by all BeanPostProcessors (for example: not eligible for auto-proxying)
2022-04-01 08:52:02 INFO  main org.springframework.context.support.PostProcessorRegistrationDelegate$BeanPostProcessorChecker Bean 'sessionManager' of type [org.apache.shiro.web.session.mgt.DefaultWebSessionManager] is not eligible for getting processed by all BeanPostProcessors (for example: not eligible for auto-proxying)
2022-04-01 08:52:02 INFO  main org.springframework.context.support.PostProcessorRegistrationDelegate$BeanPostProcessorChecker Bean 'securityManager' of type [org.apache.shiro.web.mgt.DefaultWebSecurityManager] is not eligible for getting processed by all BeanPostProcessors (for example: not eligible for auto-proxying)
2022-04-01 08:52:02 INFO  main org.springframework.context.support.PostProcessorRegistrationDelegate$BeanPostProcessorChecker Bean 'authorizationAttributeSourceAdvisor' of type [org.apache.shiro.spring.security.interceptor.AuthorizationAttributeSourceAdvisor] is not eligible for getting processed by all BeanPostProcessors (for example: not eligible for auto-proxying)
2022-04-01 08:52:03 INFO  main org.springframework.boot.web.embedded.tomcat.TomcatWebServer Tomcat initialized with port(s): 88 (http)
2022-04-01 08:52:03 INFO  main org.apache.coyote.http11.Http11NioProtocol Initializing ProtocolHandler ["http-nio-0.0.0.0-88"]
2022-04-01 08:52:03 INFO  main org.apache.catalina.core.StandardService Starting service [Tomcat]
2022-04-01 08:52:03 INFO  main org.apache.catalina.core.StandardEngine Starting Servlet engine: [Apache Tomcat/9.0.31]
2022-04-01 08:52:03 INFO  main org.apache.catalina.core.AprLifecycleListener Loaded APR based Apache Tomcat Native library [1.2.30] using APR version [1.7.0].
2022-04-01 08:52:03 INFO  main org.apache.catalina.core.AprLifecycleListener APR capabilities: IPv6 [true], sendfile [true], accept filters [false], random [true].
2022-04-01 08:52:03 INFO  main org.apache.catalina.core.AprLifecycleListener APR/OpenSSL configuration: useAprConnector [false], useOpenSSL [true]
2022-04-01 08:52:03 INFO  main org.apache.catalina.core.AprLifecycleListener OpenSSL successfully initialized [OpenSSL 1.1.1k  25 Mar 2021]
2022-04-01 08:52:04 INFO  main org.apache.catalina.core.ContainerBase.[Tomcat].[localhost].[/posmart] Initializing Spring embedded WebApplicationContext
2022-04-01 08:52:04 INFO  main org.springframework.web.context.ContextLoader Root WebApplicationContext: initialization completed in 14105 ms
2022-04-01 08:52:04 INFO  main org.mongodb.driver.cluster Cluster created with settings {hosts=[localhost:27017], mode=SINGLE, requiredClusterType=UNKNOWN, serverSelectionTimeout='30000 ms', maxWaitQueueSize=500}
2022-04-01 08:52:04 INFO  cluster-ClusterId{value='62464cb4dd808d033c5d2a23', description='null'}-localhost:27017 org.mongodb.driver.connection Opened connection [connectionId{localValue:1, serverValue:15}] to localhost:27017
2022-04-01 08:52:04 INFO  cluster-ClusterId{value='62464cb4dd808d033c5d2a23', description='null'}-localhost:27017 org.mongodb.driver.cluster Monitor thread successfully connected to server with description ServerDescription{address=localhost:27017, type=STANDALONE, state=CONNECTED, ok=true, version=ServerVersion{versionList=[5, 0, 6]}, minWireVersion=0, maxWireVersion=13, maxDocumentSize=16777216, logicalSessionTimeoutMinutes=30, roundTripTimeNanos=6404700}
2022-04-01 08:52:05 INFO  main cc.mrbird.febs.common.xss.XssFilter ------------ xss filter init ------------
2022-04-01 08:52:05 INFO  main org.springframework.boot.devtools.autoconfigure.OptionalLiveReloadServer LiveReload server is running on port 35729
2022-04-01 08:52:05 INFO  main cc.mrbird.febs.common.threadpool.AlarmThreadPool 初始化AlarmThreadPool
2022-04-01 08:52:06 INFO  main io.lettuce.core.EpollProvider Starting without optional epoll library
2022-04-01 08:52:06 INFO  main io.lettuce.core.KqueueProvider Starting without optional kqueue library
2022-04-01 08:52:08 INFO  main org.springframework.scheduling.concurrent.ThreadPoolTaskExecutor Initializing ExecutorService
2022-04-01 08:52:08 INFO  main org.springframework.scheduling.concurrent.ThreadPoolTaskExecutor Initializing ExecutorService 'NettyAsyncThreadPool'
2022-04-01 08:52:08 INFO  main cc.mrbird.febs.common.netty.NettyServerHandler NettyServerHandler 初始化 对象是：cc.mrbird.febs.common.netty.NettyServerHandler@cb38d26
2022-04-01 08:52:08 INFO  main org.quartz.impl.StdSchedulerFactory Using default implementation for ThreadExecutor
2022-04-01 08:52:08 INFO  main org.quartz.core.SchedulerSignalerImpl Initialized Scheduler Signaller of type: class org.quartz.core.SchedulerSignalerImpl
2022-04-01 08:52:08 INFO  main org.quartz.core.QuartzScheduler Quartz Scheduler v.2.3.2 created.
2022-04-01 08:52:08 INFO  main org.quartz.simpl.RAMJobStore RAMJobStore initialized.
2022-04-01 08:52:08 INFO  main org.quartz.core.QuartzScheduler Scheduler meta-data: Quartz Scheduler (v2.3.2) 'quartzScheduler' with instanceId 'NON_CLUSTERED'
  Scheduler class: 'org.quartz.core.QuartzScheduler' - running locally.
  NOT STARTED.
  Currently in standby mode.
  Number of jobs executed: 0
  Using thread pool 'org.quartz.simpl.SimpleThreadPool' - with 10 threads.
  Using job-store 'org.quartz.simpl.RAMJobStore' - which does not support persistence. and is not clustered.

2022-04-01 08:52:08 INFO  main org.quartz.impl.StdSchedulerFactory Quartz scheduler 'quartzScheduler' initialized from an externally provided properties instance.
2022-04-01 08:52:08 INFO  main org.quartz.impl.StdSchedulerFactory Quartz scheduler version: 2.3.2
2022-04-01 08:52:08 INFO  main org.quartz.core.QuartzScheduler JobFactory set to: org.springframework.scheduling.quartz.SpringBeanJobFactory@74117c7e
2022-04-01 08:52:09 WARN  main com.baomidou.mybatisplus.core.metadata.TableInfoHelper Warn: Could not find @TableId in Class: cc.mrbird.febs.others.entity.Eximport.
2022-04-01 08:52:09 INFO  main org.springframework.scheduling.concurrent.ThreadPoolTaskExecutor Initializing ExecutorService
2022-04-01 08:52:09 INFO  main org.springframework.scheduling.concurrent.ThreadPoolTaskExecutor Initializing ExecutorService 'febsAsyncThreadPool'
2022-04-01 08:52:10 INFO  main org.springframework.boot.actuate.endpoint.web.EndpointLinksResolver Exposing 2 endpoint(s) beneath base path '/actuator'
2022-04-01 08:52:10 INFO  main springfox.documentation.spring.web.PropertySourcedRequestMappingHandlerMapping Mapped URL path [/v2/api-docs] onto method [springfox.documentation.swagger2.web.Swagger2Controller#getDocumentation(String, HttpServletRequest)]
2022-04-01 08:52:10 INFO  main org.springframework.boot.autoconfigure.web.servlet.WelcomePageHandlerMapping Adding welcome page template: index
2022-04-01 08:52:13 INFO  main springfox.documentation.spring.web.plugins.DocumentationPluginsBootstrapper Context refreshed
2022-04-01 08:52:13 INFO  main springfox.documentation.spring.web.plugins.DocumentationPluginsBootstrapper Found 1 custom documentation plugin(s)
2022-04-01 08:52:13 INFO  main springfox.documentation.spring.web.scanners.ApiListingReferenceScanner Scanning for api listing references
2022-04-01 08:52:13 INFO  main springfox.documentation.spring.web.readers.operation.CachingOperationNameGenerator Generating unique operation named: exportUsingPOST_1
2022-04-01 08:52:13 INFO  main springfox.documentation.spring.web.readers.operation.CachingOperationNameGenerator Generating unique operation named: exportUsingPOST_2
2022-04-01 08:52:13 INFO  main springfox.documentation.spring.web.readers.operation.CachingOperationNameGenerator Generating unique operation named: exportUsingPOST_3
2022-04-01 08:52:13 INFO  main springfox.documentation.spring.web.readers.operation.CachingOperationNameGenerator Generating unique operation named: exportUsingPOST_4
2022-04-01 08:52:13 INFO  main springfox.documentation.spring.web.readers.operation.CachingOperationNameGenerator Generating unique operation named: exportUsingPOST_5
2022-04-01 08:52:13 INFO  main springfox.documentation.spring.web.readers.operation.CachingOperationNameGenerator Generating unique operation named: exportUsingGET_1
2022-04-01 08:52:13 INFO  main springfox.documentation.spring.web.readers.operation.CachingOperationNameGenerator Generating unique operation named: selectStatusUsingGET_1
2022-04-01 08:52:13 INFO  main springfox.documentation.spring.web.readers.operation.CachingOperationNameGenerator Generating unique operation named: exportUsingPOST_6
2022-04-01 08:52:14 INFO  main springfox.documentation.spring.web.readers.operation.CachingOperationNameGenerator Generating unique operation named: exportUsingPOST_7
2022-04-01 08:52:14 INFO  main springfox.documentation.spring.web.readers.operation.CachingOperationNameGenerator Generating unique operation named: exportUsingPOST_8
2022-04-01 08:52:14 INFO  main springfox.documentation.spring.web.readers.operation.CachingOperationNameGenerator Generating unique operation named: exportUsingPOST_9
2022-04-01 08:52:14 INFO  main springfox.documentation.spring.web.readers.operation.CachingOperationNameGenerator Generating unique operation named: exportUsingPOST_10
2022-04-01 08:52:14 INFO  main springfox.documentation.spring.web.readers.operation.CachingOperationNameGenerator Generating unique operation named: exportUsingPOST_11
2022-04-01 08:52:14 INFO  main springfox.documentation.spring.web.readers.operation.CachingOperationNameGenerator Generating unique operation named: exportUsingPOST_12
2022-04-01 08:52:14 INFO  main springfox.documentation.spring.web.readers.operation.CachingOperationNameGenerator Generating unique operation named: exportUsingPOST_13
2022-04-01 08:52:14 INFO  main springfox.documentation.spring.web.readers.operation.CachingOperationNameGenerator Generating unique operation named: exportUsingPOST_14
2022-04-01 08:52:14 INFO  main springfox.documentation.spring.web.readers.operation.CachingOperationNameGenerator Generating unique operation named: exportUsingPOST_15
2022-04-01 08:52:14 INFO  main springfox.documentation.spring.web.readers.operation.CachingOperationNameGenerator Generating unique operation named: exportUsingPOST_16
2022-04-01 08:52:14 INFO  main springfox.documentation.spring.web.readers.operation.CachingOperationNameGenerator Generating unique operation named: exportUsingPOST_17
2022-04-01 08:52:14 INFO  main org.springframework.scheduling.quartz.SchedulerFactoryBean Starting Quartz Scheduler now
2022-04-01 08:52:14 INFO  main org.quartz.core.QuartzScheduler Scheduler quartzScheduler_$_NON_CLUSTERED started.
2022-04-01 08:52:14 INFO  main org.apache.coyote.http11.Http11NioProtocol Starting ProtocolHandler ["http-nio-0.0.0.0-88"]
2022-04-01 08:52:14 INFO  main org.springframework.boot.web.embedded.tomcat.TomcatWebServer Tomcat started on port(s): 88 (http) with context path '/posmart'
2022-04-01 08:52:14 INFO  main cc.mrbird.febs.Application Started Application in 26.559 seconds (JVM running for 30.766)
2022-04-01 08:52:14 INFO  main cc.mrbird.febs.common.runner.FebsStartedUpRunner 注资服务器启动完毕，地址：http://192.168.2.119:88/posmart/login
2022-04-01 08:52:14 INFO  main cc.mrbird.febs.common.license.LicenseVerifyUtils ++++++++ 开始安装证书 ++++++++
2022-04-01 08:52:14 INFO  main cc.mrbird.febs.common.license.LicenseVerifyUtils param = LicenseVerifyParam{subject='license_gdpt', publicAlias='publicCert', storePass='public_gdpt@2022', licensePath='F:\workspace\RussiaPostofficeServerFile\license\license.lic', publicKeysStorePath='F:\workspace\RussiaPostofficeServerFile\license\publicCerts.keystore'}
2022-04-01 08:52:14 INFO  main cc.mrbird.febs.common.license.CustomLicenseManager 获取操作系统类型
2022-04-01 08:52:15 INFO  main cc.mrbird.febs.common.license.LicenseVerifyUtils 证书安装成功，证书有效期：2022-01-27 00:00:00 - 2026-04-01 00:00:00
2022-04-01 08:52:15 WARN  main io.netty.bootstrap.ServerBootstrap Unknown channel option 'SO_SNDBUF' for channel '[id: 0xb8a5341e]'
2022-04-01 08:52:15 INFO  main cc.mrbird.febs.common.netty.NettyServer 服务器启动开始监听端口: 12800
2022-04-01 08:52:15 INFO  main cc.mrbird.febs.common.netty.NettyServer 启动SSL
2022-04-01 08:54:43 INFO  http-nio-0.0.0.0-88-exec-1 org.apache.catalina.core.ContainerBase.[Tomcat].[localhost].[/posmart] Initializing Spring DispatcherServlet 'dispatcherServlet'
2022-04-01 08:54:43 INFO  http-nio-0.0.0.0-88-exec-1 org.springframework.web.servlet.DispatcherServlet Initializing Servlet 'dispatcherServlet'
2022-04-01 08:54:43 INFO  http-nio-0.0.0.0-88-exec-1 org.springframework.web.servlet.DispatcherServlet Completed initialization in 42 ms
2022-04-01 08:54:43 INFO  http-nio-0.0.0.0-88-exec-1 org.apache.shiro.session.mgt.AbstractValidatingSessionManager Enabling session validation scheduler...
2022-04-01 08:54:54 INFO  http-nio-0.0.0.0-88-exec-2 p6spy 2022-04-01 08:54:54 | 耗时 143 ms | SQL 语句：
SELECT u.user_id userId, u.username, u.realname, u.parent_id, u.email, u.mobile, u.password, u.status, u.create_time createTime, u.ssex sex, u.dept_id deptId, u.last_login_time lastLoginTime, u.modify_time modifyTime, u.description, u.avatar, u.theme, u.is_tab isTab, d.dept_name deptName, GROUP_CONCAT(r.role_id) roleId, GROUP_CONCAT(r.ROLE_NAME) roleName FROM t_user u LEFT JOIN t_dept d ON (u.dept_id = d.dept_id) LEFT JOIN t_user_role ur ON (u.user_id = ur.user_id) LEFT JOIN t_role r ON r.role_id = ur.role_id WHERE 1=1 AND u.username = 'test2' GROUP BY u.username, u.realname, u.parent_id, u.user_id, u.email, u.mobile, u.password, u.status, u.create_time, u.ssex, u.dept_id, u.last_login_time, u.modify_time, u.description, u.avatar, u.theme, u.is_tab Limit 1;
2022-04-01 08:54:54 INFO  http-nio-0.0.0.0-88-exec-2 p6spy 2022-04-01 08:54:54 | 耗时 15 ms | SQL 语句：
SELECT USER_ID,DEPT_ID FROM t_user_data_permission WHERE (USER_ID = '24');
2022-04-01 08:54:55 INFO  http-nio-0.0.0.0-88-exec-2 p6spy 2022-04-01 08:54:55 | 耗时 41 ms | SQL 语句：
INSERT INTO t_login_log ( USERNAME, LOGIN_TIME, LOCATION, IP, `SYSTEM`, BROWSER ) VALUES ( 'test2', '2022-04-01T08:54:54.965+0800', '内网IP|0|0|内网IP|内网IP', '192.168.2.119', '', '' );
2022-04-01 08:55:11 INFO  http-nio-0.0.0.0-88-exec-3 org.mongodb.driver.connection Opened connection [connectionId{localValue:2, serverValue:16}] to localhost:27017
2022-04-01 08:55:37 INFO  http-nio-0.0.0.0-88-exec-4 cc.mrbird.febs.rcs.controller.TransactionMsgController addfrank:{"id":0}
2022-04-01 08:55:37 INFO  http-nio-0.0.0.0-88-exec-4 cc.mrbird.febs.rcs.service.impl.TransactionMsgServiceImpl 插入的数据：{"amount":100,"code":"2102","count":589,"createdTime":1648774537702,"dmMsg":"01PM64313100022032210020000000605000500020110001000001770020","frankMachineId":"PM100200","id":1,"status":"2","transactionId":"58702413-b657-484b-81c0-c7899dc2c5b7"}
2022-04-01 08:55:37 INFO  http-nio-0.0.0.0-88-exec-4 cc.mrbird.febs.rcs.service.impl.TransactionMsgServiceImpl {"amount":100,"code":"2102","count":589,"createdTime":1648774537702,"dmMsg":"01PM64313100022032210020000000605000500020110001000001770020","frankMachineId":"PM100200","id":1,"status":"2","transactionId":"58702413-b657-484b-81c0-c7899dc2c5b7"}
2022-04-01 08:55:47 INFO  http-nio-0.0.0.0-88-exec-5 cc.mrbird.febs.rcs.controller.TransactionMsgController addfrank:{"id":0}
2022-04-01 08:55:47 INFO  http-nio-0.0.0.0-88-exec-5 cc.mrbird.febs.rcs.service.impl.TransactionMsgServiceImpl 插入的数据：{"amount":100,"code":"2102","count":589,"createdTime":1648774547753,"dmMsg":"01PM64313100022032210020000000605000500020110001000001770020","frankMachineId":"PM100200","id":2,"status":"2","transactionId":"58702413-b657-484b-81c0-c7899dc2c5b7"}
2022-04-01 08:55:47 INFO  http-nio-0.0.0.0-88-exec-5 cc.mrbird.febs.rcs.service.impl.TransactionMsgServiceImpl {"amount":100,"code":"2102","count":589,"createdTime":1648774547753,"dmMsg":"01PM64313100022032210020000000605000500020110001000001770020","frankMachineId":"PM100200","id":2,"status":"2","transactionId":"58702413-b657-484b-81c0-c7899dc2c5b7"}
2022-04-01 09:29:37 INFO  http-nio-0.0.0.0-88-exec-8 p6spy 2022-04-01 09:29:37 | 耗时 2 ms | SQL 语句：
SELECT u.user_id userId, u.username, u.realname, u.parent_id, u.email, u.mobile, u.password, u.status, u.create_time createTime, u.ssex sex, u.dept_id deptId, u.last_login_time lastLoginTime, u.modify_time modifyTime, u.description, u.avatar, u.theme, u.is_tab isTab, d.dept_name deptName, GROUP_CONCAT(r.role_id) roleId, GROUP_CONCAT(r.ROLE_NAME) roleName FROM t_user u LEFT JOIN t_dept d ON (u.dept_id = d.dept_id) LEFT JOIN t_user_role ur ON (u.user_id = ur.user_id) LEFT JOIN t_role r ON r.role_id = ur.role_id WHERE 1=1 AND u.username = 'test2' GROUP BY u.username, u.realname, u.parent_id, u.user_id, u.email, u.mobile, u.password, u.status, u.create_time, u.ssex, u.dept_id, u.last_login_time, u.modify_time, u.description, u.avatar, u.theme, u.is_tab Limit 1;
2022-04-01 09:29:37 INFO  http-nio-0.0.0.0-88-exec-8 p6spy 2022-04-01 09:29:37 | 耗时 1 ms | SQL 语句：
SELECT USER_ID,DEPT_ID FROM t_user_data_permission WHERE (USER_ID = '24');
2022-04-01 09:29:37 INFO  http-nio-0.0.0.0-88-exec-8 p6spy 2022-04-01 09:29:37 | 耗时 30 ms | SQL 语句：
INSERT INTO t_login_log ( USERNAME, LOGIN_TIME, LOCATION, IP, `SYSTEM`, BROWSER ) VALUES ( 'test2', '2022-04-01T09:29:37.745+0800', '内网IP|0|0|内网IP|内网IP', '192.168.2.119', 'Windows 10', 'Chrome 96' );
2022-04-01 09:29:37 INFO  http-nio-0.0.0.0-88-exec-6 cc.mrbird.febs.common.license.LicenseVerifyUtils 开始校验
2022-04-01 09:29:37 INFO  http-nio-0.0.0.0-88-exec-6 cc.mrbird.febs.common.license.CustomLicenseManager serverInfos不为null = LicenseCheckModel{ipAddress=[192.168.2.119], macAddress=[38-D5-47-AB-24-C0], cpuSerial='BFEBFBFF000306C3', mainBoardSerial='160881918021870'}
2022-04-01 09:29:37 INFO  http-nio-0.0.0.0-88-exec-6 cc.mrbird.febs.common.license.LicenseVerifyUtils 证书校验通过，证书有效期：2022-01-27 00:00:00 - 2026-04-01 00:00:00
2022-04-01 09:29:37 INFO  http-nio-0.0.0.0-88-exec-6 p6spy 2022-04-01 09:29:37 | 耗时 1 ms | SQL 语句：
SELECT r.* FROM t_role r LEFT JOIN t_user_role ur ON (r.role_id = ur.role_id) LEFT JOIN t_user u ON (u.user_id = ur.user_id) WHERE u.username = 'test2';
2022-04-01 09:29:38 INFO  http-nio-0.0.0.0-88-exec-6 p6spy 2022-04-01 09:29:38 | 耗时 201 ms | SQL 语句：
SELECT m.perms FROM t_role r LEFT JOIN t_user_role ur ON (r.role_id = ur.role_id) LEFT JOIN t_user u ON (u.user_id = ur.user_id) LEFT JOIN t_role_menu rm ON (rm.role_id = r.role_id) LEFT JOIN t_menu m ON (m.menu_id = rm.menu_id) WHERE u.username = 'test2' AND m.perms is not null AND m.perms <> '';
2022-04-01 09:29:38 INFO  http-nio-0.0.0.0-88-exec-6 p6spy 2022-04-01 09:29:38 | 耗时 1 ms | SQL 语句：
SELECT u.user_id userId, u.username, u.realname, u.parent_id, u.email, u.mobile, u.password, u.status, u.create_time createTime, u.ssex sex, u.dept_id deptId, u.last_login_time lastLoginTime, u.modify_time modifyTime, u.description, u.avatar, u.theme, u.is_tab isTab, d.dept_name deptName, GROUP_CONCAT(r.role_id) roleId, GROUP_CONCAT(r.ROLE_NAME) roleName FROM t_user u LEFT JOIN t_dept d ON (u.dept_id = d.dept_id) LEFT JOIN t_user_role ur ON (u.user_id = ur.user_id) LEFT JOIN t_role r ON r.role_id = ur.role_id WHERE 1=1 AND u.username = 'test2' GROUP BY u.username, u.realname, u.parent_id, u.user_id, u.email, u.mobile, u.password, u.status, u.create_time, u.ssex, u.dept_id, u.last_login_time, u.modify_time, u.description, u.avatar, u.theme, u.is_tab Limit 1;
2022-04-01 09:29:38 INFO  http-nio-0.0.0.0-88-exec-6 p6spy 2022-04-01 09:29:38 | 耗时 30 ms | SQL 语句：
SELECT COUNT( 1 ) FROM t_notice WHERE (user_id = 24 AND is_read = '0');
2022-04-01 09:29:39 INFO  http-nio-0.0.0.0-88-exec-10 p6spy 2022-04-01 09:29:39 | 耗时 85 ms | SQL 语句：
SELECT m.* FROM t_menu m WHERE m.type <> 1 AND m.MENU_ID IN ( SELECT DISTINCT rm.menu_id FROM t_role_menu rm LEFT JOIN t_role r ON (rm.role_id = r.role_id) LEFT JOIN t_user_role ur ON (ur.role_id = r.role_id) LEFT JOIN t_user u ON (u.user_id = ur.user_id) WHERE u.username = 'test2' ) ORDER BY m.order_num;
2022-04-01 09:29:39 INFO  http-nio-0.0.0.0-88-exec-1 p6spy 2022-04-01 09:29:39 | 耗时 4 ms | SQL 语句：
select count(1) from t_login_log;
2022-04-01 09:29:39 INFO  http-nio-0.0.0.0-88-exec-1 p6spy 2022-04-01 09:29:39 | 耗时 63 ms | SQL 语句：
SELECT count(1) FROM t_login_log WHERE login_time between CURDATE() and DATE_ADD(CURDATE(), INTERVAL 1 DAY);
2022-04-01 09:29:39 INFO  Febs-Async-Thread-1 p6spy 2022-04-01 09:29:39 | 耗时 65 ms | SQL 语句：
UPDATE t_user SET LAST_LOGIN_TIME='2022-04-01T09:29:39.609+0800' WHERE (USERNAME = 'test2');
2022-04-01 09:29:39 INFO  http-nio-0.0.0.0-88-exec-1 p6spy 2022-04-01 09:29:39 | 耗时 53 ms | SQL 语句：
SELECT count(DISTINCT(ip)) FROM t_login_log WHERE login_time between CURDATE() and DATE_ADD(CURDATE(), INTERVAL 1 DAY);
2022-04-01 09:29:39 INFO  http-nio-0.0.0.0-88-exec-6 cc.mrbird.febs.common.websocket.WebSocketServer 生产环境的websocket配置 cc.mrbird.febs.common.websocket.WebSocketServer@1492c39f
2022-04-01 09:29:39 INFO  http-nio-0.0.0.0-88-exec-6 cc.mrbird.febs.common.websocket.WebSocketServer 连接用户的id:24,当前在线人数为:1
2022-04-01 09:29:39 INFO  http-nio-0.0.0.0-88-exec-6 cc.mrbird.febs.common.websocket.WebSocketServer 发送消息到:24，报文:连接成功
2022-04-01 09:29:39 INFO  http-nio-0.0.0.0-88-exec-6 cc.mrbird.febs.common.websocket.WebSocketServer websocket session = org.apache.tomcat.websocket.WsSession@26e8d61c
2022-04-01 09:29:39 INFO  http-nio-0.0.0.0-88-exec-1 p6spy 2022-04-01 09:29:39 | 耗时 107 ms | SQL 语句：
select date_format(l.login_time, '%m-%d') days, count(1) count from ( select * from t_login_log where date_sub(curdate(), interval 10 day) <= date(login_time) ) as l where 1 = 1 group by days;
2022-04-01 09:29:39 INFO  http-nio-0.0.0.0-88-exec-1 p6spy 2022-04-01 09:29:39 | 耗时 1 ms | SQL 语句：
select date_format(l.login_time, '%m-%d') days, count(1) count from ( select * from t_login_log where date_sub(curdate(), interval 10 day) <= date(login_time) ) as l where 1 = 1 and l.username = 'test2' group by days;
2022-04-01 09:32:26 INFO  http-nio-0.0.0.0-88-exec-9 cc.mrbird.febs.common.websocket.WebSocketServer 用户退出:24,当前在线人数为:0
2022-04-01 09:32:35 INFO  http-nio-0.0.0.0-88-exec-9 p6spy 2022-04-01 09:32:35 | 耗时 32 ms | SQL 语句：
SELECT u.user_id userId, u.username, u.realname, u.parent_id, u.email, u.mobile, u.password, u.status, u.create_time createTime, u.ssex sex, u.dept_id deptId, u.last_login_time lastLoginTime, u.modify_time modifyTime, u.description, u.avatar, u.theme, u.is_tab isTab, d.dept_name deptName, GROUP_CONCAT(r.role_id) roleId, GROUP_CONCAT(r.ROLE_NAME) roleName FROM t_user u LEFT JOIN t_dept d ON (u.dept_id = d.dept_id) LEFT JOIN t_user_role ur ON (u.user_id = ur.user_id) LEFT JOIN t_role r ON r.role_id = ur.role_id WHERE 1=1 AND u.username = 'admin' GROUP BY u.username, u.realname, u.parent_id, u.user_id, u.email, u.mobile, u.password, u.status, u.create_time, u.ssex, u.dept_id, u.last_login_time, u.modify_time, u.description, u.avatar, u.theme, u.is_tab Limit 1;
2022-04-01 09:32:35 ERROR http-nio-0.0.0.0-88-exec-9 cc.mrbird.febs.common.handler.GlobalExceptionHandler AuthenticationException, 用户名或密码错误1次，一天只能错误3次，忘记密码请联系管理员重置密码！
2022-04-01 09:32:35 WARN  http-nio-0.0.0.0-88-exec-9 org.springframework.web.servlet.mvc.method.annotation.ExceptionHandlerExceptionResolver Resolved [org.apache.shiro.authc.IncorrectCredentialsException: 用户名或密码错误1次，一天只能错误3次，忘记密码请联系管理员重置密码！]
2022-04-01 09:32:46 INFO  http-nio-0.0.0.0-88-exec-4 p6spy 2022-04-01 09:32:46 | 耗时 1 ms | SQL 语句：
SELECT u.user_id userId, u.username, u.realname, u.parent_id, u.email, u.mobile, u.password, u.status, u.create_time createTime, u.ssex sex, u.dept_id deptId, u.last_login_time lastLoginTime, u.modify_time modifyTime, u.description, u.avatar, u.theme, u.is_tab isTab, d.dept_name deptName, GROUP_CONCAT(r.role_id) roleId, GROUP_CONCAT(r.ROLE_NAME) roleName FROM t_user u LEFT JOIN t_dept d ON (u.dept_id = d.dept_id) LEFT JOIN t_user_role ur ON (u.user_id = ur.user_id) LEFT JOIN t_role r ON r.role_id = ur.role_id WHERE 1=1 AND u.username = 'admin' GROUP BY u.username, u.realname, u.parent_id, u.user_id, u.email, u.mobile, u.password, u.status, u.create_time, u.ssex, u.dept_id, u.last_login_time, u.modify_time, u.description, u.avatar, u.theme, u.is_tab Limit 1;
2022-04-01 09:32:46 INFO  http-nio-0.0.0.0-88-exec-4 p6spy 2022-04-01 09:32:46 | 耗时 0 ms | SQL 语句：
SELECT USER_ID,DEPT_ID FROM t_user_data_permission WHERE (USER_ID = '8');
2022-04-01 09:32:46 INFO  http-nio-0.0.0.0-88-exec-4 p6spy 2022-04-01 09:32:46 | 耗时 27 ms | SQL 语句：
INSERT INTO t_login_log ( USERNAME, LOGIN_TIME, LOCATION, IP, `SYSTEM`, BROWSER ) VALUES ( 'admin', '2022-04-01T09:32:46.817+0800', '内网IP|0|0|内网IP|内网IP', '192.168.2.119', 'Windows 10', 'Chrome 96' );
2022-04-01 09:32:46 INFO  http-nio-0.0.0.0-88-exec-7 cc.mrbird.febs.common.license.LicenseVerifyUtils 开始校验
2022-04-01 09:32:46 INFO  http-nio-0.0.0.0-88-exec-7 cc.mrbird.febs.common.license.CustomLicenseManager serverInfos不为null = LicenseCheckModel{ipAddress=[192.168.2.119], macAddress=[38-D5-47-AB-24-C0], cpuSerial='BFEBFBFF000306C3', mainBoardSerial='160881918021870'}
2022-04-01 09:32:46 INFO  http-nio-0.0.0.0-88-exec-7 cc.mrbird.febs.common.license.LicenseVerifyUtils 证书校验通过，证书有效期：2022-01-27 00:00:00 - 2026-04-01 00:00:00
2022-04-01 09:32:46 INFO  http-nio-0.0.0.0-88-exec-7 p6spy 2022-04-01 09:32:46 | 耗时 2 ms | SQL 语句：
SELECT r.* FROM t_role r LEFT JOIN t_user_role ur ON (r.role_id = ur.role_id) LEFT JOIN t_user u ON (u.user_id = ur.user_id) WHERE u.username = 'admin';
2022-04-01 09:32:46 INFO  http-nio-0.0.0.0-88-exec-7 p6spy 2022-04-01 09:32:46 | 耗时 1 ms | SQL 语句：
SELECT m.perms FROM t_role r LEFT JOIN t_user_role ur ON (r.role_id = ur.role_id) LEFT JOIN t_user u ON (u.user_id = ur.user_id) LEFT JOIN t_role_menu rm ON (rm.role_id = r.role_id) LEFT JOIN t_menu m ON (m.menu_id = rm.menu_id) WHERE u.username = 'admin' AND m.perms is not null AND m.perms <> '';
2022-04-01 09:32:46 INFO  http-nio-0.0.0.0-88-exec-7 p6spy 2022-04-01 09:32:46 | 耗时 1 ms | SQL 语句：
SELECT u.user_id userId, u.username, u.realname, u.parent_id, u.email, u.mobile, u.password, u.status, u.create_time createTime, u.ssex sex, u.dept_id deptId, u.last_login_time lastLoginTime, u.modify_time modifyTime, u.description, u.avatar, u.theme, u.is_tab isTab, d.dept_name deptName, GROUP_CONCAT(r.role_id) roleId, GROUP_CONCAT(r.ROLE_NAME) roleName FROM t_user u LEFT JOIN t_dept d ON (u.dept_id = d.dept_id) LEFT JOIN t_user_role ur ON (u.user_id = ur.user_id) LEFT JOIN t_role r ON r.role_id = ur.role_id WHERE 1=1 AND u.username = 'admin' GROUP BY u.username, u.realname, u.parent_id, u.user_id, u.email, u.mobile, u.password, u.status, u.create_time, u.ssex, u.dept_id, u.last_login_time, u.modify_time, u.description, u.avatar, u.theme, u.is_tab Limit 1;
2022-04-01 09:32:46 INFO  http-nio-0.0.0.0-88-exec-7 p6spy 2022-04-01 09:32:46 | 耗时 0 ms | SQL 语句：
SELECT COUNT( 1 ) FROM t_notice WHERE (user_id = 8 AND is_read = '0');
2022-04-01 09:32:47 INFO  http-nio-0.0.0.0-88-exec-3 cc.mrbird.febs.common.websocket.WebSocketServer 生产环境的websocket配置 cc.mrbird.febs.common.websocket.WebSocketServer@5e99f343
2022-04-01 09:32:47 INFO  http-nio-0.0.0.0-88-exec-3 cc.mrbird.febs.common.websocket.WebSocketServer 连接用户的id:8,当前在线人数为:1
2022-04-01 09:32:47 INFO  http-nio-0.0.0.0-88-exec-3 cc.mrbird.febs.common.websocket.WebSocketServer 发送消息到:8，报文:连接成功
2022-04-01 09:32:47 INFO  http-nio-0.0.0.0-88-exec-3 cc.mrbird.febs.common.websocket.WebSocketServer websocket session = org.apache.tomcat.websocket.WsSession@1b34dcb7
2022-04-01 09:32:47 INFO  http-nio-0.0.0.0-88-exec-8 p6spy 2022-04-01 09:32:47 | 耗时 8 ms | SQL 语句：
SELECT m.* FROM t_menu m WHERE m.type <> 1 AND m.MENU_ID IN ( SELECT DISTINCT rm.menu_id FROM t_role_menu rm LEFT JOIN t_role r ON (rm.role_id = r.role_id) LEFT JOIN t_user_role ur ON (ur.role_id = r.role_id) LEFT JOIN t_user u ON (u.user_id = ur.user_id) WHERE u.username = 'admin' ) ORDER BY m.order_num;
2022-04-01 09:32:47 INFO  http-nio-0.0.0.0-88-exec-10 p6spy 2022-04-01 09:32:47 | 耗时 2 ms | SQL 语句：
select count(1) from t_login_log;
2022-04-01 09:32:47 INFO  http-nio-0.0.0.0-88-exec-10 p6spy 2022-04-01 09:32:47 | 耗时 1 ms | SQL 语句：
SELECT count(1) FROM t_login_log WHERE login_time between CURDATE() and DATE_ADD(CURDATE(), INTERVAL 1 DAY);
2022-04-01 09:32:47 INFO  http-nio-0.0.0.0-88-exec-10 p6spy 2022-04-01 09:32:47 | 耗时 1 ms | SQL 语句：
SELECT count(DISTINCT(ip)) FROM t_login_log WHERE login_time between CURDATE() and DATE_ADD(CURDATE(), INTERVAL 1 DAY);
2022-04-01 09:32:47 INFO  http-nio-0.0.0.0-88-exec-10 p6spy 2022-04-01 09:32:47 | 耗时 1 ms | SQL 语句：
select date_format(l.login_time, '%m-%d') days, count(1) count from ( select * from t_login_log where date_sub(curdate(), interval 10 day) <= date(login_time) ) as l where 1 = 1 group by days;
2022-04-01 09:32:47 INFO  http-nio-0.0.0.0-88-exec-10 p6spy 2022-04-01 09:32:47 | 耗时 1 ms | SQL 语句：
select date_format(l.login_time, '%m-%d') days, count(1) count from ( select * from t_login_log where date_sub(curdate(), interval 10 day) <= date(login_time) ) as l where 1 = 1 and l.username = 'admin' group by days;
2022-04-01 09:32:47 INFO  Febs-Async-Thread-2 p6spy 2022-04-01 09:32:47 | 耗时 2 ms | SQL 语句：
UPDATE t_user SET LAST_LOGIN_TIME='2022-04-01T09:32:47.828+0800' WHERE (USERNAME = 'admin');
2022-04-01 09:32:48 INFO  http-nio-0.0.0.0-88-exec-1 p6spy 2022-04-01 09:32:48 | 耗时 2 ms | SQL 语句：
SELECT r.* FROM t_role r LEFT JOIN t_user_role ur ON (r.role_id = ur.role_id) LEFT JOIN t_user u ON (u.user_id = ur.user_id) WHERE u.username = 'admin';
2022-04-01 09:32:48 INFO  http-nio-0.0.0.0-88-exec-1 p6spy 2022-04-01 09:32:48 | 耗时 1 ms | SQL 语句：
SELECT m.perms FROM t_role r LEFT JOIN t_user_role ur ON (r.role_id = ur.role_id) LEFT JOIN t_user u ON (u.user_id = ur.user_id) LEFT JOIN t_role_menu rm ON (rm.role_id = r.role_id) LEFT JOIN t_menu m ON (m.menu_id = rm.menu_id) WHERE u.username = 'admin' AND m.perms is not null AND m.perms <> '';
2022-04-01 09:32:49 INFO  http-nio-0.0.0.0-88-exec-7 p6spy 2022-04-01 09:32:49 | 耗时 104 ms | SQL 语句：
SELECT COUNT(1) FROM ( SELECT code,name,enable,created_time,current,consolidate,updated_time,modified,balance_modified FROM rcs_contract ) TOTAL;
2022-04-01 09:32:49 INFO  http-nio-0.0.0.0-88-exec-7 p6spy 2022-04-01 09:32:49 | 耗时 1 ms | SQL 语句：
SELECT code,name,enable,created_time,current,consolidate,updated_time,modified,balance_modified FROM rcs_contract LIMIT 0,10;
2022-04-01 09:32:51 INFO  http-nio-0.0.0.0-88-exec-2 p6spy 2022-04-01 09:32:51 | 耗时 76 ms | SQL 语句：
SELECT COUNT(1) FROM rcs_print_job WHERE (type = 2);
2022-04-01 09:32:51 INFO  http-nio-0.0.0.0-88-exec-2 p6spy 2022-04-01 09:32:51 | 耗时 1 ms | SQL 语句：
SELECT id,contract_code,foreseen_id,transaction_id,user_id,pc_user_id,frank_machine_id,flow,flow_detail,total_count,total_amount,type,cancel_msg_code,updated_time,created_time FROM rcs_print_job WHERE (type = 2) ORDER BY id DESC LIMIT 0,10;
2022-04-01 09:38:58 INFO  http-nio-0.0.0.0-88-exec-3 org.springframework.data.repository.config.RepositoryConfigurationDelegate Bootstrapping Spring Data MongoDB repositories in DEFAULT mode.
2022-04-01 09:38:58 INFO  http-nio-0.0.0.0-88-exec-3 org.springframework.data.repository.config.RepositoryConfigurationDelegate Finished Spring Data repository scanning in 175ms. Found 0 MongoDB repository interfaces.
2022-04-01 09:38:58 INFO  http-nio-0.0.0.0-88-exec-3 org.springframework.data.repository.config.RepositoryConfigurationDelegate Bootstrapping Spring Data Redis repositories in DEFAULT mode.
2022-04-01 09:38:58 INFO  http-nio-0.0.0.0-88-exec-3 org.springframework.data.repository.config.RepositoryConfigurationDelegate Finished Spring Data repository scanning in 129ms. Found 0 Redis repository interfaces.
2022-04-01 09:38:58 WARN  http-nio-0.0.0.0-88-exec-3 org.mybatis.spring.mapper.ClassPathMapperScanner No MyBatis mapper was found in '[cc.mrbird.febs.*.mapper]' package. Please check your configuration.
2022-04-01 09:38:58 INFO  http-nio-0.0.0.0-88-exec-3 springfox.documentation.spring.web.PropertySourcedRequestMappingHandlerMapping Mapped URL path [/v2/api-docs] onto method [springfox.documentation.swagger2.web.Swagger2Controller#getDocumentation(String, HttpServletRequest)]
2022-04-01 09:38:58 INFO  http-nio-0.0.0.0-88-exec-3 p6spy 2022-04-01 09:38:58 | 耗时 1 ms | SQL 语句：
SELECT r.* FROM t_role r LEFT JOIN t_user_role ur ON (r.role_id = ur.role_id) LEFT JOIN t_user u ON (u.user_id = ur.user_id) WHERE u.username = 'test2';
2022-04-01 09:38:58 INFO  http-nio-0.0.0.0-88-exec-3 p6spy 2022-04-01 09:38:58 | 耗时 1 ms | SQL 语句：
SELECT m.perms FROM t_role r LEFT JOIN t_user_role ur ON (r.role_id = ur.role_id) LEFT JOIN t_user u ON (u.user_id = ur.user_id) LEFT JOIN t_role_menu rm ON (rm.role_id = r.role_id) LEFT JOIN t_menu m ON (m.menu_id = rm.menu_id) WHERE u.username = 'test2' AND m.perms is not null AND m.perms <> '';
2022-04-01 09:38:58 ERROR http-nio-0.0.0.0-88-exec-3 cc.mrbird.febs.common.handler.GlobalExceptionHandler UnauthorizedException, Subject does not have permission [transactionMsg:add]
2022-04-01 09:38:58 WARN  http-nio-0.0.0.0-88-exec-3 org.springframework.web.servlet.mvc.method.annotation.ExceptionHandlerExceptionResolver Resolved [org.apache.shiro.authz.UnauthorizedException: Subject does not have permission [transactionMsg:add]]
2022-04-01 09:54:43 INFO  SessionValidationThread-1 org.apache.shiro.session.mgt.AbstractValidatingSessionManager Validating all active sessions...
2022-04-01 09:54:43 INFO  SessionValidationThread-1 org.apache.shiro.session.mgt.AbstractValidatingSessionManager Finished session validation.  No sessions were stopped.
2022-04-01 10:00:00 INFO  pool-6-thread-1 org.springframework.data.repository.config.RepositoryConfigurationDelegate Bootstrapping Spring Data MongoDB repositories in DEFAULT mode.
2022-04-01 10:00:00 INFO  pool-6-thread-1 org.springframework.data.repository.config.RepositoryConfigurationDelegate Finished Spring Data repository scanning in 132ms. Found 0 MongoDB repository interfaces.
2022-04-01 10:00:00 INFO  pool-6-thread-1 org.springframework.data.repository.config.RepositoryConfigurationDelegate Bootstrapping Spring Data Redis repositories in DEFAULT mode.
2022-04-01 10:00:00 INFO  pool-6-thread-1 org.springframework.data.repository.config.RepositoryConfigurationDelegate Finished Spring Data repository scanning in 110ms. Found 0 Redis repository interfaces.
2022-04-01 10:00:00 WARN  pool-6-thread-1 org.mybatis.spring.mapper.ClassPathMapperScanner No MyBatis mapper was found in '[cc.mrbird.febs.*.mapper]' package. Please check your configuration.
2022-04-01 10:54:43 INFO  SessionValidationThread-1 org.apache.shiro.session.mgt.AbstractValidatingSessionManager Validating all active sessions...
2022-04-01 10:54:43 INFO  SessionValidationThread-1 org.apache.shiro.session.mgt.AbstractValidatingSessionManager Finished session validation.  No sessions were stopped.
2022-04-01 11:16:24 INFO  http-nio-0.0.0.0-88-exec-2 org.springframework.data.repository.config.RepositoryConfigurationDelegate Bootstrapping Spring Data MongoDB repositories in DEFAULT mode.
2022-04-01 11:16:24 INFO  http-nio-0.0.0.0-88-exec-2 org.springframework.data.repository.config.RepositoryConfigurationDelegate Finished Spring Data repository scanning in 129ms. Found 0 MongoDB repository interfaces.
2022-04-01 11:16:24 INFO  http-nio-0.0.0.0-88-exec-2 org.springframework.data.repository.config.RepositoryConfigurationDelegate Bootstrapping Spring Data Redis repositories in DEFAULT mode.
2022-04-01 11:16:24 INFO  http-nio-0.0.0.0-88-exec-2 org.springframework.data.repository.config.RepositoryConfigurationDelegate Finished Spring Data repository scanning in 115ms. Found 0 Redis repository interfaces.
2022-04-01 11:16:24 WARN  http-nio-0.0.0.0-88-exec-2 org.mybatis.spring.mapper.ClassPathMapperScanner No MyBatis mapper was found in '[cc.mrbird.febs.*.mapper]' package. Please check your configuration.
2022-04-01 11:16:25 INFO  http-nio-0.0.0.0-88-exec-2 springfox.documentation.spring.web.PropertySourcedRequestMappingHandlerMapping Mapped URL path [/v2/api-docs] onto method [springfox.documentation.swagger2.web.Swagger2Controller#getDocumentation(String, HttpServletRequest)]
2022-04-01 11:16:25 INFO  http-nio-0.0.0.0-88-exec-2 cc.mrbird.febs.rcs.service.impl.TransactionMsgServiceImpl 插入的数据：{"amount":100,"code":"2102","count":589,"createdTime":1648782985435,"dmMsg":"01PM64313100022032210020000000605000500020110001000001770020","frankMachineId":"PM100200","id":3,"status":"2","transactionId":"58702413-b657-484b-81c0-c7899dc2c5b7"}
2022-04-01 11:16:25 INFO  http-nio-0.0.0.0-88-exec-2 cc.mrbird.febs.rcs.service.impl.TransactionMsgServiceImpl {"amount":100,"code":"2102","count":589,"createdTime":1648782985435,"dmMsg":"01PM64313100022032210020000000605000500020110001000001770020","frankMachineId":"PM100200","id":3,"status":"2","transactionId":"58702413-b657-484b-81c0-c7899dc2c5b7"}
2022-04-01 11:17:22 INFO  http-nio-0.0.0.0-88-exec-10 org.springframework.data.repository.config.RepositoryConfigurationDelegate Bootstrapping Spring Data MongoDB repositories in DEFAULT mode.
2022-04-01 11:17:22 INFO  http-nio-0.0.0.0-88-exec-10 org.springframework.data.repository.config.RepositoryConfigurationDelegate Finished Spring Data repository scanning in 155ms. Found 0 MongoDB repository interfaces.
2022-04-01 11:17:22 INFO  http-nio-0.0.0.0-88-exec-10 org.springframework.data.repository.config.RepositoryConfigurationDelegate Bootstrapping Spring Data Redis repositories in DEFAULT mode.
2022-04-01 11:17:22 INFO  http-nio-0.0.0.0-88-exec-10 org.springframework.data.repository.config.RepositoryConfigurationDelegate Finished Spring Data repository scanning in 129ms. Found 0 Redis repository interfaces.
2022-04-01 11:17:22 WARN  http-nio-0.0.0.0-88-exec-10 org.mybatis.spring.mapper.ClassPathMapperScanner No MyBatis mapper was found in '[cc.mrbird.febs.*.mapper]' package. Please check your configuration.
2022-04-01 11:17:22 INFO  http-nio-0.0.0.0-88-exec-10 springfox.documentation.spring.web.PropertySourcedRequestMappingHandlerMapping Mapped URL path [/v2/api-docs] onto method [springfox.documentation.swagger2.web.Swagger2Controller#getDocumentation(String, HttpServletRequest)]
2022-04-01 11:17:22 INFO  http-nio-0.0.0.0-88-exec-10 cc.mrbird.febs.rcs.service.impl.TransactionMsgServiceImpl 插入的数据：{"amount":100,"code":"2102","count":589,"createdTime":1648783042919,"dmMsg":"01PM64313100022032210020000000605000500020110001000001770020","frankMachineId":"PM100200","id":4,"status":"2","transactionId":"58702413-b657-484b-81c0-c7899dc2c5b7"}
2022-04-01 11:17:22 INFO  http-nio-0.0.0.0-88-exec-10 cc.mrbird.febs.rcs.service.impl.TransactionMsgServiceImpl {"amount":100,"code":"2102","count":589,"createdTime":1648783042919,"dmMsg":"01PM64313100022032210020000000605000500020110001000001770020","frankMachineId":"PM100200","id":4,"status":"2","transactionId":"58702413-b657-484b-81c0-c7899dc2c5b7"}
2022-04-01 11:54:43 INFO  SessionValidationThread-1 org.apache.shiro.session.mgt.AbstractValidatingSessionManager Validating all active sessions...
2022-04-01 11:54:43 INFO  SessionValidationThread-1 org.apache.shiro.session.mgt.AbstractValidatingSessionManager Finished session validation.  No sessions were stopped.
2022-04-01 12:00:00 INFO  pool-6-thread-2 org.springframework.data.repository.config.RepositoryConfigurationDelegate Bootstrapping Spring Data MongoDB repositories in DEFAULT mode.
2022-04-01 12:00:01 INFO  pool-6-thread-2 org.springframework.data.repository.config.RepositoryConfigurationDelegate Finished Spring Data repository scanning in 248ms. Found 0 MongoDB repository interfaces.
2022-04-01 12:00:01 INFO  pool-6-thread-2 org.springframework.data.repository.config.RepositoryConfigurationDelegate Bootstrapping Spring Data Redis repositories in DEFAULT mode.
2022-04-01 12:00:01 INFO  pool-6-thread-2 org.springframework.data.repository.config.RepositoryConfigurationDelegate Finished Spring Data repository scanning in 122ms. Found 0 Redis repository interfaces.
2022-04-01 12:00:01 WARN  pool-6-thread-2 org.mybatis.spring.mapper.ClassPathMapperScanner No MyBatis mapper was found in '[cc.mrbird.febs.*.mapper]' package. Please check your configuration.
2022-04-01 12:00:02 INFO  pool-6-thread-2 org.springframework.scheduling.concurrent.ThreadPoolTaskExecutor Initializing ExecutorService
2022-04-01 12:00:02 INFO  pool-6-thread-2 org.springframework.scheduling.concurrent.ThreadPoolTaskExecutor Initializing ExecutorService 'NettyAsyncThreadPool'
2022-04-01 12:00:02 INFO  pool-6-thread-2 cc.mrbird.febs.common.netty.NettyServerHandler NettyServerHandler 初始化 对象是：cc.mrbird.febs.common.netty.NettyServerHandler@cb38d26
2022-04-01 12:00:02 INFO  pool-6-thread-2 org.springframework.scheduling.concurrent.ThreadPoolTaskExecutor Initializing ExecutorService
2022-04-01 12:00:02 INFO  pool-6-thread-2 org.springframework.scheduling.concurrent.ThreadPoolTaskExecutor Initializing ExecutorService 'febsAsyncThreadPool'
2022-04-01 12:00:03 INFO  pool-6-thread-2 org.springframework.scheduling.concurrent.ThreadPoolTaskExecutor Shutting down ExecutorService 'NettyAsyncThreadPool'
2022-04-01 12:00:03 INFO  pool-6-thread-2 org.springframework.scheduling.concurrent.ThreadPoolTaskExecutor Shutting down ExecutorService 'febsAsyncThreadPool'
2022-04-01 12:54:43 INFO  SessionValidationThread-1 org.apache.shiro.session.mgt.AbstractValidatingSessionManager Validating all active sessions...
2022-04-01 12:54:43 INFO  SessionValidationThread-1 org.apache.shiro.session.mgt.AbstractValidatingSessionManager Finished session validation.  No sessions were stopped.
2022-04-01 13:00:00 INFO  pool-6-thread-2 org.springframework.data.repository.config.RepositoryConfigurationDelegate Bootstrapping Spring Data MongoDB repositories in DEFAULT mode.
2022-04-01 13:00:00 INFO  pool-6-thread-2 org.springframework.data.repository.config.RepositoryConfigurationDelegate Finished Spring Data repository scanning in 107ms. Found 0 MongoDB repository interfaces.
2022-04-01 13:00:00 INFO  pool-6-thread-2 org.springframework.data.repository.config.RepositoryConfigurationDelegate Bootstrapping Spring Data Redis repositories in DEFAULT mode.
2022-04-01 13:00:00 INFO  pool-6-thread-2 org.springframework.data.repository.config.RepositoryConfigurationDelegate Finished Spring Data repository scanning in 101ms. Found 0 Redis repository interfaces.
2022-04-01 13:00:00 WARN  pool-6-thread-2 org.mybatis.spring.mapper.ClassPathMapperScanner No MyBatis mapper was found in '[cc.mrbird.febs.*.mapper]' package. Please check your configuration.
2022-04-01 13:28:44 INFO  http-nio-0.0.0.0-88-exec-6 springfox.documentation.spring.web.PropertySourcedRequestMappingHandlerMapping Mapped URL path [/v2/api-docs] onto method [springfox.documentation.swagger2.web.Swagger2Controller#getDocumentation(String, HttpServletRequest)]
2022-04-01 13:54:43 INFO  SessionValidationThread-1 org.apache.shiro.session.mgt.AbstractValidatingSessionManager Validating all active sessions...
2022-04-01 13:54:43 INFO  SessionValidationThread-1 org.apache.shiro.session.mgt.AbstractValidatingSessionManager Finished session validation.  No sessions were stopped.
2022-04-01 14:54:40 INFO  http-nio-0.0.0.0-88-exec-6 org.springframework.data.repository.config.RepositoryConfigurationDelegate Bootstrapping Spring Data MongoDB repositories in DEFAULT mode.
2022-04-01 14:54:40 INFO  http-nio-0.0.0.0-88-exec-6 org.springframework.data.repository.config.RepositoryConfigurationDelegate Finished Spring Data repository scanning in 120ms. Found 0 MongoDB repository interfaces.
2022-04-01 14:54:40 INFO  http-nio-0.0.0.0-88-exec-6 org.springframework.data.repository.config.RepositoryConfigurationDelegate Bootstrapping Spring Data Redis repositories in DEFAULT mode.
2022-04-01 14:54:40 INFO  http-nio-0.0.0.0-88-exec-6 org.springframework.data.repository.config.RepositoryConfigurationDelegate Finished Spring Data repository scanning in 102ms. Found 0 Redis repository interfaces.
2022-04-01 14:54:40 WARN  http-nio-0.0.0.0-88-exec-6 org.mybatis.spring.mapper.ClassPathMapperScanner No MyBatis mapper was found in '[cc.mrbird.febs.*.mapper]' package. Please check your configuration.
2022-04-01 14:54:41 INFO  http-nio-0.0.0.0-88-exec-6 p6spy 2022-04-01 14:54:41 | 耗时 16 ms | SQL 语句：
SELECT r.* FROM t_role r LEFT JOIN t_user_role ur ON (r.role_id = ur.role_id) LEFT JOIN t_user u ON (u.user_id = ur.user_id) WHERE u.username = 'test2';
2022-04-01 14:54:41 INFO  http-nio-0.0.0.0-88-exec-6 p6spy 2022-04-01 14:54:41 | 耗时 2 ms | SQL 语句：
SELECT m.perms FROM t_role r LEFT JOIN t_user_role ur ON (r.role_id = ur.role_id) LEFT JOIN t_user u ON (u.user_id = ur.user_id) LEFT JOIN t_role_menu rm ON (rm.role_id = r.role_id) LEFT JOIN t_menu m ON (m.menu_id = rm.menu_id) WHERE u.username = 'test2' AND m.perms is not null AND m.perms <> '';
2022-04-01 14:54:41 ERROR http-nio-0.0.0.0-88-exec-6 cc.mrbird.febs.common.handler.GlobalExceptionHandler UnauthorizedException, Subject does not have permission [transactionMsg:delete]
2022-04-01 14:54:41 WARN  http-nio-0.0.0.0-88-exec-6 org.springframework.web.servlet.mvc.method.annotation.ExceptionHandlerExceptionResolver Resolved [org.apache.shiro.authz.UnauthorizedException: Subject does not have permission [transactionMsg:delete]]
2022-04-01 14:54:43 INFO  SessionValidationThread-1 org.apache.shiro.session.mgt.AbstractValidatingSessionManager Validating all active sessions...
2022-04-01 14:54:43 INFO  SessionValidationThread-1 org.apache.shiro.session.mgt.AbstractValidatingSessionManager Finished session validation.  No sessions were stopped.
2022-04-01 14:54:59 INFO  http-nio-0.0.0.0-88-exec-8 org.springframework.data.repository.config.RepositoryConfigurationDelegate Bootstrapping Spring Data MongoDB repositories in DEFAULT mode.
2022-04-01 14:54:59 INFO  http-nio-0.0.0.0-88-exec-8 org.springframework.data.repository.config.RepositoryConfigurationDelegate Finished Spring Data repository scanning in 104ms. Found 0 MongoDB repository interfaces.
2022-04-01 14:54:59 INFO  http-nio-0.0.0.0-88-exec-8 org.springframework.data.repository.config.RepositoryConfigurationDelegate Bootstrapping Spring Data Redis repositories in DEFAULT mode.
2022-04-01 14:54:59 INFO  http-nio-0.0.0.0-88-exec-8 org.springframework.data.repository.config.RepositoryConfigurationDelegate Finished Spring Data repository scanning in 109ms. Found 0 Redis repository interfaces.
2022-04-01 14:54:59 WARN  http-nio-0.0.0.0-88-exec-8 org.mybatis.spring.mapper.ClassPathMapperScanner No MyBatis mapper was found in '[cc.mrbird.febs.*.mapper]' package. Please check your configuration.
2022-04-01 14:55:00 INFO  http-nio-0.0.0.0-88-exec-8 springfox.documentation.spring.web.PropertySourcedRequestMappingHandlerMapping Mapped URL path [/v2/api-docs] onto method [springfox.documentation.swagger2.web.Swagger2Controller#getDocumentation(String, HttpServletRequest)]
2022-04-01 14:55:00 INFO  http-nio-0.0.0.0-88-exec-8 p6spy 2022-04-01 14:55:00 | 耗时 176 ms | SQL 语句：
DELETE FROM transaction_msg;
2022-04-01 14:55:00 ERROR http-nio-0.0.0.0-88-exec-8 cc.mrbird.febs.common.aspect.ControllerEndpointAspect 
### Error updating database.  Cause: java.sql.SQLSyntaxErrorException: Table 'gdpt_russia_server.transaction_msg' doesn't exist
### The error may exist in cc/mrbird/febs/rcs/mapper/TransactionMsgMapper.java (best guess)
### The error may involve defaultParameterMap
### The error occurred while setting parameters
### SQL: DELETE FROM transaction_msg
### Cause: java.sql.SQLSyntaxErrorException: Table 'gdpt_russia_server.transaction_msg' doesn't exist
; bad SQL grammar []; nested exception is java.sql.SQLSyntaxErrorException: Table 'gdpt_russia_server.transaction_msg' doesn't exist
2022-04-01 14:55:00 ERROR http-nio-0.0.0.0-88-exec-8 cc.mrbird.febs.common.handler.GlobalExceptionHandler Febs系统错误 
### Error updating database.  Cause: java.sql.SQLSyntaxErrorException: Table 'gdpt_russia_server.transaction_msg' doesn't exist
### The error may exist in cc/mrbird/febs/rcs/mapper/TransactionMsgMapper.java (best guess)
### The error may involve defaultParameterMap
### The error occurred while setting parameters
### SQL: DELETE FROM transaction_msg
### Cause: java.sql.SQLSyntaxErrorException: Table 'gdpt_russia_server.transaction_msg' doesn't exist
; bad SQL grammar []; nested exception is java.sql.SQLSyntaxErrorException: Table 'gdpt_russia_server.transaction_msg' doesn't exist
2022-04-01 14:55:00 WARN  http-nio-0.0.0.0-88-exec-8 org.springframework.web.servlet.mvc.method.annotation.ExceptionHandlerExceptionResolver Resolved [cc.mrbird.febs.common.exception.FebsException: 
### Error updating database.  Cause: java.sql.SQLSyntaxErrorException: Table 'gdpt_russia_server.transaction_msg' doesn't exist
### The error may exist in cc/mrbird/febs/rcs/mapper/TransactionMsgMapper.java (best guess)
### The error may involve defaultParameterMap
### The error occurred while setting parameters
### SQL: DELETE FROM transaction_msg
### Cause: java.sql.SQLSyntaxErrorException: Table 'gdpt_russia_server.transaction_msg' doesn't exist
; bad SQL grammar []; nested exception is java.sql.SQLSyntaxErrorException: Table 'gdpt_russia_server.transaction_msg' doesn't exist]
2022-04-01 15:00:00 INFO  pool-6-thread-4 org.springframework.data.repository.config.RepositoryConfigurationDelegate Bootstrapping Spring Data MongoDB repositories in DEFAULT mode.
2022-04-01 15:00:00 INFO  pool-6-thread-4 org.springframework.data.repository.config.RepositoryConfigurationDelegate Finished Spring Data repository scanning in 102ms. Found 0 MongoDB repository interfaces.
2022-04-01 15:00:00 INFO  pool-6-thread-4 org.springframework.data.repository.config.RepositoryConfigurationDelegate Bootstrapping Spring Data Redis repositories in DEFAULT mode.
2022-04-01 15:00:00 INFO  pool-6-thread-4 org.springframework.data.repository.config.RepositoryConfigurationDelegate Finished Spring Data repository scanning in 97ms. Found 0 Redis repository interfaces.
2022-04-01 15:00:00 WARN  pool-6-thread-4 org.mybatis.spring.mapper.ClassPathMapperScanner No MyBatis mapper was found in '[cc.mrbird.febs.*.mapper]' package. Please check your configuration.
2022-04-01 15:54:43 INFO  SessionValidationThread-1 org.apache.shiro.session.mgt.AbstractValidatingSessionManager Validating all active sessions...
2022-04-01 15:54:43 INFO  SessionValidationThread-1 org.apache.shiro.session.mgt.AbstractValidatingSessionManager Finished session validation.  No sessions were stopped.
2022-04-01 16:54:43 INFO  SessionValidationThread-1 org.apache.shiro.session.mgt.AbstractValidatingSessionManager Validating all active sessions...
2022-04-01 16:54:43 INFO  SessionValidationThread-1 org.apache.shiro.session.mgt.AbstractValidatingSessionManager Finished session validation.  No sessions were stopped.
2022-04-01 17:00:00 INFO  pool-6-thread-3 org.springframework.data.repository.config.RepositoryConfigurationDelegate Bootstrapping Spring Data MongoDB repositories in DEFAULT mode.
2022-04-01 17:00:00 INFO  pool-6-thread-3 org.springframework.data.repository.config.RepositoryConfigurationDelegate Finished Spring Data repository scanning in 103ms. Found 0 MongoDB repository interfaces.
2022-04-01 17:00:00 INFO  pool-6-thread-3 org.springframework.data.repository.config.RepositoryConfigurationDelegate Bootstrapping Spring Data Redis repositories in DEFAULT mode.
2022-04-01 17:00:00 INFO  pool-6-thread-3 org.springframework.data.repository.config.RepositoryConfigurationDelegate Finished Spring Data repository scanning in 97ms. Found 0 Redis repository interfaces.
2022-04-01 17:00:00 WARN  pool-6-thread-3 org.mybatis.spring.mapper.ClassPathMapperScanner No MyBatis mapper was found in '[cc.mrbird.febs.*.mapper]' package. Please check your configuration.
2022-04-01 17:13:02 INFO  http-nio-0.0.0.0-88-exec-8 org.springframework.data.repository.config.RepositoryConfigurationDelegate Bootstrapping Spring Data MongoDB repositories in DEFAULT mode.
2022-04-01 17:13:02 INFO  http-nio-0.0.0.0-88-exec-8 org.springframework.data.repository.config.RepositoryConfigurationDelegate Finished Spring Data repository scanning in 110ms. Found 0 MongoDB repository interfaces.
2022-04-01 17:13:02 INFO  http-nio-0.0.0.0-88-exec-8 org.springframework.data.repository.config.RepositoryConfigurationDelegate Bootstrapping Spring Data Redis repositories in DEFAULT mode.
2022-04-01 17:13:02 INFO  http-nio-0.0.0.0-88-exec-8 org.springframework.data.repository.config.RepositoryConfigurationDelegate Finished Spring Data repository scanning in 108ms. Found 0 Redis repository interfaces.
2022-04-01 17:13:02 WARN  http-nio-0.0.0.0-88-exec-8 org.mybatis.spring.mapper.ClassPathMapperScanner No MyBatis mapper was found in '[cc.mrbird.febs.*.mapper]' package. Please check your configuration.
2022-04-01 17:13:02 INFO  http-nio-0.0.0.0-88-exec-8 springfox.documentation.spring.web.PropertySourcedRequestMappingHandlerMapping Mapped URL path [/v2/api-docs] onto method [springfox.documentation.swagger2.web.Swagger2Controller#getDocumentation(String, HttpServletRequest)]
2022-04-01 17:13:03 INFO  http-nio-0.0.0.0-88-exec-8 cc.mrbird.febs.rcs.service.impl.TransactionMsgServiceImpl 删除成功
2022-04-01 17:14:30 INFO  http-nio-0.0.0.0-88-exec-2 org.springframework.data.repository.config.RepositoryConfigurationDelegate Bootstrapping Spring Data MongoDB repositories in DEFAULT mode.
2022-04-01 17:14:30 INFO  http-nio-0.0.0.0-88-exec-2 org.springframework.data.repository.config.RepositoryConfigurationDelegate Finished Spring Data repository scanning in 119ms. Found 0 MongoDB repository interfaces.
2022-04-01 17:14:30 INFO  http-nio-0.0.0.0-88-exec-2 org.springframework.data.repository.config.RepositoryConfigurationDelegate Bootstrapping Spring Data Redis repositories in DEFAULT mode.
2022-04-01 17:14:30 INFO  http-nio-0.0.0.0-88-exec-2 org.springframework.data.repository.config.RepositoryConfigurationDelegate Finished Spring Data repository scanning in 116ms. Found 0 Redis repository interfaces.
2022-04-01 17:14:30 WARN  http-nio-0.0.0.0-88-exec-2 org.mybatis.spring.mapper.ClassPathMapperScanner No MyBatis mapper was found in '[cc.mrbird.febs.*.mapper]' package. Please check your configuration.
2022-04-01 17:14:30 INFO  http-nio-0.0.0.0-88-exec-2 cc.mrbird.febs.rcs.service.impl.TransactionMsgServiceImpl {"createTime":1}
2022-04-01 17:14:30 INFO  http-nio-0.0.0.0-88-exec-2 cc.mrbird.febs.rcs.service.impl.TransactionMsgServiceImpl {"expireAfterSeconds":1000}
2022-04-01 17:14:30 INFO  http-nio-0.0.0.0-88-exec-2 cc.mrbird.febs.rcs.service.impl.TransactionMsgServiceImpl 删除成功
