2022-02-28 08:52:38 INFO  restartedMain cc.mrbird.febs.Application Starting Application on XTZJ-20210805AL with PID 2976 (E:\IdeaProjects\RussiaPostofficeServer\target\classes started by Administrator in E:\IdeaProjects\RussiaPostofficeServer)
2022-02-28 08:52:38 INFO  restartedMain cc.mrbird.febs.Application The following profiles are active: dev_wang
2022-02-28 08:52:38 INFO  restartedMain org.springframework.boot.devtools.env.DevToolsPropertyDefaultsPostProcessor Devtools property defaults active! Set 'spring.devtools.add-properties' to 'false' to disable
2022-02-28 08:52:38 INFO  restartedMain org.springframework.boot.devtools.env.DevToolsPropertyDefaultsPostProcessor For additional web related logging consider setting the 'logging.level.web' property to 'DEBUG'
2022-02-28 08:52:44 INFO  restartedMain org.springframework.data.repository.config.RepositoryConfigurationDelegate Multiple Spring Data modules found, entering strict repository configuration mode!
2022-02-28 08:52:44 INFO  restartedMain org.springframework.data.repository.config.RepositoryConfigurationDelegate Bootstrapping Spring Data Redis repositories in DEFAULT mode.
2022-02-28 08:52:44 INFO  restartedMain org.springframework.data.repository.config.RepositoryConfigurationDelegate Finished Spring Data repository scanning in 213ms. Found 0 Redis repository interfaces.
2022-02-28 08:52:45 INFO  restartedMain com.ulisesbocchio.jasyptspringboot.configuration.EnableEncryptablePropertiesBeanFactoryPostProcessor Post-processing PropertySource instances
2022-02-28 08:52:45 INFO  restartedMain com.ulisesbocchio.jasyptspringboot.EncryptablePropertySourceConverter Converting PropertySource configurationProperties [org.springframework.boot.context.properties.source.ConfigurationPropertySourcesPropertySource] to AOP Proxy
2022-02-28 08:52:45 INFO  restartedMain com.ulisesbocchio.jasyptspringboot.EncryptablePropertySourceConverter Converting PropertySource servletConfigInitParams [org.springframework.core.env.PropertySource$StubPropertySource] to EncryptablePropertySourceWrapper
2022-02-28 08:52:45 INFO  restartedMain com.ulisesbocchio.jasyptspringboot.EncryptablePropertySourceConverter Converting PropertySource servletContextInitParams [org.springframework.core.env.PropertySource$StubPropertySource] to EncryptablePropertySourceWrapper
2022-02-28 08:52:45 INFO  restartedMain com.ulisesbocchio.jasyptspringboot.EncryptablePropertySourceConverter Converting PropertySource systemProperties [org.springframework.core.env.PropertiesPropertySource] to EncryptableMapPropertySourceWrapper
2022-02-28 08:52:45 INFO  restartedMain com.ulisesbocchio.jasyptspringboot.EncryptablePropertySourceConverter Converting PropertySource systemEnvironment [org.springframework.boot.env.SystemEnvironmentPropertySourceEnvironmentPostProcessor$OriginAwareSystemEnvironmentPropertySource] to EncryptableMapPropertySourceWrapper
2022-02-28 08:52:45 INFO  restartedMain com.ulisesbocchio.jasyptspringboot.EncryptablePropertySourceConverter Converting PropertySource random [org.springframework.boot.env.RandomValuePropertySource] to EncryptablePropertySourceWrapper
2022-02-28 08:52:45 INFO  restartedMain com.ulisesbocchio.jasyptspringboot.EncryptablePropertySourceConverter Converting PropertySource applicationConfig: [classpath:/application-dev_wang.yml] [org.springframework.boot.env.OriginTrackedMapPropertySource] to EncryptableMapPropertySourceWrapper
2022-02-28 08:52:45 INFO  restartedMain com.ulisesbocchio.jasyptspringboot.EncryptablePropertySourceConverter Converting PropertySource applicationConfig: [classpath:/application.yml] [org.springframework.boot.env.OriginTrackedMapPropertySource] to EncryptableMapPropertySourceWrapper
2022-02-28 08:52:45 INFO  restartedMain com.ulisesbocchio.jasyptspringboot.EncryptablePropertySourceConverter Converting PropertySource devtools [org.springframework.core.env.MapPropertySource] to EncryptableMapPropertySourceWrapper
2022-02-28 08:52:45 INFO  restartedMain com.ulisesbocchio.jasyptspringboot.EncryptablePropertySourceConverter Converting PropertySource class path resource [febs.properties] [org.springframework.core.io.support.ResourcePropertySource] to EncryptableMapPropertySourceWrapper
2022-02-28 08:52:46 INFO  restartedMain com.ulisesbocchio.jasyptspringboot.filter.DefaultLazyPropertyFilter Property Filter custom Bean not found with name 'encryptablePropertyFilter'. Initializing Default Property Filter
2022-02-28 08:52:46 INFO  restartedMain com.ulisesbocchio.jasyptspringboot.resolver.DefaultLazyPropertyResolver Property Resolver custom Bean not found with name 'encryptablePropertyResolver'. Initializing Default Property Resolver
2022-02-28 08:52:46 INFO  restartedMain com.ulisesbocchio.jasyptspringboot.detector.DefaultLazyPropertyDetector Property Detector custom Bean not found with name 'encryptablePropertyDetector'. Initializing Default Property Detector
2022-02-28 08:52:46 INFO  restartedMain org.springframework.context.support.PostProcessorRegistrationDelegate$BeanPostProcessorChecker Bean 'spring.datasource.dynamic-com.baomidou.dynamic.datasource.spring.boot.autoconfigure.DynamicDataSourceProperties' of type [com.baomidou.dynamic.datasource.spring.boot.autoconfigure.DynamicDataSourceProperties] is not eligible for getting processed by all BeanPostProcessors (for example: not eligible for auto-proxying)
2022-02-28 08:52:46 INFO  restartedMain org.springframework.context.support.PostProcessorRegistrationDelegate$BeanPostProcessorChecker Bean 'com.baomidou.dynamic.datasource.spring.boot.autoconfigure.DynamicDataSourceAutoConfiguration' of type [com.baomidou.dynamic.datasource.spring.boot.autoconfigure.DynamicDataSourceAutoConfiguration$$EnhancerBySpringCGLIB$$c3c25a75] is not eligible for getting processed by all BeanPostProcessors (for example: not eligible for auto-proxying)
2022-02-28 08:52:46 INFO  restartedMain org.springframework.context.support.PostProcessorRegistrationDelegate$BeanPostProcessorChecker Bean 'dsProcessor' of type [com.baomidou.dynamic.datasource.processor.DsHeaderProcessor] is not eligible for getting processed by all BeanPostProcessors (for example: not eligible for auto-proxying)
2022-02-28 08:52:46 INFO  restartedMain org.springframework.context.support.PostProcessorRegistrationDelegate$BeanPostProcessorChecker Bean 'dynamicDatasourceAnnotationAdvisor' of type [com.baomidou.dynamic.datasource.aop.DynamicDataSourceAnnotationAdvisor] is not eligible for getting processed by all BeanPostProcessors (for example: not eligible for auto-proxying)
2022-02-28 08:52:46 INFO  restartedMain org.springframework.context.support.PostProcessorRegistrationDelegate$BeanPostProcessorChecker Bean 'febsProperties' of type [cc.mrbird.febs.common.properties.FebsProperties$$EnhancerBySpringCGLIB$$c4fb0920] is not eligible for getting processed by all BeanPostProcessors (for example: not eligible for auto-proxying)
2022-02-28 08:52:47 INFO  restartedMain org.springframework.context.support.PostProcessorRegistrationDelegate$BeanPostProcessorChecker Bean 'shiroConfig' of type [cc.mrbird.febs.common.authentication.ShiroConfig$$EnhancerBySpringCGLIB$$c5b3eb4d] is not eligible for getting processed by all BeanPostProcessors (for example: not eligible for auto-proxying)
2022-02-28 08:52:47 INFO  restartedMain org.springframework.context.support.PostProcessorRegistrationDelegate$BeanPostProcessorChecker Bean 'mybatis-plus-com.baomidou.mybatisplus.autoconfigure.MybatisPlusProperties' of type [com.baomidou.mybatisplus.autoconfigure.MybatisPlusProperties] is not eligible for getting processed by all BeanPostProcessors (for example: not eligible for auto-proxying)
2022-02-28 08:52:47 INFO  restartedMain org.springframework.context.support.PostProcessorRegistrationDelegate$BeanPostProcessorChecker Bean 'mybatisPlusConfigure' of type [cc.mrbird.febs.common.configure.MybatisPlusConfigure$$EnhancerBySpringCGLIB$$c1918fd1] is not eligible for getting processed by all BeanPostProcessors (for example: not eligible for auto-proxying)
2022-02-28 08:52:47 INFO  restartedMain org.springframework.context.support.PostProcessorRegistrationDelegate$BeanPostProcessorChecker Bean 'paginationInterceptor' of type [com.baomidou.mybatisplus.extension.plugins.PaginationInterceptor] is not eligible for getting processed by all BeanPostProcessors (for example: not eligible for auto-proxying)
2022-02-28 08:52:47 INFO  restartedMain org.springframework.context.support.PostProcessorRegistrationDelegate$BeanPostProcessorChecker Bean 'com.baomidou.mybatisplus.autoconfigure.MybatisPlusAutoConfiguration' of type [com.baomidou.mybatisplus.autoconfigure.MybatisPlusAutoConfiguration$$EnhancerBySpringCGLIB$$97fc563e] is not eligible for getting processed by all BeanPostProcessors (for example: not eligible for auto-proxying)
2022-02-28 08:52:47 INFO  restartedMain org.springframework.context.support.PostProcessorRegistrationDelegate$BeanPostProcessorChecker Bean 'dataSourceCreator' of type [com.baomidou.dynamic.datasource.creator.DataSourceCreator] is not eligible for getting processed by all BeanPostProcessors (for example: not eligible for auto-proxying)
2022-02-28 08:52:47 INFO  restartedMain org.springframework.context.support.PostProcessorRegistrationDelegate$BeanPostProcessorChecker Bean 'dynamicDataSourceProvider' of type [com.baomidou.dynamic.datasource.provider.YmlDynamicDataSourceProvider] is not eligible for getting processed by all BeanPostProcessors (for example: not eligible for auto-proxying)
2022-02-28 08:52:47 INFO  restartedMain com.baomidou.dynamic.datasource.DynamicRoutingDataSource dynamic-datasource detect P6SPY plugin and enabled it
2022-02-28 08:52:47 INFO  restartedMain com.zaxxer.hikari.HikariDataSource base - Starting...
2022-02-28 08:52:49 INFO  restartedMain com.zaxxer.hikari.HikariDataSource base - Start completed.
2022-02-28 08:52:49 INFO  restartedMain com.baomidou.dynamic.datasource.DynamicRoutingDataSource dynamic-datasource [base] wrap p6spy plugin
2022-02-28 08:52:49 INFO  restartedMain com.baomidou.dynamic.datasource.DynamicRoutingDataSource dynamic-datasource - load a datasource named [base] success
2022-02-28 08:52:49 INFO  restartedMain com.baomidou.dynamic.datasource.DynamicRoutingDataSource dynamic-datasource initial loaded [1] datasource,primary datasource named [base]
2022-02-28 08:52:49 INFO  restartedMain org.springframework.context.support.PostProcessorRegistrationDelegate$BeanPostProcessorChecker Bean 'dataSource' of type [com.baomidou.dynamic.datasource.DynamicRoutingDataSource] is not eligible for getting processed by all BeanPostProcessors (for example: not eligible for auto-proxying)
2022-02-28 08:52:49 INFO  restartedMain org.springframework.context.support.PostProcessorRegistrationDelegate$BeanPostProcessorChecker Bean 'spring.datasource-org.springframework.boot.autoconfigure.jdbc.DataSourceProperties' of type [org.springframework.boot.autoconfigure.jdbc.DataSourceProperties] is not eligible for getting processed by all BeanPostProcessors (for example: not eligible for auto-proxying)
2022-02-28 08:52:49 INFO  restartedMain org.springframework.context.support.PostProcessorRegistrationDelegate$BeanPostProcessorChecker Bean 'org.springframework.boot.autoconfigure.jdbc.DataSourceInitializerInvoker' of type [org.springframework.boot.autoconfigure.jdbc.DataSourceInitializerInvoker] is not eligible for getting processed by all BeanPostProcessors (for example: not eligible for auto-proxying)
2022-02-28 08:52:52 INFO  restartedMain org.springframework.context.support.PostProcessorRegistrationDelegate$BeanPostProcessorChecker Bean 'sqlSessionFactory' of type [org.apache.ibatis.session.defaults.DefaultSqlSessionFactory] is not eligible for getting processed by all BeanPostProcessors (for example: not eligible for auto-proxying)
2022-02-28 08:52:52 INFO  restartedMain org.springframework.context.support.PostProcessorRegistrationDelegate$BeanPostProcessorChecker Bean 'sqlSessionTemplate' of type [org.mybatis.spring.SqlSessionTemplate] is not eligible for getting processed by all BeanPostProcessors (for example: not eligible for auto-proxying)
2022-02-28 08:52:52 INFO  restartedMain org.springframework.context.support.PostProcessorRegistrationDelegate$BeanPostProcessorChecker Bean 'userDataPermissionMapper' of type [org.mybatis.spring.mapper.MapperFactoryBean] is not eligible for getting processed by all BeanPostProcessors (for example: not eligible for auto-proxying)
2022-02-28 08:52:52 INFO  restartedMain org.springframework.context.support.PostProcessorRegistrationDelegate$BeanPostProcessorChecker Bean 'userDataPermissionMapper' of type [com.sun.proxy.$Proxy122] is not eligible for getting processed by all BeanPostProcessors (for example: not eligible for auto-proxying)
2022-02-28 08:52:52 INFO  restartedMain org.springframework.context.support.PostProcessorRegistrationDelegate$BeanPostProcessorChecker Bean 'userDataPermissionService' of type [cc.mrbird.febs.system.service.impl.UserDataPermissionServiceImpl] is not eligible for getting processed by all BeanPostProcessors (for example: not eligible for auto-proxying)
2022-02-28 08:52:52 INFO  restartedMain org.springframework.context.support.PostProcessorRegistrationDelegate$BeanPostProcessorChecker Bean 'menuMapper' of type [org.mybatis.spring.mapper.MapperFactoryBean] is not eligible for getting processed by all BeanPostProcessors (for example: not eligible for auto-proxying)
2022-02-28 08:52:52 INFO  restartedMain org.springframework.context.support.PostProcessorRegistrationDelegate$BeanPostProcessorChecker Bean 'menuMapper' of type [com.sun.proxy.$Proxy124] is not eligible for getting processed by all BeanPostProcessors (for example: not eligible for auto-proxying)
2022-02-28 08:52:52 WARN  restartedMain com.baomidou.mybatisplus.core.metadata.TableInfoHelper Warn: Could not find @TableId in Class: cc.mrbird.febs.system.entity.RoleMenu.
2022-02-28 08:52:52 INFO  restartedMain org.springframework.context.support.PostProcessorRegistrationDelegate$BeanPostProcessorChecker Bean 'roleMenuMapper' of type [org.mybatis.spring.mapper.MapperFactoryBean] is not eligible for getting processed by all BeanPostProcessors (for example: not eligible for auto-proxying)
2022-02-28 08:52:52 INFO  restartedMain org.springframework.context.support.PostProcessorRegistrationDelegate$BeanPostProcessorChecker Bean 'roleMenuMapper' of type [com.sun.proxy.$Proxy125] is not eligible for getting processed by all BeanPostProcessors (for example: not eligible for auto-proxying)
2022-02-28 08:52:52 INFO  restartedMain org.springframework.context.support.PostProcessorRegistrationDelegate$BeanPostProcessorChecker Bean 'roleMenuServiceImpl' of type [cc.mrbird.febs.system.service.impl.RoleMenuServiceImpl] is not eligible for getting processed by all BeanPostProcessors (for example: not eligible for auto-proxying)
2022-02-28 08:52:52 INFO  restartedMain org.springframework.context.support.PostProcessorRegistrationDelegate$BeanPostProcessorChecker Bean 'userMapper' of type [org.mybatis.spring.mapper.MapperFactoryBean] is not eligible for getting processed by all BeanPostProcessors (for example: not eligible for auto-proxying)
2022-02-28 08:52:52 INFO  restartedMain org.springframework.context.support.PostProcessorRegistrationDelegate$BeanPostProcessorChecker Bean 'userMapper' of type [com.sun.proxy.$Proxy127] is not eligible for getting processed by all BeanPostProcessors (for example: not eligible for auto-proxying)
2022-02-28 08:52:52 WARN  restartedMain com.baomidou.mybatisplus.core.metadata.TableInfoHelper Warn: Could not find @TableId in Class: cc.mrbird.febs.system.entity.UserRole.
2022-02-28 08:52:52 INFO  restartedMain org.springframework.context.support.PostProcessorRegistrationDelegate$BeanPostProcessorChecker Bean 'userRoleMapper' of type [org.mybatis.spring.mapper.MapperFactoryBean] is not eligible for getting processed by all BeanPostProcessors (for example: not eligible for auto-proxying)
2022-02-28 08:52:52 INFO  restartedMain org.springframework.context.support.PostProcessorRegistrationDelegate$BeanPostProcessorChecker Bean 'userRoleMapper' of type [com.sun.proxy.$Proxy128] is not eligible for getting processed by all BeanPostProcessors (for example: not eligible for auto-proxying)
2022-02-28 08:52:52 INFO  restartedMain org.springframework.context.support.PostProcessorRegistrationDelegate$BeanPostProcessorChecker Bean 'userRoleServiceImpl' of type [cc.mrbird.febs.system.service.impl.UserRoleServiceImpl] is not eligible for getting processed by all BeanPostProcessors (for example: not eligible for auto-proxying)
2022-02-28 08:52:52 INFO  restartedMain org.springframework.context.support.PostProcessorRegistrationDelegate$BeanPostProcessorChecker Bean 'userServiceImpl' of type [cc.mrbird.febs.system.service.impl.UserServiceImpl] is not eligible for getting processed by all BeanPostProcessors (for example: not eligible for auto-proxying)
2022-02-28 08:52:52 INFO  restartedMain org.springframework.context.support.PostProcessorRegistrationDelegate$BeanPostProcessorChecker Bean 'menuServiceImpl' of type [cc.mrbird.febs.system.service.impl.MenuServiceImpl] is not eligible for getting processed by all BeanPostProcessors (for example: not eligible for auto-proxying)
2022-02-28 08:52:52 INFO  restartedMain org.springframework.context.support.PostProcessorRegistrationDelegate$BeanPostProcessorChecker Bean 'roleMapper' of type [org.mybatis.spring.mapper.MapperFactoryBean] is not eligible for getting processed by all BeanPostProcessors (for example: not eligible for auto-proxying)
2022-02-28 08:52:52 INFO  restartedMain org.springframework.context.support.PostProcessorRegistrationDelegate$BeanPostProcessorChecker Bean 'roleMapper' of type [com.sun.proxy.$Proxy133] is not eligible for getting processed by all BeanPostProcessors (for example: not eligible for auto-proxying)
2022-02-28 08:52:52 INFO  restartedMain org.springframework.context.support.PostProcessorRegistrationDelegate$BeanPostProcessorChecker Bean 'roleServiceImpl' of type [cc.mrbird.febs.system.service.impl.RoleServiceImpl] is not eligible for getting processed by all BeanPostProcessors (for example: not eligible for auto-proxying)
2022-02-28 08:52:52 INFO  restartedMain org.springframework.context.support.PostProcessorRegistrationDelegate$BeanPostProcessorChecker Bean 'redisConfigure' of type [cc.mrbird.febs.common.configure.RedisConfigure$$EnhancerBySpringCGLIB$$ca8c23a3] is not eligible for getting processed by all BeanPostProcessors (for example: not eligible for auto-proxying)
2022-02-28 08:52:52 INFO  restartedMain org.springframework.context.support.PostProcessorRegistrationDelegate$BeanPostProcessorChecker Bean 'spring.redis-org.springframework.boot.autoconfigure.data.redis.RedisProperties' of type [org.springframework.boot.autoconfigure.data.redis.RedisProperties] is not eligible for getting processed by all BeanPostProcessors (for example: not eligible for auto-proxying)
2022-02-28 08:52:52 INFO  restartedMain org.springframework.context.support.PostProcessorRegistrationDelegate$BeanPostProcessorChecker Bean 'org.springframework.boot.autoconfigure.data.redis.LettuceConnectionConfiguration' of type [org.springframework.boot.autoconfigure.data.redis.LettuceConnectionConfiguration] is not eligible for getting processed by all BeanPostProcessors (for example: not eligible for auto-proxying)
2022-02-28 08:52:53 INFO  restartedMain org.springframework.context.support.PostProcessorRegistrationDelegate$BeanPostProcessorChecker Bean 'lettuceClientResources' of type [io.lettuce.core.resource.DefaultClientResources] is not eligible for getting processed by all BeanPostProcessors (for example: not eligible for auto-proxying)
2022-02-28 08:52:53 INFO  restartedMain org.springframework.context.support.PostProcessorRegistrationDelegate$BeanPostProcessorChecker Bean 'redisConnectionFactory' of type [org.springframework.data.redis.connection.lettuce.LettuceConnectionFactory] is not eligible for getting processed by all BeanPostProcessors (for example: not eligible for auto-proxying)
2022-02-28 08:52:53 INFO  restartedMain org.springframework.context.support.PostProcessorRegistrationDelegate$BeanPostProcessorChecker Bean 'redisTemplate' of type [org.springframework.data.redis.core.RedisTemplate] is not eligible for getting processed by all BeanPostProcessors (for example: not eligible for auto-proxying)
2022-02-28 08:52:53 INFO  restartedMain org.springframework.context.support.PostProcessorRegistrationDelegate$BeanPostProcessorChecker Bean 'redisService' of type [cc.mrbird.febs.common.service.RedisService] is not eligible for getting processed by all BeanPostProcessors (for example: not eligible for auto-proxying)
2022-02-28 08:52:53 INFO  restartedMain org.springframework.context.support.PostProcessorRegistrationDelegate$BeanPostProcessorChecker Bean 'shiroRealm' of type [cc.mrbird.febs.common.authentication.ShiroRealm] is not eligible for getting processed by all BeanPostProcessors (for example: not eligible for auto-proxying)
2022-02-28 08:52:53 INFO  restartedMain org.springframework.context.support.PostProcessorRegistrationDelegate$BeanPostProcessorChecker Bean 'redisSessionDAO' of type [org.crazycake.shiro.RedisSessionDAO] is not eligible for getting processed by all BeanPostProcessors (for example: not eligible for auto-proxying)
2022-02-28 08:52:53 INFO  restartedMain org.springframework.context.support.PostProcessorRegistrationDelegate$BeanPostProcessorChecker Bean 'simpleCookie' of type [org.apache.shiro.web.servlet.SimpleCookie] is not eligible for getting processed by all BeanPostProcessors (for example: not eligible for auto-proxying)
2022-02-28 08:52:53 INFO  restartedMain org.springframework.context.support.PostProcessorRegistrationDelegate$BeanPostProcessorChecker Bean 'sessionManager' of type [org.apache.shiro.web.session.mgt.DefaultWebSessionManager] is not eligible for getting processed by all BeanPostProcessors (for example: not eligible for auto-proxying)
2022-02-28 08:52:53 INFO  restartedMain org.springframework.context.support.PostProcessorRegistrationDelegate$BeanPostProcessorChecker Bean 'securityManager' of type [org.apache.shiro.web.mgt.DefaultWebSecurityManager] is not eligible for getting processed by all BeanPostProcessors (for example: not eligible for auto-proxying)
2022-02-28 08:52:53 INFO  restartedMain org.springframework.context.support.PostProcessorRegistrationDelegate$BeanPostProcessorChecker Bean 'authorizationAttributeSourceAdvisor' of type [org.apache.shiro.spring.security.interceptor.AuthorizationAttributeSourceAdvisor] is not eligible for getting processed by all BeanPostProcessors (for example: not eligible for auto-proxying)
2022-02-28 08:52:54 INFO  restartedMain org.springframework.boot.web.embedded.tomcat.TomcatWebServer Tomcat initialized with port(s): 88 (http)
2022-02-28 08:52:54 INFO  restartedMain org.apache.coyote.http11.Http11NioProtocol Initializing ProtocolHandler ["http-nio-0.0.0.0-88"]
2022-02-28 08:52:54 INFO  restartedMain org.apache.catalina.core.StandardService Starting service [Tomcat]
2022-02-28 08:52:54 INFO  restartedMain org.apache.catalina.core.StandardEngine Starting Servlet engine: [Apache Tomcat/9.0.31]
2022-02-28 08:52:54 INFO  restartedMain org.apache.catalina.core.AprLifecycleListener Loaded APR based Apache Tomcat Native library [1.2.30] using APR version [1.7.0].
2022-02-28 08:52:54 INFO  restartedMain org.apache.catalina.core.AprLifecycleListener APR capabilities: IPv6 [true], sendfile [true], accept filters [false], random [true].
2022-02-28 08:52:54 INFO  restartedMain org.apache.catalina.core.AprLifecycleListener APR/OpenSSL configuration: useAprConnector [false], useOpenSSL [true]
2022-02-28 08:52:54 INFO  restartedMain org.apache.catalina.core.AprLifecycleListener OpenSSL successfully initialized [OpenSSL 1.1.1k  25 Mar 2021]
2022-02-28 08:52:54 INFO  restartedMain org.apache.catalina.core.ContainerBase.[Tomcat].[localhost].[/posmart] Initializing Spring embedded WebApplicationContext
2022-02-28 08:52:54 INFO  restartedMain org.springframework.web.context.ContextLoader Root WebApplicationContext: initialization completed in 15997 ms
2022-02-28 08:52:55 INFO  restartedMain cc.mrbird.febs.common.xss.XssFilter ------------ xss filter init ------------
2022-02-28 08:52:55 INFO  restartedMain cc.mrbird.febs.common.threadpool.AlarmThreadPool 初始化AlarmThreadPool
2022-02-28 08:52:56 INFO  restartedMain io.lettuce.core.EpollProvider Starting without optional epoll library
2022-02-28 08:52:56 INFO  restartedMain io.lettuce.core.KqueueProvider Starting without optional kqueue library
2022-02-28 08:52:57 INFO  restartedMain org.springframework.scheduling.concurrent.ThreadPoolTaskExecutor Initializing ExecutorService
2022-02-28 08:52:57 INFO  restartedMain org.springframework.scheduling.concurrent.ThreadPoolTaskExecutor Initializing ExecutorService 'NettyAsyncThreadPool'
2022-02-28 08:52:57 INFO  restartedMain cc.mrbird.febs.common.netty.NettyServerHandler NettyServerHandler 初始化 对象是：cc.mrbird.febs.common.netty.NettyServerHandler@5d00564d
2022-02-28 08:52:57 INFO  restartedMain org.quartz.impl.StdSchedulerFactory Using default implementation for ThreadExecutor
2022-02-28 08:52:57 INFO  restartedMain org.quartz.core.SchedulerSignalerImpl Initialized Scheduler Signaller of type: class org.quartz.core.SchedulerSignalerImpl
2022-02-28 08:52:57 INFO  restartedMain org.quartz.core.QuartzScheduler Quartz Scheduler v.2.3.2 created.
2022-02-28 08:52:57 INFO  restartedMain org.quartz.simpl.RAMJobStore RAMJobStore initialized.
2022-02-28 08:52:57 INFO  restartedMain org.quartz.core.QuartzScheduler Scheduler meta-data: Quartz Scheduler (v2.3.2) 'quartzScheduler' with instanceId 'NON_CLUSTERED'
  Scheduler class: 'org.quartz.core.QuartzScheduler' - running locally.
  NOT STARTED.
  Currently in standby mode.
  Number of jobs executed: 0
  Using thread pool 'org.quartz.simpl.SimpleThreadPool' - with 10 threads.
  Using job-store 'org.quartz.simpl.RAMJobStore' - which does not support persistence. and is not clustered.

2022-02-28 08:52:57 INFO  restartedMain org.quartz.impl.StdSchedulerFactory Quartz scheduler 'quartzScheduler' initialized from an externally provided properties instance.
2022-02-28 08:52:57 INFO  restartedMain org.quartz.impl.StdSchedulerFactory Quartz scheduler version: 2.3.2
2022-02-28 08:52:57 INFO  restartedMain org.quartz.core.QuartzScheduler JobFactory set to: org.springframework.scheduling.quartz.SpringBeanJobFactory@56483a0b
2022-02-28 08:52:58 WARN  restartedMain com.baomidou.mybatisplus.core.metadata.TableInfoHelper Warn: Could not find @TableId in Class: cc.mrbird.febs.others.entity.Eximport.
2022-02-28 08:52:58 INFO  restartedMain org.springframework.scheduling.concurrent.ThreadPoolTaskExecutor Initializing ExecutorService
2022-02-28 08:52:58 INFO  restartedMain org.springframework.scheduling.concurrent.ThreadPoolTaskExecutor Initializing ExecutorService 'febsAsyncThreadPool'
2022-02-28 08:52:59 INFO  restartedMain org.springframework.boot.actuate.endpoint.web.EndpointLinksResolver Exposing 2 endpoint(s) beneath base path '/actuator'
2022-02-28 08:52:59 INFO  restartedMain springfox.documentation.spring.web.PropertySourcedRequestMappingHandlerMapping Mapped URL path [/v2/api-docs] onto method [springfox.documentation.swagger2.web.Swagger2Controller#getDocumentation(String, HttpServletRequest)]
2022-02-28 08:52:59 INFO  restartedMain org.springframework.boot.devtools.autoconfigure.OptionalLiveReloadServer LiveReload server is running on port 35729
2022-02-28 08:52:59 INFO  restartedMain org.springframework.boot.autoconfigure.web.servlet.WelcomePageHandlerMapping Adding welcome page template: index
2022-02-28 08:53:01 INFO  restartedMain springfox.documentation.spring.web.plugins.DocumentationPluginsBootstrapper Context refreshed
2022-02-28 08:53:01 INFO  restartedMain springfox.documentation.spring.web.plugins.DocumentationPluginsBootstrapper Found 1 custom documentation plugin(s)
2022-02-28 08:53:01 INFO  restartedMain springfox.documentation.spring.web.scanners.ApiListingReferenceScanner Scanning for api listing references
2022-02-28 08:53:01 INFO  restartedMain springfox.documentation.spring.web.readers.operation.CachingOperationNameGenerator Generating unique operation named: exportUsingPOST_1
2022-02-28 08:53:01 INFO  restartedMain springfox.documentation.spring.web.readers.operation.CachingOperationNameGenerator Generating unique operation named: exportUsingPOST_2
2022-02-28 08:53:01 INFO  restartedMain springfox.documentation.spring.web.readers.operation.CachingOperationNameGenerator Generating unique operation named: exportUsingPOST_3
2022-02-28 08:53:01 INFO  restartedMain springfox.documentation.spring.web.readers.operation.CachingOperationNameGenerator Generating unique operation named: exportUsingPOST_4
2022-02-28 08:53:01 INFO  restartedMain springfox.documentation.spring.web.readers.operation.CachingOperationNameGenerator Generating unique operation named: exportUsingPOST_5
2022-02-28 08:53:01 INFO  restartedMain springfox.documentation.spring.web.readers.operation.CachingOperationNameGenerator Generating unique operation named: exportUsingGET_1
2022-02-28 08:53:01 INFO  restartedMain springfox.documentation.spring.web.readers.operation.CachingOperationNameGenerator Generating unique operation named: selectStatusUsingGET_1
2022-02-28 08:53:01 INFO  restartedMain springfox.documentation.spring.web.readers.operation.CachingOperationNameGenerator Generating unique operation named: exportUsingPOST_6
2022-02-28 08:53:01 INFO  restartedMain springfox.documentation.spring.web.readers.operation.CachingOperationNameGenerator Generating unique operation named: exportUsingPOST_7
2022-02-28 08:53:01 INFO  restartedMain springfox.documentation.spring.web.readers.operation.CachingOperationNameGenerator Generating unique operation named: exportUsingPOST_8
2022-02-28 08:53:02 INFO  restartedMain springfox.documentation.spring.web.readers.operation.CachingOperationNameGenerator Generating unique operation named: exportUsingPOST_9
2022-02-28 08:53:02 INFO  restartedMain springfox.documentation.spring.web.readers.operation.CachingOperationNameGenerator Generating unique operation named: exportUsingPOST_10
2022-02-28 08:53:02 INFO  restartedMain springfox.documentation.spring.web.readers.operation.CachingOperationNameGenerator Generating unique operation named: exportUsingPOST_11
2022-02-28 08:53:02 INFO  restartedMain springfox.documentation.spring.web.readers.operation.CachingOperationNameGenerator Generating unique operation named: testUsingPOST_1
2022-02-28 08:53:02 INFO  restartedMain springfox.documentation.spring.web.readers.operation.CachingOperationNameGenerator Generating unique operation named: exportUsingPOST_12
2022-02-28 08:53:02 INFO  restartedMain springfox.documentation.spring.web.readers.operation.CachingOperationNameGenerator Generating unique operation named: exportUsingPOST_13
2022-02-28 08:53:02 INFO  restartedMain springfox.documentation.spring.web.readers.operation.CachingOperationNameGenerator Generating unique operation named: exportUsingPOST_14
2022-02-28 08:53:02 INFO  restartedMain springfox.documentation.spring.web.readers.operation.CachingOperationNameGenerator Generating unique operation named: exportUsingPOST_15
2022-02-28 08:53:02 INFO  restartedMain springfox.documentation.spring.web.readers.operation.CachingOperationNameGenerator Generating unique operation named: exportUsingPOST_16
2022-02-28 08:53:02 INFO  restartedMain springfox.documentation.spring.web.readers.operation.CachingOperationNameGenerator Generating unique operation named: exportUsingPOST_17
2022-02-28 08:53:02 INFO  restartedMain org.springframework.scheduling.quartz.SchedulerFactoryBean Starting Quartz Scheduler now
2022-02-28 08:53:02 INFO  restartedMain org.quartz.core.QuartzScheduler Scheduler quartzScheduler_$_NON_CLUSTERED started.
2022-02-28 08:53:02 INFO  restartedMain org.apache.coyote.http11.Http11NioProtocol Starting ProtocolHandler ["http-nio-0.0.0.0-88"]
2022-02-28 08:53:02 INFO  restartedMain org.springframework.boot.web.embedded.tomcat.TomcatWebServer Tomcat started on port(s): 88 (http) with context path '/posmart'
2022-02-28 08:53:02 INFO  restartedMain cc.mrbird.febs.Application Started Application in 25.049 seconds (JVM running for 27.129)
2022-02-28 08:53:02 INFO  restartedMain cc.mrbird.febs.common.runner.FebsStartedUpRunner 注资服务器启动完毕，地址：http://192.168.2.119:88/posmart/login
2022-02-28 08:53:02 INFO  restartedMain cc.mrbird.febs.common.license.LicenseVerifyUtils ++++++++ 开始安装证书 ++++++++
2022-02-28 08:53:02 INFO  restartedMain cc.mrbird.febs.common.license.LicenseVerifyUtils param = LicenseVerifyParam{subject='license_gdpt', publicAlias='publicCert', storePass='public_gdpt@2022', licensePath='F:\workspace\RussiaPostofficeServerFile\license\license.lic', publicKeysStorePath='F:\workspace\RussiaPostofficeServerFile\license\publicCerts.keystore'}
2022-02-28 08:53:02 INFO  restartedMain cc.mrbird.febs.common.license.CustomLicenseManager 获取操作系统类型
2022-02-28 08:53:03 INFO  restartedMain cc.mrbird.febs.common.license.LicenseVerifyUtils 证书安装成功，证书有效期：2022-01-27 00:00:00 - 2026-04-01 00:00:00
2022-02-28 08:53:03 WARN  restartedMain io.netty.bootstrap.ServerBootstrap Unknown channel option 'SO_SNDBUF' for channel '[id: 0xfcadb2f8]'
2022-02-28 08:53:03 INFO  restartedMain cc.mrbird.febs.common.netty.NettyServer 服务器启动开始监听端口: 12800
2022-02-28 08:53:03 INFO  restartedMain cc.mrbird.febs.common.netty.NettyServer 关闭SSL
2022-02-28 08:53:11 INFO  http-nio-0.0.0.0-88-exec-1 org.apache.catalina.core.ContainerBase.[Tomcat].[localhost].[/posmart] Initializing Spring DispatcherServlet 'dispatcherServlet'
2022-02-28 08:53:11 INFO  http-nio-0.0.0.0-88-exec-1 org.springframework.web.servlet.DispatcherServlet Initializing Servlet 'dispatcherServlet'
2022-02-28 08:53:11 INFO  http-nio-0.0.0.0-88-exec-1 org.springframework.web.servlet.DispatcherServlet Completed initialization in 28 ms
2022-02-28 08:53:11 INFO  http-nio-0.0.0.0-88-exec-1 org.apache.shiro.session.mgt.AbstractValidatingSessionManager Enabling session validation scheduler...
2022-02-28 08:53:45 INFO  nioEventLoopGroup-6-1 cc.mrbird.febs.common.netty.NettyServerHandler channelActive NettyServerHandler 对象是：cc.mrbird.febs.common.netty.NettyServerHandler@308f3f32
2022-02-28 08:53:45 INFO  nioEventLoopGroup-6-1 cc.mrbird.febs.common.netty.NettyServerHandler 客户端【1e6bb04c】连接netty服务器[IP:192.168.2.119--->PORT:51583] insocket=/192.168.2.119:51583
2022-02-28 08:53:45 INFO  nioEventLoopGroup-6-1 cc.mrbird.febs.common.netty.NettyServerHandler 连接通道数量: 1 有效连接数量：0
2022-02-28 08:53:46 INFO  nioEventLoopGroup-6-1 cc.mrbird.febs.common.netty.NettyServerHandler 客户端发生异常，断开连接
2022-02-28 08:53:46 INFO  nioEventLoopGroup-6-1 cc.mrbird.febs.common.netty.protocol.kit.ChannelMapperManager 客户端【1e6bb04c】退出netty服务器[IP:192.168.2.119--->PORT:51583]
2022-02-28 08:53:46 INFO  nioEventLoopGroup-6-1 cc.mrbird.febs.common.netty.protocol.kit.ChannelMapperManager 连接通道数量: 0 有效连接数量：0
2022-02-28 08:53:46 INFO  nioEventLoopGroup-6-1 cc.mrbird.febs.common.netty.NettyServerHandler 1e6bb04c 发生了错误,此连接被关闭此时连通数量: 0 有效连接数量：0
2022-02-28 08:53:46 INFO  nioEventLoopGroup-6-1 cc.mrbird.febs.common.netty.MyDecoder 头字节不对，跳过0xff,
2022-02-28 08:53:46 INFO  nioEventLoopGroup-6-1 cc.mrbird.febs.common.netty.MyDecoder 头字节不对，跳过0x43,
2022-02-28 08:53:46 INFO  nioEventLoopGroup-6-1 cc.mrbird.febs.common.netty.MyDecoder 头字节不对，跳过0x50,
2022-02-28 08:53:46 INFO  nioEventLoopGroup-6-1 cc.mrbird.febs.common.netty.MyDecoder 头字节不对，跳过0x55,
2022-02-28 08:53:46 INFO  nioEventLoopGroup-6-1 cc.mrbird.febs.common.netty.MyDecoder 头字节不对，跳过0x30,
2022-02-28 08:53:46 INFO  nioEventLoopGroup-6-1 cc.mrbird.febs.common.netty.MyDecoder 头字节不对，跳过0x30,
2022-02-28 08:53:46 INFO  nioEventLoopGroup-6-1 cc.mrbird.febs.common.netty.MyDecoder 头字节不对，跳过0x31,
2022-02-28 08:53:46 INFO  nioEventLoopGroup-6-1 cc.mrbird.febs.common.netty.MyDecoder 头字节不对，跳过0x30,
2022-02-28 08:53:46 INFO  nioEventLoopGroup-6-1 cc.mrbird.febs.common.netty.MyDecoder 头字节不对，跳过0x30,
2022-02-28 08:53:46 INFO  nioEventLoopGroup-6-1 cc.mrbird.febs.common.netty.MyDecoder 头字节不对，跳过0x31,
2022-02-28 08:53:46 INFO  nioEventLoopGroup-6-1 cc.mrbird.febs.common.netty.MyDecoder 头字节不对，跳过0x78,
2022-02-28 08:53:46 INFO  nioEventLoopGroup-6-1 cc.mrbird.febs.common.netty.MyDecoder 头字节不对，跳过0x4b,
2022-02-28 08:53:46 INFO  nioEventLoopGroup-6-1 cc.mrbird.febs.common.netty.MyDecoder 头字节不对，跳过0x55,
2022-02-28 08:53:46 INFO  nioEventLoopGroup-6-1 cc.mrbird.febs.common.netty.MyDecoder 头字节不对，跳过0x31,
2022-02-28 08:53:46 INFO  nioEventLoopGroup-6-1 cc.mrbird.febs.common.netty.MyDecoder 头字节不对，跳过0x53,
2022-02-28 08:53:46 INFO  nioEventLoopGroup-6-1 cc.mrbird.febs.common.netty.MyDecoder 头字节不对，跳过0x4e,
2022-02-28 08:53:46 INFO  nioEventLoopGroup-6-1 cc.mrbird.febs.common.netty.MyDecoder 头字节不对，跳过0x56,
2022-02-28 08:53:46 INFO  nioEventLoopGroup-6-1 cc.mrbird.febs.common.netty.MyDecoder 头字节不对，跳过0x6a,
2022-02-28 08:53:46 INFO  nioEventLoopGroup-6-1 cc.mrbird.febs.common.netty.MyDecoder 头字节不对，跳过0x59,
2022-02-28 08:53:46 INFO  nioEventLoopGroup-6-1 cc.mrbird.febs.common.netty.MyDecoder 头字节不对，跳过0x79,
2022-02-28 08:53:46 INFO  nioEventLoopGroup-6-1 cc.mrbird.febs.common.netty.MyDecoder 头字节不对，跳过0x52,
2022-02-28 08:53:46 INFO  nioEventLoopGroup-6-1 cc.mrbird.febs.common.netty.MyDecoder 头字节不对，跳过0x76,
2022-02-28 08:53:46 INFO  nioEventLoopGroup-6-1 cc.mrbird.febs.common.netty.MyDecoder 头字节不对，跳过0x34,
2022-02-28 08:53:46 INFO  nioEventLoopGroup-6-1 cc.mrbird.febs.common.netty.MyDecoder 头字节不对，跳过0x64,
2022-02-28 08:53:46 INFO  nioEventLoopGroup-6-1 cc.mrbird.febs.common.netty.MyDecoder 头字节不对，跳过0x2f,
2022-02-28 08:53:46 INFO  nioEventLoopGroup-6-1 cc.mrbird.febs.common.netty.MyDecoder 头字节不对，跳过0x38,
2022-02-28 08:53:46 INFO  nioEventLoopGroup-6-1 cc.mrbird.febs.common.netty.MyDecoder 头字节不对，跳过0x36,
2022-02-28 08:53:46 INFO  nioEventLoopGroup-6-1 cc.mrbird.febs.common.netty.MyDecoder 头字节不对，跳过0x51,
2022-02-28 08:53:46 INFO  nioEventLoopGroup-6-1 cc.mrbird.febs.common.netty.MyDecoder 头字节不对，跳过0x38,
2022-02-28 08:53:46 INFO  nioEventLoopGroup-6-1 cc.mrbird.febs.common.netty.MyDecoder 头字节不对，跳过0x4a,
2022-02-28 08:53:46 INFO  nioEventLoopGroup-6-1 cc.mrbird.febs.common.netty.MyDecoder 头字节不对，跳过0x35,
2022-02-28 08:53:46 INFO  nioEventLoopGroup-6-1 cc.mrbird.febs.common.netty.MyDecoder 头字节不对，跳过0x6e,
2022-02-28 08:53:46 INFO  nioEventLoopGroup-6-1 cc.mrbird.febs.common.netty.MyDecoder 头字节不对，跳过0x30,
2022-02-28 08:53:46 INFO  nioEventLoopGroup-6-1 cc.mrbird.febs.common.netty.MyDecoder 头字节不对，跳过0x38,
2022-02-28 08:53:46 INFO  nioEventLoopGroup-6-1 cc.mrbird.febs.common.netty.MyDecoder 头字节不对，跳过0x45,
2022-02-28 08:53:46 INFO  nioEventLoopGroup-6-1 cc.mrbird.febs.common.netty.MyDecoder 头字节不对，跳过0x4f,
2022-02-28 08:53:46 INFO  nioEventLoopGroup-6-1 cc.mrbird.febs.common.netty.MyDecoder 头字节不对，跳过0x59,
2022-02-28 08:53:46 INFO  nioEventLoopGroup-6-1 cc.mrbird.febs.common.netty.MyDecoder 头字节不对，跳过0x68,
2022-02-28 08:53:46 INFO  nioEventLoopGroup-6-1 cc.mrbird.febs.common.netty.MyDecoder 头字节不对，跳过0x77,
2022-02-28 08:53:46 INFO  nioEventLoopGroup-6-1 cc.mrbird.febs.common.netty.MyDecoder 头字节不对，跳过0x76,
2022-02-28 08:53:46 INFO  nioEventLoopGroup-6-1 cc.mrbird.febs.common.netty.MyDecoder 头字节不对，跳过0x71,
2022-02-28 08:53:46 INFO  nioEventLoopGroup-6-1 cc.mrbird.febs.common.netty.MyDecoder 头字节不对，跳过0x6b,
2022-02-28 08:53:46 INFO  nioEventLoopGroup-6-1 cc.mrbird.febs.common.netty.MyDecoder 头字节不对，跳过0x72,
2022-02-28 08:53:46 INFO  nioEventLoopGroup-6-1 cc.mrbird.febs.common.netty.MyDecoder 头字节不对，跳过0x33,
2022-02-28 08:53:46 INFO  nioEventLoopGroup-6-1 cc.mrbird.febs.common.netty.MyDecoder 头字节不对，跳过0x72,
2022-02-28 08:53:46 INFO  nioEventLoopGroup-6-1 cc.mrbird.febs.common.netty.MyDecoder 头字节不对，跳过0x54,
2022-02-28 08:53:46 INFO  nioEventLoopGroup-6-1 cc.mrbird.febs.common.netty.MyDecoder 头字节不对，跳过0x68,
2022-02-28 08:53:46 INFO  nioEventLoopGroup-6-1 cc.mrbird.febs.common.netty.MyDecoder 头字节不对，跳过0x44,
2022-02-28 08:53:46 INFO  nioEventLoopGroup-6-1 cc.mrbird.febs.common.netty.MyDecoder 头字节不对，跳过0x57,
2022-02-28 08:53:46 INFO  nioEventLoopGroup-6-1 cc.mrbird.febs.common.netty.MyDecoder 头字节不对，跳过0x5a,
2022-02-28 08:53:46 INFO  nioEventLoopGroup-6-1 cc.mrbird.febs.common.netty.MyDecoder 头字节不对，跳过0x59,
2022-02-28 08:53:46 INFO  nioEventLoopGroup-6-1 cc.mrbird.febs.common.netty.MyDecoder 头字节不对，跳过0x4f,
2022-02-28 08:53:46 INFO  nioEventLoopGroup-6-1 cc.mrbird.febs.common.netty.MyDecoder 头字节不对，跳过0x58,
2022-02-28 08:53:46 INFO  nioEventLoopGroup-6-1 cc.mrbird.febs.common.netty.MyDecoder 头字节不对，跳过0x47,
2022-02-28 08:53:46 INFO  nioEventLoopGroup-6-1 cc.mrbird.febs.common.netty.MyDecoder 头字节不对，跳过0x33,
2022-02-28 08:53:46 INFO  nioEventLoopGroup-6-1 cc.mrbird.febs.common.netty.MyDecoder 头字节不对，跳过0x6d,
2022-02-28 08:53:46 INFO  nioEventLoopGroup-6-1 cc.mrbird.febs.common.netty.MyDecoder 头字节不对，跳过0x52,
2022-02-28 08:53:46 INFO  nioEventLoopGroup-6-1 cc.mrbird.febs.common.netty.MyDecoder 头字节不对，跳过0x4c,
2022-02-28 08:53:46 INFO  nioEventLoopGroup-6-1 cc.mrbird.febs.common.netty.MyDecoder 头字节不对，跳过0x49,
2022-02-28 08:53:46 INFO  nioEventLoopGroup-6-1 cc.mrbird.febs.common.netty.MyDecoder 头字节不对，跳过0x6d,
2022-02-28 08:53:46 INFO  nioEventLoopGroup-6-1 cc.mrbird.febs.common.netty.MyDecoder 头字节不对，跳过0x32,
2022-02-28 08:53:46 INFO  nioEventLoopGroup-6-1 cc.mrbird.febs.common.netty.MyDecoder 头字节不对，跳过0x4d,
2022-02-28 08:53:46 INFO  nioEventLoopGroup-6-1 cc.mrbird.febs.common.netty.MyDecoder 头字节不对，跳过0x52,
2022-02-28 08:53:46 INFO  nioEventLoopGroup-6-1 cc.mrbird.febs.common.netty.MyDecoder 头字节不对，跳过0x36,
2022-02-28 08:53:46 INFO  nioEventLoopGroup-6-1 cc.mrbird.febs.common.netty.MyDecoder 头字节不对，跳过0x36,
2022-02-28 08:53:46 INFO  nioEventLoopGroup-6-1 cc.mrbird.febs.common.netty.MyDecoder 头字节不对，跳过0x39,
2022-02-28 08:53:46 INFO  nioEventLoopGroup-6-1 cc.mrbird.febs.common.netty.MyDecoder 头字节不对，跳过0x48,
2022-02-28 08:53:46 INFO  nioEventLoopGroup-6-1 cc.mrbird.febs.common.netty.MyDecoder 头字节不对，跳过0x69,
2022-02-28 08:53:46 INFO  nioEventLoopGroup-6-1 cc.mrbird.febs.common.netty.MyDecoder 头字节不对，跳过0x78,
2022-02-28 08:53:46 INFO  nioEventLoopGroup-6-1 cc.mrbird.febs.common.netty.MyDecoder 头字节不对，跳过0x48,
2022-02-28 08:53:46 INFO  nioEventLoopGroup-6-1 cc.mrbird.febs.common.netty.MyDecoder 头字节不对，跳过0x32,
2022-02-28 08:53:46 INFO  nioEventLoopGroup-6-1 cc.mrbird.febs.common.netty.MyDecoder 头字节不对，跳过0x45,
2022-02-28 08:53:46 INFO  nioEventLoopGroup-6-1 cc.mrbird.febs.common.netty.MyDecoder 头字节不对，跳过0x4d,
2022-02-28 08:53:46 INFO  nioEventLoopGroup-6-1 cc.mrbird.febs.common.netty.MyDecoder 头字节不对，跳过0x62,
2022-02-28 08:53:46 INFO  nioEventLoopGroup-6-1 cc.mrbird.febs.common.netty.MyDecoder 头字节不对，跳过0x43,
2022-02-28 08:53:46 INFO  nioEventLoopGroup-6-1 cc.mrbird.febs.common.netty.MyDecoder 头字节不对，跳过0x74,
2022-02-28 08:53:46 INFO  nioEventLoopGroup-6-1 cc.mrbird.febs.common.netty.MyDecoder 头字节不对，跳过0x6d,
2022-02-28 08:53:46 INFO  nioEventLoopGroup-6-1 cc.mrbird.febs.common.netty.MyDecoder 头字节不对，跳过0x35,
2022-02-28 08:53:46 INFO  nioEventLoopGroup-6-1 cc.mrbird.febs.common.netty.MyDecoder 头字节不对，跳过0x76,
2022-02-28 08:53:46 INFO  nioEventLoopGroup-6-1 cc.mrbird.febs.common.netty.MyDecoder 头字节不对，跳过0x42,
2022-02-28 08:53:46 INFO  nioEventLoopGroup-6-1 cc.mrbird.febs.common.netty.MyDecoder 头字节不对，跳过0x59,
2022-02-28 08:53:46 INFO  nioEventLoopGroup-6-1 cc.mrbird.febs.common.netty.MyDecoder 头字节不对，跳过0x5a,
2022-02-28 08:53:46 INFO  nioEventLoopGroup-6-1 cc.mrbird.febs.common.netty.MyDecoder 头字节不对，跳过0x4d,
2022-02-28 08:53:46 INFO  nioEventLoopGroup-6-1 cc.mrbird.febs.common.netty.MyDecoder 头字节不对，跳过0x38,
2022-02-28 08:53:46 INFO  nioEventLoopGroup-6-1 cc.mrbird.febs.common.netty.MyDecoder 头字节不对，跳过0x57,
2022-02-28 08:53:46 INFO  nioEventLoopGroup-6-1 cc.mrbird.febs.common.netty.MyDecoder 头字节不对，跳过0x7a,
2022-02-28 08:53:46 INFO  nioEventLoopGroup-6-1 cc.mrbird.febs.common.netty.MyDecoder 头字节不对，跳过0x38,
2022-02-28 08:53:46 INFO  nioEventLoopGroup-6-1 cc.mrbird.febs.common.netty.MyDecoder 头字节不对，跳过0x69,
2022-02-28 08:53:46 INFO  nioEventLoopGroup-6-1 cc.mrbird.febs.common.netty.MyDecoder 头字节不对，跳过0x47,
2022-02-28 08:53:46 INFO  nioEventLoopGroup-6-1 cc.mrbird.febs.common.netty.MyDecoder 头字节不对，跳过0x7a,
2022-02-28 08:53:46 INFO  nioEventLoopGroup-6-1 cc.mrbird.febs.common.netty.MyDecoder 头字节不对，跳过0x34,
2022-02-28 08:53:46 INFO  nioEventLoopGroup-6-1 cc.mrbird.febs.common.netty.MyDecoder 头字节不对，跳过0x57,
2022-02-28 08:53:46 INFO  nioEventLoopGroup-6-1 cc.mrbird.febs.common.netty.MyDecoder 头字节不对，跳过0x76,
2022-02-28 08:53:46 INFO  nioEventLoopGroup-6-1 cc.mrbird.febs.common.netty.MyDecoder 头字节不对，跳过0x64,
2022-02-28 08:53:46 INFO  nioEventLoopGroup-6-1 cc.mrbird.febs.common.netty.MyDecoder 头字节不对，跳过0x76,
2022-02-28 08:53:46 INFO  nioEventLoopGroup-6-1 cc.mrbird.febs.common.netty.MyDecoder 头字节不对，跳过0x37,
2022-02-28 08:53:46 INFO  nioEventLoopGroup-6-1 cc.mrbird.febs.common.netty.MyDecoder 头字节不对，跳过0x55,
2022-02-28 08:53:46 INFO  nioEventLoopGroup-6-1 cc.mrbird.febs.common.netty.MyDecoder 头字节不对，跳过0x56,
2022-02-28 08:53:46 INFO  nioEventLoopGroup-6-1 cc.mrbird.febs.common.netty.MyDecoder 头字节不对，跳过0x73,
2022-02-28 08:53:46 INFO  nioEventLoopGroup-6-1 cc.mrbird.febs.common.netty.MyDecoder 头字节不对，跳过0x57,
2022-02-28 08:53:46 INFO  nioEventLoopGroup-6-1 cc.mrbird.febs.common.netty.MyDecoder 头字节不对，跳过0x30,
2022-02-28 08:53:46 INFO  nioEventLoopGroup-6-1 cc.mrbird.febs.common.netty.MyDecoder 头字节不对，跳过0x48,
2022-02-28 08:53:46 INFO  nioEventLoopGroup-6-1 cc.mrbird.febs.common.netty.MyDecoder 头字节不对，跳过0x46,
2022-02-28 08:53:46 INFO  nioEventLoopGroup-6-1 cc.mrbird.febs.common.netty.MyDecoder 头字节不对，跳过0x63,
2022-02-28 08:53:46 INFO  nioEventLoopGroup-6-1 cc.mrbird.febs.common.netty.MyDecoder 头字节不对，跳过0x43,
2022-02-28 08:53:46 INFO  nioEventLoopGroup-6-1 cc.mrbird.febs.common.netty.MyDecoder 头字节不对，跳过0x48,
2022-02-28 08:53:46 INFO  nioEventLoopGroup-6-1 cc.mrbird.febs.common.netty.MyDecoder 头字节不对，跳过0x78,
2022-02-28 08:53:46 INFO  nioEventLoopGroup-6-1 cc.mrbird.febs.common.netty.MyDecoder 头字节不对，跳过0x62,
2022-02-28 08:53:46 INFO  nioEventLoopGroup-6-1 cc.mrbird.febs.common.netty.MyDecoder 头字节不对，跳过0x4a,
2022-02-28 08:53:46 INFO  nioEventLoopGroup-6-1 cc.mrbird.febs.common.netty.MyDecoder 头字节不对，跳过0x56,
2022-02-28 08:53:46 INFO  nioEventLoopGroup-6-1 cc.mrbird.febs.common.netty.MyDecoder 头字节不对，跳过0x67,
2022-02-28 08:53:46 INFO  nioEventLoopGroup-6-1 cc.mrbird.febs.common.netty.MyDecoder 头字节不对，跳过0x75,
2022-02-28 08:53:46 INFO  nioEventLoopGroup-6-1 cc.mrbird.febs.common.netty.MyDecoder 头字节不对，跳过0x54,
2022-02-28 08:53:46 INFO  nioEventLoopGroup-6-1 cc.mrbird.febs.common.netty.MyDecoder 头字节不对，跳过0x73,
2022-02-28 08:53:46 INFO  nioEventLoopGroup-6-1 cc.mrbird.febs.common.netty.MyDecoder 头字节不对，跳过0x4e,
2022-02-28 08:53:46 INFO  nioEventLoopGroup-6-1 cc.mrbird.febs.common.netty.MyDecoder 头字节不对，跳过0x71,
2022-02-28 08:53:46 INFO  nioEventLoopGroup-6-1 cc.mrbird.febs.common.netty.MyDecoder 头字节不对，跳过0x55,
2022-02-28 08:53:46 INFO  nioEventLoopGroup-6-1 cc.mrbird.febs.common.netty.MyDecoder 头字节不对，跳过0x74,
2022-02-28 08:53:46 INFO  nioEventLoopGroup-6-1 cc.mrbird.febs.common.netty.MyDecoder 头字节不对，跳过0x48,
2022-02-28 08:53:46 INFO  nioEventLoopGroup-6-1 cc.mrbird.febs.common.netty.MyDecoder 头字节不对，跳过0x30,
2022-02-28 08:53:46 INFO  nioEventLoopGroup-6-1 cc.mrbird.febs.common.netty.MyDecoder 头字节不对，跳过0x78,
2022-02-28 08:53:46 INFO  nioEventLoopGroup-6-1 cc.mrbird.febs.common.netty.MyDecoder 头字节不对，跳过0x70,
2022-02-28 08:53:46 INFO  nioEventLoopGroup-6-1 cc.mrbird.febs.common.netty.MyDecoder 头字节不对，跳过0x6e,
2022-02-28 08:53:46 INFO  nioEventLoopGroup-6-1 cc.mrbird.febs.common.netty.MyDecoder 头字节不对，跳过0x38,
2022-02-28 08:53:46 INFO  nioEventLoopGroup-6-1 cc.mrbird.febs.common.netty.MyDecoder 头字节不对，跳过0x39,
2022-02-28 08:53:46 INFO  nioEventLoopGroup-6-1 cc.mrbird.febs.common.netty.MyDecoder 头字节不对，跳过0x31,
2022-02-28 08:53:46 INFO  nioEventLoopGroup-6-1 cc.mrbird.febs.common.netty.MyDecoder 头字节不对，跳过0x68,
2022-02-28 08:53:46 INFO  nioEventLoopGroup-6-1 cc.mrbird.febs.common.netty.MyDecoder 头字节不对，跳过0x62,
2022-02-28 08:53:46 INFO  nioEventLoopGroup-6-1 cc.mrbird.febs.common.netty.MyDecoder 头字节不对，跳过0x67,
2022-02-28 08:53:46 INFO  nioEventLoopGroup-6-1 cc.mrbird.febs.common.netty.MyDecoder 头字节不对，跳过0x46,
2022-02-28 08:53:46 INFO  nioEventLoopGroup-6-1 cc.mrbird.febs.common.netty.MyDecoder 头字节不对，跳过0x30,
2022-02-28 08:53:46 INFO  nioEventLoopGroup-6-1 cc.mrbird.febs.common.netty.MyDecoder 头字节不对，跳过0x6d,
2022-02-28 08:53:46 INFO  nioEventLoopGroup-6-1 cc.mrbird.febs.common.netty.MyDecoder 头字节不对，跳过0x44,
2022-02-28 08:53:46 INFO  nioEventLoopGroup-6-1 cc.mrbird.febs.common.netty.MyDecoder 头字节不对，跳过0x61,
2022-02-28 08:53:46 INFO  nioEventLoopGroup-6-1 cc.mrbird.febs.common.netty.MyDecoder 头字节不对，跳过0x78,
2022-02-28 08:53:46 INFO  nioEventLoopGroup-6-1 cc.mrbird.febs.common.netty.MyDecoder 头字节不对，跳过0x71,
2022-02-28 08:53:46 INFO  nioEventLoopGroup-6-1 cc.mrbird.febs.common.netty.MyDecoder 头字节不对，跳过0x39,
2022-02-28 08:53:46 INFO  nioEventLoopGroup-6-1 cc.mrbird.febs.common.netty.MyDecoder 头字节不对，跳过0x49,
2022-02-28 08:53:46 INFO  nioEventLoopGroup-6-1 cc.mrbird.febs.common.netty.MyDecoder 头字节不对，跳过0x78,
2022-02-28 08:53:46 INFO  nioEventLoopGroup-6-1 cc.mrbird.febs.common.netty.MyDecoder 头字节不对，跳过0x63,
2022-02-28 08:53:46 INFO  nioEventLoopGroup-6-1 cc.mrbird.febs.common.netty.MyDecoder 头字节不对，跳过0x51,
2022-02-28 08:53:46 INFO  nioEventLoopGroup-6-1 cc.mrbird.febs.common.netty.MyDecoder 头字节不对，跳过0x65,
2022-02-28 08:53:46 INFO  nioEventLoopGroup-6-1 cc.mrbird.febs.common.netty.MyDecoder 头字节不对，跳过0x57,
2022-02-28 08:53:46 INFO  nioEventLoopGroup-6-1 cc.mrbird.febs.common.netty.MyDecoder 头字节不对，跳过0x32,
2022-02-28 08:53:46 INFO  nioEventLoopGroup-6-1 cc.mrbird.febs.common.netty.MyDecoder 头字节不对，跳过0x72,
2022-02-28 08:53:46 INFO  nioEventLoopGroup-6-1 cc.mrbird.febs.common.netty.MyDecoder 头字节不对，跳过0x62,
2022-02-28 08:53:46 INFO  nioEventLoopGroup-6-1 cc.mrbird.febs.common.netty.MyDecoder 头字节不对，跳过0x67,
2022-02-28 08:53:46 INFO  nioEventLoopGroup-6-1 cc.mrbird.febs.common.netty.MyDecoder 头字节不对，跳过0x79,
2022-02-28 08:53:46 INFO  nioEventLoopGroup-6-1 cc.mrbird.febs.common.netty.MyDecoder 头字节不对，跳过0x45,
2022-02-28 08:53:46 INFO  nioEventLoopGroup-6-1 cc.mrbird.febs.common.netty.MyDecoder 头字节不对，跳过0x46,
2022-02-28 08:53:46 INFO  nioEventLoopGroup-6-1 cc.mrbird.febs.common.netty.MyDecoder 头字节不对，跳过0x54,
2022-02-28 08:53:46 INFO  nioEventLoopGroup-6-1 cc.mrbird.febs.common.netty.MyDecoder 头字节不对，跳过0x44,
2022-02-28 08:53:46 INFO  nioEventLoopGroup-6-1 cc.mrbird.febs.common.netty.MyDecoder 头字节不对，跳过0x31,
2022-02-28 08:53:46 INFO  nioEventLoopGroup-6-1 cc.mrbird.febs.common.netty.MyDecoder 头字节不对，跳过0x78,
2022-02-28 08:53:46 INFO  nioEventLoopGroup-6-1 cc.mrbird.febs.common.netty.MyDecoder 头字节不对，跳过0x72,
2022-02-28 08:53:46 INFO  nioEventLoopGroup-6-1 cc.mrbird.febs.common.netty.MyDecoder 头字节不对，跳过0x55,
2022-02-28 08:53:46 INFO  nioEventLoopGroup-6-1 cc.mrbird.febs.common.netty.MyDecoder 头字节不对，跳过0x49,
2022-02-28 08:53:46 INFO  nioEventLoopGroup-6-1 cc.mrbird.febs.common.netty.MyDecoder 头字节不对，跳过0x53,
2022-02-28 08:53:46 INFO  nioEventLoopGroup-6-1 cc.mrbird.febs.common.netty.MyDecoder 头字节不对，跳过0x74,
2022-02-28 08:53:46 INFO  nioEventLoopGroup-6-1 cc.mrbird.febs.common.netty.MyDecoder 头字节不对，跳过0x67,
2022-02-28 08:53:46 ERROR nioEventLoopGroup-6-1 cc.mrbird.febs.common.netty.NettyServerHandler 客户端【1e6bb04c】终止连接服务器
2022-02-28 09:53:10 INFO  SessionValidationThread-1 org.apache.shiro.session.mgt.AbstractValidatingSessionManager Validating all active sessions...
2022-02-28 09:53:10 INFO  SessionValidationThread-1 org.apache.shiro.session.mgt.AbstractValidatingSessionManager Finished session validation.  No sessions were stopped.
2022-02-28 10:53:10 INFO  SessionValidationThread-1 org.apache.shiro.session.mgt.AbstractValidatingSessionManager Validating all active sessions...
2022-02-28 10:53:10 INFO  SessionValidationThread-1 org.apache.shiro.session.mgt.AbstractValidatingSessionManager Finished session validation.  No sessions were stopped.
2022-02-28 11:53:10 INFO  SessionValidationThread-1 org.apache.shiro.session.mgt.AbstractValidatingSessionManager Validating all active sessions...
2022-02-28 11:53:10 INFO  SessionValidationThread-1 org.apache.shiro.session.mgt.AbstractValidatingSessionManager Finished session validation.  No sessions were stopped.
2022-02-28 12:53:10 INFO  SessionValidationThread-1 org.apache.shiro.session.mgt.AbstractValidatingSessionManager Validating all active sessions...
2022-02-28 12:53:10 INFO  SessionValidationThread-1 org.apache.shiro.session.mgt.AbstractValidatingSessionManager Finished session validation.  No sessions were stopped.
2022-02-28 13:53:10 INFO  SessionValidationThread-1 org.apache.shiro.session.mgt.AbstractValidatingSessionManager Validating all active sessions...
2022-02-28 13:53:10 INFO  SessionValidationThread-1 org.apache.shiro.session.mgt.AbstractValidatingSessionManager Finished session validation.  No sessions were stopped.
2022-02-28 14:53:10 INFO  SessionValidationThread-1 org.apache.shiro.session.mgt.AbstractValidatingSessionManager Validating all active sessions...
2022-02-28 14:53:10 INFO  SessionValidationThread-1 org.apache.shiro.session.mgt.AbstractValidatingSessionManager Finished session validation.  No sessions were stopped.
2022-02-28 15:53:10 INFO  SessionValidationThread-1 org.apache.shiro.session.mgt.AbstractValidatingSessionManager Validating all active sessions...
2022-02-28 15:53:10 INFO  SessionValidationThread-1 org.apache.shiro.session.mgt.AbstractValidatingSessionManager Finished session validation.  No sessions were stopped.
2022-02-28 16:53:10 INFO  SessionValidationThread-1 org.apache.shiro.session.mgt.AbstractValidatingSessionManager Validating all active sessions...
2022-02-28 16:53:10 INFO  SessionValidationThread-1 org.apache.shiro.session.mgt.AbstractValidatingSessionManager Finished session validation.  No sessions were stopped.
