2022-10-24 00:03:14 WARN  base housekeeper com.zaxxer.hikari.pool.HikariPool base - Thread starvation or clock leap detected (housekeeper delta=3m33s759ms).
2022-10-24 00:06:13 INFO  http-nio-0.0.0.0-88-exec-10 cc.mrbird.febs.common.websocket.WebSocketServer 用户退出:8,当前在线人数为:0
2022-10-24 00:06:35 INFO  SpringContextShutdownHook org.quartz.core.QuartzScheduler Scheduler quartzScheduler_$_NON_CLUSTERED paused.
2022-10-24 00:06:35 INFO  SpringContextShutdownHook org.springframework.scheduling.quartz.SchedulerFactoryBean Shutting down Quartz Scheduler
2022-10-24 00:06:35 INFO  SpringContextShutdownHook org.quartz.core.QuartzScheduler Scheduler quartzScheduler_$_NON_CLUSTERED shutting down.
2022-10-24 00:06:35 INFO  SpringContextShutdownHook org.quartz.core.QuartzScheduler Scheduler quartzScheduler_$_NON_CLUSTERED paused.
2022-10-24 00:06:35 INFO  SpringContextShutdownHook org.quartz.core.QuartzScheduler Scheduler quartzScheduler_$_NON_CLUSTERED shutdown complete.
2022-10-24 00:06:35 INFO  SpringContextShutdownHook org.springframework.scheduling.concurrent.ThreadPoolTaskExecutor Shutting down ExecutorService 'febsAsyncThreadPool'
2022-10-24 00:06:35 INFO  SpringContextShutdownHook org.springframework.scheduling.concurrent.ThreadPoolTaskExecutor Shutting down ExecutorService 'NettyAsyncThreadPool'
2022-10-24 00:06:35 INFO  SpringContextShutdownHook org.mongodb.driver.connection Closed connection [connectionId{localValue:2, serverValue:8}] to localhost:27017 because the pool has been closed.
2022-10-24 00:06:36 INFO  SpringContextShutdownHook com.baomidou.dynamic.datasource.DynamicRoutingDataSource dynamic-datasource start closing ....
2022-10-24 00:06:36 INFO  SpringContextShutdownHook com.zaxxer.hikari.HikariDataSource base - Shutdown initiated...
2022-10-24 00:06:36 INFO  SpringContextShutdownHook com.zaxxer.hikari.HikariDataSource base - Shutdown completed.
2022-10-24 00:06:36 INFO  SpringContextShutdownHook com.baomidou.dynamic.datasource.DynamicRoutingDataSource dynamic-datasource all closed success,bye
2022-10-24 15:14:24 INFO  restartedMain cc.mrbird.febs.Application Starting Application on wanghongdeMacBook-Pro.local with PID 1584 (/Users/wanghong/IdeaProjects/RussiaPostofficeServer/target/classes started by wanghong in /Users/wanghong/IdeaProjects/RussiaPostofficeServer)
2022-10-24 15:14:24 INFO  restartedMain cc.mrbird.febs.Application The following profiles are active: dev-wang
2022-10-24 15:14:24 INFO  restartedMain org.springframework.boot.devtools.restart.ChangeableUrls The Class-Path manifest attribute in /Users/wanghong/.m2/repository/org/glassfish/jaxb/jaxb-runtime/2.3.2/jaxb-runtime-2.3.2.jar referenced one or more files that do not exist: file:/Users/wanghong/.m2/repository/org/glassfish/jaxb/jaxb-runtime/2.3.2/jakarta.xml.bind-api-2.3.2.jar,file:/Users/wanghong/.m2/repository/org/glassfish/jaxb/jaxb-runtime/2.3.2/txw2-2.3.2.jar,file:/Users/wanghong/.m2/repository/org/glassfish/jaxb/jaxb-runtime/2.3.2/istack-commons-runtime-3.0.8.jar,file:/Users/wanghong/.m2/repository/org/glassfish/jaxb/jaxb-runtime/2.3.2/stax-ex-1.8.1.jar,file:/Users/wanghong/.m2/repository/org/glassfish/jaxb/jaxb-runtime/2.3.2/FastInfoset-1.2.16.jar,file:/Users/wanghong/.m2/repository/org/glassfish/jaxb/jaxb-runtime/2.3.2/jakarta.activation-api-1.2.1.jar
2022-10-24 15:14:24 INFO  restartedMain org.springframework.boot.devtools.env.DevToolsPropertyDefaultsPostProcessor Devtools property defaults active! Set 'spring.devtools.add-properties' to 'false' to disable
2022-10-24 15:14:24 INFO  restartedMain org.springframework.boot.devtools.env.DevToolsPropertyDefaultsPostProcessor For additional web related logging consider setting the 'logging.level.web' property to 'DEBUG'
2022-10-24 15:14:25 INFO  restartedMain org.springframework.data.repository.config.RepositoryConfigurationDelegate Multiple Spring Data modules found, entering strict repository configuration mode!
2022-10-24 15:14:25 INFO  restartedMain org.springframework.data.repository.config.RepositoryConfigurationDelegate Bootstrapping Spring Data MongoDB repositories in DEFAULT mode.
2022-10-24 15:14:25 INFO  restartedMain org.springframework.data.repository.config.RepositoryConfigurationDelegate Finished Spring Data repository scanning in 63ms. Found 0 MongoDB repository interfaces.
2022-10-24 15:14:25 INFO  restartedMain org.springframework.data.repository.config.RepositoryConfigurationDelegate Multiple Spring Data modules found, entering strict repository configuration mode!
2022-10-24 15:14:25 INFO  restartedMain org.springframework.data.repository.config.RepositoryConfigurationDelegate Bootstrapping Spring Data Redis repositories in DEFAULT mode.
2022-10-24 15:14:25 INFO  restartedMain org.springframework.data.repository.config.RepositoryConfigurationDelegate Finished Spring Data repository scanning in 21ms. Found 0 Redis repository interfaces.
2022-10-24 15:14:26 INFO  restartedMain com.ulisesbocchio.jasyptspringboot.configuration.EnableEncryptablePropertiesBeanFactoryPostProcessor Post-processing PropertySource instances
2022-10-24 15:14:26 INFO  restartedMain com.ulisesbocchio.jasyptspringboot.EncryptablePropertySourceConverter Converting PropertySource configurationProperties [org.springframework.boot.context.properties.source.ConfigurationPropertySourcesPropertySource] to AOP Proxy
2022-10-24 15:14:26 INFO  restartedMain com.ulisesbocchio.jasyptspringboot.EncryptablePropertySourceConverter Converting PropertySource servletConfigInitParams [org.springframework.core.env.PropertySource$StubPropertySource] to EncryptablePropertySourceWrapper
2022-10-24 15:14:26 INFO  restartedMain com.ulisesbocchio.jasyptspringboot.EncryptablePropertySourceConverter Converting PropertySource servletContextInitParams [org.springframework.core.env.PropertySource$StubPropertySource] to EncryptablePropertySourceWrapper
2022-10-24 15:14:26 INFO  restartedMain com.ulisesbocchio.jasyptspringboot.EncryptablePropertySourceConverter Converting PropertySource systemProperties [org.springframework.core.env.PropertiesPropertySource] to EncryptableMapPropertySourceWrapper
2022-10-24 15:14:26 INFO  restartedMain com.ulisesbocchio.jasyptspringboot.EncryptablePropertySourceConverter Converting PropertySource systemEnvironment [org.springframework.boot.env.SystemEnvironmentPropertySourceEnvironmentPostProcessor$OriginAwareSystemEnvironmentPropertySource] to EncryptableMapPropertySourceWrapper
2022-10-24 15:14:26 INFO  restartedMain com.ulisesbocchio.jasyptspringboot.EncryptablePropertySourceConverter Converting PropertySource random [org.springframework.boot.env.RandomValuePropertySource] to EncryptablePropertySourceWrapper
2022-10-24 15:14:26 INFO  restartedMain com.ulisesbocchio.jasyptspringboot.EncryptablePropertySourceConverter Converting PropertySource applicationConfig: [classpath:/application-dev-wang.yml] [org.springframework.boot.env.OriginTrackedMapPropertySource] to EncryptableMapPropertySourceWrapper
2022-10-24 15:14:26 INFO  restartedMain com.ulisesbocchio.jasyptspringboot.EncryptablePropertySourceConverter Converting PropertySource applicationConfig: [classpath:/application.yml] [org.springframework.boot.env.OriginTrackedMapPropertySource] to EncryptableMapPropertySourceWrapper
2022-10-24 15:14:26 INFO  restartedMain com.ulisesbocchio.jasyptspringboot.EncryptablePropertySourceConverter Converting PropertySource devtools [org.springframework.core.env.MapPropertySource] to EncryptableMapPropertySourceWrapper
2022-10-24 15:14:26 INFO  restartedMain com.ulisesbocchio.jasyptspringboot.EncryptablePropertySourceConverter Converting PropertySource class path resource [febs.properties] [org.springframework.core.io.support.ResourcePropertySource] to EncryptableMapPropertySourceWrapper
2022-10-24 15:14:26 INFO  restartedMain com.ulisesbocchio.jasyptspringboot.filter.DefaultLazyPropertyFilter Property Filter custom Bean not found with name 'encryptablePropertyFilter'. Initializing Default Property Filter
2022-10-24 15:14:26 INFO  restartedMain com.ulisesbocchio.jasyptspringboot.resolver.DefaultLazyPropertyResolver Property Resolver custom Bean not found with name 'encryptablePropertyResolver'. Initializing Default Property Resolver
2022-10-24 15:14:26 INFO  restartedMain com.ulisesbocchio.jasyptspringboot.detector.DefaultLazyPropertyDetector Property Detector custom Bean not found with name 'encryptablePropertyDetector'. Initializing Default Property Detector
2022-10-24 15:14:26 INFO  restartedMain org.springframework.context.support.PostProcessorRegistrationDelegate$BeanPostProcessorChecker Bean 'spring.datasource.dynamic-com.baomidou.dynamic.datasource.spring.boot.autoconfigure.DynamicDataSourceProperties' of type [com.baomidou.dynamic.datasource.spring.boot.autoconfigure.DynamicDataSourceProperties] is not eligible for getting processed by all BeanPostProcessors (for example: not eligible for auto-proxying)
2022-10-24 15:14:26 INFO  restartedMain org.springframework.context.support.PostProcessorRegistrationDelegate$BeanPostProcessorChecker Bean 'com.baomidou.dynamic.datasource.spring.boot.autoconfigure.DynamicDataSourceAutoConfiguration' of type [com.baomidou.dynamic.datasource.spring.boot.autoconfigure.DynamicDataSourceAutoConfiguration$$EnhancerBySpringCGLIB$$19334225] is not eligible for getting processed by all BeanPostProcessors (for example: not eligible for auto-proxying)
2022-10-24 15:14:26 INFO  restartedMain org.springframework.context.support.PostProcessorRegistrationDelegate$BeanPostProcessorChecker Bean 'dsProcessor' of type [com.baomidou.dynamic.datasource.processor.DsHeaderProcessor] is not eligible for getting processed by all BeanPostProcessors (for example: not eligible for auto-proxying)
2022-10-24 15:14:26 INFO  restartedMain org.springframework.context.support.PostProcessorRegistrationDelegate$BeanPostProcessorChecker Bean 'dynamicDatasourceAnnotationAdvisor' of type [com.baomidou.dynamic.datasource.aop.DynamicDataSourceAnnotationAdvisor] is not eligible for getting processed by all BeanPostProcessors (for example: not eligible for auto-proxying)
2022-10-24 15:14:26 INFO  restartedMain org.springframework.context.support.PostProcessorRegistrationDelegate$BeanPostProcessorChecker Bean 'febsProperties' of type [cc.mrbird.febs.common.properties.FebsProperties$$EnhancerBySpringCGLIB$$1a6bf0d0] is not eligible for getting processed by all BeanPostProcessors (for example: not eligible for auto-proxying)
2022-10-24 15:14:26 INFO  restartedMain org.springframework.context.support.PostProcessorRegistrationDelegate$BeanPostProcessorChecker Bean 'shiroConfig' of type [cc.mrbird.febs.common.authentication.ShiroConfig$$EnhancerBySpringCGLIB$$1b24d2fd] is not eligible for getting processed by all BeanPostProcessors (for example: not eligible for auto-proxying)
2022-10-24 15:14:26 INFO  restartedMain org.springframework.context.support.PostProcessorRegistrationDelegate$BeanPostProcessorChecker Bean 'internationalConfig' of type [cc.mrbird.febs.common.i18n.InternationalConfig$$EnhancerBySpringCGLIB$$b39abfa0] is not eligible for getting processed by all BeanPostProcessors (for example: not eligible for auto-proxying)
2022-10-24 15:14:26 INFO  restartedMain org.springframework.context.support.PostProcessorRegistrationDelegate$BeanPostProcessorChecker Bean 'messageSource' of type [org.springframework.context.support.ResourceBundleMessageSource] is not eligible for getting processed by all BeanPostProcessors (for example: not eligible for auto-proxying)
2022-10-24 15:14:26 INFO  restartedMain org.springframework.context.support.PostProcessorRegistrationDelegate$BeanPostProcessorChecker Bean 'messageUtils' of type [cc.mrbird.febs.common.i18n.MessageUtils] is not eligible for getting processed by all BeanPostProcessors (for example: not eligible for auto-proxying)
2022-10-24 15:14:26 INFO  restartedMain org.springframework.context.support.PostProcessorRegistrationDelegate$BeanPostProcessorChecker Bean 'mybatis-plus-com.baomidou.mybatisplus.autoconfigure.MybatisPlusProperties' of type [com.baomidou.mybatisplus.autoconfigure.MybatisPlusProperties] is not eligible for getting processed by all BeanPostProcessors (for example: not eligible for auto-proxying)
2022-10-24 15:14:26 INFO  restartedMain org.springframework.context.support.PostProcessorRegistrationDelegate$BeanPostProcessorChecker Bean 'mybatisPlusConfigure' of type [cc.mrbird.febs.common.configure.MybatisPlusConfigure$$EnhancerBySpringCGLIB$$17027781] is not eligible for getting processed by all BeanPostProcessors (for example: not eligible for auto-proxying)
2022-10-24 15:14:26 INFO  restartedMain org.springframework.context.support.PostProcessorRegistrationDelegate$BeanPostProcessorChecker Bean 'paginationInterceptor' of type [com.baomidou.mybatisplus.extension.plugins.PaginationInterceptor] is not eligible for getting processed by all BeanPostProcessors (for example: not eligible for auto-proxying)
2022-10-24 15:14:26 INFO  restartedMain org.springframework.context.support.PostProcessorRegistrationDelegate$BeanPostProcessorChecker Bean 'com.baomidou.mybatisplus.autoconfigure.MybatisPlusAutoConfiguration' of type [com.baomidou.mybatisplus.autoconfigure.MybatisPlusAutoConfiguration$$EnhancerBySpringCGLIB$$ed6d3dee] is not eligible for getting processed by all BeanPostProcessors (for example: not eligible for auto-proxying)
2022-10-24 15:14:26 INFO  restartedMain org.springframework.context.support.PostProcessorRegistrationDelegate$BeanPostProcessorChecker Bean 'dataSourceCreator' of type [com.baomidou.dynamic.datasource.creator.DataSourceCreator] is not eligible for getting processed by all BeanPostProcessors (for example: not eligible for auto-proxying)
2022-10-24 15:14:26 INFO  restartedMain org.springframework.context.support.PostProcessorRegistrationDelegate$BeanPostProcessorChecker Bean 'dynamicDataSourceProvider' of type [com.baomidou.dynamic.datasource.provider.YmlDynamicDataSourceProvider] is not eligible for getting processed by all BeanPostProcessors (for example: not eligible for auto-proxying)
2022-10-24 15:14:26 INFO  restartedMain com.baomidou.dynamic.datasource.DynamicRoutingDataSource dynamic-datasource detect P6SPY plugin and enabled it
2022-10-24 15:14:26 INFO  restartedMain com.zaxxer.hikari.HikariDataSource base - Starting...
2022-10-24 15:14:27 INFO  restartedMain com.zaxxer.hikari.HikariDataSource base - Start completed.
2022-10-24 15:14:27 INFO  restartedMain com.baomidou.dynamic.datasource.DynamicRoutingDataSource dynamic-datasource [base] wrap p6spy plugin
2022-10-24 15:14:27 INFO  restartedMain com.baomidou.dynamic.datasource.DynamicRoutingDataSource dynamic-datasource - load a datasource named [base] success
2022-10-24 15:14:27 INFO  restartedMain com.baomidou.dynamic.datasource.DynamicRoutingDataSource dynamic-datasource initial loaded [1] datasource,primary datasource named [base]
2022-10-24 15:14:27 INFO  restartedMain org.springframework.context.support.PostProcessorRegistrationDelegate$BeanPostProcessorChecker Bean 'dataSource' of type [com.baomidou.dynamic.datasource.DynamicRoutingDataSource] is not eligible for getting processed by all BeanPostProcessors (for example: not eligible for auto-proxying)
2022-10-24 15:14:27 INFO  restartedMain org.springframework.context.support.PostProcessorRegistrationDelegate$BeanPostProcessorChecker Bean 'spring.datasource-org.springframework.boot.autoconfigure.jdbc.DataSourceProperties' of type [org.springframework.boot.autoconfigure.jdbc.DataSourceProperties] is not eligible for getting processed by all BeanPostProcessors (for example: not eligible for auto-proxying)
2022-10-24 15:14:27 INFO  restartedMain org.springframework.context.support.PostProcessorRegistrationDelegate$BeanPostProcessorChecker Bean 'org.springframework.boot.autoconfigure.jdbc.DataSourceInitializerInvoker' of type [org.springframework.boot.autoconfigure.jdbc.DataSourceInitializerInvoker] is not eligible for getting processed by all BeanPostProcessors (for example: not eligible for auto-proxying)
2022-10-24 15:14:28 INFO  restartedMain org.springframework.context.support.PostProcessorRegistrationDelegate$BeanPostProcessorChecker Bean 'sqlSessionFactory' of type [org.apache.ibatis.session.defaults.DefaultSqlSessionFactory] is not eligible for getting processed by all BeanPostProcessors (for example: not eligible for auto-proxying)
2022-10-24 15:14:28 INFO  restartedMain org.springframework.context.support.PostProcessorRegistrationDelegate$BeanPostProcessorChecker Bean 'sqlSessionTemplate' of type [org.mybatis.spring.SqlSessionTemplate] is not eligible for getting processed by all BeanPostProcessors (for example: not eligible for auto-proxying)
2022-10-24 15:14:28 INFO  restartedMain org.springframework.context.support.PostProcessorRegistrationDelegate$BeanPostProcessorChecker Bean 'userDataPermissionMapper' of type [org.mybatis.spring.mapper.MapperFactoryBean] is not eligible for getting processed by all BeanPostProcessors (for example: not eligible for auto-proxying)
2022-10-24 15:14:28 INFO  restartedMain org.springframework.context.support.PostProcessorRegistrationDelegate$BeanPostProcessorChecker Bean 'userDataPermissionMapper' of type [com.sun.proxy.$Proxy146] is not eligible for getting processed by all BeanPostProcessors (for example: not eligible for auto-proxying)
2022-10-24 15:14:28 INFO  restartedMain org.springframework.context.support.PostProcessorRegistrationDelegate$BeanPostProcessorChecker Bean 'userDataPermissionService' of type [cc.mrbird.febs.system.service.impl.UserDataPermissionServiceImpl] is not eligible for getting processed by all BeanPostProcessors (for example: not eligible for auto-proxying)
2022-10-24 15:14:28 INFO  restartedMain org.springframework.context.support.PostProcessorRegistrationDelegate$BeanPostProcessorChecker Bean 'menuMapper' of type [org.mybatis.spring.mapper.MapperFactoryBean] is not eligible for getting processed by all BeanPostProcessors (for example: not eligible for auto-proxying)
2022-10-24 15:14:28 INFO  restartedMain org.springframework.context.support.PostProcessorRegistrationDelegate$BeanPostProcessorChecker Bean 'menuMapper' of type [com.sun.proxy.$Proxy148] is not eligible for getting processed by all BeanPostProcessors (for example: not eligible for auto-proxying)
2022-10-24 15:14:28 WARN  restartedMain com.baomidou.mybatisplus.core.metadata.TableInfoHelper Warn: Could not find @TableId in Class: cc.mrbird.febs.system.entity.RoleMenu.
2022-10-24 15:14:28 INFO  restartedMain org.springframework.context.support.PostProcessorRegistrationDelegate$BeanPostProcessorChecker Bean 'roleMenuMapper' of type [org.mybatis.spring.mapper.MapperFactoryBean] is not eligible for getting processed by all BeanPostProcessors (for example: not eligible for auto-proxying)
2022-10-24 15:14:28 INFO  restartedMain org.springframework.context.support.PostProcessorRegistrationDelegate$BeanPostProcessorChecker Bean 'roleMenuMapper' of type [com.sun.proxy.$Proxy149] is not eligible for getting processed by all BeanPostProcessors (for example: not eligible for auto-proxying)
2022-10-24 15:14:28 INFO  restartedMain org.springframework.context.support.PostProcessorRegistrationDelegate$BeanPostProcessorChecker Bean 'roleMenuServiceImpl' of type [cc.mrbird.febs.system.service.impl.RoleMenuServiceImpl] is not eligible for getting processed by all BeanPostProcessors (for example: not eligible for auto-proxying)
2022-10-24 15:14:28 INFO  restartedMain org.springframework.context.support.PostProcessorRegistrationDelegate$BeanPostProcessorChecker Bean 'userMapper' of type [org.mybatis.spring.mapper.MapperFactoryBean] is not eligible for getting processed by all BeanPostProcessors (for example: not eligible for auto-proxying)
2022-10-24 15:14:28 INFO  restartedMain org.springframework.context.support.PostProcessorRegistrationDelegate$BeanPostProcessorChecker Bean 'userMapper' of type [com.sun.proxy.$Proxy151] is not eligible for getting processed by all BeanPostProcessors (for example: not eligible for auto-proxying)
2022-10-24 15:14:28 WARN  restartedMain com.baomidou.mybatisplus.core.metadata.TableInfoHelper Warn: Could not find @TableId in Class: cc.mrbird.febs.system.entity.UserRole.
2022-10-24 15:14:28 INFO  restartedMain org.springframework.context.support.PostProcessorRegistrationDelegate$BeanPostProcessorChecker Bean 'userRoleMapper' of type [org.mybatis.spring.mapper.MapperFactoryBean] is not eligible for getting processed by all BeanPostProcessors (for example: not eligible for auto-proxying)
2022-10-24 15:14:28 INFO  restartedMain org.springframework.context.support.PostProcessorRegistrationDelegate$BeanPostProcessorChecker Bean 'userRoleMapper' of type [com.sun.proxy.$Proxy152] is not eligible for getting processed by all BeanPostProcessors (for example: not eligible for auto-proxying)
2022-10-24 15:14:28 INFO  restartedMain org.springframework.context.support.PostProcessorRegistrationDelegate$BeanPostProcessorChecker Bean 'userRoleServiceImpl' of type [cc.mrbird.febs.system.service.impl.UserRoleServiceImpl] is not eligible for getting processed by all BeanPostProcessors (for example: not eligible for auto-proxying)
2022-10-24 15:14:28 INFO  restartedMain org.springframework.context.support.PostProcessorRegistrationDelegate$BeanPostProcessorChecker Bean 'userServiceImpl' of type [cc.mrbird.febs.system.service.impl.UserServiceImpl] is not eligible for getting processed by all BeanPostProcessors (for example: not eligible for auto-proxying)
2022-10-24 15:14:28 INFO  restartedMain org.springframework.context.support.PostProcessorRegistrationDelegate$BeanPostProcessorChecker Bean 'menuServiceImpl' of type [cc.mrbird.febs.system.service.impl.MenuServiceImpl] is not eligible for getting processed by all BeanPostProcessors (for example: not eligible for auto-proxying)
2022-10-24 15:14:29 INFO  restartedMain org.springframework.context.support.PostProcessorRegistrationDelegate$BeanPostProcessorChecker Bean 'roleMapper' of type [org.mybatis.spring.mapper.MapperFactoryBean] is not eligible for getting processed by all BeanPostProcessors (for example: not eligible for auto-proxying)
2022-10-24 15:14:29 INFO  restartedMain org.springframework.context.support.PostProcessorRegistrationDelegate$BeanPostProcessorChecker Bean 'roleMapper' of type [com.sun.proxy.$Proxy157] is not eligible for getting processed by all BeanPostProcessors (for example: not eligible for auto-proxying)
2022-10-24 15:14:29 INFO  restartedMain org.springframework.context.support.PostProcessorRegistrationDelegate$BeanPostProcessorChecker Bean 'roleServiceImpl' of type [cc.mrbird.febs.system.service.impl.RoleServiceImpl] is not eligible for getting processed by all BeanPostProcessors (for example: not eligible for auto-proxying)
2022-10-24 15:14:29 INFO  restartedMain org.springframework.context.support.PostProcessorRegistrationDelegate$BeanPostProcessorChecker Bean 'redisConfigure' of type [cc.mrbird.febs.common.configure.RedisConfigure$$EnhancerBySpringCGLIB$$1ffd0b53] is not eligible for getting processed by all BeanPostProcessors (for example: not eligible for auto-proxying)
2022-10-24 15:14:29 INFO  restartedMain org.springframework.context.support.PostProcessorRegistrationDelegate$BeanPostProcessorChecker Bean 'spring.redis-org.springframework.boot.autoconfigure.data.redis.RedisProperties' of type [org.springframework.boot.autoconfigure.data.redis.RedisProperties] is not eligible for getting processed by all BeanPostProcessors (for example: not eligible for auto-proxying)
2022-10-24 15:14:29 INFO  restartedMain org.springframework.context.support.PostProcessorRegistrationDelegate$BeanPostProcessorChecker Bean 'org.springframework.boot.autoconfigure.data.redis.LettuceConnectionConfiguration' of type [org.springframework.boot.autoconfigure.data.redis.LettuceConnectionConfiguration] is not eligible for getting processed by all BeanPostProcessors (for example: not eligible for auto-proxying)
2022-10-24 15:14:29 INFO  restartedMain org.springframework.context.support.PostProcessorRegistrationDelegate$BeanPostProcessorChecker Bean 'lettuceClientResources' of type [io.lettuce.core.resource.DefaultClientResources] is not eligible for getting processed by all BeanPostProcessors (for example: not eligible for auto-proxying)
2022-10-24 15:14:29 INFO  restartedMain org.springframework.context.support.PostProcessorRegistrationDelegate$BeanPostProcessorChecker Bean 'redisConnectionFactory' of type [org.springframework.data.redis.connection.lettuce.LettuceConnectionFactory] is not eligible for getting processed by all BeanPostProcessors (for example: not eligible for auto-proxying)
2022-10-24 15:14:29 INFO  restartedMain org.springframework.context.support.PostProcessorRegistrationDelegate$BeanPostProcessorChecker Bean 'redisTemplate' of type [org.springframework.data.redis.core.RedisTemplate] is not eligible for getting processed by all BeanPostProcessors (for example: not eligible for auto-proxying)
2022-10-24 15:14:29 INFO  restartedMain org.springframework.context.support.PostProcessorRegistrationDelegate$BeanPostProcessorChecker Bean 'redisService' of type [cc.mrbird.febs.common.service.RedisService] is not eligible for getting processed by all BeanPostProcessors (for example: not eligible for auto-proxying)
2022-10-24 15:14:29 INFO  restartedMain org.springframework.context.support.PostProcessorRegistrationDelegate$BeanPostProcessorChecker Bean 'shiroRealm' of type [cc.mrbird.febs.common.authentication.ShiroRealm] is not eligible for getting processed by all BeanPostProcessors (for example: not eligible for auto-proxying)
2022-10-24 15:14:29 INFO  restartedMain org.springframework.context.support.PostProcessorRegistrationDelegate$BeanPostProcessorChecker Bean 'redisSessionDAO' of type [org.crazycake.shiro.RedisSessionDAO] is not eligible for getting processed by all BeanPostProcessors (for example: not eligible for auto-proxying)
2022-10-24 15:14:29 INFO  restartedMain org.springframework.context.support.PostProcessorRegistrationDelegate$BeanPostProcessorChecker Bean 'simpleCookie' of type [org.apache.shiro.web.servlet.SimpleCookie] is not eligible for getting processed by all BeanPostProcessors (for example: not eligible for auto-proxying)
2022-10-24 15:14:29 INFO  restartedMain org.springframework.context.support.PostProcessorRegistrationDelegate$BeanPostProcessorChecker Bean 'sessionManager' of type [org.apache.shiro.web.session.mgt.DefaultWebSessionManager] is not eligible for getting processed by all BeanPostProcessors (for example: not eligible for auto-proxying)
2022-10-24 15:14:29 INFO  restartedMain org.springframework.context.support.PostProcessorRegistrationDelegate$BeanPostProcessorChecker Bean 'securityManager' of type [org.apache.shiro.web.mgt.DefaultWebSecurityManager] is not eligible for getting processed by all BeanPostProcessors (for example: not eligible for auto-proxying)
2022-10-24 15:14:29 INFO  restartedMain org.springframework.context.support.PostProcessorRegistrationDelegate$BeanPostProcessorChecker Bean 'authorizationAttributeSourceAdvisor' of type [org.apache.shiro.spring.security.interceptor.AuthorizationAttributeSourceAdvisor] is not eligible for getting processed by all BeanPostProcessors (for example: not eligible for auto-proxying)
2022-10-24 15:14:29 INFO  restartedMain org.springframework.boot.web.embedded.tomcat.TomcatWebServer Tomcat initialized with port(s): 88 (http)
2022-10-24 15:14:29 INFO  restartedMain org.apache.coyote.http11.Http11NioProtocol Initializing ProtocolHandler ["http-nio-0.0.0.0-88"]
2022-10-24 15:14:29 INFO  restartedMain org.apache.catalina.core.StandardService Starting service [Tomcat]
2022-10-24 15:14:29 INFO  restartedMain org.apache.catalina.core.StandardEngine Starting Servlet engine: [Apache Tomcat/9.0.31]
2022-10-24 15:14:29 INFO  restartedMain org.apache.catalina.core.ContainerBase.[Tomcat].[localhost].[/easypatent] Initializing Spring embedded WebApplicationContext
2022-10-24 15:14:29 INFO  restartedMain org.springframework.web.context.ContextLoader Root WebApplicationContext: initialization completed in 5636 ms
2022-10-24 15:14:30 WARN  restartedMain org.mongodb.driver.uri Connection string contains unsupported option 'directconnection'.
2022-10-24 15:14:30 INFO  restartedMain org.mongodb.driver.cluster Cluster created with settings {hosts=[localhost:27017], mode=SINGLE, requiredClusterType=UNKNOWN, serverSelectionTimeout='30000 ms', maxWaitQueueSize=500}
2022-10-24 15:14:30 WARN  restartedMain org.mongodb.driver.uri Connection string contains unsupported option 'directconnection'.
2022-10-24 15:14:30 INFO  cluster-ClusterId{value='63563b56653c886febb5beb1', description='null'}-localhost:27017 org.mongodb.driver.connection Opened connection [connectionId{localValue:1, serverValue:1}] to localhost:27017
2022-10-24 15:14:30 INFO  cluster-ClusterId{value='63563b56653c886febb5beb1', description='null'}-localhost:27017 org.mongodb.driver.cluster Monitor thread successfully connected to server with description ServerDescription{address=localhost:27017, type=STANDALONE, state=CONNECTED, ok=true, version=ServerVersion{versionList=[5, 0, 12]}, minWireVersion=0, maxWireVersion=13, maxDocumentSize=16777216, logicalSessionTimeoutMinutes=30, roundTripTimeNanos=5460125}
2022-10-24 15:14:30 WARN  restartedMain org.springframework.data.mongodb.core.index.MongoPersistentEntityIndexCreator Automatic index creation will be disabled by default as of Spring Data MongoDB 3.x.
	Please use 'MongoMappingContext#setAutoIndexCreation(boolean)' or override 'MongoConfigurationSupport#autoIndexCreation()' to be explicit.
	However, we recommend setting up indices manually in an application ready block. You may use index derivation there as well.

	> -----------------------------------------------------------------------------------------
	> @EventListener(ApplicationReadyEvent.class)
	> public void initIndicesAfterStartup() {
	>
	>     IndexOperations indexOps = mongoTemplate.indexOps(DomainType.class);
	>
	>     IndexResolver resolver = new MongoPersistentEntityIndexResolver(mongoMappingContext);
	>     resolver.resolveIndexFor(DomainType.class).forEach(indexOps::ensureIndex);
	> }
	> -----------------------------------------------------------------------------------------

2022-10-24 15:14:30 INFO  restartedMain org.mongodb.driver.connection Opened connection [connectionId{localValue:2, serverValue:2}] to localhost:27017
2022-10-24 15:14:30 INFO  restartedMain cc.mrbird.febs.common.xss.XssFilter ------------ xss filter init ------------
2022-10-24 15:14:31 INFO  restartedMain org.springframework.boot.devtools.autoconfigure.OptionalLiveReloadServer LiveReload server is running on port 35729
2022-10-24 15:14:31 INFO  restartedMain io.lettuce.core.EpollProvider Starting without optional epoll library
2022-10-24 15:14:31 INFO  restartedMain io.lettuce.core.KqueueProvider Starting with kqueue library
2022-10-24 15:14:32 INFO  restartedMain org.springframework.scheduling.concurrent.ThreadPoolTaskExecutor Initializing ExecutorService
2022-10-24 15:14:32 INFO  restartedMain org.springframework.scheduling.concurrent.ThreadPoolTaskExecutor Initializing ExecutorService 'NettyAsyncThreadPool'
2022-10-24 15:14:32 INFO  restartedMain cc.mrbird.febs.common.netty.NettyServerHandler NettyServerHandler 初始化 对象是：cc.mrbird.febs.common.netty.NettyServerHandler@1f68b048
2022-10-24 15:14:32 WARN  restartedMain com.baomidou.mybatisplus.core.metadata.TableInfoHelper Warn: Could not find @TableId in Class: cc.mrbird.febs.order.entity.Order.
2022-10-24 15:14:32 INFO  restartedMain org.springframework.scheduling.concurrent.ThreadPoolTaskExecutor Initializing ExecutorService
2022-10-24 15:14:32 INFO  restartedMain org.springframework.scheduling.concurrent.ThreadPoolTaskExecutor Initializing ExecutorService 'febsAsyncThreadPool'
2022-10-24 15:14:33 INFO  restartedMain org.springframework.boot.actuate.endpoint.web.EndpointLinksResolver Exposing 2 endpoint(s) beneath base path '/actuator'
2022-10-24 15:14:33 INFO  restartedMain springfox.documentation.spring.web.PropertySourcedRequestMappingHandlerMapping Mapped URL path [/v2/api-docs] onto method [springfox.documentation.swagger2.web.Swagger2Controller#getDocumentation(String, HttpServletRequest)]
2022-10-24 15:14:33 INFO  restartedMain org.springframework.boot.autoconfigure.web.servlet.WelcomePageHandlerMapping Adding welcome page template: index
2022-10-24 15:14:34 INFO  restartedMain org.quartz.impl.StdSchedulerFactory Using default implementation for ThreadExecutor
2022-10-24 15:14:34 INFO  restartedMain org.quartz.core.SchedulerSignalerImpl Initialized Scheduler Signaller of type: class org.quartz.core.SchedulerSignalerImpl
2022-10-24 15:14:34 INFO  restartedMain org.quartz.core.QuartzScheduler Quartz Scheduler v.2.3.2 created.
2022-10-24 15:14:34 INFO  restartedMain org.quartz.simpl.RAMJobStore RAMJobStore initialized.
2022-10-24 15:14:34 INFO  restartedMain org.quartz.core.QuartzScheduler Scheduler meta-data: Quartz Scheduler (v2.3.2) 'quartzScheduler' with instanceId 'NON_CLUSTERED'
  Scheduler class: 'org.quartz.core.QuartzScheduler' - running locally.
  NOT STARTED.
  Currently in standby mode.
  Number of jobs executed: 0
  Using thread pool 'org.quartz.simpl.SimpleThreadPool' - with 10 threads.
  Using job-store 'org.quartz.simpl.RAMJobStore' - which does not support persistence. and is not clustered.

2022-10-24 15:14:34 INFO  restartedMain org.quartz.impl.StdSchedulerFactory Quartz scheduler 'quartzScheduler' initialized from an externally provided properties instance.
2022-10-24 15:14:34 INFO  restartedMain org.quartz.impl.StdSchedulerFactory Quartz scheduler version: 2.3.2
2022-10-24 15:14:34 INFO  restartedMain org.quartz.core.QuartzScheduler JobFactory set to: org.springframework.scheduling.quartz.SpringBeanJobFactory@7de0ed6c
2022-10-24 15:14:34 INFO  restartedMain springfox.documentation.spring.web.plugins.DocumentationPluginsBootstrapper Context refreshed
2022-10-24 15:14:34 INFO  restartedMain springfox.documentation.spring.web.plugins.DocumentationPluginsBootstrapper Found 1 custom documentation plugin(s)
2022-10-24 15:14:34 INFO  restartedMain springfox.documentation.spring.web.scanners.ApiListingReferenceScanner Scanning for api listing references
2022-10-24 15:14:35 INFO  restartedMain springfox.documentation.spring.web.readers.operation.CachingOperationNameGenerator Generating unique operation named: userListForAnnotationUsingPOST_1
2022-10-24 15:14:35 INFO  restartedMain org.springframework.scheduling.quartz.SchedulerFactoryBean Starting Quartz Scheduler now
2022-10-24 15:14:35 INFO  restartedMain org.quartz.core.QuartzScheduler Scheduler quartzScheduler_$_NON_CLUSTERED started.
2022-10-24 15:14:35 INFO  restartedMain org.apache.coyote.http11.Http11NioProtocol Starting ProtocolHandler ["http-nio-0.0.0.0-88"]
2022-10-24 15:14:35 INFO  restartedMain org.springframework.boot.web.embedded.tomcat.TomcatWebServer Tomcat started on port(s): 88 (http) with context path '/easypatent'
2022-10-24 15:14:35 INFO  restartedMain cc.mrbird.febs.Application Started Application in 12.114 seconds (JVM running for 13.078)
2022-10-24 15:14:35 INFO  restartedMain cc.mrbird.febs.common.runner.FebsStartedUpRunner 注资服务器启动完毕，地址：http://127.0.0.1:88/easypatent/login
2022-10-24 15:14:35 INFO  restartedMain cc.mrbird.febs.common.license.LicenseVerifyUtils ++++++++ 开始安装证书 ++++++++
2022-10-24 15:14:35 INFO  restartedMain cc.mrbird.febs.common.license.LicenseVerifyUtils param = LicenseVerifyParam{subject='license_gdpt', publicAlias='SYSHLANG', storePass='12345678A', licensePath='/usr/local/license/license.lic', publicKeysStorePath='/usr/local/license/publicCerts.keystore'}
2022-10-24 15:14:35 INFO  restartedMain cc.mrbird.febs.common.license.LicenseVerifyUtils 证书安装成功，证书有效期：2022-09-16 13:11:35 - 2032-09-13 13:11:35
2022-10-24 15:14:35 INFO  restartedMain cc.mrbird.febs.common.runner.FebsStartedUpRunner 关闭netty
2022-10-24 15:14:36 INFO  RMI TCP Connection(4)-127.0.0.1 org.apache.catalina.core.ContainerBase.[Tomcat].[localhost].[/easypatent] Initializing Spring DispatcherServlet 'dispatcherServlet'
2022-10-24 15:14:36 INFO  RMI TCP Connection(4)-127.0.0.1 org.springframework.web.servlet.DispatcherServlet Initializing Servlet 'dispatcherServlet'
2022-10-24 15:14:36 INFO  RMI TCP Connection(4)-127.0.0.1 org.springframework.web.servlet.DispatcherServlet Completed initialization in 54 ms
2022-10-24 15:18:41 INFO  http-nio-0.0.0.0-88-exec-6 org.apache.shiro.session.mgt.AbstractValidatingSessionManager Enabling session validation scheduler...
2022-10-24 15:18:55 INFO  http-nio-0.0.0.0-88-exec-10 p6spy 2022-10-24 15:18:55 | 耗时 16 ms | SQL 语句：
SELECT u.user_id userId, u.username, u.realname, u.parent_id, u.email, u.mobile, u.password, u.status, u.create_time createTime, u.ssex sex, u.dept_id deptId, u.last_login_time lastLoginTime, u.modify_time modifyTime, u.description, u.avatar, u.theme, u.is_tab isTab, d.dept_name deptName, GROUP_CONCAT(r.role_id) roleId, GROUP_CONCAT(r.ROLE_NAME) roleName FROM t_user u LEFT JOIN t_dept d ON (u.dept_id = d.dept_id) LEFT JOIN t_user_role ur ON (u.user_id = ur.user_id) LEFT JOIN t_role r ON r.role_id = ur.role_id WHERE 1=1 AND u.username = 'admin' GROUP BY u.username, u.realname, u.parent_id, u.user_id, u.email, u.mobile, u.password, u.status, u.create_time, u.ssex, u.dept_id, u.last_login_time, u.modify_time, u.description, u.avatar, u.theme, u.is_tab Limit 1;
2022-10-24 15:18:55 INFO  http-nio-0.0.0.0-88-exec-10 p6spy 2022-10-24 15:18:55 | 耗时 3 ms | SQL 语句：
SELECT USER_ID,DEPT_ID FROM t_user_data_permission WHERE (USER_ID = '8');
2022-10-24 15:18:55 INFO  http-nio-0.0.0.0-88-exec-10 p6spy 2022-10-24 15:18:55 | 耗时 5 ms | SQL 语句：
INSERT INTO t_login_log ( USERNAME, LOGIN_TIME, LOCATION, IP, `SYSTEM`, BROWSER ) VALUES ( 'admin', '2022-10-24T15:18:55.821+0800', '内网IP|0|0|内网IP|内网IP', '127.0.0.1', 'Mac OS X 10_15_7', 'Chrome 10' );
2022-10-24 15:18:55 INFO  http-nio-0.0.0.0-88-exec-5 cc.mrbird.febs.common.license.LicenseVerifyUtils 开始校验
2022-10-24 15:18:55 INFO  http-nio-0.0.0.0-88-exec-5 cc.mrbird.febs.common.license.LicenseVerifyUtils 证书校验通过，证书有效期：2022-09-16 13:11:35 - 2032-09-13 13:11:35
2022-10-24 15:18:55 INFO  http-nio-0.0.0.0-88-exec-5 p6spy 2022-10-24 15:18:55 | 耗时 3 ms | SQL 语句：
SELECT r.* FROM t_role r LEFT JOIN t_user_role ur ON (r.role_id = ur.role_id) LEFT JOIN t_user u ON (u.user_id = ur.user_id) WHERE u.username = 'admin';
2022-10-24 15:18:56 INFO  http-nio-0.0.0.0-88-exec-5 p6spy 2022-10-24 15:18:55 | 耗时 13 ms | SQL 语句：
SELECT m.perms FROM t_role r LEFT JOIN t_user_role ur ON (r.role_id = ur.role_id) LEFT JOIN t_user u ON (u.user_id = ur.user_id) LEFT JOIN t_role_menu rm ON (rm.role_id = r.role_id) LEFT JOIN t_menu m ON (m.menu_id = rm.menu_id) WHERE u.username = 'admin' AND m.perms is not null AND m.perms <> '';
2022-10-24 15:18:56 INFO  http-nio-0.0.0.0-88-exec-5 p6spy 2022-10-24 15:18:56 | 耗时 1 ms | SQL 语句：
SELECT u.user_id userId, u.username, u.realname, u.parent_id, u.email, u.mobile, u.password, u.status, u.create_time createTime, u.ssex sex, u.dept_id deptId, u.last_login_time lastLoginTime, u.modify_time modifyTime, u.description, u.avatar, u.theme, u.is_tab isTab, d.dept_name deptName, GROUP_CONCAT(r.role_id) roleId, GROUP_CONCAT(r.ROLE_NAME) roleName FROM t_user u LEFT JOIN t_dept d ON (u.dept_id = d.dept_id) LEFT JOIN t_user_role ur ON (u.user_id = ur.user_id) LEFT JOIN t_role r ON r.role_id = ur.role_id WHERE 1=1 AND u.username = 'admin' GROUP BY u.username, u.realname, u.parent_id, u.user_id, u.email, u.mobile, u.password, u.status, u.create_time, u.ssex, u.dept_id, u.last_login_time, u.modify_time, u.description, u.avatar, u.theme, u.is_tab Limit 1;
2022-10-24 15:18:56 INFO  http-nio-0.0.0.0-88-exec-2 cc.mrbird.febs.common.websocket.WebSocketServer 生产环境的websocket配置 cc.mrbird.febs.common.websocket.WebSocketServer@446f6cc4
2022-10-24 15:18:56 INFO  http-nio-0.0.0.0-88-exec-2 cc.mrbird.febs.common.websocket.WebSocketServer 连接用户的id:8,当前在线人数为:1
2022-10-24 15:18:56 INFO  http-nio-0.0.0.0-88-exec-2 cc.mrbird.febs.common.websocket.WebSocketServer 发送消息到:8，报文:连接成功
2022-10-24 15:18:56 INFO  http-nio-0.0.0.0-88-exec-1 p6spy 2022-10-24 15:18:56 | 耗时 6 ms | SQL 语句：
SELECT m.* FROM t_menu m WHERE m.type <> 1 AND m.MENU_ID IN ( SELECT DISTINCT rm.menu_id FROM t_role_menu rm LEFT JOIN t_role r ON (rm.role_id = r.role_id) LEFT JOIN t_user_role ur ON (ur.role_id = r.role_id) LEFT JOIN t_user u ON (u.user_id = ur.user_id) WHERE u.username = 'admin' ) ORDER BY m.order_num;
2022-10-24 15:18:56 INFO  http-nio-0.0.0.0-88-exec-2 cc.mrbird.febs.common.websocket.WebSocketServer websocket session = org.apache.tomcat.websocket.WsSession@311b77a5
2022-10-24 15:18:56 INFO  http-nio-0.0.0.0-88-exec-7 p6spy 2022-10-24 15:18:56 | 耗时 2 ms | SQL 语句：
select count(1) from t_login_log;
2022-10-24 15:18:56 INFO  http-nio-0.0.0.0-88-exec-7 p6spy 2022-10-24 15:18:56 | 耗时 1 ms | SQL 语句：
SELECT count(1) FROM t_login_log WHERE login_time between CURDATE() and DATE_ADD(CURDATE(), INTERVAL 1 DAY);
2022-10-24 15:18:56 INFO  http-nio-0.0.0.0-88-exec-7 p6spy 2022-10-24 15:18:56 | 耗时 0 ms | SQL 语句：
SELECT count(DISTINCT(ip)) FROM t_login_log WHERE login_time between CURDATE() and DATE_ADD(CURDATE(), INTERVAL 1 DAY);
2022-10-24 15:18:56 INFO  Febs-Async-Thread-1 p6spy 2022-10-24 15:18:56 | 耗时 2 ms | SQL 语句：
UPDATE t_user SET LAST_LOGIN_TIME='2022-10-24T15:18:56.636+0800' WHERE (USERNAME = 'admin');
2022-10-24 15:18:56 INFO  http-nio-0.0.0.0-88-exec-7 p6spy 2022-10-24 15:18:56 | 耗时 1 ms | SQL 语句：
select date_format(l.login_time, '%m-%d') days, count(1) count from ( select * from t_login_log where date_sub(curdate(), interval 10 day) <= date(login_time) ) as l where 1 = 1 group by days;
2022-10-24 15:18:56 INFO  http-nio-0.0.0.0-88-exec-7 p6spy 2022-10-24 15:18:56 | 耗时 1 ms | SQL 语句：
select date_format(l.login_time, '%m-%d') days, count(1) count from ( select * from t_login_log where date_sub(curdate(), interval 10 day) <= date(login_time) ) as l where 1 = 1 and l.username = 'admin' group by days;
2022-10-24 15:18:59 INFO  http-nio-0.0.0.0-88-exec-4 p6spy 2022-10-24 15:18:59 | 耗时 1 ms | SQL 语句：
SELECT r.* FROM t_role r LEFT JOIN t_user_role ur ON (r.role_id = ur.role_id) LEFT JOIN t_user u ON (u.user_id = ur.user_id) WHERE u.username = 'admin';
2022-10-24 15:18:59 INFO  http-nio-0.0.0.0-88-exec-4 p6spy 2022-10-24 15:18:59 | 耗时 2 ms | SQL 语句：
SELECT m.perms FROM t_role r LEFT JOIN t_user_role ur ON (r.role_id = ur.role_id) LEFT JOIN t_user u ON (u.user_id = ur.user_id) LEFT JOIN t_role_menu rm ON (rm.role_id = r.role_id) LEFT JOIN t_menu m ON (m.menu_id = rm.menu_id) WHERE u.username = 'admin' AND m.perms is not null AND m.perms <> '';
2022-10-24 15:18:59 INFO  http-nio-0.0.0.0-88-exec-9 p6spy 2022-10-24 15:18:59 | 耗时 4 ms | SQL 语句：
SELECT DEPT_ID,PARENT_ID,DEPT_NAME,ORDER_NUM,CREATE_TIME,MODIFY_TIME FROM t_dept;
2022-10-24 15:18:59 INFO  http-nio-0.0.0.0-88-exec-5 cc.mrbird.febs.system.controller.UserController 开始查询
2022-10-24 15:18:59 INFO  http-nio-0.0.0.0-88-exec-5 cc.mrbird.febs.system.service.impl.UserServiceImpl 用户查询信息User(userId=8, username=null, password=null, realname=null, parentId=null, deptId=null, email=null, mobile=null, status=null, createTime=null, modifyTime=null, lastLoginTime=null, sex=null, avatar=null, theme=null, isTab=null, description=null, deptName=null, createTimeFrom=null, createTimeTo=null, roleId=1, roleName=null, deptIds=null)
2022-10-24 15:18:59 INFO  http-nio-0.0.0.0-88-exec-5 p6spy 2022-10-24 15:18:59 | 耗时 2 ms | SQL 语句：
SELECT COUNT(1) FROM t_user u WHERE 1 = 1 AND u.username != 'gszh2020';
2022-10-24 15:18:59 INFO  http-nio-0.0.0.0-88-exec-5 p6spy 2022-10-24 15:18:59 | 耗时 2 ms | SQL 语句：
SELECT u.user_id userId, u.username, u.realname, u.parent_id, u.email, u.mobile, u.status, u.create_time createTime, u.ssex sex, u.dept_id deptId, u.last_login_time lastLoginTime, u.modify_time modifyTime, u.description, u.avatar, d.dept_name deptName, GROUP_CONCAT(r.role_id) roleId, GROUP_CONCAT(r.ROLE_NAME) roleName FROM t_user u LEFT JOIN t_dept d ON (u.dept_id = d.dept_id) LEFT JOIN t_user_role ur ON (u.user_id = ur.user_id) LEFT JOIN t_role r ON r.role_id = ur.role_id WHERE 1 = 1 AND u.username != 'gszh2020' GROUP BY u.username, u.user_id, u.realname, u.parent_id, u.email, u.mobile, u.status, u.create_time, u.ssex, u.dept_id, u.last_login_time, u.modify_time, u.description, u.avatar ORDER BY userId ASC LIMIT 0,10;
2022-10-24 15:19:00 INFO  http-nio-0.0.0.0-88-exec-1 p6spy 2022-10-24 15:19:00 | 耗时 6 ms | SQL 语句：
SELECT COUNT(1) FROM rcs_print_job;
2022-10-24 15:19:00 INFO  http-nio-0.0.0.0-88-exec-1 p6spy 2022-10-24 15:19:00 | 耗时 2 ms | SQL 语句：
SELECT id,contract_code,foreseen_id,transaction_id,user_id,pc_user_id,frank_machine_id,flow,flow_detail,total_count,total_amount,contract_current,contract_consolidate,type,print_object_type,cancel_msg_code,updated_time,created_time FROM rcs_print_job ORDER BY id DESC LIMIT 0,10;
2022-10-24 15:19:23 INFO  http-nio-0.0.0.0-88-exec-3 cc.mrbird.febs.common.websocket.WebSocketServer 用户退出:8,当前在线人数为:0
2022-10-24 15:40:22 WARN  base housekeeper com.zaxxer.hikari.pool.HikariPool base - Thread starvation or clock leap detected (housekeeper delta=20m24s808ms).
2022-10-24 16:29:17 WARN  base housekeeper com.zaxxer.hikari.pool.HikariPool base - Thread starvation or clock leap detected (housekeeper delta=47m55s215ms).
2022-10-24 17:52:58 WARN  base housekeeper com.zaxxer.hikari.pool.HikariPool base - Thread starvation or clock leap detected (housekeeper delta=1h23m40s841ms).
2022-10-24 18:44:44 WARN  base housekeeper com.zaxxer.hikari.pool.HikariPool base - Thread starvation or clock leap detected (housekeeper delta=51m45s989ms).
2022-10-24 18:46:54 WARN  base housekeeper com.zaxxer.hikari.pool.HikariPool base - Thread starvation or clock leap detected (housekeeper delta=2m10s365ms).
2022-10-24 19:41:32 WARN  base housekeeper com.zaxxer.hikari.pool.HikariPool base - Thread starvation or clock leap detected (housekeeper delta=16m36s79ms).
2022-10-24 19:42:32 WARN  base housekeeper com.zaxxer.hikari.pool.HikariPool base - Thread starvation or clock leap detected (housekeeper delta=1m583ms).
2022-10-24 20:00:15 WARN  base housekeeper com.zaxxer.hikari.pool.HikariPool base - Thread starvation or clock leap detected (housekeeper delta=17m12s813ms).
2022-10-24 20:18:37 WARN  base housekeeper com.zaxxer.hikari.pool.HikariPool base - Thread starvation or clock leap detected (housekeeper delta=16m51s881ms).
2022-10-24 20:33:10 WARN  base housekeeper com.zaxxer.hikari.pool.HikariPool base - Thread starvation or clock leap detected (housekeeper delta=14m3s214ms).
2022-10-24 20:45:24 INFO  SessionValidationThread-1 org.apache.shiro.session.mgt.AbstractValidatingSessionManager Validating all active sessions...
2022-10-24 20:45:24 INFO  SessionValidationThread-1 org.apache.shiro.session.mgt.AbstractValidatingSessionManager Finished session validation.  No sessions were stopped.
2022-10-24 21:39:33 INFO  http-nio-0.0.0.0-88-exec-8 cc.mrbird.febs.common.websocket.WebSocketServer 生产环境的websocket配置 cc.mrbird.febs.common.websocket.WebSocketServer@6900c433
2022-10-24 21:39:33 INFO  http-nio-0.0.0.0-88-exec-8 cc.mrbird.febs.common.websocket.WebSocketServer 连接用户的id:8,当前在线人数为:1
2022-10-24 21:39:33 INFO  http-nio-0.0.0.0-88-exec-8 cc.mrbird.febs.common.websocket.WebSocketServer 发送消息到:8，报文:连接成功
2022-10-24 21:39:33 INFO  http-nio-0.0.0.0-88-exec-8 cc.mrbird.febs.common.websocket.WebSocketServer websocket session = org.apache.tomcat.websocket.WsSession@2d0da5e1
2022-10-24 21:39:33 INFO  http-nio-0.0.0.0-88-exec-2 p6spy 2022-10-24 21:39:33 | 耗时 8 ms | SQL 语句：
SELECT m.* FROM t_menu m WHERE m.type <> 1 AND m.MENU_ID IN ( SELECT DISTINCT rm.menu_id FROM t_role_menu rm LEFT JOIN t_role r ON (rm.role_id = r.role_id) LEFT JOIN t_user_role ur ON (ur.role_id = r.role_id) LEFT JOIN t_user u ON (u.user_id = ur.user_id) WHERE u.username = 'admin' ) ORDER BY m.order_num;
2022-10-24 21:39:33 INFO  http-nio-0.0.0.0-88-exec-7 p6spy 2022-10-24 21:39:33 | 耗时 1 ms | SQL 语句：
select count(1) from t_login_log;
2022-10-24 21:39:33 INFO  http-nio-0.0.0.0-88-exec-7 p6spy 2022-10-24 21:39:33 | 耗时 2 ms | SQL 语句：
SELECT count(1) FROM t_login_log WHERE login_time between CURDATE() and DATE_ADD(CURDATE(), INTERVAL 1 DAY);
2022-10-24 21:39:33 INFO  http-nio-0.0.0.0-88-exec-7 p6spy 2022-10-24 21:39:33 | 耗时 0 ms | SQL 语句：
SELECT count(DISTINCT(ip)) FROM t_login_log WHERE login_time between CURDATE() and DATE_ADD(CURDATE(), INTERVAL 1 DAY);
2022-10-24 21:39:33 INFO  Febs-Async-Thread-2 p6spy 2022-10-24 21:39:33 | 耗时 1 ms | SQL 语句：
UPDATE t_user SET LAST_LOGIN_TIME='2022-10-24T21:39:33.434+0800' WHERE (USERNAME = 'admin');
2022-10-24 21:39:33 INFO  http-nio-0.0.0.0-88-exec-7 p6spy 2022-10-24 21:39:33 | 耗时 1 ms | SQL 语句：
select date_format(l.login_time, '%m-%d') days, count(1) count from ( select * from t_login_log where date_sub(curdate(), interval 10 day) <= date(login_time) ) as l where 1 = 1 group by days;
2022-10-24 21:39:33 INFO  http-nio-0.0.0.0-88-exec-7 p6spy 2022-10-24 21:39:33 | 耗时 1 ms | SQL 语句：
select date_format(l.login_time, '%m-%d') days, count(1) count from ( select * from t_login_log where date_sub(curdate(), interval 10 day) <= date(login_time) ) as l where 1 = 1 and l.username = 'admin' group by days;
2022-10-24 21:39:36 INFO  http-nio-0.0.0.0-88-exec-10 cc.mrbird.febs.common.websocket.WebSocketServer 用户退出:8,当前在线人数为:0
2022-10-24 21:45:24 INFO  SessionValidationThread-1 org.apache.shiro.session.mgt.AbstractValidatingSessionManager Validating all active sessions...
2022-10-24 21:45:24 INFO  SessionValidationThread-1 org.apache.shiro.session.mgt.AbstractValidatingSessionManager Finished session validation.  No sessions were stopped.
2022-10-24 22:45:24 INFO  SessionValidationThread-1 org.apache.shiro.session.mgt.AbstractValidatingSessionManager Validating all active sessions...
2022-10-24 22:45:24 INFO  SessionValidationThread-1 org.apache.shiro.session.mgt.AbstractValidatingSessionManager Finished session validation.  No sessions were stopped.
2022-10-24 23:42:13 INFO  SpringContextShutdownHook org.quartz.core.QuartzScheduler Scheduler quartzScheduler_$_NON_CLUSTERED paused.
2022-10-24 23:42:13 INFO  SpringContextShutdownHook org.springframework.scheduling.quartz.SchedulerFactoryBean Shutting down Quartz Scheduler
2022-10-24 23:42:13 INFO  SpringContextShutdownHook org.quartz.core.QuartzScheduler Scheduler quartzScheduler_$_NON_CLUSTERED shutting down.
2022-10-24 23:42:13 INFO  SpringContextShutdownHook org.quartz.core.QuartzScheduler Scheduler quartzScheduler_$_NON_CLUSTERED paused.
2022-10-24 23:42:13 INFO  SpringContextShutdownHook org.quartz.core.QuartzScheduler Scheduler quartzScheduler_$_NON_CLUSTERED shutdown complete.
2022-10-24 23:42:13 INFO  SpringContextShutdownHook org.springframework.scheduling.concurrent.ThreadPoolTaskExecutor Shutting down ExecutorService 'febsAsyncThreadPool'
2022-10-24 23:42:13 INFO  SpringContextShutdownHook org.springframework.scheduling.concurrent.ThreadPoolTaskExecutor Shutting down ExecutorService 'NettyAsyncThreadPool'
2022-10-24 23:42:13 INFO  SpringContextShutdownHook org.mongodb.driver.connection Closed connection [connectionId{localValue:2, serverValue:2}] to localhost:27017 because the pool has been closed.
2022-10-24 23:42:15 INFO  SpringContextShutdownHook com.baomidou.dynamic.datasource.DynamicRoutingDataSource dynamic-datasource start closing ....
2022-10-24 23:42:15 INFO  SpringContextShutdownHook com.zaxxer.hikari.HikariDataSource base - Shutdown initiated...
2022-10-24 23:42:15 INFO  SpringContextShutdownHook com.zaxxer.hikari.HikariDataSource base - Shutdown completed.
2022-10-24 23:42:15 INFO  SpringContextShutdownHook com.baomidou.dynamic.datasource.DynamicRoutingDataSource dynamic-datasource all closed success,bye
