2022-03-08 08:52:48 INFO  main cc.mrbird.febs.Application Starting Application on XTZJ-20210805AL with PID 7460 (E:\IdeaProjects\RussiaPostofficeServer\target\classes started by Administrator in E:\IdeaProjects\RussiaPostofficeServer)
2022-03-08 08:52:48 INFO  main cc.mrbird.febs.Application The following profiles are active: dev_wang
2022-03-08 08:52:48 INFO  main org.springframework.boot.devtools.env.DevToolsPropertyDefaultsPostProcessor Devtools property defaults active! Set 'spring.devtools.add-properties' to 'false' to disable
2022-03-08 08:52:48 INFO  main org.springframework.boot.devtools.env.DevToolsPropertyDefaultsPostProcessor For additional web related logging consider setting the 'logging.level.web' property to 'DEBUG'
2022-03-08 08:52:53 INFO  main org.springframework.data.repository.config.RepositoryConfigurationDelegate Multiple Spring Data modules found, entering strict repository configuration mode!
2022-03-08 08:52:53 INFO  main org.springframework.data.repository.config.RepositoryConfigurationDelegate Bootstrapping Spring Data Redis repositories in DEFAULT mode.
2022-03-08 08:52:54 INFO  main org.springframework.data.repository.config.RepositoryConfigurationDelegate Finished Spring Data repository scanning in 302ms. Found 0 Redis repository interfaces.
2022-03-08 08:52:55 INFO  main com.ulisesbocchio.jasyptspringboot.configuration.EnableEncryptablePropertiesBeanFactoryPostProcessor Post-processing PropertySource instances
2022-03-08 08:52:56 INFO  main com.ulisesbocchio.jasyptspringboot.EncryptablePropertySourceConverter Converting PropertySource configurationProperties [org.springframework.boot.context.properties.source.ConfigurationPropertySourcesPropertySource] to AOP Proxy
2022-03-08 08:52:56 INFO  main com.ulisesbocchio.jasyptspringboot.EncryptablePropertySourceConverter Converting PropertySource servletConfigInitParams [org.springframework.core.env.PropertySource$StubPropertySource] to EncryptablePropertySourceWrapper
2022-03-08 08:52:56 INFO  main com.ulisesbocchio.jasyptspringboot.EncryptablePropertySourceConverter Converting PropertySource servletContextInitParams [org.springframework.core.env.PropertySource$StubPropertySource] to EncryptablePropertySourceWrapper
2022-03-08 08:52:56 INFO  main com.ulisesbocchio.jasyptspringboot.EncryptablePropertySourceConverter Converting PropertySource systemProperties [org.springframework.core.env.PropertiesPropertySource] to EncryptableMapPropertySourceWrapper
2022-03-08 08:52:56 INFO  main com.ulisesbocchio.jasyptspringboot.EncryptablePropertySourceConverter Converting PropertySource systemEnvironment [org.springframework.boot.env.SystemEnvironmentPropertySourceEnvironmentPostProcessor$OriginAwareSystemEnvironmentPropertySource] to EncryptableMapPropertySourceWrapper
2022-03-08 08:52:56 INFO  main com.ulisesbocchio.jasyptspringboot.EncryptablePropertySourceConverter Converting PropertySource random [org.springframework.boot.env.RandomValuePropertySource] to EncryptablePropertySourceWrapper
2022-03-08 08:52:56 INFO  main com.ulisesbocchio.jasyptspringboot.EncryptablePropertySourceConverter Converting PropertySource applicationConfig: [classpath:/application-dev_wang.yml] [org.springframework.boot.env.OriginTrackedMapPropertySource] to EncryptableMapPropertySourceWrapper
2022-03-08 08:52:56 INFO  main com.ulisesbocchio.jasyptspringboot.EncryptablePropertySourceConverter Converting PropertySource applicationConfig: [classpath:/application.yml] [org.springframework.boot.env.OriginTrackedMapPropertySource] to EncryptableMapPropertySourceWrapper
2022-03-08 08:52:56 INFO  main com.ulisesbocchio.jasyptspringboot.EncryptablePropertySourceConverter Converting PropertySource devtools [org.springframework.core.env.MapPropertySource] to EncryptableMapPropertySourceWrapper
2022-03-08 08:52:56 INFO  main com.ulisesbocchio.jasyptspringboot.EncryptablePropertySourceConverter Converting PropertySource class path resource [febs.properties] [org.springframework.core.io.support.ResourcePropertySource] to EncryptableMapPropertySourceWrapper
2022-03-08 08:52:56 INFO  main com.ulisesbocchio.jasyptspringboot.filter.DefaultLazyPropertyFilter Property Filter custom Bean not found with name 'encryptablePropertyFilter'. Initializing Default Property Filter
2022-03-08 08:52:56 INFO  main com.ulisesbocchio.jasyptspringboot.resolver.DefaultLazyPropertyResolver Property Resolver custom Bean not found with name 'encryptablePropertyResolver'. Initializing Default Property Resolver
2022-03-08 08:52:56 INFO  main com.ulisesbocchio.jasyptspringboot.detector.DefaultLazyPropertyDetector Property Detector custom Bean not found with name 'encryptablePropertyDetector'. Initializing Default Property Detector
2022-03-08 08:52:56 INFO  main org.springframework.context.support.PostProcessorRegistrationDelegate$BeanPostProcessorChecker Bean 'spring.datasource.dynamic-com.baomidou.dynamic.datasource.spring.boot.autoconfigure.DynamicDataSourceProperties' of type [com.baomidou.dynamic.datasource.spring.boot.autoconfigure.DynamicDataSourceProperties] is not eligible for getting processed by all BeanPostProcessors (for example: not eligible for auto-proxying)
2022-03-08 08:52:56 INFO  main org.springframework.context.support.PostProcessorRegistrationDelegate$BeanPostProcessorChecker Bean 'com.baomidou.dynamic.datasource.spring.boot.autoconfigure.DynamicDataSourceAutoConfiguration' of type [com.baomidou.dynamic.datasource.spring.boot.autoconfigure.DynamicDataSourceAutoConfiguration$$EnhancerBySpringCGLIB$$1] is not eligible for getting processed by all BeanPostProcessors (for example: not eligible for auto-proxying)
2022-03-08 08:52:56 INFO  main org.springframework.context.support.PostProcessorRegistrationDelegate$BeanPostProcessorChecker Bean 'dsProcessor' of type [com.baomidou.dynamic.datasource.processor.DsHeaderProcessor] is not eligible for getting processed by all BeanPostProcessors (for example: not eligible for auto-proxying)
2022-03-08 08:52:57 INFO  main org.springframework.context.support.PostProcessorRegistrationDelegate$BeanPostProcessorChecker Bean 'dynamicDatasourceAnnotationAdvisor' of type [com.baomidou.dynamic.datasource.aop.DynamicDataSourceAnnotationAdvisor] is not eligible for getting processed by all BeanPostProcessors (for example: not eligible for auto-proxying)
2022-03-08 08:52:57 INFO  main org.springframework.context.support.PostProcessorRegistrationDelegate$BeanPostProcessorChecker Bean 'febsProperties' of type [cc.mrbird.febs.common.properties.FebsProperties$$EnhancerBySpringCGLIB$$1] is not eligible for getting processed by all BeanPostProcessors (for example: not eligible for auto-proxying)
2022-03-08 08:52:57 INFO  main org.springframework.context.support.PostProcessorRegistrationDelegate$BeanPostProcessorChecker Bean 'shiroConfig' of type [cc.mrbird.febs.common.authentication.ShiroConfig$$EnhancerBySpringCGLIB$$1] is not eligible for getting processed by all BeanPostProcessors (for example: not eligible for auto-proxying)
2022-03-08 08:52:57 INFO  main org.springframework.context.support.PostProcessorRegistrationDelegate$BeanPostProcessorChecker Bean 'mybatis-plus-com.baomidou.mybatisplus.autoconfigure.MybatisPlusProperties' of type [com.baomidou.mybatisplus.autoconfigure.MybatisPlusProperties] is not eligible for getting processed by all BeanPostProcessors (for example: not eligible for auto-proxying)
2022-03-08 08:52:57 INFO  main org.springframework.context.support.PostProcessorRegistrationDelegate$BeanPostProcessorChecker Bean 'mybatisPlusConfigure' of type [cc.mrbird.febs.common.configure.MybatisPlusConfigure$$EnhancerBySpringCGLIB$$1] is not eligible for getting processed by all BeanPostProcessors (for example: not eligible for auto-proxying)
2022-03-08 08:52:57 INFO  main org.springframework.context.support.PostProcessorRegistrationDelegate$BeanPostProcessorChecker Bean 'paginationInterceptor' of type [com.baomidou.mybatisplus.extension.plugins.PaginationInterceptor] is not eligible for getting processed by all BeanPostProcessors (for example: not eligible for auto-proxying)
2022-03-08 08:52:57 INFO  main org.springframework.context.support.PostProcessorRegistrationDelegate$BeanPostProcessorChecker Bean 'com.baomidou.mybatisplus.autoconfigure.MybatisPlusAutoConfiguration' of type [com.baomidou.mybatisplus.autoconfigure.MybatisPlusAutoConfiguration$$EnhancerBySpringCGLIB$$1] is not eligible for getting processed by all BeanPostProcessors (for example: not eligible for auto-proxying)
2022-03-08 08:52:57 INFO  main org.springframework.context.support.PostProcessorRegistrationDelegate$BeanPostProcessorChecker Bean 'dataSourceCreator' of type [com.baomidou.dynamic.datasource.creator.DataSourceCreator] is not eligible for getting processed by all BeanPostProcessors (for example: not eligible for auto-proxying)
2022-03-08 08:52:57 INFO  main org.springframework.context.support.PostProcessorRegistrationDelegate$BeanPostProcessorChecker Bean 'dynamicDataSourceProvider' of type [com.baomidou.dynamic.datasource.provider.YmlDynamicDataSourceProvider] is not eligible for getting processed by all BeanPostProcessors (for example: not eligible for auto-proxying)
2022-03-08 08:52:57 INFO  main com.baomidou.dynamic.datasource.DynamicRoutingDataSource dynamic-datasource detect P6SPY plugin and enabled it
2022-03-08 08:52:58 INFO  main com.zaxxer.hikari.HikariDataSource base - Starting...
2022-03-08 08:52:58 INFO  main com.zaxxer.hikari.HikariDataSource base - Start completed.
2022-03-08 08:52:58 INFO  main com.baomidou.dynamic.datasource.DynamicRoutingDataSource dynamic-datasource [base] wrap p6spy plugin
2022-03-08 08:52:58 INFO  main com.baomidou.dynamic.datasource.DynamicRoutingDataSource dynamic-datasource - load a datasource named [base] success
2022-03-08 08:52:58 INFO  main com.baomidou.dynamic.datasource.DynamicRoutingDataSource dynamic-datasource initial loaded [1] datasource,primary datasource named [base]
2022-03-08 08:52:58 INFO  main org.springframework.context.support.PostProcessorRegistrationDelegate$BeanPostProcessorChecker Bean 'dataSource' of type [com.baomidou.dynamic.datasource.DynamicRoutingDataSource] is not eligible for getting processed by all BeanPostProcessors (for example: not eligible for auto-proxying)
2022-03-08 08:52:58 INFO  main org.springframework.context.support.PostProcessorRegistrationDelegate$BeanPostProcessorChecker Bean 'spring.datasource-org.springframework.boot.autoconfigure.jdbc.DataSourceProperties' of type [org.springframework.boot.autoconfigure.jdbc.DataSourceProperties] is not eligible for getting processed by all BeanPostProcessors (for example: not eligible for auto-proxying)
2022-03-08 08:52:58 INFO  main org.springframework.context.support.PostProcessorRegistrationDelegate$BeanPostProcessorChecker Bean 'org.springframework.boot.autoconfigure.jdbc.DataSourceInitializerInvoker' of type [org.springframework.boot.autoconfigure.jdbc.DataSourceInitializerInvoker] is not eligible for getting processed by all BeanPostProcessors (for example: not eligible for auto-proxying)
2022-03-08 08:53:01 INFO  main org.springframework.context.support.PostProcessorRegistrationDelegate$BeanPostProcessorChecker Bean 'sqlSessionFactory' of type [org.apache.ibatis.session.defaults.DefaultSqlSessionFactory] is not eligible for getting processed by all BeanPostProcessors (for example: not eligible for auto-proxying)
2022-03-08 08:53:01 INFO  main org.springframework.context.support.PostProcessorRegistrationDelegate$BeanPostProcessorChecker Bean 'sqlSessionTemplate' of type [org.mybatis.spring.SqlSessionTemplate] is not eligible for getting processed by all BeanPostProcessors (for example: not eligible for auto-proxying)
2022-03-08 08:53:01 INFO  main org.springframework.context.support.PostProcessorRegistrationDelegate$BeanPostProcessorChecker Bean 'userMapper' of type [org.mybatis.spring.mapper.MapperFactoryBean] is not eligible for getting processed by all BeanPostProcessors (for example: not eligible for auto-proxying)
2022-03-08 08:53:01 INFO  main org.springframework.context.support.PostProcessorRegistrationDelegate$BeanPostProcessorChecker Bean 'userMapper' of type [com.sun.proxy.$Proxy125] is not eligible for getting processed by all BeanPostProcessors (for example: not eligible for auto-proxying)
2022-03-08 08:53:01 WARN  main com.baomidou.mybatisplus.core.metadata.TableInfoHelper Warn: Could not find @TableId in Class: cc.mrbird.febs.system.entity.UserRole.
2022-03-08 08:53:01 INFO  main org.springframework.context.support.PostProcessorRegistrationDelegate$BeanPostProcessorChecker Bean 'userRoleMapper' of type [org.mybatis.spring.mapper.MapperFactoryBean] is not eligible for getting processed by all BeanPostProcessors (for example: not eligible for auto-proxying)
2022-03-08 08:53:01 INFO  main org.springframework.context.support.PostProcessorRegistrationDelegate$BeanPostProcessorChecker Bean 'userRoleMapper' of type [com.sun.proxy.$Proxy126] is not eligible for getting processed by all BeanPostProcessors (for example: not eligible for auto-proxying)
2022-03-08 08:53:01 INFO  main org.springframework.context.support.PostProcessorRegistrationDelegate$BeanPostProcessorChecker Bean 'userRoleServiceImpl' of type [cc.mrbird.febs.system.service.impl.UserRoleServiceImpl] is not eligible for getting processed by all BeanPostProcessors (for example: not eligible for auto-proxying)
2022-03-08 08:53:01 INFO  main org.springframework.context.support.PostProcessorRegistrationDelegate$BeanPostProcessorChecker Bean 'userDataPermissionMapper' of type [org.mybatis.spring.mapper.MapperFactoryBean] is not eligible for getting processed by all BeanPostProcessors (for example: not eligible for auto-proxying)
2022-03-08 08:53:01 INFO  main org.springframework.context.support.PostProcessorRegistrationDelegate$BeanPostProcessorChecker Bean 'userDataPermissionMapper' of type [com.sun.proxy.$Proxy128] is not eligible for getting processed by all BeanPostProcessors (for example: not eligible for auto-proxying)
2022-03-08 08:53:01 INFO  main org.springframework.context.support.PostProcessorRegistrationDelegate$BeanPostProcessorChecker Bean 'userDataPermissionService' of type [cc.mrbird.febs.system.service.impl.UserDataPermissionServiceImpl] is not eligible for getting processed by all BeanPostProcessors (for example: not eligible for auto-proxying)
2022-03-08 08:53:01 INFO  main org.springframework.context.support.PostProcessorRegistrationDelegate$BeanPostProcessorChecker Bean 'userServiceImpl' of type [cc.mrbird.febs.system.service.impl.UserServiceImpl] is not eligible for getting processed by all BeanPostProcessors (for example: not eligible for auto-proxying)
2022-03-08 08:53:01 INFO  main org.springframework.context.support.PostProcessorRegistrationDelegate$BeanPostProcessorChecker Bean 'roleMapper' of type [org.mybatis.spring.mapper.MapperFactoryBean] is not eligible for getting processed by all BeanPostProcessors (for example: not eligible for auto-proxying)
2022-03-08 08:53:01 INFO  main org.springframework.context.support.PostProcessorRegistrationDelegate$BeanPostProcessorChecker Bean 'roleMapper' of type [com.sun.proxy.$Proxy131] is not eligible for getting processed by all BeanPostProcessors (for example: not eligible for auto-proxying)
2022-03-08 08:53:01 WARN  main com.baomidou.mybatisplus.core.metadata.TableInfoHelper Warn: Could not find @TableId in Class: cc.mrbird.febs.system.entity.RoleMenu.
2022-03-08 08:53:01 INFO  main org.springframework.context.support.PostProcessorRegistrationDelegate$BeanPostProcessorChecker Bean 'roleMenuMapper' of type [org.mybatis.spring.mapper.MapperFactoryBean] is not eligible for getting processed by all BeanPostProcessors (for example: not eligible for auto-proxying)
2022-03-08 08:53:01 INFO  main org.springframework.context.support.PostProcessorRegistrationDelegate$BeanPostProcessorChecker Bean 'roleMenuMapper' of type [com.sun.proxy.$Proxy132] is not eligible for getting processed by all BeanPostProcessors (for example: not eligible for auto-proxying)
2022-03-08 08:53:01 INFO  main org.springframework.context.support.PostProcessorRegistrationDelegate$BeanPostProcessorChecker Bean 'roleMenuServiceImpl' of type [cc.mrbird.febs.system.service.impl.RoleMenuServiceImpl] is not eligible for getting processed by all BeanPostProcessors (for example: not eligible for auto-proxying)
2022-03-08 08:53:01 INFO  main org.springframework.context.support.PostProcessorRegistrationDelegate$BeanPostProcessorChecker Bean 'roleServiceImpl' of type [cc.mrbird.febs.system.service.impl.RoleServiceImpl] is not eligible for getting processed by all BeanPostProcessors (for example: not eligible for auto-proxying)
2022-03-08 08:53:01 INFO  main org.springframework.context.support.PostProcessorRegistrationDelegate$BeanPostProcessorChecker Bean 'menuMapper' of type [org.mybatis.spring.mapper.MapperFactoryBean] is not eligible for getting processed by all BeanPostProcessors (for example: not eligible for auto-proxying)
2022-03-08 08:53:01 INFO  main org.springframework.context.support.PostProcessorRegistrationDelegate$BeanPostProcessorChecker Bean 'menuMapper' of type [com.sun.proxy.$Proxy135] is not eligible for getting processed by all BeanPostProcessors (for example: not eligible for auto-proxying)
2022-03-08 08:53:01 INFO  main org.springframework.context.support.PostProcessorRegistrationDelegate$BeanPostProcessorChecker Bean 'menuServiceImpl' of type [cc.mrbird.febs.system.service.impl.MenuServiceImpl] is not eligible for getting processed by all BeanPostProcessors (for example: not eligible for auto-proxying)
2022-03-08 08:53:01 INFO  main org.springframework.context.support.PostProcessorRegistrationDelegate$BeanPostProcessorChecker Bean 'redisConfigure' of type [cc.mrbird.febs.common.configure.RedisConfigure$$EnhancerBySpringCGLIB$$1] is not eligible for getting processed by all BeanPostProcessors (for example: not eligible for auto-proxying)
2022-03-08 08:53:02 INFO  main org.springframework.context.support.PostProcessorRegistrationDelegate$BeanPostProcessorChecker Bean 'spring.redis-org.springframework.boot.autoconfigure.data.redis.RedisProperties' of type [org.springframework.boot.autoconfigure.data.redis.RedisProperties] is not eligible for getting processed by all BeanPostProcessors (for example: not eligible for auto-proxying)
2022-03-08 08:53:02 INFO  main org.springframework.context.support.PostProcessorRegistrationDelegate$BeanPostProcessorChecker Bean 'org.springframework.boot.autoconfigure.data.redis.LettuceConnectionConfiguration' of type [org.springframework.boot.autoconfigure.data.redis.LettuceConnectionConfiguration] is not eligible for getting processed by all BeanPostProcessors (for example: not eligible for auto-proxying)
2022-03-08 08:53:02 INFO  main org.springframework.context.support.PostProcessorRegistrationDelegate$BeanPostProcessorChecker Bean 'lettuceClientResources' of type [io.lettuce.core.resource.DefaultClientResources] is not eligible for getting processed by all BeanPostProcessors (for example: not eligible for auto-proxying)
2022-03-08 08:53:02 INFO  main org.springframework.context.support.PostProcessorRegistrationDelegate$BeanPostProcessorChecker Bean 'redisConnectionFactory' of type [org.springframework.data.redis.connection.lettuce.LettuceConnectionFactory] is not eligible for getting processed by all BeanPostProcessors (for example: not eligible for auto-proxying)
2022-03-08 08:53:02 INFO  main org.springframework.context.support.PostProcessorRegistrationDelegate$BeanPostProcessorChecker Bean 'redisTemplate' of type [org.springframework.data.redis.core.RedisTemplate] is not eligible for getting processed by all BeanPostProcessors (for example: not eligible for auto-proxying)
2022-03-08 08:53:02 INFO  main org.springframework.context.support.PostProcessorRegistrationDelegate$BeanPostProcessorChecker Bean 'redisService' of type [cc.mrbird.febs.common.service.RedisService] is not eligible for getting processed by all BeanPostProcessors (for example: not eligible for auto-proxying)
2022-03-08 08:53:02 INFO  main org.springframework.context.support.PostProcessorRegistrationDelegate$BeanPostProcessorChecker Bean 'shiroRealm' of type [cc.mrbird.febs.common.authentication.ShiroRealm] is not eligible for getting processed by all BeanPostProcessors (for example: not eligible for auto-proxying)
2022-03-08 08:53:03 INFO  main org.springframework.context.support.PostProcessorRegistrationDelegate$BeanPostProcessorChecker Bean 'redisSessionDAO' of type [org.crazycake.shiro.RedisSessionDAO] is not eligible for getting processed by all BeanPostProcessors (for example: not eligible for auto-proxying)
2022-03-08 08:53:03 INFO  main org.springframework.context.support.PostProcessorRegistrationDelegate$BeanPostProcessorChecker Bean 'simpleCookie' of type [org.apache.shiro.web.servlet.SimpleCookie] is not eligible for getting processed by all BeanPostProcessors (for example: not eligible for auto-proxying)
2022-03-08 08:53:03 INFO  main org.springframework.context.support.PostProcessorRegistrationDelegate$BeanPostProcessorChecker Bean 'sessionManager' of type [org.apache.shiro.web.session.mgt.DefaultWebSessionManager] is not eligible for getting processed by all BeanPostProcessors (for example: not eligible for auto-proxying)
2022-03-08 08:53:03 INFO  main org.springframework.context.support.PostProcessorRegistrationDelegate$BeanPostProcessorChecker Bean 'securityManager' of type [org.apache.shiro.web.mgt.DefaultWebSecurityManager] is not eligible for getting processed by all BeanPostProcessors (for example: not eligible for auto-proxying)
2022-03-08 08:53:03 INFO  main org.springframework.context.support.PostProcessorRegistrationDelegate$BeanPostProcessorChecker Bean 'authorizationAttributeSourceAdvisor' of type [org.apache.shiro.spring.security.interceptor.AuthorizationAttributeSourceAdvisor] is not eligible for getting processed by all BeanPostProcessors (for example: not eligible for auto-proxying)
2022-03-08 08:53:04 INFO  main org.springframework.boot.web.embedded.tomcat.TomcatWebServer Tomcat initialized with port(s): 88 (http)
2022-03-08 08:53:04 INFO  main org.apache.coyote.http11.Http11NioProtocol Initializing ProtocolHandler ["http-nio-0.0.0.0-88"]
2022-03-08 08:53:04 INFO  main org.apache.catalina.core.StandardService Starting service [Tomcat]
2022-03-08 08:53:04 INFO  main org.apache.catalina.core.StandardEngine Starting Servlet engine: [Apache Tomcat/9.0.31]
2022-03-08 08:53:04 INFO  main org.apache.catalina.core.AprLifecycleListener Loaded APR based Apache Tomcat Native library [1.2.30] using APR version [1.7.0].
2022-03-08 08:53:04 INFO  main org.apache.catalina.core.AprLifecycleListener APR capabilities: IPv6 [true], sendfile [true], accept filters [false], random [true].
2022-03-08 08:53:04 INFO  main org.apache.catalina.core.AprLifecycleListener APR/OpenSSL configuration: useAprConnector [false], useOpenSSL [true]
2022-03-08 08:53:04 INFO  main org.apache.catalina.core.AprLifecycleListener OpenSSL successfully initialized [OpenSSL 1.1.1k  25 Mar 2021]
2022-03-08 08:53:04 INFO  main org.apache.catalina.core.ContainerBase.[Tomcat].[localhost].[/posmart] Initializing Spring embedded WebApplicationContext
2022-03-08 08:53:04 INFO  main org.springframework.web.context.ContextLoader Root WebApplicationContext: initialization completed in 16478 ms
2022-03-08 08:53:05 INFO  main cc.mrbird.febs.common.xss.XssFilter ------------ xss filter init ------------
2022-03-08 08:53:06 INFO  main cc.mrbird.febs.common.threadpool.AlarmThreadPool 初始化AlarmThreadPool
2022-03-08 08:53:06 INFO  main io.lettuce.core.EpollProvider Starting without optional epoll library
2022-03-08 08:53:06 INFO  main io.lettuce.core.KqueueProvider Starting without optional kqueue library
2022-03-08 08:53:08 INFO  main org.springframework.scheduling.concurrent.ThreadPoolTaskExecutor Initializing ExecutorService
2022-03-08 08:53:08 INFO  main org.springframework.scheduling.concurrent.ThreadPoolTaskExecutor Initializing ExecutorService 'NettyAsyncThreadPool'
2022-03-08 08:53:08 INFO  main cc.mrbird.febs.common.netty.NettyServerHandler NettyServerHandler 初始化 对象是：cc.mrbird.febs.common.netty.NettyServerHandler@7286f0a
2022-03-08 08:53:08 INFO  main org.quartz.impl.StdSchedulerFactory Using default implementation for ThreadExecutor
2022-03-08 08:53:08 INFO  main org.quartz.core.SchedulerSignalerImpl Initialized Scheduler Signaller of type: class org.quartz.core.SchedulerSignalerImpl
2022-03-08 08:53:08 INFO  main org.quartz.core.QuartzScheduler Quartz Scheduler v.2.3.2 created.
2022-03-08 08:53:09 INFO  main org.quartz.simpl.RAMJobStore RAMJobStore initialized.
2022-03-08 08:53:09 INFO  main org.quartz.core.QuartzScheduler Scheduler meta-data: Quartz Scheduler (v2.3.2) 'quartzScheduler' with instanceId 'NON_CLUSTERED'
  Scheduler class: 'org.quartz.core.QuartzScheduler' - running locally.
  NOT STARTED.
  Currently in standby mode.
  Number of jobs executed: 0
  Using thread pool 'org.quartz.simpl.SimpleThreadPool' - with 10 threads.
  Using job-store 'org.quartz.simpl.RAMJobStore' - which does not support persistence. and is not clustered.

2022-03-08 08:53:09 INFO  main org.quartz.impl.StdSchedulerFactory Quartz scheduler 'quartzScheduler' initialized from an externally provided properties instance.
2022-03-08 08:53:09 INFO  main org.quartz.impl.StdSchedulerFactory Quartz scheduler version: 2.3.2
2022-03-08 08:53:09 INFO  main org.quartz.core.QuartzScheduler JobFactory set to: org.springframework.scheduling.quartz.SpringBeanJobFactory@23c21550
2022-03-08 08:53:09 WARN  main com.baomidou.mybatisplus.core.metadata.TableInfoHelper Warn: Could not find @TableId in Class: cc.mrbird.febs.others.entity.Eximport.
2022-03-08 08:53:09 INFO  main org.springframework.scheduling.concurrent.ThreadPoolTaskExecutor Initializing ExecutorService
2022-03-08 08:53:09 INFO  main org.springframework.scheduling.concurrent.ThreadPoolTaskExecutor Initializing ExecutorService 'febsAsyncThreadPool'
2022-03-08 08:53:10 INFO  main org.springframework.boot.actuate.endpoint.web.EndpointLinksResolver Exposing 2 endpoint(s) beneath base path '/actuator'
2022-03-08 08:53:11 INFO  main springfox.documentation.spring.web.PropertySourcedRequestMappingHandlerMapping Mapped URL path [/v2/api-docs] onto method [springfox.documentation.swagger2.web.Swagger2Controller#getDocumentation(String, HttpServletRequest)]
2022-03-08 08:53:11 INFO  main org.springframework.boot.devtools.autoconfigure.OptionalLiveReloadServer LiveReload server is running on port 35729
2022-03-08 08:53:11 INFO  main org.springframework.boot.autoconfigure.web.servlet.WelcomePageHandlerMapping Adding welcome page template: index
2022-03-08 08:53:13 INFO  main springfox.documentation.spring.web.plugins.DocumentationPluginsBootstrapper Context refreshed
2022-03-08 08:53:13 INFO  main springfox.documentation.spring.web.plugins.DocumentationPluginsBootstrapper Found 1 custom documentation plugin(s)
2022-03-08 08:53:13 INFO  main springfox.documentation.spring.web.scanners.ApiListingReferenceScanner Scanning for api listing references
2022-03-08 08:53:14 INFO  main springfox.documentation.spring.web.readers.operation.CachingOperationNameGenerator Generating unique operation named: exportUsingPOST_1
2022-03-08 08:53:14 INFO  main springfox.documentation.spring.web.readers.operation.CachingOperationNameGenerator Generating unique operation named: exportUsingPOST_2
2022-03-08 08:53:14 INFO  main springfox.documentation.spring.web.readers.operation.CachingOperationNameGenerator Generating unique operation named: exportUsingPOST_3
2022-03-08 08:53:14 INFO  main springfox.documentation.spring.web.readers.operation.CachingOperationNameGenerator Generating unique operation named: exportUsingPOST_4
2022-03-08 08:53:14 INFO  main springfox.documentation.spring.web.readers.operation.CachingOperationNameGenerator Generating unique operation named: exportUsingPOST_5
2022-03-08 08:53:14 INFO  main springfox.documentation.spring.web.readers.operation.CachingOperationNameGenerator Generating unique operation named: exportUsingGET_1
2022-03-08 08:53:14 INFO  main springfox.documentation.spring.web.readers.operation.CachingOperationNameGenerator Generating unique operation named: selectStatusUsingGET_1
2022-03-08 08:53:14 INFO  main springfox.documentation.spring.web.readers.operation.CachingOperationNameGenerator Generating unique operation named: exportUsingPOST_6
2022-03-08 08:53:14 INFO  main springfox.documentation.spring.web.readers.operation.CachingOperationNameGenerator Generating unique operation named: exportUsingPOST_7
2022-03-08 08:53:14 INFO  main springfox.documentation.spring.web.readers.operation.CachingOperationNameGenerator Generating unique operation named: exportUsingPOST_8
2022-03-08 08:53:14 INFO  main springfox.documentation.spring.web.readers.operation.CachingOperationNameGenerator Generating unique operation named: exportUsingPOST_9
2022-03-08 08:53:14 INFO  main springfox.documentation.spring.web.readers.operation.CachingOperationNameGenerator Generating unique operation named: exportUsingPOST_10
2022-03-08 08:53:14 INFO  main springfox.documentation.spring.web.readers.operation.CachingOperationNameGenerator Generating unique operation named: exportUsingPOST_11
2022-03-08 08:53:14 INFO  main springfox.documentation.spring.web.readers.operation.CachingOperationNameGenerator Generating unique operation named: exportUsingPOST_12
2022-03-08 08:53:14 INFO  main springfox.documentation.spring.web.readers.operation.CachingOperationNameGenerator Generating unique operation named: exportUsingPOST_13
2022-03-08 08:53:14 INFO  main springfox.documentation.spring.web.readers.operation.CachingOperationNameGenerator Generating unique operation named: exportUsingPOST_14
2022-03-08 08:53:14 INFO  main springfox.documentation.spring.web.readers.operation.CachingOperationNameGenerator Generating unique operation named: exportUsingPOST_15
2022-03-08 08:53:14 INFO  main springfox.documentation.spring.web.readers.operation.CachingOperationNameGenerator Generating unique operation named: exportUsingPOST_16
2022-03-08 08:53:14 INFO  main springfox.documentation.spring.web.readers.operation.CachingOperationNameGenerator Generating unique operation named: exportUsingPOST_17
2022-03-08 08:53:14 INFO  main org.springframework.scheduling.quartz.SchedulerFactoryBean Starting Quartz Scheduler now
2022-03-08 08:53:14 INFO  main org.quartz.core.QuartzScheduler Scheduler quartzScheduler_$_NON_CLUSTERED started.
2022-03-08 08:53:15 INFO  main org.apache.coyote.http11.Http11NioProtocol Starting ProtocolHandler ["http-nio-0.0.0.0-88"]
2022-03-08 08:53:15 INFO  main org.springframework.boot.web.embedded.tomcat.TomcatWebServer Tomcat started on port(s): 88 (http) with context path '/posmart'
2022-03-08 08:53:15 INFO  main cc.mrbird.febs.Application Started Application in 29.318 seconds (JVM running for 35.366)
2022-03-08 08:53:15 INFO  main cc.mrbird.febs.common.runner.FebsStartedUpRunner 注资服务器启动完毕，地址：http://192.168.2.119:88/posmart/login
2022-03-08 08:53:15 INFO  main cc.mrbird.febs.common.license.LicenseVerifyUtils ++++++++ 开始安装证书 ++++++++
2022-03-08 08:53:15 INFO  main cc.mrbird.febs.common.license.LicenseVerifyUtils param = LicenseVerifyParam{subject='license_gdpt', publicAlias='publicCert', storePass='public_gdpt@2022', licensePath='F:\workspace\RussiaPostofficeServerFile\license\license.lic', publicKeysStorePath='F:\workspace\RussiaPostofficeServerFile\license\publicCerts.keystore'}
2022-03-08 08:53:15 INFO  main cc.mrbird.febs.common.license.CustomLicenseManager 获取操作系统类型
2022-03-08 08:53:15 INFO  main cc.mrbird.febs.common.license.LicenseVerifyUtils 证书安装成功，证书有效期：2022-01-27 00:00:00 - 2026-04-01 00:00:00
2022-03-08 08:53:15 WARN  main io.netty.bootstrap.ServerBootstrap Unknown channel option 'SO_SNDBUF' for channel '[id: 0x40a20cc0]'
2022-03-08 08:53:16 INFO  main cc.mrbird.febs.common.netty.NettyServer 服务器启动开始监听端口: 12800
2022-03-08 08:53:16 INFO  main cc.mrbird.febs.common.netty.NettyServer 关闭SSL
2022-03-08 08:53:24 INFO  http-nio-0.0.0.0-88-exec-1 org.apache.catalina.core.ContainerBase.[Tomcat].[localhost].[/posmart] Initializing Spring DispatcherServlet 'dispatcherServlet'
2022-03-08 08:53:24 INFO  http-nio-0.0.0.0-88-exec-1 org.springframework.web.servlet.DispatcherServlet Initializing Servlet 'dispatcherServlet'
2022-03-08 08:53:24 INFO  http-nio-0.0.0.0-88-exec-1 org.springframework.web.servlet.DispatcherServlet Completed initialization in 17 ms
2022-03-08 08:53:24 INFO  http-nio-0.0.0.0-88-exec-1 org.apache.shiro.session.mgt.AbstractValidatingSessionManager Enabling session validation scheduler...
2022-03-08 08:53:43 INFO  http-nio-0.0.0.0-88-exec-8 p6spy 2022-03-08 08:53:43 | 耗时 127 ms | SQL 语句：
SELECT u.user_id userId, u.username, u.realname, u.parent_id, u.email, u.mobile, u.password, u.status, u.create_time createTime, u.ssex sex, u.dept_id deptId, u.last_login_time lastLoginTime, u.modify_time modifyTime, u.description, u.avatar, u.theme, u.is_tab isTab, d.dept_name deptName, GROUP_CONCAT(r.role_id) roleId, GROUP_CONCAT(r.ROLE_NAME) roleName FROM t_user u LEFT JOIN t_dept d ON (u.dept_id = d.dept_id) LEFT JOIN t_user_role ur ON (u.user_id = ur.user_id) LEFT JOIN t_role r ON r.role_id = ur.role_id WHERE 1=1 AND u.username = 'admin' GROUP BY u.username, u.realname, u.parent_id, u.user_id, u.email, u.mobile, u.password, u.status, u.create_time, u.ssex, u.dept_id, u.last_login_time, u.modify_time, u.description, u.avatar, u.theme, u.is_tab Limit 1;
2022-03-08 08:53:44 INFO  http-nio-0.0.0.0-88-exec-8 p6spy 2022-03-08 08:53:44 | 耗时 13 ms | SQL 语句：
SELECT USER_ID,DEPT_ID FROM t_user_data_permission WHERE (USER_ID = '8');
2022-03-08 08:53:44 INFO  http-nio-0.0.0.0-88-exec-8 p6spy 2022-03-08 08:53:44 | 耗时 53 ms | SQL 语句：
INSERT INTO t_login_log ( USERNAME, LOGIN_TIME, LOCATION, IP, `SYSTEM`, BROWSER ) VALUES ( 'admin', '2022-03-08T08:53:44.050+0800', '内网IP|0|0|内网IP|内网IP', '192.168.2.119', 'Windows 10', 'Chrome 96' );
2022-03-08 08:53:44 INFO  http-nio-0.0.0.0-88-exec-7 cc.mrbird.febs.common.license.LicenseVerifyUtils 开始校验
2022-03-08 08:53:44 INFO  http-nio-0.0.0.0-88-exec-7 cc.mrbird.febs.common.license.CustomLicenseManager serverInfos不为null = LicenseCheckModel{ipAddress=[192.168.2.119], macAddress=[38-D5-47-AB-24-C0], cpuSerial='BFEBFBFF000306C3', mainBoardSerial='160881918021870'}
2022-03-08 08:53:44 INFO  http-nio-0.0.0.0-88-exec-7 cc.mrbird.febs.common.license.LicenseVerifyUtils 证书校验通过，证书有效期：2022-01-27 00:00:00 - 2026-04-01 00:00:00
2022-03-08 08:53:44 INFO  http-nio-0.0.0.0-88-exec-7 p6spy 2022-03-08 08:53:44 | 耗时 1 ms | SQL 语句：
SELECT r.* FROM t_role r LEFT JOIN t_user_role ur ON (r.role_id = ur.role_id) LEFT JOIN t_user u ON (u.user_id = ur.user_id) WHERE u.username = 'admin';
2022-03-08 08:53:44 INFO  http-nio-0.0.0.0-88-exec-7 p6spy 2022-03-08 08:53:44 | 耗时 18 ms | SQL 语句：
SELECT m.perms FROM t_role r LEFT JOIN t_user_role ur ON (r.role_id = ur.role_id) LEFT JOIN t_user u ON (u.user_id = ur.user_id) LEFT JOIN t_role_menu rm ON (rm.role_id = r.role_id) LEFT JOIN t_menu m ON (m.menu_id = rm.menu_id) WHERE u.username = 'admin' AND m.perms is not null AND m.perms <> '';
2022-03-08 08:53:44 INFO  http-nio-0.0.0.0-88-exec-7 p6spy 2022-03-08 08:53:44 | 耗时 1 ms | SQL 语句：
SELECT u.user_id userId, u.username, u.realname, u.parent_id, u.email, u.mobile, u.password, u.status, u.create_time createTime, u.ssex sex, u.dept_id deptId, u.last_login_time lastLoginTime, u.modify_time modifyTime, u.description, u.avatar, u.theme, u.is_tab isTab, d.dept_name deptName, GROUP_CONCAT(r.role_id) roleId, GROUP_CONCAT(r.ROLE_NAME) roleName FROM t_user u LEFT JOIN t_dept d ON (u.dept_id = d.dept_id) LEFT JOIN t_user_role ur ON (u.user_id = ur.user_id) LEFT JOIN t_role r ON r.role_id = ur.role_id WHERE 1=1 AND u.username = 'admin' GROUP BY u.username, u.realname, u.parent_id, u.user_id, u.email, u.mobile, u.password, u.status, u.create_time, u.ssex, u.dept_id, u.last_login_time, u.modify_time, u.description, u.avatar, u.theme, u.is_tab Limit 1;
2022-03-08 08:53:44 INFO  http-nio-0.0.0.0-88-exec-7 p6spy 2022-03-08 08:53:44 | 耗时 16 ms | SQL 语句：
SELECT COUNT( 1 ) FROM t_notice WHERE (user_id = 8 AND is_read = '0');
2022-03-08 08:53:45 INFO  http-nio-0.0.0.0-88-exec-3 p6spy 2022-03-08 08:53:45 | 耗时 3 ms | SQL 语句：
SELECT m.* FROM t_menu m WHERE m.type <> 1 AND m.MENU_ID IN ( SELECT DISTINCT rm.menu_id FROM t_role_menu rm LEFT JOIN t_role r ON (rm.role_id = r.role_id) LEFT JOIN t_user_role ur ON (ur.role_id = r.role_id) LEFT JOIN t_user u ON (u.user_id = ur.user_id) WHERE u.username = 'admin' ) ORDER BY m.order_num;
2022-03-08 08:53:45 INFO  http-nio-0.0.0.0-88-exec-7 cc.mrbird.febs.common.websocket.WebSocketServer 生产环境的websocket配置 cc.mrbird.febs.common.websocket.WebSocketServer@6ee39cf4
2022-03-08 08:53:45 INFO  http-nio-0.0.0.0-88-exec-7 cc.mrbird.febs.common.websocket.WebSocketServer 连接用户的id:8,当前在线人数为:1
2022-03-08 08:53:45 INFO  http-nio-0.0.0.0-88-exec-7 cc.mrbird.febs.common.websocket.WebSocketServer 发送消息到:8，报文:连接成功
2022-03-08 08:53:45 INFO  http-nio-0.0.0.0-88-exec-2 p6spy 2022-03-08 08:53:45 | 耗时 1 ms | SQL 语句：
select count(1) from t_login_log;
2022-03-08 08:53:45 INFO  http-nio-0.0.0.0-88-exec-2 p6spy 2022-03-08 08:53:45 | 耗时 1 ms | SQL 语句：
SELECT count(1) FROM t_login_log WHERE login_time between CURDATE() and DATE_ADD(CURDATE(), INTERVAL 1 DAY);
2022-03-08 08:53:45 INFO  http-nio-0.0.0.0-88-exec-2 p6spy 2022-03-08 08:53:45 | 耗时 1 ms | SQL 语句：
SELECT count(DISTINCT(ip)) FROM t_login_log WHERE login_time between CURDATE() and DATE_ADD(CURDATE(), INTERVAL 1 DAY);
2022-03-08 08:53:45 INFO  http-nio-0.0.0.0-88-exec-2 p6spy 2022-03-08 08:53:45 | 耗时 1 ms | SQL 语句：
select date_format(l.login_time, '%m-%d') days, count(1) count from ( select * from t_login_log where date_sub(curdate(), interval 10 day) <= date(login_time) ) as l where 1 = 1 group by days;
2022-03-08 08:53:45 INFO  Febs-Async-Thread-1 p6spy 2022-03-08 08:53:45 | 耗时 19 ms | SQL 语句：
UPDATE t_user SET LAST_LOGIN_TIME='2022-03-08T08:53:45.650+0800' WHERE (USERNAME = 'admin');
2022-03-08 08:53:45 INFO  http-nio-0.0.0.0-88-exec-2 p6spy 2022-03-08 08:53:45 | 耗时 33 ms | SQL 语句：
select date_format(l.login_time, '%m-%d') days, count(1) count from ( select * from t_login_log where date_sub(curdate(), interval 10 day) <= date(login_time) ) as l where 1 = 1 and l.username = 'admin' group by days;
2022-03-08 08:53:45 INFO  http-nio-0.0.0.0-88-exec-7 cc.mrbird.febs.common.websocket.WebSocketServer websocket session = org.apache.tomcat.websocket.WsSession@951ec5a
2022-03-08 08:53:48 INFO  http-nio-0.0.0.0-88-exec-5 p6spy 2022-03-08 08:53:48 | 耗时 0 ms | SQL 语句：
SELECT r.* FROM t_role r LEFT JOIN t_user_role ur ON (r.role_id = ur.role_id) LEFT JOIN t_user u ON (u.user_id = ur.user_id) WHERE u.username = 'admin';
2022-03-08 08:53:48 INFO  http-nio-0.0.0.0-88-exec-5 p6spy 2022-03-08 08:53:48 | 耗时 2 ms | SQL 语句：
SELECT m.perms FROM t_role r LEFT JOIN t_user_role ur ON (r.role_id = ur.role_id) LEFT JOIN t_user u ON (u.user_id = ur.user_id) LEFT JOIN t_role_menu rm ON (rm.role_id = r.role_id) LEFT JOIN t_menu m ON (m.menu_id = rm.menu_id) WHERE u.username = 'admin' AND m.perms is not null AND m.perms <> '';
2022-03-08 08:53:48 INFO  http-nio-0.0.0.0-88-exec-3 cc.mrbird.febs.order.controller.OrderController 请求订单列表
2022-03-08 08:53:48 INFO  http-nio-0.0.0.0-88-exec-3 p6spy 2022-03-08 08:53:48 | 耗时 216 ms | SQL 语句：
SELECT COUNT(1) FROM ( SELECT o.*, d.nickname, u1.realname AS applyUserName, u2.realname AS auditUserName, u3.realname AS closeUserName FROM t_order o LEFT JOIN t_device d ON (d.device_id = o.device_id) LEFT JOIN t_user u1 ON (u1.user_id = o.apply_user_id) LEFT JOIN t_user u2 ON (u2.user_id = o.audit_user_id) LEFT JOIN t_user u3 ON (u3.user_id = o.close_user_id) WHERE 1 = 1 GROUP BY o.order_id ) TOTAL;
2022-03-08 08:53:48 INFO  http-nio-0.0.0.0-88-exec-3 p6spy 2022-03-08 08:53:48 | 耗时 1 ms | SQL 语句：
SELECT o.*, d.nickname, u1.realname AS applyUserName, u2.realname AS auditUserName, u3.realname AS closeUserName FROM t_order o LEFT JOIN t_device d ON (d.device_id = o.device_id) LEFT JOIN t_user u1 ON (u1.user_id = o.apply_user_id) LEFT JOIN t_user u2 ON (u2.user_id = o.audit_user_id) LEFT JOIN t_user u3 ON (u3.user_id = o.close_user_id) WHERE 1 = 1 GROUP BY o.order_id ORDER BY order_id DESC LIMIT 0,10;
2022-03-08 08:53:51 INFO  http-nio-0.0.0.0-88-exec-9 p6spy 2022-03-08 08:53:51 | 耗时 74 ms | SQL 语句：
SELECT COUNT(1) FROM ( SELECT a.*, d.acnum, u1.realname AS auditRealName, u2.realname AS submitRealName FROM t_audit a LEFT JOIN t_device d ON (d.device_id = a.device_id) LEFT JOIN t_user u1 ON (u1.user_id = a.user_id) LEFT JOIN t_user u2 ON (u2.user_id = a.f_user_id) WHERE 1 = 1 GROUP BY a.audit_id ) TOTAL;
2022-03-08 08:53:51 INFO  http-nio-0.0.0.0-88-exec-9 p6spy 2022-03-08 08:53:51 | 耗时 1 ms | SQL 语句：
SELECT a.*, d.acnum, u1.realname AS auditRealName, u2.realname AS submitRealName FROM t_audit a LEFT JOIN t_device d ON (d.device_id = a.device_id) LEFT JOIN t_user u1 ON (u1.user_id = a.user_id) LEFT JOIN t_user u2 ON (u2.user_id = a.f_user_id) WHERE 1 = 1 GROUP BY a.audit_id ORDER BY audit_id DESC LIMIT 0,10;
2022-03-08 08:53:53 INFO  http-nio-0.0.0.0-88-exec-5 cc.mrbird.febs.device.controller.DeviceController request = QueryRequest(pageSize=10, pageNum=1, field=null, order=null) device = Device(deviceId=null, acnum=null, nickname=null, warnAmount=null, maxAmount=null, secretKey=null, validDays=null, useLock=null, lockInfo=null, createdTime=null, isOnline=0, curFmStatus=null, futureFmStatus=null, flow=null, flowDetail=null, isRussia=null, errorCode=null, errorMessage=null, fmEvent=null, frankMachineId=null, postOffice=null, taxVersion=null, taxIsUpdate=null, updatedTime=null, userId=null)
2022-03-08 08:53:53 INFO  http-nio-0.0.0.0-88-exec-5 p6spy 2022-03-08 08:53:53 | 耗时 25 ms | SQL 语句：
SELECT COUNT(1) FROM t_device WHERE (cur_fm_status > -1);
2022-03-08 08:53:53 INFO  http-nio-0.0.0.0-88-exec-5 p6spy 2022-03-08 08:53:53 | 耗时 2 ms | SQL 语句：
SELECT device_id, acnum, nickname, warn_amount, max_amount, secret_key, valid_days, use_lock, lock_info, created_time, cur_fm_status, future_fm_status, flow, flow_detail, is_russia, error_code, error_message, fm_event, frank_machine_id, post_office, tax_version, tax_is_update, updated_time, user_id FROM t_device WHERE (cur_fm_status > -1) ORDER BY device_id DESC LIMIT 0,10;
2022-03-08 08:53:58 INFO  http-nio-0.0.0.0-88-exec-10 p6spy 2022-03-08 08:53:58 | 耗时 145 ms | SQL 语句：
SELECT COUNT(1) FROM ( SELECT code,name,enable,created_time,current,consolidate,updated_time,modified,balance_modified FROM rcs_contract ) TOTAL;
2022-03-08 08:53:58 INFO  http-nio-0.0.0.0-88-exec-10 p6spy 2022-03-08 08:53:58 | 耗时 0 ms | SQL 语句：
SELECT code,name,enable,created_time,current,consolidate,updated_time,modified,balance_modified FROM rcs_contract LIMIT 0,10;
2022-03-08 09:53:24 INFO  SessionValidationThread-1 org.apache.shiro.session.mgt.AbstractValidatingSessionManager Validating all active sessions...
2022-03-08 09:53:24 INFO  SessionValidationThread-1 org.apache.shiro.session.mgt.AbstractValidatingSessionManager Finished session validation.  No sessions were stopped.
2022-03-08 09:59:53 INFO  http-nio-0.0.0.0-88-exec-7 cc.mrbird.febs.common.websocket.WebSocketServer 用户退出:8,当前在线人数为:0
2022-03-08 09:59:53 INFO  http-nio-0.0.0.0-88-exec-5 cc.mrbird.febs.common.license.LicenseVerifyUtils 开始校验
2022-03-08 09:59:53 INFO  http-nio-0.0.0.0-88-exec-5 cc.mrbird.febs.common.license.CustomLicenseManager serverInfos不为null = LicenseCheckModel{ipAddress=[192.168.2.119], macAddress=[38-D5-47-AB-24-C0], cpuSerial='BFEBFBFF000306C3', mainBoardSerial='160881918021870'}
2022-03-08 09:59:53 INFO  http-nio-0.0.0.0-88-exec-5 cc.mrbird.febs.common.license.LicenseVerifyUtils 证书校验通过，证书有效期：2022-01-27 00:00:00 - 2026-04-01 00:00:00
2022-03-08 09:59:53 INFO  http-nio-0.0.0.0-88-exec-5 p6spy 2022-03-08 09:59:53 | 耗时 1 ms | SQL 语句：
SELECT r.* FROM t_role r LEFT JOIN t_user_role ur ON (r.role_id = ur.role_id) LEFT JOIN t_user u ON (u.user_id = ur.user_id) WHERE u.username = 'admin';
2022-03-08 09:59:53 INFO  http-nio-0.0.0.0-88-exec-5 p6spy 2022-03-08 09:59:53 | 耗时 1 ms | SQL 语句：
SELECT m.perms FROM t_role r LEFT JOIN t_user_role ur ON (r.role_id = ur.role_id) LEFT JOIN t_user u ON (u.user_id = ur.user_id) LEFT JOIN t_role_menu rm ON (rm.role_id = r.role_id) LEFT JOIN t_menu m ON (m.menu_id = rm.menu_id) WHERE u.username = 'admin' AND m.perms is not null AND m.perms <> '';
2022-03-08 09:59:53 INFO  http-nio-0.0.0.0-88-exec-5 p6spy 2022-03-08 09:59:53 | 耗时 1 ms | SQL 语句：
SELECT u.user_id userId, u.username, u.realname, u.parent_id, u.email, u.mobile, u.password, u.status, u.create_time createTime, u.ssex sex, u.dept_id deptId, u.last_login_time lastLoginTime, u.modify_time modifyTime, u.description, u.avatar, u.theme, u.is_tab isTab, d.dept_name deptName, GROUP_CONCAT(r.role_id) roleId, GROUP_CONCAT(r.ROLE_NAME) roleName FROM t_user u LEFT JOIN t_dept d ON (u.dept_id = d.dept_id) LEFT JOIN t_user_role ur ON (u.user_id = ur.user_id) LEFT JOIN t_role r ON r.role_id = ur.role_id WHERE 1=1 AND u.username = 'admin' GROUP BY u.username, u.realname, u.parent_id, u.user_id, u.email, u.mobile, u.password, u.status, u.create_time, u.ssex, u.dept_id, u.last_login_time, u.modify_time, u.description, u.avatar, u.theme, u.is_tab Limit 1;
2022-03-08 09:59:53 INFO  http-nio-0.0.0.0-88-exec-5 p6spy 2022-03-08 09:59:53 | 耗时 1 ms | SQL 语句：
SELECT COUNT( 1 ) FROM t_notice WHERE (user_id = 8 AND is_read = '0');
2022-03-08 09:59:54 INFO  http-nio-0.0.0.0-88-exec-1 cc.mrbird.febs.common.websocket.WebSocketServer 生产环境的websocket配置 cc.mrbird.febs.common.websocket.WebSocketServer@47f4bca0
2022-03-08 09:59:54 INFO  http-nio-0.0.0.0-88-exec-1 cc.mrbird.febs.common.websocket.WebSocketServer 连接用户的id:8,当前在线人数为:1
2022-03-08 09:59:54 INFO  http-nio-0.0.0.0-88-exec-1 cc.mrbird.febs.common.websocket.WebSocketServer 发送消息到:8，报文:连接成功
2022-03-08 09:59:54 INFO  http-nio-0.0.0.0-88-exec-1 cc.mrbird.febs.common.websocket.WebSocketServer websocket session = org.apache.tomcat.websocket.WsSession@84adee6
2022-03-08 09:59:54 INFO  http-nio-0.0.0.0-88-exec-6 p6spy 2022-03-08 09:59:54 | 耗时 6 ms | SQL 语句：
SELECT m.* FROM t_menu m WHERE m.type <> 1 AND m.MENU_ID IN ( SELECT DISTINCT rm.menu_id FROM t_role_menu rm LEFT JOIN t_role r ON (rm.role_id = r.role_id) LEFT JOIN t_user_role ur ON (ur.role_id = r.role_id) LEFT JOIN t_user u ON (u.user_id = ur.user_id) WHERE u.username = 'admin' ) ORDER BY m.order_num;
2022-03-08 09:59:54 INFO  http-nio-0.0.0.0-88-exec-2 p6spy 2022-03-08 09:59:54 | 耗时 1 ms | SQL 语句：
select count(1) from t_login_log;
2022-03-08 09:59:54 INFO  http-nio-0.0.0.0-88-exec-2 p6spy 2022-03-08 09:59:54 | 耗时 0 ms | SQL 语句：
SELECT count(1) FROM t_login_log WHERE login_time between CURDATE() and DATE_ADD(CURDATE(), INTERVAL 1 DAY);
2022-03-08 09:59:54 INFO  http-nio-0.0.0.0-88-exec-2 p6spy 2022-03-08 09:59:54 | 耗时 0 ms | SQL 语句：
SELECT count(DISTINCT(ip)) FROM t_login_log WHERE login_time between CURDATE() and DATE_ADD(CURDATE(), INTERVAL 1 DAY);
2022-03-08 09:59:54 INFO  http-nio-0.0.0.0-88-exec-2 p6spy 2022-03-08 09:59:54 | 耗时 1 ms | SQL 语句：
select date_format(l.login_time, '%m-%d') days, count(1) count from ( select * from t_login_log where date_sub(curdate(), interval 10 day) <= date(login_time) ) as l where 1 = 1 group by days;
2022-03-08 09:59:54 INFO  Febs-Async-Thread-2 p6spy 2022-03-08 09:59:54 | 耗时 7 ms | SQL 语句：
UPDATE t_user SET LAST_LOGIN_TIME='2022-03-08T09:59:54.878+0800' WHERE (USERNAME = 'admin');
2022-03-08 09:59:54 INFO  http-nio-0.0.0.0-88-exec-2 p6spy 2022-03-08 09:59:54 | 耗时 3 ms | SQL 语句：
select date_format(l.login_time, '%m-%d') days, count(1) count from ( select * from t_login_log where date_sub(curdate(), interval 10 day) <= date(login_time) ) as l where 1 = 1 and l.username = 'admin' group by days;
2022-03-08 09:59:56 INFO  http-nio-0.0.0.0-88-exec-7 cc.mrbird.febs.common.websocket.WebSocketServer 用户退出:8,当前在线人数为:0
2022-03-08 09:59:56 INFO  http-nio-0.0.0.0-88-exec-5 cc.mrbird.febs.common.license.LicenseVerifyUtils 开始校验
2022-03-08 09:59:56 INFO  http-nio-0.0.0.0-88-exec-5 cc.mrbird.febs.common.license.CustomLicenseManager serverInfos不为null = LicenseCheckModel{ipAddress=[192.168.2.119], macAddress=[38-D5-47-AB-24-C0], cpuSerial='BFEBFBFF000306C3', mainBoardSerial='160881918021870'}
2022-03-08 09:59:56 INFO  http-nio-0.0.0.0-88-exec-5 cc.mrbird.febs.common.license.LicenseVerifyUtils 证书校验通过，证书有效期：2022-01-27 00:00:00 - 2026-04-01 00:00:00
2022-03-08 09:59:56 INFO  http-nio-0.0.0.0-88-exec-5 p6spy 2022-03-08 09:59:56 | 耗时 37 ms | SQL 语句：
SELECT r.* FROM t_role r LEFT JOIN t_user_role ur ON (r.role_id = ur.role_id) LEFT JOIN t_user u ON (u.user_id = ur.user_id) WHERE u.username = 'admin';
2022-03-08 09:59:56 INFO  http-nio-0.0.0.0-88-exec-5 p6spy 2022-03-08 09:59:56 | 耗时 17 ms | SQL 语句：
SELECT m.perms FROM t_role r LEFT JOIN t_user_role ur ON (r.role_id = ur.role_id) LEFT JOIN t_user u ON (u.user_id = ur.user_id) LEFT JOIN t_role_menu rm ON (rm.role_id = r.role_id) LEFT JOIN t_menu m ON (m.menu_id = rm.menu_id) WHERE u.username = 'admin' AND m.perms is not null AND m.perms <> '';
2022-03-08 09:59:56 INFO  http-nio-0.0.0.0-88-exec-5 p6spy 2022-03-08 09:59:56 | 耗时 1 ms | SQL 语句：
SELECT u.user_id userId, u.username, u.realname, u.parent_id, u.email, u.mobile, u.password, u.status, u.create_time createTime, u.ssex sex, u.dept_id deptId, u.last_login_time lastLoginTime, u.modify_time modifyTime, u.description, u.avatar, u.theme, u.is_tab isTab, d.dept_name deptName, GROUP_CONCAT(r.role_id) roleId, GROUP_CONCAT(r.ROLE_NAME) roleName FROM t_user u LEFT JOIN t_dept d ON (u.dept_id = d.dept_id) LEFT JOIN t_user_role ur ON (u.user_id = ur.user_id) LEFT JOIN t_role r ON r.role_id = ur.role_id WHERE 1=1 AND u.username = 'admin' GROUP BY u.username, u.realname, u.parent_id, u.user_id, u.email, u.mobile, u.password, u.status, u.create_time, u.ssex, u.dept_id, u.last_login_time, u.modify_time, u.description, u.avatar, u.theme, u.is_tab Limit 1;
2022-03-08 09:59:56 INFO  http-nio-0.0.0.0-88-exec-5 p6spy 2022-03-08 09:59:56 | 耗时 0 ms | SQL 语句：
SELECT COUNT( 1 ) FROM t_notice WHERE (user_id = 8 AND is_read = '0');
2022-03-08 09:59:57 INFO  http-nio-0.0.0.0-88-exec-6 cc.mrbird.febs.common.websocket.WebSocketServer 生产环境的websocket配置 cc.mrbird.febs.common.websocket.WebSocketServer@38e1f5aa
2022-03-08 09:59:57 INFO  http-nio-0.0.0.0-88-exec-6 cc.mrbird.febs.common.websocket.WebSocketServer 连接用户的id:8,当前在线人数为:1
2022-03-08 09:59:57 INFO  http-nio-0.0.0.0-88-exec-6 cc.mrbird.febs.common.websocket.WebSocketServer 发送消息到:8，报文:连接成功
2022-03-08 09:59:57 INFO  http-nio-0.0.0.0-88-exec-6 cc.mrbird.febs.common.websocket.WebSocketServer websocket session = org.apache.tomcat.websocket.WsSession@6b622884
2022-03-08 09:59:57 INFO  http-nio-0.0.0.0-88-exec-3 p6spy 2022-03-08 09:59:57 | 耗时 2 ms | SQL 语句：
SELECT m.* FROM t_menu m WHERE m.type <> 1 AND m.MENU_ID IN ( SELECT DISTINCT rm.menu_id FROM t_role_menu rm LEFT JOIN t_role r ON (rm.role_id = r.role_id) LEFT JOIN t_user_role ur ON (ur.role_id = r.role_id) LEFT JOIN t_user u ON (u.user_id = ur.user_id) WHERE u.username = 'admin' ) ORDER BY m.order_num;
2022-03-08 09:59:57 INFO  http-nio-0.0.0.0-88-exec-9 p6spy 2022-03-08 09:59:57 | 耗时 0 ms | SQL 语句：
select count(1) from t_login_log;
2022-03-08 09:59:57 INFO  http-nio-0.0.0.0-88-exec-9 p6spy 2022-03-08 09:59:57 | 耗时 1 ms | SQL 语句：
SELECT count(1) FROM t_login_log WHERE login_time between CURDATE() and DATE_ADD(CURDATE(), INTERVAL 1 DAY);
2022-03-08 09:59:57 INFO  http-nio-0.0.0.0-88-exec-9 p6spy 2022-03-08 09:59:57 | 耗时 0 ms | SQL 语句：
SELECT count(DISTINCT(ip)) FROM t_login_log WHERE login_time between CURDATE() and DATE_ADD(CURDATE(), INTERVAL 1 DAY);
2022-03-08 09:59:57 INFO  http-nio-0.0.0.0-88-exec-9 p6spy 2022-03-08 09:59:57 | 耗时 0 ms | SQL 语句：
select date_format(l.login_time, '%m-%d') days, count(1) count from ( select * from t_login_log where date_sub(curdate(), interval 10 day) <= date(login_time) ) as l where 1 = 1 group by days;
2022-03-08 09:59:57 INFO  http-nio-0.0.0.0-88-exec-9 p6spy 2022-03-08 09:59:57 | 耗时 4 ms | SQL 语句：
select date_format(l.login_time, '%m-%d') days, count(1) count from ( select * from t_login_log where date_sub(curdate(), interval 10 day) <= date(login_time) ) as l where 1 = 1 and l.username = 'admin' group by days;
2022-03-08 09:59:57 INFO  Febs-Async-Thread-3 p6spy 2022-03-08 09:59:57 | 耗时 12 ms | SQL 语句：
UPDATE t_user SET LAST_LOGIN_TIME='2022-03-08T09:59:57.356+0800' WHERE (USERNAME = 'admin');
2022-03-08 09:59:58 INFO  http-nio-0.0.0.0-88-exec-10 p6spy 2022-03-08 09:59:58 | 耗时 0 ms | SQL 语句：
SELECT r.* FROM t_role r LEFT JOIN t_user_role ur ON (r.role_id = ur.role_id) LEFT JOIN t_user u ON (u.user_id = ur.user_id) WHERE u.username = 'admin';
2022-03-08 09:59:58 INFO  http-nio-0.0.0.0-88-exec-10 p6spy 2022-03-08 09:59:58 | 耗时 1 ms | SQL 语句：
SELECT m.perms FROM t_role r LEFT JOIN t_user_role ur ON (r.role_id = ur.role_id) LEFT JOIN t_user u ON (u.user_id = ur.user_id) LEFT JOIN t_role_menu rm ON (rm.role_id = r.role_id) LEFT JOIN t_menu m ON (m.menu_id = rm.menu_id) WHERE u.username = 'admin' AND m.perms is not null AND m.perms <> '';
2022-03-08 09:59:59 INFO  http-nio-0.0.0.0-88-exec-7 p6spy 2022-03-08 09:59:59 | 耗时 40 ms | SQL 语句：
SELECT MENU_ID,PARENT_ID,MENU_CHINESE_NAME,MENU_RUSSIAN_NAME,MENU_ENGLISH_NAME,URL,PERMS,ICON,TYPE,ORDER_NUM,CREATE_TIME,MODIFY_TIME FROM t_menu ORDER BY ORDER_NUM ASC;
2022-03-08 09:59:59 INFO  http-nio-0.0.0.0-88-exec-5 p6spy 2022-03-08 09:59:59 | 耗时 118 ms | SQL 语句：
SELECT COUNT(1) FROM t_role r WHERE 1 = 1;
2022-03-08 09:59:59 INFO  http-nio-0.0.0.0-88-exec-5 p6spy 2022-03-08 09:59:59 | 耗时 1 ms | SQL 语句：
SELECT r.role_id roleId, r.role_name roleName, r.remark, r.create_time createTime, r.modify_time modifyTime, GROUP_CONCAT(rm.menu_id) menuIds FROM t_role r LEFT JOIN t_role_menu rm ON (r.role_id = rm.role_id) WHERE 1 = 1 GROUP BY r.role_id ORDER BY createTime DESC LIMIT 0,10;
2022-03-08 10:00:00 INFO  http-nio-0.0.0.0-88-exec-9 p6spy 2022-03-08 10:00:00 | 耗时 1 ms | SQL 语句：
SELECT MENU_ID,PARENT_ID,MENU_CHINESE_NAME,MENU_RUSSIAN_NAME,MENU_ENGLISH_NAME,URL,PERMS,ICON,TYPE,ORDER_NUM,CREATE_TIME,MODIFY_TIME FROM t_menu ORDER BY ORDER_NUM ASC;
2022-03-08 10:00:02 INFO  http-nio-0.0.0.0-88-exec-10 p6spy 2022-03-08 10:00:02 | 耗时 0 ms | SQL 语句：
SELECT DEPT_ID,PARENT_ID,DEPT_NAME,ORDER_NUM,CREATE_TIME,MODIFY_TIME FROM t_dept ORDER BY ORDER_NUM ASC;
2022-03-08 10:00:03 INFO  http-nio-0.0.0.0-88-exec-1 p6spy 2022-03-08 10:00:03 | 耗时 1 ms | SQL 语句：
SELECT DEPT_ID,PARENT_ID,DEPT_NAME,ORDER_NUM,CREATE_TIME,MODIFY_TIME FROM t_dept;
2022-03-08 10:00:03 INFO  http-nio-0.0.0.0-88-exec-3 cc.mrbird.febs.system.service.impl.UserServiceImpl 用户查询信息User(userId=8, username=null, password=null, realname=null, parentId=null, deptId=null, email=null, mobile=null, status=null, createTime=null, modifyTime=null, lastLoginTime=null, sex=null, avatar=null, theme=null, isTab=null, description=null, deptName=null, createTimeFrom=null, createTimeTo=null, roleId=1, roleName=null, deptIds=null)
2022-03-08 10:00:03 INFO  http-nio-0.0.0.0-88-exec-3 p6spy 2022-03-08 10:00:03 | 耗时 0 ms | SQL 语句：
SELECT COUNT(1) FROM t_user u WHERE 1 = 1 AND u.username != 'gszh2020';
2022-03-08 10:00:03 INFO  http-nio-0.0.0.0-88-exec-3 p6spy 2022-03-08 10:00:03 | 耗时 1 ms | SQL 语句：
SELECT u.user_id userId, u.username, u.realname, u.parent_id, u.email, u.mobile, u.status, u.create_time createTime, u.ssex sex, u.dept_id deptId, u.last_login_time lastLoginTime, u.modify_time modifyTime, u.description, u.avatar, d.dept_name deptName, GROUP_CONCAT(r.role_id) roleId, GROUP_CONCAT(r.ROLE_NAME) roleName FROM t_user u LEFT JOIN t_dept d ON (u.dept_id = d.dept_id) LEFT JOIN t_user_role ur ON (u.user_id = ur.user_id) LEFT JOIN t_role r ON r.role_id = ur.role_id WHERE 1 = 1 AND u.username != 'gszh2020' GROUP BY u.username, u.user_id, u.realname, u.parent_id, u.email, u.mobile, u.status, u.create_time, u.ssex, u.dept_id, u.last_login_time, u.modify_time, u.description, u.avatar ORDER BY userId ASC LIMIT 0,10;
2022-03-08 10:00:05 INFO  http-nio-0.0.0.0-88-exec-5 cc.mrbird.febs.order.controller.OrderController 请求订单列表
2022-03-08 10:00:05 INFO  http-nio-0.0.0.0-88-exec-5 p6spy 2022-03-08 10:00:05 | 耗时 84 ms | SQL 语句：
SELECT COUNT(1) FROM ( SELECT o.*, d.nickname, u1.realname AS applyUserName, u2.realname AS auditUserName, u3.realname AS closeUserName FROM t_order o LEFT JOIN t_device d ON (d.device_id = o.device_id) LEFT JOIN t_user u1 ON (u1.user_id = o.apply_user_id) LEFT JOIN t_user u2 ON (u2.user_id = o.audit_user_id) LEFT JOIN t_user u3 ON (u3.user_id = o.close_user_id) WHERE 1 = 1 GROUP BY o.order_id ) TOTAL;
2022-03-08 10:00:05 INFO  http-nio-0.0.0.0-88-exec-5 p6spy 2022-03-08 10:00:05 | 耗时 1 ms | SQL 语句：
SELECT o.*, d.nickname, u1.realname AS applyUserName, u2.realname AS auditUserName, u3.realname AS closeUserName FROM t_order o LEFT JOIN t_device d ON (d.device_id = o.device_id) LEFT JOIN t_user u1 ON (u1.user_id = o.apply_user_id) LEFT JOIN t_user u2 ON (u2.user_id = o.audit_user_id) LEFT JOIN t_user u3 ON (u3.user_id = o.close_user_id) WHERE 1 = 1 GROUP BY o.order_id ORDER BY order_id DESC LIMIT 0,10;
2022-03-08 10:00:08 INFO  http-nio-0.0.0.0-88-exec-6 p6spy 2022-03-08 10:00:08 | 耗时 25 ms | SQL 语句：
SELECT COUNT(1) FROM ( SELECT a.*, d.acnum, u1.realname AS auditRealName, u2.realname AS submitRealName FROM t_audit a LEFT JOIN t_device d ON (d.device_id = a.device_id) LEFT JOIN t_user u1 ON (u1.user_id = a.user_id) LEFT JOIN t_user u2 ON (u2.user_id = a.f_user_id) WHERE 1 = 1 GROUP BY a.audit_id ) TOTAL;
2022-03-08 10:00:08 INFO  http-nio-0.0.0.0-88-exec-6 p6spy 2022-03-08 10:00:08 | 耗时 1 ms | SQL 语句：
SELECT a.*, d.acnum, u1.realname AS auditRealName, u2.realname AS submitRealName FROM t_audit a LEFT JOIN t_device d ON (d.device_id = a.device_id) LEFT JOIN t_user u1 ON (u1.user_id = a.user_id) LEFT JOIN t_user u2 ON (u2.user_id = a.f_user_id) WHERE 1 = 1 GROUP BY a.audit_id ORDER BY audit_id DESC LIMIT 0,10;
2022-03-08 10:00:10 INFO  http-nio-0.0.0.0-88-exec-2 cc.mrbird.febs.device.controller.DeviceController request = QueryRequest(pageSize=10, pageNum=1, field=null, order=null) device = Device(deviceId=null, acnum=null, nickname=null, warnAmount=null, maxAmount=null, secretKey=null, validDays=null, useLock=null, lockInfo=null, createdTime=null, isOnline=0, curFmStatus=null, futureFmStatus=null, flow=null, flowDetail=null, isRussia=null, errorCode=null, errorMessage=null, fmEvent=null, frankMachineId=null, postOffice=null, taxVersion=null, taxIsUpdate=null, updatedTime=null, userId=null)
2022-03-08 10:00:10 INFO  http-nio-0.0.0.0-88-exec-2 p6spy 2022-03-08 10:00:10 | 耗时 18 ms | SQL 语句：
SELECT COUNT(1) FROM t_device WHERE (cur_fm_status > -1);
2022-03-08 10:00:10 INFO  http-nio-0.0.0.0-88-exec-2 p6spy 2022-03-08 10:00:10 | 耗时 1 ms | SQL 语句：
SELECT device_id, acnum, nickname, warn_amount, max_amount, secret_key, valid_days, use_lock, lock_info, created_time, cur_fm_status, future_fm_status, flow, flow_detail, is_russia, error_code, error_message, fm_event, frank_machine_id, post_office, tax_version, tax_is_update, updated_time, user_id FROM t_device WHERE (cur_fm_status > -1) ORDER BY device_id DESC LIMIT 0,10;
2022-03-08 10:00:14 INFO  http-nio-0.0.0.0-88-exec-3 p6spy 2022-03-08 10:00:14 | 耗时 79 ms | SQL 语句：
SELECT COUNT(1) FROM ( SELECT code,name,enable,created_time,current,consolidate,updated_time,modified,balance_modified FROM rcs_contract ) TOTAL;
2022-03-08 10:00:14 INFO  http-nio-0.0.0.0-88-exec-3 p6spy 2022-03-08 10:00:14 | 耗时 0 ms | SQL 语句：
SELECT code,name,enable,created_time,current,consolidate,updated_time,modified,balance_modified FROM rcs_contract LIMIT 0,10;
2022-03-08 10:00:16 INFO  http-nio-0.0.0.0-88-exec-8 p6spy 2022-03-08 10:00:16 | 耗时 305 ms | SQL 语句：
SELECT COUNT(1) FROM rcs_print_job WHERE (type = 2);
2022-03-08 10:00:22 INFO  http-nio-0.0.0.0-88-exec-9 p6spy 2022-03-08 10:00:22 | 耗时 33 ms | SQL 语句：
SELECT COUNT(1) FROM t_job;
2022-03-08 10:00:22 INFO  http-nio-0.0.0.0-88-exec-9 p6spy 2022-03-08 10:00:22 | 耗时 0 ms | SQL 语句：
SELECT JOB_ID, bean_name, method_name, params, cron_expression, status, remark, create_time FROM t_job ORDER BY create_time DESC LIMIT 0,10;
2022-03-08 10:00:23 INFO  http-nio-0.0.0.0-88-exec-6 p6spy 2022-03-08 10:00:23 | 耗时 25 ms | SQL 语句：
SELECT COUNT(1) FROM t_job_log;
2022-03-08 10:00:28 INFO  http-nio-0.0.0.0-88-exec-4 p6spy 2022-03-08 10:00:28 | 耗时 40 ms | SQL 语句：
SELECT ID,author,base_package,entity_package,mapper_package,mapper_xml_package,service_package,service_impl_package,controller_package,is_trim,trim_value FROM t_generator_config;
2022-03-08 10:00:30 INFO  http-nio-0.0.0.0-88-exec-3 p6spy 2022-03-08 10:00:30 | 耗时 93 ms | SQL 语句：
SELECT COUNT(1) FROM information_schema.TABLES WHERE TABLE_SCHEMA = NULL;
2022-03-08 10:53:24 INFO  SessionValidationThread-1 org.apache.shiro.session.mgt.AbstractValidatingSessionManager Validating all active sessions...
2022-03-08 10:53:24 INFO  SessionValidationThread-1 org.apache.shiro.session.mgt.AbstractValidatingSessionManager Finished session validation.  No sessions were stopped.
2022-03-08 11:53:24 INFO  SessionValidationThread-1 org.apache.shiro.session.mgt.AbstractValidatingSessionManager Validating all active sessions...
2022-03-08 11:53:24 INFO  SessionValidationThread-1 org.apache.shiro.session.mgt.AbstractValidatingSessionManager Finished session validation.  No sessions were stopped.
2022-03-08 12:53:24 INFO  SessionValidationThread-1 org.apache.shiro.session.mgt.AbstractValidatingSessionManager Validating all active sessions...
2022-03-08 12:53:24 INFO  SessionValidationThread-1 org.apache.shiro.session.mgt.AbstractValidatingSessionManager Finished session validation.  No sessions were stopped.
2022-03-08 13:24:18 INFO  http-nio-0.0.0.0-88-exec-2 p6spy 2022-03-08 13:24:18 | 耗时 37 ms | SQL 语句：
SELECT r.* FROM t_role r LEFT JOIN t_user_role ur ON (r.role_id = ur.role_id) LEFT JOIN t_user u ON (u.user_id = ur.user_id) WHERE u.username = 'admin';
2022-03-08 13:24:18 INFO  http-nio-0.0.0.0-88-exec-2 p6spy 2022-03-08 13:24:18 | 耗时 2 ms | SQL 语句：
SELECT m.perms FROM t_role r LEFT JOIN t_user_role ur ON (r.role_id = ur.role_id) LEFT JOIN t_user u ON (u.user_id = ur.user_id) LEFT JOIN t_role_menu rm ON (rm.role_id = r.role_id) LEFT JOIN t_menu m ON (m.menu_id = rm.menu_id) WHERE u.username = 'admin' AND m.perms is not null AND m.perms <> '';
2022-03-08 13:24:18 INFO  http-nio-0.0.0.0-88-exec-3 p6spy 2022-03-08 13:24:18 | 耗时 2 ms | SQL 语句：
SELECT MENU_ID,PARENT_ID,MENU_CHINESE_NAME,MENU_RUSSIAN_NAME,MENU_ENGLISH_NAME,URL,PERMS,ICON,TYPE,ORDER_NUM,CREATE_TIME,MODIFY_TIME FROM t_menu ORDER BY ORDER_NUM ASC;
2022-03-08 13:24:18 INFO  http-nio-0.0.0.0-88-exec-1 p6spy 2022-03-08 13:24:18 | 耗时 76 ms | SQL 语句：
SELECT COUNT(1) FROM t_role r WHERE 1 = 1;
2022-03-08 13:24:18 INFO  http-nio-0.0.0.0-88-exec-1 p6spy 2022-03-08 13:24:18 | 耗时 1 ms | SQL 语句：
SELECT r.role_id roleId, r.role_name roleName, r.remark, r.create_time createTime, r.modify_time modifyTime, GROUP_CONCAT(rm.menu_id) menuIds FROM t_role r LEFT JOIN t_role_menu rm ON (r.role_id = rm.role_id) WHERE 1 = 1 GROUP BY r.role_id ORDER BY createTime DESC LIMIT 0,10;
2022-03-08 13:24:22 INFO  http-nio-0.0.0.0-88-exec-8 p6spy 2022-03-08 13:24:22 | 耗时 1 ms | SQL 语句：
SELECT MENU_ID,PARENT_ID,MENU_CHINESE_NAME,MENU_RUSSIAN_NAME,MENU_ENGLISH_NAME,URL,PERMS,ICON,TYPE,ORDER_NUM,CREATE_TIME,MODIFY_TIME FROM t_menu ORDER BY ORDER_NUM ASC;
2022-03-08 13:53:24 INFO  SessionValidationThread-1 org.apache.shiro.session.mgt.AbstractValidatingSessionManager Validating all active sessions...
2022-03-08 13:53:24 INFO  SessionValidationThread-1 org.apache.shiro.session.mgt.AbstractValidatingSessionManager Finished session validation.  No sessions were stopped.
2022-03-08 14:53:24 INFO  SessionValidationThread-1 org.apache.shiro.session.mgt.AbstractValidatingSessionManager Validating all active sessions...
2022-03-08 14:53:24 INFO  SessionValidationThread-1 org.apache.shiro.session.mgt.AbstractValidatingSessionManager Finished session validation.  No sessions were stopped.
2022-03-08 15:33:31 INFO  http-nio-0.0.0.0-88-exec-4 p6spy 2022-03-08 15:33:31 | 耗时 14 ms | SQL 语句：
SELECT r.* FROM t_role r LEFT JOIN t_user_role ur ON (r.role_id = ur.role_id) LEFT JOIN t_user u ON (u.user_id = ur.user_id) WHERE u.username = 'admin';
2022-03-08 15:33:31 INFO  http-nio-0.0.0.0-88-exec-4 p6spy 2022-03-08 15:33:31 | 耗时 1 ms | SQL 语句：
SELECT m.perms FROM t_role r LEFT JOIN t_user_role ur ON (r.role_id = ur.role_id) LEFT JOIN t_user u ON (u.user_id = ur.user_id) LEFT JOIN t_role_menu rm ON (rm.role_id = r.role_id) LEFT JOIN t_menu m ON (m.menu_id = rm.menu_id) WHERE u.username = 'admin' AND m.perms is not null AND m.perms <> '';
2022-03-08 15:33:31 INFO  http-nio-0.0.0.0-88-exec-6 p6spy 2022-03-08 15:33:31 | 耗时 2 ms | SQL 语句：
SELECT MENU_ID,PARENT_ID,MENU_CHINESE_NAME,MENU_RUSSIAN_NAME,MENU_ENGLISH_NAME,URL,PERMS,ICON,TYPE,ORDER_NUM,CREATE_TIME,MODIFY_TIME FROM t_menu ORDER BY ORDER_NUM ASC;
2022-03-08 15:33:31 INFO  http-nio-0.0.0.0-88-exec-10 p6spy 2022-03-08 15:33:31 | 耗时 56 ms | SQL 语句：
SELECT COUNT(1) FROM t_role r WHERE 1 = 1;
2022-03-08 15:33:31 INFO  http-nio-0.0.0.0-88-exec-10 p6spy 2022-03-08 15:33:31 | 耗时 2 ms | SQL 语句：
SELECT r.role_id roleId, r.role_name roleName, r.remark, r.create_time createTime, r.modify_time modifyTime, GROUP_CONCAT(rm.menu_id) menuIds FROM t_role r LEFT JOIN t_role_menu rm ON (r.role_id = rm.role_id) WHERE 1 = 1 GROUP BY r.role_id ORDER BY createTime DESC LIMIT 0,10;
2022-03-08 15:33:31 INFO  http-nio-0.0.0.0-88-exec-2 p6spy 2022-03-08 15:33:31 | 耗时 2 ms | SQL 语句：
SELECT MENU_ID,PARENT_ID,MENU_CHINESE_NAME,MENU_RUSSIAN_NAME,MENU_ENGLISH_NAME,URL,PERMS,ICON,TYPE,ORDER_NUM,CREATE_TIME,MODIFY_TIME FROM t_menu ORDER BY ORDER_NUM ASC;
2022-03-08 15:53:24 INFO  SessionValidationThread-1 org.apache.shiro.session.mgt.AbstractValidatingSessionManager Validating all active sessions...
2022-03-08 15:53:24 INFO  SessionValidationThread-1 org.apache.shiro.session.mgt.AbstractValidatingSessionManager Finished session validation.  No sessions were stopped.
2022-03-08 16:53:24 INFO  SessionValidationThread-1 org.apache.shiro.session.mgt.AbstractValidatingSessionManager Validating all active sessions...
2022-03-08 16:53:24 INFO  SessionValidationThread-1 org.apache.shiro.session.mgt.AbstractValidatingSessionManager Finished session validation.  No sessions were stopped.
2022-03-08 17:21:23 INFO  http-nio-0.0.0.0-88-exec-9 cc.mrbird.febs.common.websocket.WebSocketServer 用户退出:8,当前在线人数为:0
