2022-03-16 09:32:40 ERROR nioEventLoopGroup-6-1 cc.mrbird.febs.common.netty.NettyServerHandler 客户端【6a00ba8e】终止连接服务器
2022-03-16 09:33:53 ERROR nioEventLoopGroup-6-2 cc.mrbird.febs.common.netty.NettyServerHandler 客户端【fc340135】终止连接服务器
2022-03-16 09:36:25 ERROR nioEventLoopGroup-6-3 cc.mrbird.febs.common.netty.NettyServerHandler 客户端【91178e25】终止连接服务器
2022-03-16 09:40:02 ERROR nioEventLoopGroup-6-4 cc.mrbird.febs.common.netty.NettyServerHandler 客户端【639d9003】终止连接服务器
2022-03-16 09:50:56 ERROR nioEventLoopGroup-6-1 cc.mrbird.febs.common.netty.NettyServerHandler 客户端【ac86a1e5】终止连接服务器
2022-03-16 09:51:24 ERROR nioEventLoopGroup-6-2 cc.mrbird.febs.common.netty.NettyServerHandler 客户端【8c795e4e】终止连接服务器
2022-03-16 09:55:43 ERROR nioEventLoopGroup-6-3 cc.mrbird.febs.common.netty.NettyServerHandler 客户端【f379b597】终止连接服务器
2022-03-16 13:05:35 ERROR nioEventLoopGroup-6-4 cc.mrbird.febs.common.netty.NettyServerHandler 客户端【83ec0f79】终止连接服务器
2022-03-16 13:08:58 ERROR nioEventLoopGroup-6-5 cc.mrbird.febs.common.netty.NettyServerHandler 客户端【b54ddb2b】终止连接服务器
2022-03-16 13:09:39 ERROR nioEventLoopGroup-6-6 cc.mrbird.febs.common.netty.NettyServerHandler 客户端【eda13179】终止连接服务器
2022-03-16 13:10:50 ERROR nioEventLoopGroup-6-7 cc.mrbird.febs.common.netty.NettyServerHandler 客户端【705ff72f】终止连接服务器
2022-03-16 13:10:50 ERROR nioEventLoopGroup-6-8 cc.mrbird.febs.common.netty.NettyServerHandler 客户端【aab26a14】终止连接服务器
2022-03-16 13:11:39 ERROR Netty-Async-Thread-7 cc.mrbird.febs.common.netty.ProtocolService ctx = ChannelHandlerContext(NettyServerHandler#0, [id: 0xef104880, L:/192.168.2.119:12800 - R:/192.168.2.119:58812]) 没有通过验证，无法使用，踢掉  当前协议0xb3,
2022-03-16 13:11:39 ERROR nioEventLoopGroup-6-2 cc.mrbird.febs.common.netty.NettyServerHandler 客户端【ef104880】终止连接服务器
2022-03-16 13:11:39 ERROR Netty-Async-Thread-8 cc.mrbird.febs.common.netty.ProtocolService ctx = ChannelHandlerContext(NettyServerHandler#0, [id: 0x8ce749d6, L:/192.168.2.119:12800 - R:/192.168.2.119:58813]) 没有通过验证，无法使用，踢掉  当前协议0xb3,
2022-03-16 13:11:39 ERROR nioEventLoopGroup-6-1 cc.mrbird.febs.common.netty.NettyServerHandler 客户端【8ce749d6】终止连接服务器
2022-03-16 13:11:40 ERROR Netty-Async-Thread-8 cc.mrbird.febs.common.utils.AESUtils 生成加密秘钥 失败：null
2022-03-16 13:11:40 ERROR Netty-Async-Thread-8 cc.mrbird.febs.common.netty.protocol.machine.CheckServicePortocol CheckServicePortocolerror info = No installed provider supports this key: (null)
2022-03-16 13:11:40 ERROR Netty-Async-Thread-7 cc.mrbird.febs.common.utils.AESUtils 生成加密秘钥 失败：null
2022-03-16 13:11:40 ERROR Netty-Async-Thread-7 cc.mrbird.febs.common.netty.protocol.machine.CheckServicePortocol CheckServicePortocolerror info = No installed provider supports this key: (null)
2022-03-16 13:11:40 ERROR Netty-Async-Thread-8 cc.mrbird.febs.common.utils.AESUtils 生成加密秘钥 失败：null
2022-03-16 13:11:40 ERROR Netty-Async-Thread-8 cc.mrbird.febs.common.utils.AESUtils AES 加密操作 失败：No installed provider supports this key: (null)
2022-03-16 13:11:40 ERROR Netty-Async-Thread-8 cc.mrbird.febs.common.netty.protocol.base.MachineToServiceProtocol 操作出错了  操作名：CheckServicePortocol：原始数据：00001 密钥：null 加密后数据：null
2022-03-16 13:11:40 ERROR Netty-Async-Thread-7 cc.mrbird.febs.common.utils.AESUtils 生成加密秘钥 失败：null
2022-03-16 13:11:40 ERROR Netty-Async-Thread-7 cc.mrbird.febs.common.utils.AESUtils AES 加密操作 失败：No installed provider supports this key: (null)
2022-03-16 13:11:40 ERROR Netty-Async-Thread-7 cc.mrbird.febs.common.netty.protocol.base.MachineToServiceProtocol 操作出错了  操作名：CheckServicePortocol：原始数据：00001 密钥：null 加密后数据：null
2022-03-16 13:12:37 ERROR Netty-Async-Thread-5 cc.mrbird.febs.common.netty.ProtocolService ctx = ChannelHandlerContext(NettyServerHandler#0, [id: 0xdac5263e, L:/192.168.2.119:12800 - R:/192.168.2.119:58870]) 没有通过验证，无法使用，踢掉  当前协议0xb3,
2022-03-16 13:12:37 ERROR nioEventLoopGroup-6-3 cc.mrbird.febs.common.netty.NettyServerHandler 客户端【dac5263e】终止连接服务器
2022-03-16 13:12:37 ERROR Netty-Async-Thread-6 cc.mrbird.febs.common.netty.ProtocolService ctx = ChannelHandlerContext(NettyServerHandler#0, [id: 0xc90c416b, L:/192.168.2.119:12800 - R:/192.168.2.119:58871]) 没有通过验证，无法使用，踢掉  当前协议0xb3,
2022-03-16 13:12:37 ERROR nioEventLoopGroup-6-4 cc.mrbird.febs.common.netty.NettyServerHandler 客户端【c90c416b】终止连接服务器
2022-03-16 13:12:37 ERROR Netty-Async-Thread-5 cc.mrbird.febs.common.utils.AESUtils 生成加密秘钥 失败：null
2022-03-16 13:12:37 ERROR Netty-Async-Thread-5 cc.mrbird.febs.common.netty.protocol.machine.CheckServicePortocol CheckServicePortocolerror info = No installed provider supports this key: (null)
2022-03-16 13:12:37 ERROR Netty-Async-Thread-5 cc.mrbird.febs.common.utils.AESUtils 生成加密秘钥 失败：null
2022-03-16 13:12:37 ERROR Netty-Async-Thread-5 cc.mrbird.febs.common.utils.AESUtils AES 加密操作 失败：No installed provider supports this key: (null)
2022-03-16 13:12:37 ERROR Netty-Async-Thread-5 cc.mrbird.febs.common.netty.protocol.base.MachineToServiceProtocol 操作出错了  操作名：CheckServicePortocol：原始数据：00001 密钥：null 加密后数据：null
2022-03-16 13:12:37 ERROR Netty-Async-Thread-6 cc.mrbird.febs.common.utils.AESUtils 生成加密秘钥 失败：null
2022-03-16 13:12:37 ERROR Netty-Async-Thread-6 cc.mrbird.febs.common.netty.protocol.machine.CheckServicePortocol CheckServicePortocolerror info = No installed provider supports this key: (null)
2022-03-16 13:12:37 ERROR Netty-Async-Thread-6 cc.mrbird.febs.common.utils.AESUtils 生成加密秘钥 失败：null
2022-03-16 13:12:37 ERROR Netty-Async-Thread-6 cc.mrbird.febs.common.utils.AESUtils AES 加密操作 失败：No installed provider supports this key: (null)
2022-03-16 13:12:37 ERROR Netty-Async-Thread-6 cc.mrbird.febs.common.netty.protocol.base.MachineToServiceProtocol 操作出错了  操作名：CheckServicePortocol：原始数据：00001 密钥：null 加密后数据：null
2022-03-16 13:15:50 ERROR Netty-Async-Thread-3 cc.mrbird.febs.common.netty.ProtocolService ctx = ChannelHandlerContext(NettyServerHandler#0, [id: 0xde8b88fe, L:/192.168.2.119:12800 - R:/192.168.2.119:59067]) 没有通过验证，无法使用，踢掉  当前协议0xb3,
2022-03-16 13:15:50 ERROR nioEventLoopGroup-6-2 cc.mrbird.febs.common.netty.NettyServerHandler 客户端【de8b88fe】终止连接服务器
2022-03-16 13:15:50 ERROR Netty-Async-Thread-4 cc.mrbird.febs.common.netty.ProtocolService ctx = ChannelHandlerContext(NettyServerHandler#0, [id: 0x95e102d3, L:/192.168.2.119:12800 - R:/192.168.2.119:59066]) 没有通过验证，无法使用，踢掉  当前协议0xb3,
2022-03-16 13:15:50 ERROR nioEventLoopGroup-6-1 cc.mrbird.febs.common.netty.NettyServerHandler 客户端【95e102d3】终止连接服务器
2022-03-16 13:15:50 ERROR Netty-Async-Thread-5 cc.mrbird.febs.common.utils.AESUtils 生成加密秘钥 失败：null
2022-03-16 13:15:50 ERROR Netty-Async-Thread-5 cc.mrbird.febs.common.netty.protocol.machine.CheckServicePortocol CheckServicePortocolerror info = No installed provider supports this key: (null)
2022-03-16 13:15:50 ERROR Netty-Async-Thread-6 cc.mrbird.febs.common.utils.AESUtils 生成加密秘钥 失败：null
2022-03-16 13:15:50 ERROR Netty-Async-Thread-6 cc.mrbird.febs.common.netty.protocol.machine.CheckServicePortocol CheckServicePortocolerror info = No installed provider supports this key: (null)
2022-03-16 13:15:50 ERROR Netty-Async-Thread-6 cc.mrbird.febs.common.utils.AESUtils 生成加密秘钥 失败：null
2022-03-16 13:15:50 ERROR Netty-Async-Thread-6 cc.mrbird.febs.common.utils.AESUtils AES 加密操作 失败：No installed provider supports this key: (null)
2022-03-16 13:15:50 ERROR Netty-Async-Thread-6 cc.mrbird.febs.common.netty.protocol.base.MachineToServiceProtocol 操作出错了  操作名：CheckServicePortocol：原始数据：00001 密钥：null 加密后数据：null
2022-03-16 13:15:50 ERROR Netty-Async-Thread-5 cc.mrbird.febs.common.utils.AESUtils 生成加密秘钥 失败：null
2022-03-16 13:15:50 ERROR Netty-Async-Thread-5 cc.mrbird.febs.common.utils.AESUtils AES 加密操作 失败：No installed provider supports this key: (null)
2022-03-16 13:15:50 ERROR Netty-Async-Thread-5 cc.mrbird.febs.common.netty.protocol.base.MachineToServiceProtocol 操作出错了  操作名：CheckServicePortocol：原始数据：00001 密钥：null 加密后数据：null
2022-03-16 13:42:07 ERROR nioEventLoopGroup-6-1 cc.mrbird.febs.common.netty.NettyServerHandler 客户端【c05a1d22】终止连接服务器
2022-03-16 13:42:17 ERROR nioEventLoopGroup-6-2 cc.mrbird.febs.common.netty.NettyServerHandler 客户端【cf204a80】终止连接服务器
2022-03-16 13:44:12 ERROR Netty-Async-Thread-4 cc.mrbird.febs.common.netty.ProtocolService ctx = ChannelHandlerContext(NettyServerHandler#0, [id: 0x18c09963, L:/192.168.2.119:12800 - R:/192.168.2.119:60113]) 没有通过验证，无法使用，踢掉  当前协议0xb3,
2022-03-16 13:44:12 ERROR nioEventLoopGroup-6-1 cc.mrbird.febs.common.netty.NettyServerHandler 客户端【18c09963】终止连接服务器
2022-03-16 13:44:12 ERROR Netty-Async-Thread-3 cc.mrbird.febs.common.netty.ProtocolService ctx = ChannelHandlerContext(NettyServerHandler#0, [id: 0xd1512b7a, L:/192.168.2.119:12800 - R:/192.168.2.119:60112]) 没有通过验证，无法使用，踢掉  当前协议0xb3,
2022-03-16 13:44:12 ERROR nioEventLoopGroup-6-2 cc.mrbird.febs.common.netty.NettyServerHandler 客户端【d1512b7a】终止连接服务器
2022-03-16 13:44:13 ERROR Netty-Async-Thread-5 cc.mrbird.febs.common.utils.AESUtils 生成加密秘钥 失败：null
2022-03-16 13:44:13 ERROR Netty-Async-Thread-6 cc.mrbird.febs.common.utils.AESUtils 生成加密秘钥 失败：null
2022-03-16 13:44:13 ERROR Netty-Async-Thread-5 cc.mrbird.febs.common.netty.protocol.machine.CheckServicePortocol CheckServicePortocolerror info = No installed provider supports this key: (null)
2022-03-16 13:44:13 ERROR Netty-Async-Thread-6 cc.mrbird.febs.common.netty.protocol.machine.CheckServicePortocol CheckServicePortocolerror info = No installed provider supports this key: (null)
2022-03-16 13:44:13 ERROR Netty-Async-Thread-5 cc.mrbird.febs.common.utils.AESUtils 生成加密秘钥 失败：null
2022-03-16 13:44:13 ERROR Netty-Async-Thread-5 cc.mrbird.febs.common.utils.AESUtils AES 加密操作 失败：No installed provider supports this key: (null)
2022-03-16 13:44:13 ERROR Netty-Async-Thread-5 cc.mrbird.febs.common.netty.protocol.base.MachineToServiceProtocol 操作出错了  操作名：CheckServicePortocol：原始数据：00001 密钥：null 加密后数据：null
2022-03-16 13:44:13 ERROR Netty-Async-Thread-6 cc.mrbird.febs.common.utils.AESUtils 生成加密秘钥 失败：null
2022-03-16 13:44:13 ERROR Netty-Async-Thread-6 cc.mrbird.febs.common.utils.AESUtils AES 加密操作 失败：No installed provider supports this key: (null)
2022-03-16 13:44:13 ERROR Netty-Async-Thread-6 cc.mrbird.febs.common.netty.protocol.base.MachineToServiceProtocol 操作出错了  操作名：CheckServicePortocol：原始数据：00001 密钥：null 加密后数据：null
2022-03-16 13:46:10 ERROR Netty-Async-Thread-2 cc.mrbird.febs.common.netty.ProtocolService ctx = ChannelHandlerContext(NettyServerHandler#0, [id: 0xcdae3d30, L:/192.168.2.119:12800 - R:/192.168.2.119:60206]) 没有通过验证，无法使用，踢掉  当前协议0xb3,
2022-03-16 13:46:10 ERROR nioEventLoopGroup-6-4 cc.mrbird.febs.common.netty.NettyServerHandler 客户端【cdae3d30】终止连接服务器
2022-03-16 13:46:10 ERROR Netty-Async-Thread-1 cc.mrbird.febs.common.netty.ProtocolService ctx = ChannelHandlerContext(NettyServerHandler#0, [id: 0xb9243573, L:/192.168.2.119:12800 - R:/192.168.2.119:60205]) 没有通过验证，无法使用，踢掉  当前协议0xb3,
2022-03-16 13:46:10 ERROR nioEventLoopGroup-6-3 cc.mrbird.febs.common.netty.NettyServerHandler 客户端【b9243573】终止连接服务器
2022-03-16 13:46:12 ERROR Netty-Async-Thread-2 cc.mrbird.febs.common.utils.AESUtils 生成加密秘钥 失败：null
2022-03-16 13:46:12 ERROR Netty-Async-Thread-2 cc.mrbird.febs.common.utils.AESUtils AES 加密操作 失败：No installed provider supports this key: (null)
2022-03-16 13:46:12 ERROR Netty-Async-Thread-1 cc.mrbird.febs.common.utils.AESUtils 生成加密秘钥 失败：null
2022-03-16 13:46:12 ERROR Netty-Async-Thread-1 cc.mrbird.febs.common.utils.AESUtils AES 加密操作 失败：No installed provider supports this key: (null)
2022-03-16 13:47:46 ERROR Netty-Async-Thread-5 cc.mrbird.febs.common.netty.ProtocolService ctx = ChannelHandlerContext(NettyServerHandler#0, [id: 0x2ddec6cd, L:/192.168.2.119:12800 - R:/192.168.2.119:60281]) 没有通过验证，无法使用，踢掉  当前协议0xb5,
2022-03-16 13:47:46 ERROR nioEventLoopGroup-6-6 cc.mrbird.febs.common.netty.NettyServerHandler 客户端【2ddec6cd】终止连接服务器
2022-03-16 13:47:46 ERROR Netty-Async-Thread-6 cc.mrbird.febs.common.netty.ProtocolService ctx = ChannelHandlerContext(NettyServerHandler#0, [id: 0x5505e0e8, L:/192.168.2.119:12800 - R:/192.168.2.119:60280]) 没有通过验证，无法使用，踢掉  当前协议0xb5,
2022-03-16 13:47:46 ERROR nioEventLoopGroup-6-5 cc.mrbird.febs.common.netty.NettyServerHandler 客户端【5505e0e8】终止连接服务器
2022-03-16 13:47:48 ERROR Netty-Async-Thread-6 cc.mrbird.febs.rcs.common.kit.DateKit 解析俄罗斯传递来的时间null
2022-03-16 13:47:48 ERROR Netty-Async-Thread-5 cc.mrbird.febs.rcs.common.kit.DateKit 解析俄罗斯传递来的时间null
2022-03-16 13:47:49 ERROR Netty-Async-Thread-6 cc.mrbird.febs.common.utils.AESUtils 生成加密秘钥 失败：null
2022-03-16 13:47:49 ERROR Netty-Async-Thread-6 cc.mrbird.febs.common.utils.AESUtils AES 加密操作 失败：No installed provider supports this key: (null)
2022-03-16 13:47:49 ERROR Netty-Async-Thread-5 cc.mrbird.febs.common.utils.AESUtils 生成加密秘钥 失败：null
2022-03-16 13:47:49 ERROR Netty-Async-Thread-5 cc.mrbird.febs.common.utils.AESUtils AES 加密操作 失败：No installed provider supports this key: (null)
2022-03-16 13:56:35 ERROR Netty-Async-Thread-3 cc.mrbird.febs.rcs.common.kit.DateKit 解析俄罗斯传递来的时间null
2022-03-16 13:56:36 ERROR Netty-Async-Thread-4 cc.mrbird.febs.rcs.common.kit.DateKit 解析俄罗斯传递来的时间null
2022-03-16 13:56:54 ERROR nioEventLoopGroup-6-7 cc.mrbird.febs.common.netty.NettyServerHandler 客户端【878ed83b】终止连接服务器
2022-03-16 13:56:54 ERROR nioEventLoopGroup-6-8 cc.mrbird.febs.common.netty.NettyServerHandler 客户端【650eaf8d】终止连接服务器
2022-03-16 14:00:22 ERROR nioEventLoopGroup-6-2 cc.mrbird.febs.common.netty.NettyServerHandler 客户端【ff8ca1a1】终止连接服务器
2022-03-16 14:00:22 ERROR nioEventLoopGroup-6-1 cc.mrbird.febs.common.netty.NettyServerHandler 客户端【24b5571a】终止连接服务器
2022-03-16 14:04:21 ERROR Netty-Async-Thread-6 cc.mrbird.febs.rcs.common.kit.DateKit 解析俄罗斯传递来的时间null
2022-03-16 14:04:21 ERROR Netty-Async-Thread-5 cc.mrbird.febs.rcs.common.kit.DateKit 解析俄罗斯传递来的时间null
2022-03-16 14:05:00 ERROR Netty-Async-Thread-3 cc.mrbird.febs.rcs.common.kit.DateKit 解析俄罗斯传递来的时间null
2022-03-16 14:05:00 ERROR Netty-Async-Thread-4 cc.mrbird.febs.rcs.common.kit.DateKit 解析俄罗斯传递来的时间null
2022-03-16 14:05:20 ERROR nioEventLoopGroup-6-4 cc.mrbird.febs.common.netty.NettyServerHandler 客户端【428df96e】终止连接服务器
2022-03-16 14:05:20 ERROR nioEventLoopGroup-6-3 cc.mrbird.febs.common.netty.NettyServerHandler 客户端【67779971】终止连接服务器
2022-03-16 14:32:42 ERROR Netty-Async-Thread-7 cc.mrbird.febs.rcs.common.kit.DateKit 解析俄罗斯传递来的时间null
2022-03-16 14:32:42 ERROR Netty-Async-Thread-8 cc.mrbird.febs.rcs.common.kit.DateKit 解析俄罗斯传递来的时间null
2022-03-16 14:33:21 ERROR Netty-Async-Thread-1 cc.mrbird.febs.rcs.common.kit.DateKit 解析俄罗斯传递来的时间null
2022-03-16 14:33:21 ERROR Netty-Async-Thread-2 cc.mrbird.febs.rcs.common.kit.DateKit 解析俄罗斯传递来的时间null
2022-03-16 14:33:41 ERROR nioEventLoopGroup-6-1 cc.mrbird.febs.common.netty.NettyServerHandler 客户端【a718c2f0】终止连接服务器
2022-03-16 14:33:41 ERROR nioEventLoopGroup-6-2 cc.mrbird.febs.common.netty.NettyServerHandler 客户端【7afa9dc4】终止连接服务器
2022-03-16 14:40:05 ERROR Netty-Async-Thread-3 cc.mrbird.febs.rcs.common.kit.DateKit 解析俄罗斯传递来的时间null
2022-03-16 14:40:05 ERROR Netty-Async-Thread-4 cc.mrbird.febs.rcs.common.kit.DateKit 解析俄罗斯传递来的时间null
2022-03-16 14:40:24 ERROR Netty-Async-Thread-3 cc.mrbird.febs.rcs.common.exception.FmException FmException error = 批次记录为奇数，有没有完成的批次
2022-03-16 14:40:24 ERROR Netty-Async-Thread-3 cc.mrbird.febs.common.netty.protocol.machine.TransactionsPortocol TransactionsPortocol FmException info = 批次记录为奇数，有没有完成的批次
2022-03-16 14:40:24 ERROR Netty-Async-Thread-3 cc.mrbird.febs.common.netty.protocol.base.MachineToServiceProtocol 操作出错了  操作名：TransactionsPortocol：原始数据：51001 密钥：2dc1f4d99e7fcadc 加密后数据：4rGPvFCLZZHnnRPAzaL3wg==
2022-03-16 14:40:24 ERROR Netty-Async-Thread-1 cc.mrbird.febs.rcs.common.exception.FmException FmException error = 批次记录为奇数，有没有完成的批次
2022-03-16 14:40:24 ERROR Netty-Async-Thread-1 cc.mrbird.febs.common.netty.protocol.machine.TransactionsPortocol TransactionsPortocol FmException info = 批次记录为奇数，有没有完成的批次
2022-03-16 14:40:24 ERROR Netty-Async-Thread-1 cc.mrbird.febs.common.netty.protocol.base.MachineToServiceProtocol 操作出错了  操作名：TransactionsPortocol：原始数据：51001 密钥：2dc1f4d99e7fcadc 加密后数据：4rGPvFCLZZHnnRPAzaL3wg==
2022-03-16 14:40:43 ERROR nioEventLoopGroup-6-3 cc.mrbird.febs.common.netty.NettyServerHandler 客户端【f97b0dd1】终止连接服务器
2022-03-16 14:40:43 ERROR nioEventLoopGroup-6-4 cc.mrbird.febs.common.netty.NettyServerHandler 客户端【ae7d8258】终止连接服务器
2022-03-16 15:10:07 ERROR Netty-Async-Thread-2 cc.mrbird.febs.rcs.common.kit.DateKit 解析俄罗斯传递来的时间null
2022-03-16 15:10:07 ERROR Netty-Async-Thread-4 cc.mrbird.febs.rcs.common.kit.DateKit 解析俄罗斯传递来的时间null
2022-03-16 15:10:25 ERROR Netty-Async-Thread-2 cc.mrbird.febs.rcs.common.exception.FmException FmException error = 批次记录为奇数，有没有完成的批次
2022-03-16 15:10:25 ERROR Netty-Async-Thread-2 cc.mrbird.febs.common.netty.protocol.machine.TransactionsPortocol TransactionsPortocol FmException info = 批次记录为奇数，有没有完成的批次
2022-03-16 15:10:25 ERROR Netty-Async-Thread-2 cc.mrbird.febs.common.netty.protocol.base.MachineToServiceProtocol 操作出错了  操作名：TransactionsPortocol：原始数据：51001 密钥：2dc1f4d99e7fcadc 加密后数据：4rGPvFCLZZHnnRPAzaL3wg==
2022-03-16 15:10:25 ERROR Netty-Async-Thread-3 cc.mrbird.febs.rcs.common.exception.FmException FmException error = 批次记录为奇数，有没有完成的批次
2022-03-16 15:10:25 ERROR Netty-Async-Thread-3 cc.mrbird.febs.common.netty.protocol.machine.TransactionsPortocol TransactionsPortocol FmException info = 批次记录为奇数，有没有完成的批次
2022-03-16 15:10:25 ERROR Netty-Async-Thread-3 cc.mrbird.febs.common.netty.protocol.base.MachineToServiceProtocol 操作出错了  操作名：TransactionsPortocol：原始数据：51001 密钥：2dc1f4d99e7fcadc 加密后数据：4rGPvFCLZZHnnRPAzaL3wg==
2022-03-16 15:10:44 ERROR nioEventLoopGroup-6-6 cc.mrbird.febs.common.netty.NettyServerHandler 客户端【b0d9a909】终止连接服务器
2022-03-16 15:10:44 ERROR nioEventLoopGroup-6-5 cc.mrbird.febs.common.netty.NettyServerHandler 客户端【3cd37877】终止连接服务器
2022-03-16 17:15:31 ERROR http-nio-0.0.0.0-88-exec-7 cc.mrbird.febs.common.handler.GlobalExceptionHandler AuthenticationException, 用户名或密码错误1次，一天只能错误3次，忘记密码请联系管理员重置密码！
