2022-09-15 00:01:05 ERROR restartedMain org.springframework.boot.SpringApplication Application run failed
org.springframework.beans.factory.BeanCreationException: Error creating bean with name 'redisKeyExpirationListerner' defined in file [/Users/wanghong/IdeaProjects/RussiaPostofficeServer/target/classes/cc/mrbird/febs/common/configure/RedisKeyExpirationListerner.class]: Invocation of init method failed; nested exception is org.springframework.data.redis.connection.PoolException: Could not get a resource from the pool; nested exception is io.lettuce.core.RedisConnectionException: Unable to connect to 127.0.0.1:6379
	at org.springframework.beans.factory.support.AbstractAutowireCapableBeanFactory.initializeBean(AbstractAutowireCapableBeanFactory.java:1796)
	at org.springframework.beans.factory.support.AbstractAutowireCapableBeanFactory.doCreateBean(AbstractAutowireCapableBeanFactory.java:595)
	at org.springframework.beans.factory.support.AbstractAutowireCapableBeanFactory.createBean(AbstractAutowireCapableBeanFactory.java:517)
	at org.springframework.beans.factory.support.AbstractBeanFactory.lambda$doGetBean$0(AbstractBeanFactory.java:323)
	at org.springframework.beans.factory.support.DefaultSingletonBeanRegistry.getSingleton(DefaultSingletonBeanRegistry.java:222)
	at org.springframework.beans.factory.support.AbstractBeanFactory.doGetBean(AbstractBeanFactory.java:321)
	at org.springframework.beans.factory.support.AbstractBeanFactory.getBean(AbstractBeanFactory.java:202)
	at org.springframework.beans.factory.support.DefaultListableBeanFactory.preInstantiateSingletons(DefaultListableBeanFactory.java:879)
	at org.springframework.context.support.AbstractApplicationContext.finishBeanFactoryInitialization(AbstractApplicationContext.java:878)
	at org.springframework.context.support.AbstractApplicationContext.refresh(AbstractApplicationContext.java:550)
	at org.springframework.boot.web.servlet.context.ServletWebServerApplicationContext.refresh(ServletWebServerApplicationContext.java:141)
	at org.springframework.boot.SpringApplication.refresh(SpringApplication.java:747)
	at org.springframework.boot.SpringApplication.refreshContext(SpringApplication.java:397)
	at org.springframework.boot.SpringApplication.run(SpringApplication.java:315)
	at org.springframework.boot.builder.SpringApplicationBuilder.run(SpringApplicationBuilder.java:140)
	at cc.mrbird.febs.Application.main(Application.java:22)
	at sun.reflect.NativeMethodAccessorImpl.invoke0(Native Method)
	at sun.reflect.NativeMethodAccessorImpl.invoke(NativeMethodAccessorImpl.java:62)
	at sun.reflect.DelegatingMethodAccessorImpl.invoke(DelegatingMethodAccessorImpl.java:43)
	at java.lang.reflect.Method.invoke(Method.java:498)
	at org.springframework.boot.devtools.restart.RestartLauncher.run(RestartLauncher.java:49)
Caused by: org.springframework.data.redis.connection.PoolException: Could not get a resource from the pool; nested exception is io.lettuce.core.RedisConnectionException: Unable to connect to 127.0.0.1:6379
	at org.springframework.data.redis.connection.lettuce.LettucePoolingConnectionProvider.getConnection(LettucePoolingConnectionProvider.java:109)
	at org.springframework.data.redis.connection.lettuce.LettuceConnectionFactory$SharedConnection.getNativeConnection(LettuceConnectionFactory.java:1197)
	at org.springframework.data.redis.connection.lettuce.LettuceConnectionFactory$SharedConnection.getConnection(LettuceConnectionFactory.java:1178)
	at org.springframework.data.redis.connection.lettuce.LettuceConnectionFactory.getSharedConnection(LettuceConnectionFactory.java:942)
	at org.springframework.data.redis.connection.lettuce.LettuceConnectionFactory.getConnection(LettuceConnectionFactory.java:353)
	at org.springframework.data.redis.listener.KeyspaceEventMessageListener.init(KeyspaceEventMessageListener.java:85)
	at org.springframework.data.redis.listener.KeyspaceEventMessageListener.afterPropertiesSet(KeyspaceEventMessageListener.java:137)
	at org.springframework.beans.factory.support.AbstractAutowireCapableBeanFactory.invokeInitMethods(AbstractAutowireCapableBeanFactory.java:1855)
	at org.springframework.beans.factory.support.AbstractAutowireCapableBeanFactory.initializeBean(AbstractAutowireCapableBeanFactory.java:1792)
	... 20 common frames omitted
Caused by: io.lettuce.core.RedisConnectionException: Unable to connect to 127.0.0.1:6379
	at io.lettuce.core.RedisConnectionException.create(RedisConnectionException.java:78)
	at io.lettuce.core.RedisConnectionException.create(RedisConnectionException.java:56)
	at io.lettuce.core.AbstractRedisClient.getConnection(AbstractRedisClient.java:234)
	at io.lettuce.core.RedisClient.connect(RedisClient.java:207)
	at org.springframework.data.redis.connection.lettuce.StandaloneConnectionProvider.lambda$getConnection$1(StandaloneConnectionProvider.java:115)
	at java.util.Optional.orElseGet(Optional.java:267)
	at org.springframework.data.redis.connection.lettuce.StandaloneConnectionProvider.getConnection(StandaloneConnectionProvider.java:115)
	at org.springframework.data.redis.connection.lettuce.LettucePoolingConnectionProvider.lambda$null$0(LettucePoolingConnectionProvider.java:97)
	at io.lettuce.core.support.ConnectionPoolSupport$RedisPooledObjectFactory.create(ConnectionPoolSupport.java:209)
	at io.lettuce.core.support.ConnectionPoolSupport$RedisPooledObjectFactory.create(ConnectionPoolSupport.java:199)
	at org.apache.commons.pool2.BasePooledObjectFactory.makeObject(BasePooledObjectFactory.java:58)
	at org.apache.commons.pool2.impl.GenericObjectPool.create(GenericObjectPool.java:889)
	at org.apache.commons.pool2.impl.GenericObjectPool.borrowObject(GenericObjectPool.java:424)
	at org.apache.commons.pool2.impl.GenericObjectPool.borrowObject(GenericObjectPool.java:349)
	at io.lettuce.core.support.ConnectionPoolSupport$1.borrowObject(ConnectionPoolSupport.java:122)
	at io.lettuce.core.support.ConnectionPoolSupport$1.borrowObject(ConnectionPoolSupport.java:117)
	at org.springframework.data.redis.connection.lettuce.LettucePoolingConnectionProvider.getConnection(LettucePoolingConnectionProvider.java:103)
	... 28 common frames omitted
Caused by: io.lettuce.core.RedisCommandExecutionException: ERR AUTH <password> called without any password configured for the default user. Are you sure your configuration is correct?
	at io.lettuce.core.ExceptionFactory.createExecutionException(ExceptionFactory.java:135)
	at io.lettuce.core.ExceptionFactory.createExecutionException(ExceptionFactory.java:108)
	at io.lettuce.core.protocol.AsyncCommand.completeResult(AsyncCommand.java:120)
	at io.lettuce.core.protocol.AsyncCommand.complete(AsyncCommand.java:111)
	at io.lettuce.core.protocol.CommandWrapper.complete(CommandWrapper.java:59)
	at io.lettuce.core.protocol.CommandHandler.complete(CommandHandler.java:654)
	at io.lettuce.core.protocol.CommandHandler.decode(CommandHandler.java:614)
	at io.lettuce.core.protocol.CommandHandler.channelRead(CommandHandler.java:565)
	at io.netty.channel.AbstractChannelHandlerContext.invokeChannelRead(AbstractChannelHandlerContext.java:374)
	at io.netty.channel.AbstractChannelHandlerContext.invokeChannelRead(AbstractChannelHandlerContext.java:360)
	at io.netty.channel.AbstractChannelHandlerContext.fireChannelRead(AbstractChannelHandlerContext.java:352)
	at io.netty.channel.DefaultChannelPipeline$HeadContext.channelRead(DefaultChannelPipeline.java:1408)
	at io.netty.channel.AbstractChannelHandlerContext.invokeChannelRead(AbstractChannelHandlerContext.java:374)
	at io.netty.channel.AbstractChannelHandlerContext.invokeChannelRead(AbstractChannelHandlerContext.java:360)
	at io.netty.channel.DefaultChannelPipeline.fireChannelRead(DefaultChannelPipeline.java:930)
	at io.netty.channel.kqueue.AbstractKQueueStreamChannel$KQueueStreamUnsafe.readReady(AbstractKQueueStreamChannel.java:544)
	at io.netty.channel.kqueue.AbstractKQueueChannel$AbstractKQueueUnsafe.readReady(AbstractKQueueChannel.java:366)
	at io.netty.channel.kqueue.KQueueEventLoop.processReady(KQueueEventLoop.java:181)
	at io.netty.channel.kqueue.KQueueEventLoop.run(KQueueEventLoop.java:259)
	at io.netty.util.concurrent.SingleThreadEventExecutor$5.run(SingleThreadEventExecutor.java:906)
	at io.netty.util.internal.ThreadExecutorMap$2.run(ThreadExecutorMap.java:74)
	at io.netty.util.concurrent.FastThreadLocalRunnable.run(FastThreadLocalRunnable.java:30)
	at java.lang.Thread.run(Thread.java:750)
2022-09-15 00:02:04 ERROR restartedMain cc.mrbird.febs.common.license.LicenseVerifyUtils 证书安装失败！
java.io.FileNotFoundException: F:\workspace\RussiaPostofficeServerFile\license\license.lic (No such file or directory)
	at java.io.FileInputStream.open0(Native Method)
	at java.io.FileInputStream.open(FileInputStream.java:195)
	at java.io.FileInputStream.<init>(FileInputStream.java:138)
	at de.schlichtherle.license.LicenseManager.loadLicenseKey(LicenseManager.java:737)
	at de.schlichtherle.license.LicenseManager.install(LicenseManager.java:406)
	at de.schlichtherle.license.LicenseManager.install(LicenseManager.java:382)
	at cc.mrbird.febs.common.license.LicenseVerifyUtils.install(LicenseVerifyUtils.java:69)
	at cc.mrbird.febs.common.runner.FebsStartedUpRunner.run(FebsStartedUpRunner.java:84)
	at org.springframework.boot.SpringApplication.callRunner(SpringApplication.java:775)
	at org.springframework.boot.SpringApplication.callRunners(SpringApplication.java:765)
	at org.springframework.boot.SpringApplication.run(SpringApplication.java:322)
	at org.springframework.boot.builder.SpringApplicationBuilder.run(SpringApplicationBuilder.java:140)
	at cc.mrbird.febs.Application.main(Application.java:22)
	at sun.reflect.NativeMethodAccessorImpl.invoke0(Native Method)
	at sun.reflect.NativeMethodAccessorImpl.invoke(NativeMethodAccessorImpl.java:62)
	at sun.reflect.DelegatingMethodAccessorImpl.invoke(DelegatingMethodAccessorImpl.java:43)
	at java.lang.reflect.Method.invoke(Method.java:498)
	at org.springframework.boot.devtools.restart.RestartLauncher.run(RestartLauncher.java:49)
2022-09-15 00:02:04 ERROR restartedMain org.springframework.boot.SpringApplication Application run failed
java.lang.IllegalStateException: Failed to execute ApplicationRunner
	at org.springframework.boot.SpringApplication.callRunner(SpringApplication.java:778)
	at org.springframework.boot.SpringApplication.callRunners(SpringApplication.java:765)
	at org.springframework.boot.SpringApplication.run(SpringApplication.java:322)
	at org.springframework.boot.builder.SpringApplicationBuilder.run(SpringApplicationBuilder.java:140)
	at cc.mrbird.febs.Application.main(Application.java:22)
	at sun.reflect.NativeMethodAccessorImpl.invoke0(Native Method)
	at sun.reflect.NativeMethodAccessorImpl.invoke(NativeMethodAccessorImpl.java:62)
	at sun.reflect.DelegatingMethodAccessorImpl.invoke(DelegatingMethodAccessorImpl.java:43)
	at java.lang.reflect.Method.invoke(Method.java:498)
	at org.springframework.boot.devtools.restart.RestartLauncher.run(RestartLauncher.java:49)
Caused by: java.net.BindException: Can't assign requested address
	at sun.nio.ch.Net.bind0(Native Method)
	at sun.nio.ch.Net.bind(Net.java:438)
	at sun.nio.ch.Net.bind(Net.java:430)
	at sun.nio.ch.ServerSocketChannelImpl.bind(ServerSocketChannelImpl.java:225)
	at io.netty.channel.socket.nio.NioServerSocketChannel.doBind(NioServerSocketChannel.java:132)
	at io.netty.channel.AbstractChannel$AbstractUnsafe.bind(AbstractChannel.java:563)
	at io.netty.channel.DefaultChannelPipeline$HeadContext.bind(DefaultChannelPipeline.java:1332)
	at io.netty.channel.AbstractChannelHandlerContext.invokeBind(AbstractChannelHandlerContext.java:503)
	at io.netty.channel.AbstractChannelHandlerContext.bind(AbstractChannelHandlerContext.java:488)
	at io.netty.channel.DefaultChannelPipeline.bind(DefaultChannelPipeline.java:984)
	at io.netty.channel.AbstractChannel.bind(AbstractChannel.java:259)
	at io.netty.bootstrap.AbstractBootstrap$2.run(AbstractBootstrap.java:366)
	at io.netty.util.concurrent.AbstractEventExecutor.safeExecute(AbstractEventExecutor.java:163)
	at io.netty.util.concurrent.SingleThreadEventExecutor.runAllTasks(SingleThreadEventExecutor.java:405)
	at io.netty.channel.nio.NioEventLoop.run(NioEventLoop.java:500)
	at io.netty.util.concurrent.SingleThreadEventExecutor$5.run(SingleThreadEventExecutor.java:906)
	at io.netty.util.internal.ThreadExecutorMap$2.run(ThreadExecutorMap.java:74)
	at io.netty.util.concurrent.FastThreadLocalRunnable.run(FastThreadLocalRunnable.java:30)
	at java.lang.Thread.run(Thread.java:750)
2022-09-15 00:04:03 ERROR restartedMain cc.mrbird.febs.common.license.LicenseVerifyUtils 证书文件null不存在
2022-09-15 00:04:03 ERROR restartedMain org.springframework.boot.SpringApplication Application run failed
java.lang.IllegalStateException: Failed to execute ApplicationRunner
	at org.springframework.boot.SpringApplication.callRunner(SpringApplication.java:778)
	at org.springframework.boot.SpringApplication.callRunners(SpringApplication.java:765)
	at org.springframework.boot.SpringApplication.run(SpringApplication.java:322)
	at org.springframework.boot.builder.SpringApplicationBuilder.run(SpringApplicationBuilder.java:140)
	at cc.mrbird.febs.Application.main(Application.java:22)
	at sun.reflect.NativeMethodAccessorImpl.invoke0(Native Method)
	at sun.reflect.NativeMethodAccessorImpl.invoke(NativeMethodAccessorImpl.java:62)
	at sun.reflect.DelegatingMethodAccessorImpl.invoke(DelegatingMethodAccessorImpl.java:43)
	at java.lang.reflect.Method.invoke(Method.java:498)
	at org.springframework.boot.devtools.restart.RestartLauncher.run(RestartLauncher.java:49)
Caused by: java.net.BindException: Can't assign requested address
	at sun.nio.ch.Net.bind0(Native Method)
	at sun.nio.ch.Net.bind(Net.java:438)
	at sun.nio.ch.Net.bind(Net.java:430)
	at sun.nio.ch.ServerSocketChannelImpl.bind(ServerSocketChannelImpl.java:225)
	at io.netty.channel.socket.nio.NioServerSocketChannel.doBind(NioServerSocketChannel.java:132)
	at io.netty.channel.AbstractChannel$AbstractUnsafe.bind(AbstractChannel.java:563)
	at io.netty.channel.DefaultChannelPipeline$HeadContext.bind(DefaultChannelPipeline.java:1332)
	at io.netty.channel.AbstractChannelHandlerContext.invokeBind(AbstractChannelHandlerContext.java:503)
	at io.netty.channel.AbstractChannelHandlerContext.bind(AbstractChannelHandlerContext.java:488)
	at io.netty.channel.DefaultChannelPipeline.bind(DefaultChannelPipeline.java:984)
	at io.netty.channel.AbstractChannel.bind(AbstractChannel.java:259)
	at io.netty.bootstrap.AbstractBootstrap$2.run(AbstractBootstrap.java:366)
	at io.netty.util.concurrent.AbstractEventExecutor.safeExecute(AbstractEventExecutor.java:163)
	at io.netty.util.concurrent.SingleThreadEventExecutor.runAllTasks(SingleThreadEventExecutor.java:405)
	at io.netty.channel.nio.NioEventLoop.run(NioEventLoop.java:500)
	at io.netty.util.concurrent.SingleThreadEventExecutor$5.run(SingleThreadEventExecutor.java:906)
	at io.netty.util.internal.ThreadExecutorMap$2.run(ThreadExecutorMap.java:74)
	at io.netty.util.concurrent.FastThreadLocalRunnable.run(FastThreadLocalRunnable.java:30)
	at java.lang.Thread.run(Thread.java:750)
2022-09-15 11:07:48 ERROR main cc.mrbird.febs.common.license.LicenseVerifyUtils 证书文件null不存在
2022-09-15 11:07:48 ERROR main org.springframework.boot.SpringApplication Application run failed
java.lang.IllegalStateException: Failed to execute ApplicationRunner
	at org.springframework.boot.SpringApplication.callRunner(SpringApplication.java:778)
	at org.springframework.boot.SpringApplication.callRunners(SpringApplication.java:765)
	at org.springframework.boot.SpringApplication.run(SpringApplication.java:322)
	at org.springframework.boot.builder.SpringApplicationBuilder.run(SpringApplicationBuilder.java:140)
	at cc.mrbird.febs.Application.main(Application.java:22)
Caused by: java.net.BindException: Can't assign requested address
	at sun.nio.ch.Net.bind0(Native Method)
	at sun.nio.ch.Net.bind(Net.java:438)
	at sun.nio.ch.Net.bind(Net.java:430)
	at sun.nio.ch.ServerSocketChannelImpl.bind(ServerSocketChannelImpl.java:225)
	at io.netty.channel.socket.nio.NioServerSocketChannel.doBind(NioServerSocketChannel.java:132)
	at io.netty.channel.AbstractChannel$AbstractUnsafe.bind(AbstractChannel.java:563)
	at io.netty.channel.DefaultChannelPipeline$HeadContext.bind(DefaultChannelPipeline.java:1332)
	at io.netty.channel.AbstractChannelHandlerContext.invokeBind(AbstractChannelHandlerContext.java:503)
	at io.netty.channel.AbstractChannelHandlerContext.bind(AbstractChannelHandlerContext.java:488)
	at io.netty.channel.DefaultChannelPipeline.bind(DefaultChannelPipeline.java:984)
	at io.netty.channel.AbstractChannel.bind(AbstractChannel.java:259)
	at io.netty.bootstrap.AbstractBootstrap$2.run(AbstractBootstrap.java:366)
	at io.netty.util.concurrent.AbstractEventExecutor.safeExecute(AbstractEventExecutor.java:163)
	at io.netty.util.concurrent.SingleThreadEventExecutor.runAllTasks(SingleThreadEventExecutor.java:405)
	at io.netty.channel.nio.NioEventLoop.run(NioEventLoop.java:500)
	at io.netty.util.concurrent.SingleThreadEventExecutor$5.run(SingleThreadEventExecutor.java:906)
	at io.netty.util.internal.ThreadExecutorMap$2.run(ThreadExecutorMap.java:74)
	at io.netty.util.concurrent.FastThreadLocalRunnable.run(FastThreadLocalRunnable.java:30)
	at java.lang.Thread.run(Thread.java:750)
2022-09-15 12:38:14 ERROR main cc.mrbird.febs.common.license.LicenseVerifyUtils 证书文件null不存在
2022-09-15 12:38:14 ERROR main org.springframework.boot.SpringApplication Application run failed
java.lang.IllegalStateException: Failed to execute ApplicationRunner
	at org.springframework.boot.SpringApplication.callRunner(SpringApplication.java:778)
	at org.springframework.boot.SpringApplication.callRunners(SpringApplication.java:765)
	at org.springframework.boot.SpringApplication.run(SpringApplication.java:322)
	at org.springframework.boot.builder.SpringApplicationBuilder.run(SpringApplicationBuilder.java:140)
	at cc.mrbird.febs.Application.main(Application.java:22)
Caused by: java.net.BindException: Can't assign requested address
	at sun.nio.ch.Net.bind0(Native Method)
	at sun.nio.ch.Net.bind(Net.java:438)
	at sun.nio.ch.Net.bind(Net.java:430)
	at sun.nio.ch.ServerSocketChannelImpl.bind(ServerSocketChannelImpl.java:225)
	at io.netty.channel.socket.nio.NioServerSocketChannel.doBind(NioServerSocketChannel.java:132)
	at io.netty.channel.AbstractChannel$AbstractUnsafe.bind(AbstractChannel.java:563)
	at io.netty.channel.DefaultChannelPipeline$HeadContext.bind(DefaultChannelPipeline.java:1332)
	at io.netty.channel.AbstractChannelHandlerContext.invokeBind(AbstractChannelHandlerContext.java:503)
	at io.netty.channel.AbstractChannelHandlerContext.bind(AbstractChannelHandlerContext.java:488)
	at io.netty.channel.DefaultChannelPipeline.bind(DefaultChannelPipeline.java:984)
	at io.netty.channel.AbstractChannel.bind(AbstractChannel.java:259)
	at io.netty.bootstrap.AbstractBootstrap$2.run(AbstractBootstrap.java:366)
	at io.netty.util.concurrent.AbstractEventExecutor.safeExecute(AbstractEventExecutor.java:163)
	at io.netty.util.concurrent.SingleThreadEventExecutor.runAllTasks(SingleThreadEventExecutor.java:405)
	at io.netty.channel.nio.NioEventLoop.run(NioEventLoop.java:500)
	at io.netty.util.concurrent.SingleThreadEventExecutor$5.run(SingleThreadEventExecutor.java:906)
	at io.netty.util.internal.ThreadExecutorMap$2.run(ThreadExecutorMap.java:74)
	at io.netty.util.concurrent.FastThreadLocalRunnable.run(FastThreadLocalRunnable.java:30)
	at java.lang.Thread.run(Thread.java:750)
2022-09-15 12:49:32 ERROR main cc.mrbird.febs.common.license.LicenseVerifyUtils 证书安装失败！
java.io.FileNotFoundException: /tmp/license.lic (No such file or directory)
	at java.io.FileInputStream.open0(FileInputStream.java)
	at java.io.FileInputStream.open(FileInputStream.java:195)
	at java.io.FileInputStream.<init>(FileInputStream.java:138)
	at de.schlichtherle.license.LicenseManager.loadLicenseKey(LicenseManager.java:737)
	at de.schlichtherle.license.LicenseManager.install(LicenseManager.java:406)
	at de.schlichtherle.license.LicenseManager.install(LicenseManager.java:382)
	at cc.mrbird.febs.common.license.LicenseVerifyUtils.install(LicenseVerifyUtils.java:69)
	at cc.mrbird.febs.common.runner.FebsStartedUpRunner.run(FebsStartedUpRunner.java:84)
	at org.springframework.boot.SpringApplication.callRunner(SpringApplication.java:775)
	at org.springframework.boot.SpringApplication.callRunners(SpringApplication.java:765)
	at org.springframework.boot.SpringApplication.run(SpringApplication.java:322)
	at org.springframework.boot.builder.SpringApplicationBuilder.run(SpringApplicationBuilder.java:140)
	at cc.mrbird.febs.Application.main(Application.java:22)
2022-09-15 12:49:32 ERROR main org.springframework.boot.SpringApplication Application run failed
java.lang.IllegalStateException: Failed to execute ApplicationRunner
	at org.springframework.boot.SpringApplication.callRunner(SpringApplication.java:778)
	at org.springframework.boot.SpringApplication.callRunners(SpringApplication.java:765)
	at org.springframework.boot.SpringApplication.run(SpringApplication.java:322)
	at org.springframework.boot.builder.SpringApplicationBuilder.run(SpringApplicationBuilder.java:140)
	at cc.mrbird.febs.Application.main(Application.java:22)
Caused by: java.net.BindException: Can't assign requested address
	at sun.nio.ch.Net.bind0(Native Method)
	at sun.nio.ch.Net.bind(Net.java:438)
	at sun.nio.ch.Net.bind(Net.java:430)
	at sun.nio.ch.ServerSocketChannelImpl.bind(ServerSocketChannelImpl.java:225)
	at io.netty.channel.socket.nio.NioServerSocketChannel.doBind(NioServerSocketChannel.java:132)
	at io.netty.channel.AbstractChannel$AbstractUnsafe.bind(AbstractChannel.java:563)
	at io.netty.channel.DefaultChannelPipeline$HeadContext.bind(DefaultChannelPipeline.java:1332)
	at io.netty.channel.AbstractChannelHandlerContext.invokeBind(AbstractChannelHandlerContext.java:503)
	at io.netty.channel.AbstractChannelHandlerContext.bind(AbstractChannelHandlerContext.java:488)
	at io.netty.channel.DefaultChannelPipeline.bind(DefaultChannelPipeline.java:984)
	at io.netty.channel.AbstractChannel.bind(AbstractChannel.java:259)
	at io.netty.bootstrap.AbstractBootstrap$2.run(AbstractBootstrap.java:366)
	at io.netty.util.concurrent.AbstractEventExecutor.safeExecute(AbstractEventExecutor.java:163)
	at io.netty.util.concurrent.SingleThreadEventExecutor.runAllTasks(SingleThreadEventExecutor.java:405)
	at io.netty.channel.nio.NioEventLoop.run(NioEventLoop.java:500)
	at io.netty.util.concurrent.SingleThreadEventExecutor$5.run(SingleThreadEventExecutor.java:906)
	at io.netty.util.internal.ThreadExecutorMap$2.run(ThreadExecutorMap.java:74)
	at io.netty.util.concurrent.FastThreadLocalRunnable.run(FastThreadLocalRunnable.java:30)
	at java.lang.Thread.run(Thread.java:750)
2022-09-15 13:50:03 ERROR main cc.mrbird.febs.common.license.LicenseVerifyUtils 证书安装失败！
javax.crypto.BadPaddingException: Given final block not properly padded. Such issues can arise if a bad key is used during decryption.
	at com.sun.crypto.provider.CipherCore.unpad(CipherCore.java:975)
	at com.sun.crypto.provider.CipherCore.fillOutputBuffer(CipherCore.java:1056)
	at com.sun.crypto.provider.CipherCore.doFinal(CipherCore.java:853)
	at com.sun.crypto.provider.PBES1Core.doFinal(PBES1Core.java:432)
	at com.sun.crypto.provider.PBEWithMD5AndDESCipher.engineDoFinal(PBEWithMD5AndDESCipher.java:316)
	at javax.crypto.Cipher.doFinal(Cipher.java:2168)
	at de.schlichtherle.license.PrivacyGuard.key2cert(PrivacyGuard.java:169)
	at cc.mrbird.febs.common.license.CustomLicenseManager.install(CustomLicenseManager.java:72)
	at de.schlichtherle.license.LicenseManager.install(LicenseManager.java:406)
	at de.schlichtherle.license.LicenseManager.install(LicenseManager.java:382)
	at cc.mrbird.febs.common.license.LicenseVerifyUtils.install(LicenseVerifyUtils.java:69)
	at cc.mrbird.febs.common.runner.FebsStartedUpRunner.run(FebsStartedUpRunner.java:84)
	at org.springframework.boot.SpringApplication.callRunner(SpringApplication.java:775)
	at org.springframework.boot.SpringApplication.callRunners(SpringApplication.java:765)
	at org.springframework.boot.SpringApplication.run(SpringApplication.java:322)
	at org.springframework.boot.builder.SpringApplicationBuilder.run(SpringApplicationBuilder.java:140)
	at cc.mrbird.febs.Application.main(Application.java:22)
2022-09-15 13:50:03 ERROR main org.springframework.boot.SpringApplication Application run failed
java.lang.IllegalStateException: Failed to execute ApplicationRunner
	at org.springframework.boot.SpringApplication.callRunner(SpringApplication.java:778)
	at org.springframework.boot.SpringApplication.callRunners(SpringApplication.java:765)
	at org.springframework.boot.SpringApplication.run(SpringApplication.java:322)
	at org.springframework.boot.builder.SpringApplicationBuilder.run(SpringApplicationBuilder.java:140)
	at cc.mrbird.febs.Application.main(Application.java:22)
Caused by: java.net.BindException: Can't assign requested address
	at sun.nio.ch.Net.bind0(Native Method)
	at sun.nio.ch.Net.bind(Net.java:438)
	at sun.nio.ch.Net.bind(Net.java:430)
	at sun.nio.ch.ServerSocketChannelImpl.bind(ServerSocketChannelImpl.java:225)
	at io.netty.channel.socket.nio.NioServerSocketChannel.doBind(NioServerSocketChannel.java:132)
	at io.netty.channel.AbstractChannel$AbstractUnsafe.bind(AbstractChannel.java:563)
	at io.netty.channel.DefaultChannelPipeline$HeadContext.bind(DefaultChannelPipeline.java:1332)
	at io.netty.channel.AbstractChannelHandlerContext.invokeBind(AbstractChannelHandlerContext.java:503)
	at io.netty.channel.AbstractChannelHandlerContext.bind(AbstractChannelHandlerContext.java:488)
	at io.netty.channel.DefaultChannelPipeline.bind(DefaultChannelPipeline.java:984)
	at io.netty.channel.AbstractChannel.bind(AbstractChannel.java:259)
	at io.netty.bootstrap.AbstractBootstrap$2.run(AbstractBootstrap.java:366)
	at io.netty.util.concurrent.AbstractEventExecutor.safeExecute(AbstractEventExecutor.java:163)
	at io.netty.util.concurrent.SingleThreadEventExecutor.runAllTasks(SingleThreadEventExecutor.java:405)
	at io.netty.channel.nio.NioEventLoop.run(NioEventLoop.java:500)
	at io.netty.util.concurrent.SingleThreadEventExecutor$5.run(SingleThreadEventExecutor.java:906)
	at io.netty.util.internal.ThreadExecutorMap$2.run(ThreadExecutorMap.java:74)
	at io.netty.util.concurrent.FastThreadLocalRunnable.run(FastThreadLocalRunnable.java:30)
	at java.lang.Thread.run(Thread.java:750)
2022-09-15 13:52:10 ERROR main cc.mrbird.febs.common.license.LicenseVerifyUtils 证书安装失败！
javax.crypto.BadPaddingException: Given final block not properly padded. Such issues can arise if a bad key is used during decryption.
	at com.sun.crypto.provider.CipherCore.unpad(CipherCore.java:975)
	at com.sun.crypto.provider.CipherCore.fillOutputBuffer(CipherCore.java:1056)
	at com.sun.crypto.provider.CipherCore.doFinal(CipherCore.java:853)
	at com.sun.crypto.provider.PBES1Core.doFinal(PBES1Core.java:432)
	at com.sun.crypto.provider.PBEWithMD5AndDESCipher.engineDoFinal(PBEWithMD5AndDESCipher.java:316)
	at javax.crypto.Cipher.doFinal(Cipher.java:2168)
	at de.schlichtherle.license.PrivacyGuard.key2cert(PrivacyGuard.java:169)
	at cc.mrbird.febs.common.license.CustomLicenseManager.install(CustomLicenseManager.java:72)
	at de.schlichtherle.license.LicenseManager.install(LicenseManager.java:406)
	at de.schlichtherle.license.LicenseManager.install(LicenseManager.java:382)
	at cc.mrbird.febs.common.license.LicenseVerifyUtils.install(LicenseVerifyUtils.java:69)
	at cc.mrbird.febs.common.runner.FebsStartedUpRunner.run(FebsStartedUpRunner.java:84)
	at org.springframework.boot.SpringApplication.callRunner(SpringApplication.java:775)
	at org.springframework.boot.SpringApplication.callRunners(SpringApplication.java:765)
	at org.springframework.boot.SpringApplication.run(SpringApplication.java:322)
	at org.springframework.boot.builder.SpringApplicationBuilder.run(SpringApplicationBuilder.java:140)
	at cc.mrbird.febs.Application.main(Application.java:22)
2022-09-15 13:52:11 ERROR main org.springframework.boot.SpringApplication Application run failed
java.lang.IllegalStateException: Failed to execute ApplicationRunner
	at org.springframework.boot.SpringApplication.callRunner(SpringApplication.java:778)
	at org.springframework.boot.SpringApplication.callRunners(SpringApplication.java:765)
	at org.springframework.boot.SpringApplication.run(SpringApplication.java:322)
	at org.springframework.boot.builder.SpringApplicationBuilder.run(SpringApplicationBuilder.java:140)
	at cc.mrbird.febs.Application.main(Application.java:22)
Caused by: java.net.BindException: Can't assign requested address
	at sun.nio.ch.Net.bind0(Native Method)
	at sun.nio.ch.Net.bind(Net.java:438)
	at sun.nio.ch.Net.bind(Net.java:430)
	at sun.nio.ch.ServerSocketChannelImpl.bind(ServerSocketChannelImpl.java:225)
	at io.netty.channel.socket.nio.NioServerSocketChannel.doBind(NioServerSocketChannel.java:132)
	at io.netty.channel.AbstractChannel$AbstractUnsafe.bind(AbstractChannel.java:563)
	at io.netty.channel.DefaultChannelPipeline$HeadContext.bind(DefaultChannelPipeline.java:1332)
	at io.netty.channel.AbstractChannelHandlerContext.invokeBind(AbstractChannelHandlerContext.java:503)
	at io.netty.channel.AbstractChannelHandlerContext.bind(AbstractChannelHandlerContext.java:488)
	at io.netty.channel.DefaultChannelPipeline.bind(DefaultChannelPipeline.java:984)
	at io.netty.channel.AbstractChannel.bind(AbstractChannel.java:259)
	at io.netty.bootstrap.AbstractBootstrap$2.run(AbstractBootstrap.java:366)
	at io.netty.util.concurrent.AbstractEventExecutor.safeExecute(AbstractEventExecutor.java:163)
	at io.netty.util.concurrent.SingleThreadEventExecutor.runAllTasks(SingleThreadEventExecutor.java:405)
	at io.netty.channel.nio.NioEventLoop.run(NioEventLoop.java:500)
	at io.netty.util.concurrent.SingleThreadEventExecutor$5.run(SingleThreadEventExecutor.java:906)
	at io.netty.util.internal.ThreadExecutorMap$2.run(ThreadExecutorMap.java:74)
	at io.netty.util.concurrent.FastThreadLocalRunnable.run(FastThreadLocalRunnable.java:30)
	at java.lang.Thread.run(Thread.java:750)
2022-09-15 13:55:19 ERROR main cc.mrbird.febs.common.license.LicenseVerifyUtils 证书安装失败！
java.io.IOException: Keystore was tampered with, or password was incorrect
	at sun.security.provider.JavaKeyStore.engineLoad(JavaKeyStore.java:791)
	at sun.security.provider.JavaKeyStore$JKS.engineLoad(JavaKeyStore.java:57)
	at sun.security.provider.KeyStoreDelegator.engineLoad(KeyStoreDelegator.java:224)
	at sun.security.provider.JavaKeyStore$DualFormatJKS.engineLoad(JavaKeyStore.java:71)
	at java.security.KeyStore.load(KeyStore.java:1445)
	at de.schlichtherle.license.LicenseNotary.getKeyStore(LicenseNotary.java:349)
	at de.schlichtherle.license.LicenseNotary.getPublicKey(LicenseNotary.java:301)
	at de.schlichtherle.license.LicenseNotary.verify(LicenseNotary.java:236)
	at cc.mrbird.febs.common.license.CustomLicenseManager.install(CustomLicenseManager.java:74)
	at de.schlichtherle.license.LicenseManager.install(LicenseManager.java:406)
	at de.schlichtherle.license.LicenseManager.install(LicenseManager.java:382)
	at cc.mrbird.febs.common.license.LicenseVerifyUtils.install(LicenseVerifyUtils.java:69)
	at cc.mrbird.febs.common.runner.FebsStartedUpRunner.run(FebsStartedUpRunner.java:84)
	at org.springframework.boot.SpringApplication.callRunner(SpringApplication.java:775)
	at org.springframework.boot.SpringApplication.callRunners(SpringApplication.java:765)
	at org.springframework.boot.SpringApplication.run(SpringApplication.java:322)
	at org.springframework.boot.builder.SpringApplicationBuilder.run(SpringApplicationBuilder.java:140)
	at cc.mrbird.febs.Application.main(Application.java:22)
Caused by: java.security.UnrecoverableKeyException: Password verification failed
	at sun.security.provider.JavaKeyStore.engineLoad(JavaKeyStore.java:789)
	... 17 common frames omitted
2022-09-15 13:55:19 ERROR main org.springframework.boot.SpringApplication Application run failed
java.lang.IllegalStateException: Failed to execute ApplicationRunner
	at org.springframework.boot.SpringApplication.callRunner(SpringApplication.java:778)
	at org.springframework.boot.SpringApplication.callRunners(SpringApplication.java:765)
	at org.springframework.boot.SpringApplication.run(SpringApplication.java:322)
	at org.springframework.boot.builder.SpringApplicationBuilder.run(SpringApplicationBuilder.java:140)
	at cc.mrbird.febs.Application.main(Application.java:22)
Caused by: java.net.BindException: Can't assign requested address
	at sun.nio.ch.Net.bind0(Native Method)
	at sun.nio.ch.Net.bind(Net.java:438)
	at sun.nio.ch.Net.bind(Net.java:430)
	at sun.nio.ch.ServerSocketChannelImpl.bind(ServerSocketChannelImpl.java:225)
	at io.netty.channel.socket.nio.NioServerSocketChannel.doBind(NioServerSocketChannel.java:132)
	at io.netty.channel.AbstractChannel$AbstractUnsafe.bind(AbstractChannel.java:563)
	at io.netty.channel.DefaultChannelPipeline$HeadContext.bind(DefaultChannelPipeline.java:1332)
	at io.netty.channel.AbstractChannelHandlerContext.invokeBind(AbstractChannelHandlerContext.java:503)
	at io.netty.channel.AbstractChannelHandlerContext.bind(AbstractChannelHandlerContext.java:488)
	at io.netty.channel.DefaultChannelPipeline.bind(DefaultChannelPipeline.java:984)
	at io.netty.channel.AbstractChannel.bind(AbstractChannel.java:259)
	at io.netty.bootstrap.AbstractBootstrap$2.run(AbstractBootstrap.java:366)
	at io.netty.util.concurrent.AbstractEventExecutor.safeExecute(AbstractEventExecutor.java:163)
	at io.netty.util.concurrent.SingleThreadEventExecutor.runAllTasks(SingleThreadEventExecutor.java:405)
	at io.netty.channel.nio.NioEventLoop.run(NioEventLoop.java:500)
	at io.netty.util.concurrent.SingleThreadEventExecutor$5.run(SingleThreadEventExecutor.java:906)
	at io.netty.util.internal.ThreadExecutorMap$2.run(ThreadExecutorMap.java:74)
	at io.netty.util.concurrent.FastThreadLocalRunnable.run(FastThreadLocalRunnable.java:30)
	at java.lang.Thread.run(Thread.java:750)
2022-09-15 14:54:11 ERROR main cc.mrbird.febs.common.license.AbstractServerInfos 获取服务器硬件信息失败
java.lang.NullPointerException: null
	at cc.mrbird.febs.common.license.LinuxServerInfos.getCPUSerial(LinuxServerInfos.java:61)
	at cc.mrbird.febs.common.license.AbstractServerInfos.getServerInfos(AbstractServerInfos.java:36)
	at cc.mrbird.febs.common.license.CustomLicenseManager.getServerInfos(CustomLicenseManager.java:244)
	at cc.mrbird.febs.common.license.CustomLicenseManager.validate(CustomLicenseManager.java:155)
	at cc.mrbird.febs.common.license.CustomLicenseManager.install(CustomLicenseManager.java:76)
	at de.schlichtherle.license.LicenseManager.install(LicenseManager.java:406)
	at de.schlichtherle.license.LicenseManager.install(LicenseManager.java:382)
	at cc.mrbird.febs.common.license.LicenseVerifyUtils.install(LicenseVerifyUtils.java:69)
	at cc.mrbird.febs.common.runner.FebsStartedUpRunner.run(FebsStartedUpRunner.java:84)
	at org.springframework.boot.SpringApplication.callRunner(SpringApplication.java:775)
	at org.springframework.boot.SpringApplication.callRunners(SpringApplication.java:765)
	at org.springframework.boot.SpringApplication.run(SpringApplication.java:322)
	at org.springframework.boot.builder.SpringApplicationBuilder.run(SpringApplicationBuilder.java:140)
	at cc.mrbird.febs.Application.main(Application.java:22)
2022-09-15 14:54:11 ERROR main cc.mrbird.febs.common.license.LicenseVerifyUtils 证书安装失败！
de.schlichtherle.license.LicenseContentException: 不能获取服务器硬件信息
	at cc.mrbird.febs.common.license.CustomLicenseManager.validate(CustomLicenseManager.java:178)
	at cc.mrbird.febs.common.license.CustomLicenseManager.install(CustomLicenseManager.java:76)
	at de.schlichtherle.license.LicenseManager.install(LicenseManager.java:406)
	at de.schlichtherle.license.LicenseManager.install(LicenseManager.java:382)
	at cc.mrbird.febs.common.license.LicenseVerifyUtils.install(LicenseVerifyUtils.java:69)
	at cc.mrbird.febs.common.runner.FebsStartedUpRunner.run(FebsStartedUpRunner.java:84)
	at org.springframework.boot.SpringApplication.callRunner(SpringApplication.java:775)
	at org.springframework.boot.SpringApplication.callRunners(SpringApplication.java:765)
	at org.springframework.boot.SpringApplication.run(SpringApplication.java:322)
	at org.springframework.boot.builder.SpringApplicationBuilder.run(SpringApplicationBuilder.java:140)
	at cc.mrbird.febs.Application.main(Application.java:22)
2022-09-15 14:54:11 ERROR main org.springframework.boot.SpringApplication Application run failed
java.lang.IllegalStateException: Failed to execute ApplicationRunner
	at org.springframework.boot.SpringApplication.callRunner(SpringApplication.java:778)
	at org.springframework.boot.SpringApplication.callRunners(SpringApplication.java:765)
	at org.springframework.boot.SpringApplication.run(SpringApplication.java:322)
	at org.springframework.boot.builder.SpringApplicationBuilder.run(SpringApplicationBuilder.java:140)
	at cc.mrbird.febs.Application.main(Application.java:22)
Caused by: java.net.BindException: Can't assign requested address
	at sun.nio.ch.Net.bind0(Native Method)
	at sun.nio.ch.Net.bind(Net.java:438)
	at sun.nio.ch.Net.bind(Net.java:430)
	at sun.nio.ch.ServerSocketChannelImpl.bind(ServerSocketChannelImpl.java:225)
	at io.netty.channel.socket.nio.NioServerSocketChannel.doBind(NioServerSocketChannel.java:132)
	at io.netty.channel.AbstractChannel$AbstractUnsafe.bind(AbstractChannel.java:563)
	at io.netty.channel.DefaultChannelPipeline$HeadContext.bind(DefaultChannelPipeline.java:1332)
	at io.netty.channel.AbstractChannelHandlerContext.invokeBind(AbstractChannelHandlerContext.java:503)
	at io.netty.channel.AbstractChannelHandlerContext.bind(AbstractChannelHandlerContext.java:488)
	at io.netty.channel.DefaultChannelPipeline.bind(DefaultChannelPipeline.java:984)
	at io.netty.channel.AbstractChannel.bind(AbstractChannel.java:259)
	at io.netty.bootstrap.AbstractBootstrap$2.run(AbstractBootstrap.java:366)
	at io.netty.util.concurrent.AbstractEventExecutor.safeExecute(AbstractEventExecutor.java:163)
	at io.netty.util.concurrent.SingleThreadEventExecutor.runAllTasks(SingleThreadEventExecutor.java:405)
	at io.netty.channel.nio.NioEventLoop.run(NioEventLoop.java:500)
	at io.netty.util.concurrent.SingleThreadEventExecutor$5.run(SingleThreadEventExecutor.java:906)
	at io.netty.util.internal.ThreadExecutorMap$2.run(ThreadExecutorMap.java:74)
	at io.netty.util.concurrent.FastThreadLocalRunnable.run(FastThreadLocalRunnable.java:30)
	at java.lang.Thread.run(Thread.java:750)
2022-09-15 15:09:18 ERROR main cc.mrbird.febs.common.license.LicenseVerifyUtils 证书安装失败！
de.schlichtherle.license.LicenseContentException: 不能获取服务器硬件信息
	at cc.mrbird.febs.common.license.CustomLicenseManager.validate(CustomLicenseManager.java:179)
	at cc.mrbird.febs.common.license.CustomLicenseManager.install(CustomLicenseManager.java:77)
	at de.schlichtherle.license.LicenseManager.install(LicenseManager.java:406)
	at de.schlichtherle.license.LicenseManager.install(LicenseManager.java:382)
	at cc.mrbird.febs.common.license.LicenseVerifyUtils.install(LicenseVerifyUtils.java:69)
	at cc.mrbird.febs.common.runner.FebsStartedUpRunner.run(FebsStartedUpRunner.java:84)
	at org.springframework.boot.SpringApplication.callRunner(SpringApplication.java:775)
	at org.springframework.boot.SpringApplication.callRunners(SpringApplication.java:765)
	at org.springframework.boot.SpringApplication.run(SpringApplication.java:322)
	at org.springframework.boot.builder.SpringApplicationBuilder.run(SpringApplicationBuilder.java:140)
	at cc.mrbird.febs.Application.main(Application.java:22)
2022-09-15 15:09:18 ERROR main org.springframework.boot.SpringApplication Application run failed
java.lang.IllegalStateException: Failed to execute ApplicationRunner
	at org.springframework.boot.SpringApplication.callRunner(SpringApplication.java:778)
	at org.springframework.boot.SpringApplication.callRunners(SpringApplication.java:765)
	at org.springframework.boot.SpringApplication.run(SpringApplication.java:322)
	at org.springframework.boot.builder.SpringApplicationBuilder.run(SpringApplicationBuilder.java:140)
	at cc.mrbird.febs.Application.main(Application.java:22)
Caused by: java.net.BindException: Can't assign requested address
	at sun.nio.ch.Net.bind0(Native Method)
	at sun.nio.ch.Net.bind(Net.java:438)
	at sun.nio.ch.Net.bind(Net.java:430)
	at sun.nio.ch.ServerSocketChannelImpl.bind(ServerSocketChannelImpl.java:225)
	at io.netty.channel.socket.nio.NioServerSocketChannel.doBind(NioServerSocketChannel.java:132)
	at io.netty.channel.AbstractChannel$AbstractUnsafe.bind(AbstractChannel.java:563)
	at io.netty.channel.DefaultChannelPipeline$HeadContext.bind(DefaultChannelPipeline.java:1332)
	at io.netty.channel.AbstractChannelHandlerContext.invokeBind(AbstractChannelHandlerContext.java:503)
	at io.netty.channel.AbstractChannelHandlerContext.bind(AbstractChannelHandlerContext.java:488)
	at io.netty.channel.DefaultChannelPipeline.bind(DefaultChannelPipeline.java:984)
	at io.netty.channel.AbstractChannel.bind(AbstractChannel.java:259)
	at io.netty.bootstrap.AbstractBootstrap$2.run(AbstractBootstrap.java:366)
	at io.netty.util.concurrent.AbstractEventExecutor.safeExecute(AbstractEventExecutor.java:163)
	at io.netty.util.concurrent.SingleThreadEventExecutor.runAllTasks(SingleThreadEventExecutor.java:405)
	at io.netty.channel.nio.NioEventLoop.run(NioEventLoop.java:500)
	at io.netty.util.concurrent.SingleThreadEventExecutor$5.run(SingleThreadEventExecutor.java:906)
	at io.netty.util.internal.ThreadExecutorMap$2.run(ThreadExecutorMap.java:74)
	at io.netty.util.concurrent.FastThreadLocalRunnable.run(FastThreadLocalRunnable.java:30)
	at java.lang.Thread.run(Thread.java:750)
2022-09-15 15:11:10 ERROR main cc.mrbird.febs.common.license.LicenseVerifyUtils 证书安装失败！
de.schlichtherle.license.LicenseContentException: 不能获取服务器硬件信息
	at cc.mrbird.febs.common.license.CustomLicenseManager.validate(CustomLicenseManager.java:179)
	at cc.mrbird.febs.common.license.CustomLicenseManager.install(CustomLicenseManager.java:77)
	at de.schlichtherle.license.LicenseManager.install(LicenseManager.java:406)
	at de.schlichtherle.license.LicenseManager.install(LicenseManager.java:382)
	at cc.mrbird.febs.common.license.LicenseVerifyUtils.install(LicenseVerifyUtils.java:69)
	at cc.mrbird.febs.common.runner.FebsStartedUpRunner.run(FebsStartedUpRunner.java:84)
	at org.springframework.boot.SpringApplication.callRunner(SpringApplication.java:775)
	at org.springframework.boot.SpringApplication.callRunners(SpringApplication.java:765)
	at org.springframework.boot.SpringApplication.run(SpringApplication.java:322)
	at org.springframework.boot.builder.SpringApplicationBuilder.run(SpringApplicationBuilder.java:140)
	at cc.mrbird.febs.Application.main(Application.java:22)
2022-09-15 15:11:10 ERROR main org.springframework.boot.SpringApplication Application run failed
java.lang.IllegalStateException: Failed to execute ApplicationRunner
	at org.springframework.boot.SpringApplication.callRunner(SpringApplication.java:778)
	at org.springframework.boot.SpringApplication.callRunners(SpringApplication.java:765)
	at org.springframework.boot.SpringApplication.run(SpringApplication.java:322)
	at org.springframework.boot.builder.SpringApplicationBuilder.run(SpringApplicationBuilder.java:140)
	at cc.mrbird.febs.Application.main(Application.java:22)
Caused by: java.net.BindException: Can't assign requested address
	at sun.nio.ch.Net.bind0(Native Method)
	at sun.nio.ch.Net.bind(Net.java:438)
	at sun.nio.ch.Net.bind(Net.java:430)
	at sun.nio.ch.ServerSocketChannelImpl.bind(ServerSocketChannelImpl.java:225)
	at io.netty.channel.socket.nio.NioServerSocketChannel.doBind(NioServerSocketChannel.java:132)
	at io.netty.channel.AbstractChannel$AbstractUnsafe.bind(AbstractChannel.java:563)
	at io.netty.channel.DefaultChannelPipeline$HeadContext.bind(DefaultChannelPipeline.java:1332)
	at io.netty.channel.AbstractChannelHandlerContext.invokeBind(AbstractChannelHandlerContext.java:503)
	at io.netty.channel.AbstractChannelHandlerContext.bind(AbstractChannelHandlerContext.java:488)
	at io.netty.channel.DefaultChannelPipeline.bind(DefaultChannelPipeline.java:984)
	at io.netty.channel.AbstractChannel.bind(AbstractChannel.java:259)
	at io.netty.bootstrap.AbstractBootstrap$2.run(AbstractBootstrap.java:366)
	at io.netty.util.concurrent.AbstractEventExecutor.safeExecute(AbstractEventExecutor.java:163)
	at io.netty.util.concurrent.SingleThreadEventExecutor.runAllTasks(SingleThreadEventExecutor.java:405)
	at io.netty.channel.nio.NioEventLoop.run(NioEventLoop.java:500)
	at io.netty.util.concurrent.SingleThreadEventExecutor$5.run(SingleThreadEventExecutor.java:906)
	at io.netty.util.internal.ThreadExecutorMap$2.run(ThreadExecutorMap.java:74)
	at io.netty.util.concurrent.FastThreadLocalRunnable.run(FastThreadLocalRunnable.java:30)
	at java.lang.Thread.run(Thread.java:750)
2022-09-15 15:12:18 ERROR main cc.mrbird.febs.common.license.LicenseVerifyUtils 证书安装失败！
de.schlichtherle.license.LicenseContentException: 不能获取服务器硬件信息
	at cc.mrbird.febs.common.license.CustomLicenseManager.validate(CustomLicenseManager.java:179)
	at cc.mrbird.febs.common.license.CustomLicenseManager.install(CustomLicenseManager.java:77)
	at de.schlichtherle.license.LicenseManager.install(LicenseManager.java:406)
	at de.schlichtherle.license.LicenseManager.install(LicenseManager.java:382)
	at cc.mrbird.febs.common.license.LicenseVerifyUtils.install(LicenseVerifyUtils.java:69)
	at cc.mrbird.febs.common.runner.FebsStartedUpRunner.run(FebsStartedUpRunner.java:84)
	at org.springframework.boot.SpringApplication.callRunner(SpringApplication.java:775)
	at org.springframework.boot.SpringApplication.callRunners(SpringApplication.java:765)
	at org.springframework.boot.SpringApplication.run(SpringApplication.java:322)
	at org.springframework.boot.builder.SpringApplicationBuilder.run(SpringApplicationBuilder.java:140)
	at cc.mrbird.febs.Application.main(Application.java:22)
2022-09-15 15:12:19 ERROR main org.springframework.boot.SpringApplication Application run failed
java.lang.IllegalStateException: Failed to execute ApplicationRunner
	at org.springframework.boot.SpringApplication.callRunner(SpringApplication.java:778)
	at org.springframework.boot.SpringApplication.callRunners(SpringApplication.java:765)
	at org.springframework.boot.SpringApplication.run(SpringApplication.java:322)
	at org.springframework.boot.builder.SpringApplicationBuilder.run(SpringApplicationBuilder.java:140)
	at cc.mrbird.febs.Application.main(Application.java:22)
Caused by: java.net.BindException: Can't assign requested address
	at sun.nio.ch.Net.bind0(Native Method)
	at sun.nio.ch.Net.bind(Net.java:438)
	at sun.nio.ch.Net.bind(Net.java:430)
	at sun.nio.ch.ServerSocketChannelImpl.bind(ServerSocketChannelImpl.java:225)
	at io.netty.channel.socket.nio.NioServerSocketChannel.doBind(NioServerSocketChannel.java:132)
	at io.netty.channel.AbstractChannel$AbstractUnsafe.bind(AbstractChannel.java:563)
	at io.netty.channel.DefaultChannelPipeline$HeadContext.bind(DefaultChannelPipeline.java:1332)
	at io.netty.channel.AbstractChannelHandlerContext.invokeBind(AbstractChannelHandlerContext.java:503)
	at io.netty.channel.AbstractChannelHandlerContext.bind(AbstractChannelHandlerContext.java:488)
	at io.netty.channel.DefaultChannelPipeline.bind(DefaultChannelPipeline.java:984)
	at io.netty.channel.AbstractChannel.bind(AbstractChannel.java:259)
	at io.netty.bootstrap.AbstractBootstrap$2.run(AbstractBootstrap.java:366)
	at io.netty.util.concurrent.AbstractEventExecutor.safeExecute(AbstractEventExecutor.java:163)
	at io.netty.util.concurrent.SingleThreadEventExecutor.runAllTasks(SingleThreadEventExecutor.java:405)
	at io.netty.channel.nio.NioEventLoop.run(NioEventLoop.java:500)
	at io.netty.util.concurrent.SingleThreadEventExecutor$5.run(SingleThreadEventExecutor.java:906)
	at io.netty.util.internal.ThreadExecutorMap$2.run(ThreadExecutorMap.java:74)
	at io.netty.util.concurrent.FastThreadLocalRunnable.run(FastThreadLocalRunnable.java:30)
	at java.lang.Thread.run(Thread.java:750)
2022-09-15 15:30:13 ERROR main org.springframework.boot.SpringApplication Application run failed
java.lang.IllegalStateException: Failed to execute ApplicationRunner
	at org.springframework.boot.SpringApplication.callRunner(SpringApplication.java:778)
	at org.springframework.boot.SpringApplication.callRunners(SpringApplication.java:765)
	at org.springframework.boot.SpringApplication.run(SpringApplication.java:322)
	at org.springframework.boot.builder.SpringApplicationBuilder.run(SpringApplicationBuilder.java:140)
	at cc.mrbird.febs.Application.main(Application.java:22)
Caused by: java.net.BindException: Can't assign requested address
	at sun.nio.ch.Net.bind0(Native Method)
	at sun.nio.ch.Net.bind(Net.java:438)
	at sun.nio.ch.Net.bind(Net.java:430)
	at sun.nio.ch.ServerSocketChannelImpl.bind(ServerSocketChannelImpl.java:225)
	at io.netty.channel.socket.nio.NioServerSocketChannel.doBind(NioServerSocketChannel.java:132)
	at io.netty.channel.AbstractChannel$AbstractUnsafe.bind(AbstractChannel.java:563)
	at io.netty.channel.DefaultChannelPipeline$HeadContext.bind(DefaultChannelPipeline.java:1332)
	at io.netty.channel.AbstractChannelHandlerContext.invokeBind(AbstractChannelHandlerContext.java:503)
	at io.netty.channel.AbstractChannelHandlerContext.bind(AbstractChannelHandlerContext.java:488)
	at io.netty.channel.DefaultChannelPipeline.bind(DefaultChannelPipeline.java:984)
	at io.netty.channel.AbstractChannel.bind(AbstractChannel.java:259)
	at io.netty.bootstrap.AbstractBootstrap$2.run(AbstractBootstrap.java:366)
	at io.netty.util.concurrent.AbstractEventExecutor.safeExecute(AbstractEventExecutor.java:163)
	at io.netty.util.concurrent.SingleThreadEventExecutor.runAllTasks(SingleThreadEventExecutor.java:405)
	at io.netty.channel.nio.NioEventLoop.run(NioEventLoop.java:500)
	at io.netty.util.concurrent.SingleThreadEventExecutor$5.run(SingleThreadEventExecutor.java:906)
	at io.netty.util.internal.ThreadExecutorMap$2.run(ThreadExecutorMap.java:74)
	at io.netty.util.concurrent.FastThreadLocalRunnable.run(FastThreadLocalRunnable.java:30)
	at java.lang.Thread.run(Thread.java:750)
2022-09-15 15:32:48 ERROR main org.springframework.boot.SpringApplication Application run failed
java.lang.IllegalStateException: Failed to execute ApplicationRunner
	at org.springframework.boot.SpringApplication.callRunner(SpringApplication.java:778)
	at org.springframework.boot.SpringApplication.callRunners(SpringApplication.java:765)
	at org.springframework.boot.SpringApplication.run(SpringApplication.java:322)
	at org.springframework.boot.builder.SpringApplicationBuilder.run(SpringApplicationBuilder.java:140)
	at cc.mrbird.febs.Application.main(Application.java:22)
Caused by: java.net.BindException: Can't assign requested address
	at sun.nio.ch.Net.bind0(Native Method)
	at sun.nio.ch.Net.bind(Net.java:438)
	at sun.nio.ch.Net.bind(Net.java:430)
	at sun.nio.ch.ServerSocketChannelImpl.bind(ServerSocketChannelImpl.java:225)
	at io.netty.channel.socket.nio.NioServerSocketChannel.doBind(NioServerSocketChannel.java:132)
	at io.netty.channel.AbstractChannel$AbstractUnsafe.bind(AbstractChannel.java:563)
	at io.netty.channel.DefaultChannelPipeline$HeadContext.bind(DefaultChannelPipeline.java:1332)
	at io.netty.channel.AbstractChannelHandlerContext.invokeBind(AbstractChannelHandlerContext.java:503)
	at io.netty.channel.AbstractChannelHandlerContext.bind(AbstractChannelHandlerContext.java:488)
	at io.netty.channel.DefaultChannelPipeline.bind(DefaultChannelPipeline.java:984)
	at io.netty.channel.AbstractChannel.bind(AbstractChannel.java:259)
	at io.netty.bootstrap.AbstractBootstrap$2.run(AbstractBootstrap.java:366)
	at io.netty.util.concurrent.AbstractEventExecutor.safeExecute(AbstractEventExecutor.java:163)
	at io.netty.util.concurrent.SingleThreadEventExecutor.runAllTasks(SingleThreadEventExecutor.java:405)
	at io.netty.channel.nio.NioEventLoop.run(NioEventLoop.java:500)
	at io.netty.util.concurrent.SingleThreadEventExecutor$5.run(SingleThreadEventExecutor.java:906)
	at io.netty.util.internal.ThreadExecutorMap$2.run(ThreadExecutorMap.java:74)
	at io.netty.util.concurrent.FastThreadLocalRunnable.run(FastThreadLocalRunnable.java:30)
	at java.lang.Thread.run(Thread.java:750)
2022-09-15 15:39:54 ERROR http-nio-0.0.0.0-88-exec-6 cc.mrbird.febs.common.aspect.ControllerEndpointAspect 
### Error querying database.  Cause: java.sql.SQLSyntaxErrorException: Unknown column 'MENU_CHINESE_NAME' in 'field list'
### The error may exist in cc/mrbird/febs/system/mapper/MenuMapper.java (best guess)
### The error may involve defaultParameterMap
### The error occurred while setting parameters
### SQL: SELECT  MENU_ID,PARENT_ID,MENU_CHINESE_NAME,MENU_RUSSIAN_NAME,MENU_ENGLISH_NAME,URL,PERMS,ICON,TYPE,ORDER_NUM,CREATE_TIME,MODIFY_TIME  FROM t_menu           ORDER BY ORDER_NUM ASC
### Cause: java.sql.SQLSyntaxErrorException: Unknown column 'MENU_CHINESE_NAME' in 'field list'
; bad SQL grammar []; nested exception is java.sql.SQLSyntaxErrorException: Unknown column 'MENU_CHINESE_NAME' in 'field list'
2022-09-15 15:39:54 ERROR http-nio-0.0.0.0-88-exec-6 cc.mrbird.febs.common.handler.GlobalExceptionHandler Febs系统错误 
### Error querying database.  Cause: java.sql.SQLSyntaxErrorException: Unknown column 'MENU_CHINESE_NAME' in 'field list'
### The error may exist in cc/mrbird/febs/system/mapper/MenuMapper.java (best guess)
### The error may involve defaultParameterMap
### The error occurred while setting parameters
### SQL: SELECT  MENU_ID,PARENT_ID,MENU_CHINESE_NAME,MENU_RUSSIAN_NAME,MENU_ENGLISH_NAME,URL,PERMS,ICON,TYPE,ORDER_NUM,CREATE_TIME,MODIFY_TIME  FROM t_menu           ORDER BY ORDER_NUM ASC
### Cause: java.sql.SQLSyntaxErrorException: Unknown column 'MENU_CHINESE_NAME' in 'field list'
; bad SQL grammar []; nested exception is java.sql.SQLSyntaxErrorException: Unknown column 'MENU_CHINESE_NAME' in 'field list'
2022-09-15 15:39:55 ERROR http-nio-0.0.0.0-88-exec-8 cc.mrbird.febs.common.aspect.ControllerEndpointAspect 
### Error querying database.  Cause: java.sql.SQLSyntaxErrorException: Unknown column 'MENU_CHINESE_NAME' in 'field list'
### The error may exist in cc/mrbird/febs/system/mapper/MenuMapper.java (best guess)
### The error may involve defaultParameterMap
### The error occurred while setting parameters
### SQL: SELECT  MENU_ID,PARENT_ID,MENU_CHINESE_NAME,MENU_RUSSIAN_NAME,MENU_ENGLISH_NAME,URL,PERMS,ICON,TYPE,ORDER_NUM,CREATE_TIME,MODIFY_TIME  FROM t_menu           ORDER BY ORDER_NUM ASC
### Cause: java.sql.SQLSyntaxErrorException: Unknown column 'MENU_CHINESE_NAME' in 'field list'
; bad SQL grammar []; nested exception is java.sql.SQLSyntaxErrorException: Unknown column 'MENU_CHINESE_NAME' in 'field list'
2022-09-15 15:39:55 ERROR http-nio-0.0.0.0-88-exec-8 cc.mrbird.febs.common.handler.GlobalExceptionHandler Febs系统错误 
### Error querying database.  Cause: java.sql.SQLSyntaxErrorException: Unknown column 'MENU_CHINESE_NAME' in 'field list'
### The error may exist in cc/mrbird/febs/system/mapper/MenuMapper.java (best guess)
### The error may involve defaultParameterMap
### The error occurred while setting parameters
### SQL: SELECT  MENU_ID,PARENT_ID,MENU_CHINESE_NAME,MENU_RUSSIAN_NAME,MENU_ENGLISH_NAME,URL,PERMS,ICON,TYPE,ORDER_NUM,CREATE_TIME,MODIFY_TIME  FROM t_menu           ORDER BY ORDER_NUM ASC
### Cause: java.sql.SQLSyntaxErrorException: Unknown column 'MENU_CHINESE_NAME' in 'field list'
; bad SQL grammar []; nested exception is java.sql.SQLSyntaxErrorException: Unknown column 'MENU_CHINESE_NAME' in 'field list'
2022-09-15 15:41:57 ERROR http-nio-0.0.0.0-88-exec-4 cc.mrbird.febs.common.handler.GlobalExceptionHandler AuthenticationException, 用户名或密码错误1次，一天只能错误3次，忘记密码请联系管理员重置密码！
2022-09-15 15:42:51 ERROR http-nio-0.0.0.0-88-exec-5 cc.mrbird.febs.common.aspect.ControllerEndpointAspect 
### Error querying database.  Cause: java.sql.SQLSyntaxErrorException: Unknown column 'MENU_CHINESE_NAME' in 'field list'
### The error may exist in cc/mrbird/febs/system/mapper/MenuMapper.java (best guess)
### The error may involve defaultParameterMap
### The error occurred while setting parameters
### SQL: SELECT  MENU_ID,PARENT_ID,MENU_CHINESE_NAME,MENU_RUSSIAN_NAME,MENU_ENGLISH_NAME,URL,PERMS,ICON,TYPE,ORDER_NUM,CREATE_TIME,MODIFY_TIME  FROM t_menu           ORDER BY ORDER_NUM ASC
### Cause: java.sql.SQLSyntaxErrorException: Unknown column 'MENU_CHINESE_NAME' in 'field list'
; bad SQL grammar []; nested exception is java.sql.SQLSyntaxErrorException: Unknown column 'MENU_CHINESE_NAME' in 'field list'
2022-09-15 15:42:51 ERROR http-nio-0.0.0.0-88-exec-5 cc.mrbird.febs.common.handler.GlobalExceptionHandler Febs系统错误 
### Error querying database.  Cause: java.sql.SQLSyntaxErrorException: Unknown column 'MENU_CHINESE_NAME' in 'field list'
### The error may exist in cc/mrbird/febs/system/mapper/MenuMapper.java (best guess)
### The error may involve defaultParameterMap
### The error occurred while setting parameters
### SQL: SELECT  MENU_ID,PARENT_ID,MENU_CHINESE_NAME,MENU_RUSSIAN_NAME,MENU_ENGLISH_NAME,URL,PERMS,ICON,TYPE,ORDER_NUM,CREATE_TIME,MODIFY_TIME  FROM t_menu           ORDER BY ORDER_NUM ASC
### Cause: java.sql.SQLSyntaxErrorException: Unknown column 'MENU_CHINESE_NAME' in 'field list'
; bad SQL grammar []; nested exception is java.sql.SQLSyntaxErrorException: Unknown column 'MENU_CHINESE_NAME' in 'field list'
2022-09-15 15:46:30 ERROR http-nio-0.0.0.0-88-exec-6 cc.mrbird.febs.common.aspect.ControllerEndpointAspect 
### Error querying database.  Cause: java.sql.SQLSyntaxErrorException: Unknown column 'MENU_CHINESE_NAME' in 'field list'
### The error may exist in cc/mrbird/febs/system/mapper/MenuMapper.java (best guess)
### The error may involve defaultParameterMap
### The error occurred while setting parameters
### SQL: SELECT  MENU_ID,PARENT_ID,MENU_CHINESE_NAME,MENU_RUSSIAN_NAME,MENU_ENGLISH_NAME,URL,PERMS,ICON,TYPE,ORDER_NUM,CREATE_TIME,MODIFY_TIME  FROM t_menu           ORDER BY ORDER_NUM ASC
### Cause: java.sql.SQLSyntaxErrorException: Unknown column 'MENU_CHINESE_NAME' in 'field list'
; bad SQL grammar []; nested exception is java.sql.SQLSyntaxErrorException: Unknown column 'MENU_CHINESE_NAME' in 'field list'
2022-09-15 15:46:30 ERROR http-nio-0.0.0.0-88-exec-6 cc.mrbird.febs.common.handler.GlobalExceptionHandler Febs系统错误 
### Error querying database.  Cause: java.sql.SQLSyntaxErrorException: Unknown column 'MENU_CHINESE_NAME' in 'field list'
### The error may exist in cc/mrbird/febs/system/mapper/MenuMapper.java (best guess)
### The error may involve defaultParameterMap
### The error occurred while setting parameters
### SQL: SELECT  MENU_ID,PARENT_ID,MENU_CHINESE_NAME,MENU_RUSSIAN_NAME,MENU_ENGLISH_NAME,URL,PERMS,ICON,TYPE,ORDER_NUM,CREATE_TIME,MODIFY_TIME  FROM t_menu           ORDER BY ORDER_NUM ASC
### Cause: java.sql.SQLSyntaxErrorException: Unknown column 'MENU_CHINESE_NAME' in 'field list'
; bad SQL grammar []; nested exception is java.sql.SQLSyntaxErrorException: Unknown column 'MENU_CHINESE_NAME' in 'field list'
2022-09-15 15:55:15 ERROR main cc.mrbird.febs.common.license.LicenseVerifyUtils 证书安装失败！
de.schlichtherle.license.LicenseContentException: 不能获取服务器硬件信息
	at cc.mrbird.febs.common.license.CustomLicenseManager.validate(CustomLicenseManager.java:179)
	at cc.mrbird.febs.common.license.CustomLicenseManager.install(CustomLicenseManager.java:77)
	at de.schlichtherle.license.LicenseManager.install(LicenseManager.java:406)
	at de.schlichtherle.license.LicenseManager.install(LicenseManager.java:382)
	at cc.mrbird.febs.common.license.LicenseVerifyUtils.install(LicenseVerifyUtils.java:69)
	at cc.mrbird.febs.common.runner.FebsStartedUpRunner.run(FebsStartedUpRunner.java:84)
	at org.springframework.boot.SpringApplication.callRunner(SpringApplication.java:775)
	at org.springframework.boot.SpringApplication.callRunners(SpringApplication.java:765)
	at org.springframework.boot.SpringApplication.run(SpringApplication.java:322)
	at org.springframework.boot.builder.SpringApplicationBuilder.run(SpringApplicationBuilder.java:140)
	at cc.mrbird.febs.Application.main(Application.java:22)
2022-09-15 15:55:29 ERROR http-nio-0.0.0.0-88-exec-2 cc.mrbird.febs.common.license.LicenseVerifyUtils 证书校验失败！
de.schlichtherle.license.NoLicenseInstalledException: license_gdpt
	at cc.mrbird.febs.common.license.CustomLicenseManager.verify(CustomLicenseManager.java:100)
	at de.schlichtherle.license.LicenseManager.verify(LicenseManager.java:454)
	at cc.mrbird.febs.common.license.LicenseVerifyUtils.verify(LicenseVerifyUtils.java:99)
	at cc.mrbird.febs.system.controller.ViewController.index(ViewController.java:91)
	at cc.mrbird.febs.system.controller.ViewController$$FastClassBySpringCGLIB$$1.invoke(<generated>)
	at org.springframework.cglib.proxy.MethodProxy.invoke(MethodProxy.java:218)
	at org.springframework.aop.framework.CglibAopProxy$CglibMethodInvocation.invokeJoinpoint(CglibAopProxy.java:769)
	at org.springframework.aop.framework.ReflectiveMethodInvocation.proceed(ReflectiveMethodInvocation.java:163)
	at org.springframework.aop.framework.CglibAopProxy$CglibMethodInvocation.proceed(CglibAopProxy.java:747)
	at org.springframework.aop.interceptor.ExposeInvocationInterceptor.invoke(ExposeInvocationInterceptor.java:95)
	at org.springframework.aop.framework.ReflectiveMethodInvocation.proceed(ReflectiveMethodInvocation.java:186)
	at org.springframework.aop.framework.CglibAopProxy$CglibMethodInvocation.proceed(CglibAopProxy.java:747)
	at org.springframework.aop.framework.CglibAopProxy$DynamicAdvisedInterceptor.intercept(CglibAopProxy.java:689)
	at cc.mrbird.febs.system.controller.ViewController$$EnhancerBySpringCGLIB$$1.index(<generated>)
	at sun.reflect.NativeMethodAccessorImpl.invoke0(Native Method)
	at sun.reflect.NativeMethodAccessorImpl.invoke(NativeMethodAccessorImpl.java:62)
	at sun.reflect.DelegatingMethodAccessorImpl.invoke(DelegatingMethodAccessorImpl.java:43)
	at java.lang.reflect.Method.invoke(Method.java:498)
	at org.springframework.web.method.support.InvocableHandlerMethod.doInvoke(InvocableHandlerMethod.java:190)
	at org.springframework.web.method.support.InvocableHandlerMethod.invokeForRequest(InvocableHandlerMethod.java:138)
	at org.springframework.web.servlet.mvc.method.annotation.ServletInvocableHandlerMethod.invokeAndHandle(ServletInvocableHandlerMethod.java:106)
	at org.springframework.web.servlet.mvc.method.annotation.RequestMappingHandlerAdapter.invokeHandlerMethod(RequestMappingHandlerAdapter.java:879)
	at org.springframework.web.servlet.mvc.method.annotation.RequestMappingHandlerAdapter.handleInternal(RequestMappingHandlerAdapter.java:793)
	at org.springframework.web.servlet.mvc.method.AbstractHandlerMethodAdapter.handle(AbstractHandlerMethodAdapter.java:87)
	at org.springframework.web.servlet.DispatcherServlet.doDispatch(DispatcherServlet.java:1040)
	at org.springframework.web.servlet.DispatcherServlet.doService(DispatcherServlet.java:943)
	at org.springframework.web.servlet.FrameworkServlet.processRequest(FrameworkServlet.java:1006)
	at org.springframework.web.servlet.FrameworkServlet.doGet(FrameworkServlet.java:898)
	at javax.servlet.http.HttpServlet.service(HttpServlet.java:634)
	at org.springframework.web.servlet.FrameworkServlet.service(FrameworkServlet.java:883)
	at javax.servlet.http.HttpServlet.service(HttpServlet.java:741)
	at org.apache.catalina.core.ApplicationFilterChain.internalDoFilter(ApplicationFilterChain.java:231)
	at org.apache.catalina.core.ApplicationFilterChain.doFilter(ApplicationFilterChain.java:166)
	at org.apache.tomcat.websocket.server.WsFilter.doFilter(WsFilter.java:53)
	at org.apache.catalina.core.ApplicationFilterChain.internalDoFilter(ApplicationFilterChain.java:193)
	at org.apache.catalina.core.ApplicationFilterChain.doFilter(ApplicationFilterChain.java:166)
	at org.apache.shiro.web.servlet.ProxiedFilterChain.doFilter(ProxiedFilterChain.java:61)
	at org.apache.shiro.web.servlet.AdviceFilter.executeChain(AdviceFilter.java:108)
	at org.apache.shiro.web.servlet.AdviceFilter.doFilterInternal(AdviceFilter.java:137)
	at org.apache.shiro.web.servlet.OncePerRequestFilter.doFilter(OncePerRequestFilter.java:125)
	at org.apache.shiro.web.servlet.ProxiedFilterChain.doFilter(ProxiedFilterChain.java:66)
	at org.apache.shiro.web.servlet.AbstractShiroFilter.executeChain(AbstractShiroFilter.java:449)
	at org.apache.shiro.web.servlet.AbstractShiroFilter$1.call(AbstractShiroFilter.java:365)
	at org.apache.shiro.subject.support.SubjectCallable.doCall(SubjectCallable.java:90)
	at org.apache.shiro.subject.support.SubjectCallable.call(SubjectCallable.java:83)
	at org.apache.shiro.subject.support.DelegatingSubject.execute(DelegatingSubject.java:387)
	at org.apache.shiro.web.servlet.AbstractShiroFilter.doFilterInternal(AbstractShiroFilter.java:362)
	at org.apache.shiro.web.servlet.OncePerRequestFilter.doFilter(OncePerRequestFilter.java:125)
	at org.apache.catalina.core.ApplicationFilterChain.internalDoFilter(ApplicationFilterChain.java:193)
	at org.apache.catalina.core.ApplicationFilterChain.doFilter(ApplicationFilterChain.java:166)
	at org.springframework.web.servlet.resource.ResourceUrlEncodingFilter.doFilter(ResourceUrlEncodingFilter.java:64)
	at org.apache.catalina.core.ApplicationFilterChain.internalDoFilter(ApplicationFilterChain.java:193)
	at org.apache.catalina.core.ApplicationFilterChain.doFilter(ApplicationFilterChain.java:166)
	at org.springframework.boot.actuate.web.trace.servlet.HttpTraceFilter.doFilterInternal(HttpTraceFilter.java:88)
	at org.springframework.web.filter.OncePerRequestFilter.doFilter(OncePerRequestFilter.java:119)
	at org.apache.catalina.core.ApplicationFilterChain.internalDoFilter(ApplicationFilterChain.java:193)
	at org.apache.catalina.core.ApplicationFilterChain.doFilter(ApplicationFilterChain.java:166)
	at cc.mrbird.febs.common.xss.XssFilter.doFilter(XssFilter.java:55)
	at org.apache.catalina.core.ApplicationFilterChain.internalDoFilter(ApplicationFilterChain.java:193)
	at org.apache.catalina.core.ApplicationFilterChain.doFilter(ApplicationFilterChain.java:166)
	at org.springframework.web.filter.RequestContextFilter.doFilterInternal(RequestContextFilter.java:100)
	at org.springframework.web.filter.OncePerRequestFilter.doFilter(OncePerRequestFilter.java:119)
	at org.apache.catalina.core.ApplicationFilterChain.internalDoFilter(ApplicationFilterChain.java:193)
	at org.apache.catalina.core.ApplicationFilterChain.doFilter(ApplicationFilterChain.java:166)
	at org.springframework.web.filter.FormContentFilter.doFilterInternal(FormContentFilter.java:93)
	at org.springframework.web.filter.OncePerRequestFilter.doFilter(OncePerRequestFilter.java:119)
	at org.apache.catalina.core.ApplicationFilterChain.internalDoFilter(ApplicationFilterChain.java:193)
	at org.apache.catalina.core.ApplicationFilterChain.doFilter(ApplicationFilterChain.java:166)
	at org.springframework.boot.actuate.metrics.web.servlet.WebMvcMetricsFilter.doFilterInternal(WebMvcMetricsFilter.java:109)
	at org.springframework.web.filter.OncePerRequestFilter.doFilter(OncePerRequestFilter.java:119)
	at org.apache.catalina.core.ApplicationFilterChain.internalDoFilter(ApplicationFilterChain.java:193)
	at org.apache.catalina.core.ApplicationFilterChain.doFilter(ApplicationFilterChain.java:166)
	at org.springframework.web.filter.CharacterEncodingFilter.doFilterInternal(CharacterEncodingFilter.java:201)
	at org.springframework.web.filter.OncePerRequestFilter.doFilter(OncePerRequestFilter.java:119)
	at org.apache.catalina.core.ApplicationFilterChain.internalDoFilter(ApplicationFilterChain.java:193)
	at org.apache.catalina.core.ApplicationFilterChain.doFilter(ApplicationFilterChain.java:166)
	at org.apache.catalina.core.StandardWrapperValve.invoke(StandardWrapperValve.java:202)
	at org.apache.catalina.core.StandardContextValve.__invoke(StandardContextValve.java:96)
	at org.apache.catalina.core.StandardContextValve.invoke(StandardContextValve.java:41002)
	at org.apache.catalina.authenticator.AuthenticatorBase.invoke(AuthenticatorBase.java:541)
	at org.apache.catalina.core.StandardHostValve.invoke(StandardHostValve.java:139)
	at org.apache.catalina.valves.ErrorReportValve.invoke(ErrorReportValve.java:92)
	at org.apache.catalina.core.StandardEngineValve.invoke(StandardEngineValve.java:74)
	at org.apache.catalina.connector.CoyoteAdapter.service(CoyoteAdapter.java:343)
	at org.apache.coyote.http11.Http11Processor.service(Http11Processor.java:367)
	at org.apache.coyote.AbstractProcessorLight.process(AbstractProcessorLight.java:65)
	at org.apache.coyote.AbstractProtocol$ConnectionHandler.process(AbstractProtocol.java:868)
	at org.apache.tomcat.util.net.NioEndpoint$SocketProcessor.doRun(NioEndpoint.java:1639)
	at org.apache.tomcat.util.net.SocketProcessorBase.run(SocketProcessorBase.java:49)
	at java.util.concurrent.ThreadPoolExecutor.runWorker(ThreadPoolExecutor.java:1149)
	at java.util.concurrent.ThreadPoolExecutor$Worker.run(ThreadPoolExecutor.java:624)
	at org.apache.tomcat.util.threads.TaskThread$WrappingRunnable.run(TaskThread.java:61)
	at java.lang.Thread.run(Thread.java:750)
2022-09-15 15:55:29 ERROR http-nio-0.0.0.0-88-exec-2 cc.mrbird.febs.common.handler.GlobalExceptionHandler Febs系统错误 许可证到期
2022-09-15 16:06:27 ERROR http-nio-0.0.0.0-88-exec-1 cc.mrbird.febs.common.aspect.ControllerEndpointAspect 
### Error querying database.  Cause: java.sql.SQLSyntaxErrorException: Unknown column 'MENU_CHINESE_NAME' in 'field list'
### The error may exist in cc/mrbird/febs/system/mapper/MenuMapper.java (best guess)
### The error may involve defaultParameterMap
### The error occurred while setting parameters
### SQL: SELECT  MENU_ID,PARENT_ID,MENU_CHINESE_NAME,MENU_RUSSIAN_NAME,MENU_ENGLISH_NAME,URL,PERMS,ICON,TYPE,ORDER_NUM,CREATE_TIME,MODIFY_TIME  FROM t_menu           ORDER BY ORDER_NUM ASC
### Cause: java.sql.SQLSyntaxErrorException: Unknown column 'MENU_CHINESE_NAME' in 'field list'
; bad SQL grammar []; nested exception is java.sql.SQLSyntaxErrorException: Unknown column 'MENU_CHINESE_NAME' in 'field list'
2022-09-15 16:06:27 ERROR http-nio-0.0.0.0-88-exec-1 cc.mrbird.febs.common.handler.GlobalExceptionHandler Febs系统错误 
### Error querying database.  Cause: java.sql.SQLSyntaxErrorException: Unknown column 'MENU_CHINESE_NAME' in 'field list'
### The error may exist in cc/mrbird/febs/system/mapper/MenuMapper.java (best guess)
### The error may involve defaultParameterMap
### The error occurred while setting parameters
### SQL: SELECT  MENU_ID,PARENT_ID,MENU_CHINESE_NAME,MENU_RUSSIAN_NAME,MENU_ENGLISH_NAME,URL,PERMS,ICON,TYPE,ORDER_NUM,CREATE_TIME,MODIFY_TIME  FROM t_menu           ORDER BY ORDER_NUM ASC
### Cause: java.sql.SQLSyntaxErrorException: Unknown column 'MENU_CHINESE_NAME' in 'field list'
; bad SQL grammar []; nested exception is java.sql.SQLSyntaxErrorException: Unknown column 'MENU_CHINESE_NAME' in 'field list'
2022-09-15 16:09:08 ERROR http-nio-0.0.0.0-88-exec-9 cc.mrbird.febs.common.aspect.ControllerEndpointAspect 
### Error querying database.  Cause: java.sql.SQLSyntaxErrorException: Unknown column 'MENU_CHINESE_NAME' in 'field list'
### The error may exist in cc/mrbird/febs/system/mapper/MenuMapper.java (best guess)
### The error may involve defaultParameterMap
### The error occurred while setting parameters
### SQL: SELECT  MENU_ID,PARENT_ID,MENU_CHINESE_NAME,MENU_RUSSIAN_NAME,MENU_ENGLISH_NAME,URL,PERMS,ICON,TYPE,ORDER_NUM,CREATE_TIME,MODIFY_TIME  FROM t_menu           ORDER BY ORDER_NUM ASC
### Cause: java.sql.SQLSyntaxErrorException: Unknown column 'MENU_CHINESE_NAME' in 'field list'
; bad SQL grammar []; nested exception is java.sql.SQLSyntaxErrorException: Unknown column 'MENU_CHINESE_NAME' in 'field list'
2022-09-15 16:09:08 ERROR http-nio-0.0.0.0-88-exec-9 cc.mrbird.febs.common.handler.GlobalExceptionHandler Febs系统错误 
### Error querying database.  Cause: java.sql.SQLSyntaxErrorException: Unknown column 'MENU_CHINESE_NAME' in 'field list'
### The error may exist in cc/mrbird/febs/system/mapper/MenuMapper.java (best guess)
### The error may involve defaultParameterMap
### The error occurred while setting parameters
### SQL: SELECT  MENU_ID,PARENT_ID,MENU_CHINESE_NAME,MENU_RUSSIAN_NAME,MENU_ENGLISH_NAME,URL,PERMS,ICON,TYPE,ORDER_NUM,CREATE_TIME,MODIFY_TIME  FROM t_menu           ORDER BY ORDER_NUM ASC
### Cause: java.sql.SQLSyntaxErrorException: Unknown column 'MENU_CHINESE_NAME' in 'field list'
; bad SQL grammar []; nested exception is java.sql.SQLSyntaxErrorException: Unknown column 'MENU_CHINESE_NAME' in 'field list'
2022-09-15 16:18:15 ERROR http-nio-0.0.0.0-88-exec-9 cc.mrbird.febs.common.aspect.ControllerEndpointAspect 
### Error querying database.  Cause: java.sql.SQLSyntaxErrorException: Unknown column 'MENU_RUSSIAN_NAME' in 'field list'
### The error may exist in cc/mrbird/febs/system/mapper/MenuMapper.java (best guess)
### The error may involve defaultParameterMap
### The error occurred while setting parameters
### SQL: SELECT  MENU_ID,PARENT_ID,MENU_CHINESE_NAME,MENU_RUSSIAN_NAME,MENU_ENGLISH_NAME,URL,PERMS,ICON,TYPE,ORDER_NUM,CREATE_TIME,MODIFY_TIME  FROM t_menu           ORDER BY ORDER_NUM ASC
### Cause: java.sql.SQLSyntaxErrorException: Unknown column 'MENU_RUSSIAN_NAME' in 'field list'
; bad SQL grammar []; nested exception is java.sql.SQLSyntaxErrorException: Unknown column 'MENU_RUSSIAN_NAME' in 'field list'
2022-09-15 16:18:15 ERROR http-nio-0.0.0.0-88-exec-9 cc.mrbird.febs.common.handler.GlobalExceptionHandler Febs系统错误 
### Error querying database.  Cause: java.sql.SQLSyntaxErrorException: Unknown column 'MENU_RUSSIAN_NAME' in 'field list'
### The error may exist in cc/mrbird/febs/system/mapper/MenuMapper.java (best guess)
### The error may involve defaultParameterMap
### The error occurred while setting parameters
### SQL: SELECT  MENU_ID,PARENT_ID,MENU_CHINESE_NAME,MENU_RUSSIAN_NAME,MENU_ENGLISH_NAME,URL,PERMS,ICON,TYPE,ORDER_NUM,CREATE_TIME,MODIFY_TIME  FROM t_menu           ORDER BY ORDER_NUM ASC
### Cause: java.sql.SQLSyntaxErrorException: Unknown column 'MENU_RUSSIAN_NAME' in 'field list'
; bad SQL grammar []; nested exception is java.sql.SQLSyntaxErrorException: Unknown column 'MENU_RUSSIAN_NAME' in 'field list'
2022-09-15 16:18:26 ERROR http-nio-0.0.0.0-88-exec-5 cc.mrbird.febs.common.aspect.ControllerEndpointAspect 
### Error querying database.  Cause: java.sql.SQLSyntaxErrorException: Unknown column 'MENU_RUSSIAN_NAME' in 'field list'
### The error may exist in cc/mrbird/febs/system/mapper/MenuMapper.java (best guess)
### The error may involve defaultParameterMap
### The error occurred while setting parameters
### SQL: SELECT  MENU_ID,PARENT_ID,MENU_CHINESE_NAME,MENU_RUSSIAN_NAME,MENU_ENGLISH_NAME,URL,PERMS,ICON,TYPE,ORDER_NUM,CREATE_TIME,MODIFY_TIME  FROM t_menu           ORDER BY ORDER_NUM ASC
### Cause: java.sql.SQLSyntaxErrorException: Unknown column 'MENU_RUSSIAN_NAME' in 'field list'
; bad SQL grammar []; nested exception is java.sql.SQLSyntaxErrorException: Unknown column 'MENU_RUSSIAN_NAME' in 'field list'
2022-09-15 16:18:26 ERROR http-nio-0.0.0.0-88-exec-5 cc.mrbird.febs.common.handler.GlobalExceptionHandler Febs系统错误 
### Error querying database.  Cause: java.sql.SQLSyntaxErrorException: Unknown column 'MENU_RUSSIAN_NAME' in 'field list'
### The error may exist in cc/mrbird/febs/system/mapper/MenuMapper.java (best guess)
### The error may involve defaultParameterMap
### The error occurred while setting parameters
### SQL: SELECT  MENU_ID,PARENT_ID,MENU_CHINESE_NAME,MENU_RUSSIAN_NAME,MENU_ENGLISH_NAME,URL,PERMS,ICON,TYPE,ORDER_NUM,CREATE_TIME,MODIFY_TIME  FROM t_menu           ORDER BY ORDER_NUM ASC
### Cause: java.sql.SQLSyntaxErrorException: Unknown column 'MENU_RUSSIAN_NAME' in 'field list'
; bad SQL grammar []; nested exception is java.sql.SQLSyntaxErrorException: Unknown column 'MENU_RUSSIAN_NAME' in 'field list'
2022-09-15 16:20:33 ERROR http-nio-0.0.0.0-88-exec-8 cc.mrbird.febs.common.handler.GlobalExceptionHandler AuthenticationException, 用户名或密码错误1次，一天只能错误3次，忘记密码请联系管理员重置密码！
2022-09-15 16:20:43 ERROR http-nio-0.0.0.0-88-exec-7 cc.mrbird.febs.common.handler.GlobalExceptionHandler AuthenticationException, 用户名或密码错误1次，一天只能错误3次，忘记密码请联系管理员重置密码！
2022-09-15 16:20:56 ERROR http-nio-0.0.0.0-88-exec-5 cc.mrbird.febs.common.handler.GlobalExceptionHandler AuthenticationException, 用户名或密码错误2次，一天只能错误3次，忘记密码请联系管理员重置密码！
2022-09-15 16:21:28 ERROR http-nio-0.0.0.0-88-exec-3 cc.mrbird.febs.common.handler.GlobalExceptionHandler AuthenticationException, 用户名或密码错误1次，一天只能错误3次，忘记密码请联系管理员重置密码！
2022-09-15 16:27:41 ERROR http-nio-0.0.0.0-88-exec-6 cc.mrbird.febs.common.handler.GlobalExceptionHandler AuthenticationException, 用户名或密码错误1次，一天只能错误3次，忘记密码请联系管理员重置密码！
2022-09-15 16:29:20 ERROR http-nio-0.0.0.0-88-exec-10 cc.mrbird.febs.common.aspect.ControllerEndpointAspect 
### Error querying database.  Cause: java.sql.SQLSyntaxErrorException: Unknown column 'MENU_RUSSIAN_NAME' in 'field list'
### The error may exist in cc/mrbird/febs/system/mapper/MenuMapper.java (best guess)
### The error may involve defaultParameterMap
### The error occurred while setting parameters
### SQL: SELECT  MENU_ID,PARENT_ID,MENU_CHINESE_NAME,MENU_RUSSIAN_NAME,MENU_ENGLISH_NAME,URL,PERMS,ICON,TYPE,ORDER_NUM,CREATE_TIME,MODIFY_TIME  FROM t_menu           ORDER BY ORDER_NUM ASC
### Cause: java.sql.SQLSyntaxErrorException: Unknown column 'MENU_RUSSIAN_NAME' in 'field list'
; bad SQL grammar []; nested exception is java.sql.SQLSyntaxErrorException: Unknown column 'MENU_RUSSIAN_NAME' in 'field list'
2022-09-15 16:29:20 ERROR http-nio-0.0.0.0-88-exec-10 cc.mrbird.febs.common.handler.GlobalExceptionHandler Febs系统错误 
### Error querying database.  Cause: java.sql.SQLSyntaxErrorException: Unknown column 'MENU_RUSSIAN_NAME' in 'field list'
### The error may exist in cc/mrbird/febs/system/mapper/MenuMapper.java (best guess)
### The error may involve defaultParameterMap
### The error occurred while setting parameters
### SQL: SELECT  MENU_ID,PARENT_ID,MENU_CHINESE_NAME,MENU_RUSSIAN_NAME,MENU_ENGLISH_NAME,URL,PERMS,ICON,TYPE,ORDER_NUM,CREATE_TIME,MODIFY_TIME  FROM t_menu           ORDER BY ORDER_NUM ASC
### Cause: java.sql.SQLSyntaxErrorException: Unknown column 'MENU_RUSSIAN_NAME' in 'field list'
; bad SQL grammar []; nested exception is java.sql.SQLSyntaxErrorException: Unknown column 'MENU_RUSSIAN_NAME' in 'field list'
2022-09-15 16:52:54 ERROR http-nio-0.0.0.0-88-exec-2 cc.mrbird.febs.common.websocket.WebSocketServer 用户错误:8,原因:null
2022-09-15 17:27:54 ERROR http-nio-0.0.0.0-88-exec-9 cc.mrbird.febs.common.handler.GlobalExceptionHandler 系统内部异常，异常信息 
### Error querying database.  Cause: java.sql.SQLSyntaxErrorException: Unknown column 'pc_user_id' in 'field list'
### The error may exist in cc/mrbird/febs/rcs/mapper/PrintJobMapper.java (best guess)
### The error may involve defaultParameterMap
### The error occurred while setting parameters
### SQL: SELECT  id,contract_code,foreseen_id,transaction_id,user_id,pc_user_id,frank_machine_id,flow,flow_detail,total_count,total_amount,contract_current,contract_consolidate,type,print_object_type,cancel_msg_code,updated_time,created_time  FROM rcs_print_job           ORDER BY id DESC LIMIT ?,?
### Cause: java.sql.SQLSyntaxErrorException: Unknown column 'pc_user_id' in 'field list'
; bad SQL grammar []; nested exception is java.sql.SQLSyntaxErrorException: Unknown column 'pc_user_id' in 'field list'
2022-09-15 17:28:35 ERROR http-nio-0.0.0.0-88-exec-3 cc.mrbird.febs.common.handler.GlobalExceptionHandler ExpiredSessionException
org.apache.shiro.session.ExpiredSessionException: null
	at cc.mrbird.febs.system.controller.ViewController.login(ViewController.java:68)
	at cc.mrbird.febs.system.controller.ViewController$$FastClassBySpringCGLIB$$1.invoke(<generated>)
	at org.springframework.cglib.proxy.MethodProxy.invoke(MethodProxy.java:218)
	at org.springframework.aop.framework.CglibAopProxy$CglibMethodInvocation.invokeJoinpoint(CglibAopProxy.java:769)
	at org.springframework.aop.framework.ReflectiveMethodInvocation.proceed(ReflectiveMethodInvocation.java:163)
	at org.springframework.aop.framework.CglibAopProxy$CglibMethodInvocation.proceed(CglibAopProxy.java:747)
	at org.springframework.aop.interceptor.ExposeInvocationInterceptor.invoke(ExposeInvocationInterceptor.java:95)
	at org.springframework.aop.framework.ReflectiveMethodInvocation.proceed(ReflectiveMethodInvocation.java:186)
	at org.springframework.aop.framework.CglibAopProxy$CglibMethodInvocation.proceed(CglibAopProxy.java:747)
	at org.springframework.aop.framework.CglibAopProxy$DynamicAdvisedInterceptor.intercept(CglibAopProxy.java:689)
	at cc.mrbird.febs.system.controller.ViewController$$EnhancerBySpringCGLIB$$1.login(<generated>)
	at sun.reflect.NativeMethodAccessorImpl.invoke0(Native Method)
	at sun.reflect.NativeMethodAccessorImpl.invoke(NativeMethodAccessorImpl.java:62)
	at sun.reflect.DelegatingMethodAccessorImpl.invoke(DelegatingMethodAccessorImpl.java:43)
	at java.lang.reflect.Method.invoke(Method.java:498)
	at org.springframework.web.method.support.InvocableHandlerMethod.doInvoke(InvocableHandlerMethod.java:190)
	at org.springframework.web.method.support.InvocableHandlerMethod.invokeForRequest(InvocableHandlerMethod.java:138)
	at org.springframework.web.servlet.mvc.method.annotation.ServletInvocableHandlerMethod.invokeAndHandle(ServletInvocableHandlerMethod.java:106)
	at org.springframework.web.servlet.mvc.method.annotation.RequestMappingHandlerAdapter.invokeHandlerMethod(RequestMappingHandlerAdapter.java:879)
	at org.springframework.web.servlet.mvc.method.annotation.RequestMappingHandlerAdapter.handleInternal(RequestMappingHandlerAdapter.java:793)
	at org.springframework.web.servlet.mvc.method.AbstractHandlerMethodAdapter.handle(AbstractHandlerMethodAdapter.java:87)
	at org.springframework.web.servlet.DispatcherServlet.doDispatch(DispatcherServlet.java:1040)
	at org.springframework.web.servlet.DispatcherServlet.doService(DispatcherServlet.java:943)
	at org.springframework.web.servlet.FrameworkServlet.processRequest(FrameworkServlet.java:1006)
	at org.springframework.web.servlet.FrameworkServlet.doGet(FrameworkServlet.java:898)
	at javax.servlet.http.HttpServlet.service(HttpServlet.java:634)
	at org.springframework.web.servlet.FrameworkServlet.service(FrameworkServlet.java:883)
	at javax.servlet.http.HttpServlet.service(HttpServlet.java:741)
	at org.apache.catalina.core.ApplicationFilterChain.internalDoFilter(ApplicationFilterChain.java:231)
	at org.apache.catalina.core.ApplicationFilterChain.doFilter(ApplicationFilterChain.java:166)
	at org.apache.tomcat.websocket.server.WsFilter.doFilter(WsFilter.java:53)
	at org.apache.catalina.core.ApplicationFilterChain.internalDoFilter(ApplicationFilterChain.java:193)
	at org.apache.catalina.core.ApplicationFilterChain.doFilter(ApplicationFilterChain.java:166)
	at org.apache.shiro.web.servlet.ProxiedFilterChain.doFilter(ProxiedFilterChain.java:61)
	at org.apache.shiro.web.servlet.AdviceFilter.executeChain(AdviceFilter.java:108)
	at org.apache.shiro.web.servlet.AdviceFilter.doFilterInternal(AdviceFilter.java:137)
	at org.apache.shiro.web.servlet.OncePerRequestFilter.doFilter(OncePerRequestFilter.java:125)
	at org.apache.shiro.web.servlet.ProxiedFilterChain.doFilter(ProxiedFilterChain.java:66)
	at org.apache.shiro.web.servlet.AbstractShiroFilter.executeChain(AbstractShiroFilter.java:449)
	at org.apache.shiro.web.servlet.AbstractShiroFilter$1.call(AbstractShiroFilter.java:365)
	at org.apache.shiro.subject.support.SubjectCallable.doCall(SubjectCallable.java:90)
	at org.apache.shiro.subject.support.SubjectCallable.call(SubjectCallable.java:83)
	at org.apache.shiro.subject.support.DelegatingSubject.execute(DelegatingSubject.java:387)
	at org.apache.shiro.web.servlet.AbstractShiroFilter.doFilterInternal(AbstractShiroFilter.java:362)
	at org.apache.shiro.web.servlet.OncePerRequestFilter.doFilter(OncePerRequestFilter.java:125)
	at org.apache.catalina.core.ApplicationFilterChain.internalDoFilter(ApplicationFilterChain.java:193)
	at org.apache.catalina.core.ApplicationFilterChain.doFilter(ApplicationFilterChain.java:166)
	at org.springframework.web.servlet.resource.ResourceUrlEncodingFilter.doFilter(ResourceUrlEncodingFilter.java:64)
	at org.apache.catalina.core.ApplicationFilterChain.internalDoFilter(ApplicationFilterChain.java:193)
	at org.apache.catalina.core.ApplicationFilterChain.doFilter(ApplicationFilterChain.java:166)
	at org.springframework.boot.actuate.web.trace.servlet.HttpTraceFilter.doFilterInternal(HttpTraceFilter.java:88)
	at org.springframework.web.filter.OncePerRequestFilter.doFilter(OncePerRequestFilter.java:119)
	at org.apache.catalina.core.ApplicationFilterChain.internalDoFilter(ApplicationFilterChain.java:193)
	at org.apache.catalina.core.ApplicationFilterChain.doFilter(ApplicationFilterChain.java:166)
	at cc.mrbird.febs.common.xss.XssFilter.doFilter(XssFilter.java:55)
	at org.apache.catalina.core.ApplicationFilterChain.internalDoFilter(ApplicationFilterChain.java:193)
	at org.apache.catalina.core.ApplicationFilterChain.doFilter(ApplicationFilterChain.java:166)
	at org.springframework.web.filter.RequestContextFilter.doFilterInternal(RequestContextFilter.java:100)
	at org.springframework.web.filter.OncePerRequestFilter.doFilter(OncePerRequestFilter.java:119)
	at org.apache.catalina.core.ApplicationFilterChain.internalDoFilter(ApplicationFilterChain.java:193)
	at org.apache.catalina.core.ApplicationFilterChain.doFilter(ApplicationFilterChain.java:166)
	at org.springframework.web.filter.FormContentFilter.doFilterInternal(FormContentFilter.java:93)
	at org.springframework.web.filter.OncePerRequestFilter.doFilter(OncePerRequestFilter.java:119)
	at org.apache.catalina.core.ApplicationFilterChain.internalDoFilter(ApplicationFilterChain.java:193)
	at org.apache.catalina.core.ApplicationFilterChain.doFilter(ApplicationFilterChain.java:166)
	at org.springframework.boot.actuate.metrics.web.servlet.WebMvcMetricsFilter.doFilterInternal(WebMvcMetricsFilter.java:109)
	at org.springframework.web.filter.OncePerRequestFilter.doFilter(OncePerRequestFilter.java:119)
	at org.apache.catalina.core.ApplicationFilterChain.internalDoFilter(ApplicationFilterChain.java:193)
	at org.apache.catalina.core.ApplicationFilterChain.doFilter(ApplicationFilterChain.java:166)
	at org.springframework.web.filter.CharacterEncodingFilter.doFilterInternal(CharacterEncodingFilter.java:201)
	at org.springframework.web.filter.OncePerRequestFilter.doFilter(OncePerRequestFilter.java:119)
	at org.apache.catalina.core.ApplicationFilterChain.internalDoFilter(ApplicationFilterChain.java:193)
	at org.apache.catalina.core.ApplicationFilterChain.doFilter(ApplicationFilterChain.java:166)
	at org.apache.catalina.core.StandardWrapperValve.invoke(StandardWrapperValve.java:202)
	at org.apache.catalina.core.StandardContextValve.__invoke(StandardContextValve.java:96)
	at org.apache.catalina.core.StandardContextValve.invoke(StandardContextValve.java:41002)
	at org.apache.catalina.authenticator.AuthenticatorBase.invoke(AuthenticatorBase.java:541)
	at org.apache.catalina.core.StandardHostValve.invoke(StandardHostValve.java:139)
	at org.apache.catalina.valves.ErrorReportValve.invoke(ErrorReportValve.java:92)
	at org.apache.catalina.core.StandardEngineValve.invoke(StandardEngineValve.java:74)
	at org.apache.catalina.connector.CoyoteAdapter.service(CoyoteAdapter.java:343)
	at org.apache.coyote.http11.Http11Processor.service(Http11Processor.java:367)
	at org.apache.coyote.AbstractProcessorLight.process(AbstractProcessorLight.java:65)
	at org.apache.coyote.AbstractProtocol$ConnectionHandler.process(AbstractProtocol.java:868)
	at org.apache.tomcat.util.net.NioEndpoint$SocketProcessor.doRun(NioEndpoint.java:1639)
	at org.apache.tomcat.util.net.SocketProcessorBase.run(SocketProcessorBase.java:49)
	at java.util.concurrent.ThreadPoolExecutor.runWorker(ThreadPoolExecutor.java:1149)
	at java.util.concurrent.ThreadPoolExecutor$Worker.run(ThreadPoolExecutor.java:624)
	at org.apache.tomcat.util.threads.TaskThread$WrappingRunnable.run(TaskThread.java:61)
	at java.lang.Thread.run(Thread.java:750)
2022-09-15 17:29:28 ERROR http-nio-0.0.0.0-88-exec-10 cc.mrbird.febs.common.handler.GlobalExceptionHandler 系统内部异常，异常信息 
### Error querying database.  Cause: java.sql.SQLSyntaxErrorException: Unknown column 'pc_user_id' in 'field list'
### The error may exist in cc/mrbird/febs/rcs/mapper/PrintJobMapper.java (best guess)
### The error may involve defaultParameterMap
### The error occurred while setting parameters
### SQL: SELECT  id,contract_code,foreseen_id,transaction_id,user_id,pc_user_id,frank_machine_id,flow,flow_detail,total_count,total_amount,contract_current,contract_consolidate,type,print_object_type,cancel_msg_code,updated_time,created_time  FROM rcs_print_job           ORDER BY id DESC LIMIT ?,?
### Cause: java.sql.SQLSyntaxErrorException: Unknown column 'pc_user_id' in 'field list'
; bad SQL grammar []; nested exception is java.sql.SQLSyntaxErrorException: Unknown column 'pc_user_id' in 'field list'
2022-09-15 17:41:37 ERROR http-nio-0.0.0.0-88-exec-7 cc.mrbird.febs.common.websocket.WebSocketServer 用户错误:8,原因:null
2022-09-15 18:12:53 ERROR http-nio-0.0.0.0-88-exec-1 cc.mrbird.febs.common.handler.GlobalExceptionHandler 系统内部异常，异常信息 
### Error querying database.  Cause: java.sql.SQLSyntaxErrorException: Unknown column 'contract_current' in 'field list'
### The error may exist in cc/mrbird/febs/rcs/mapper/PrintJobMapper.java (best guess)
### The error may involve defaultParameterMap
### The error occurred while setting parameters
### SQL: SELECT  id,contract_code,foreseen_id,transaction_id,user_id,pc_user_id,frank_machine_id,flow,flow_detail,total_count,total_amount,contract_current,contract_consolidate,type,print_object_type,cancel_msg_code,updated_time,created_time  FROM rcs_print_job           ORDER BY id DESC LIMIT ?,?
### Cause: java.sql.SQLSyntaxErrorException: Unknown column 'contract_current' in 'field list'
; bad SQL grammar []; nested exception is java.sql.SQLSyntaxErrorException: Unknown column 'contract_current' in 'field list'
2022-09-15 18:14:31 ERROR http-nio-0.0.0.0-88-exec-4 cc.mrbird.febs.common.handler.GlobalExceptionHandler AuthenticationException, 用户名或密码错误3次，一天只能错误3次，忘记密码请联系管理员重置密码！
2022-09-15 18:14:32 ERROR http-nio-0.0.0.0-88-exec-1 cc.mrbird.febs.common.handler.GlobalExceptionHandler Febs系统错误 验证码不正确
2022-09-15 18:16:23 ERROR http-nio-0.0.0.0-88-exec-1 cc.mrbird.febs.common.handler.GlobalExceptionHandler 系统内部异常，异常信息 
### Error querying database.  Cause: java.sql.SQLSyntaxErrorException: Unknown column 'contract_current' in 'field list'
### The error may exist in cc/mrbird/febs/rcs/mapper/PrintJobMapper.java (best guess)
### The error may involve defaultParameterMap
### The error occurred while setting parameters
### SQL: SELECT  id,contract_code,foreseen_id,transaction_id,user_id,pc_user_id,frank_machine_id,flow,flow_detail,total_count,total_amount,contract_current,contract_consolidate,type,print_object_type,cancel_msg_code,updated_time,created_time  FROM rcs_print_job           ORDER BY id DESC LIMIT ?,?
### Cause: java.sql.SQLSyntaxErrorException: Unknown column 'contract_current' in 'field list'
; bad SQL grammar []; nested exception is java.sql.SQLSyntaxErrorException: Unknown column 'contract_current' in 'field list'
2022-09-15 18:18:57 ERROR http-nio-0.0.0.0-88-exec-8 cc.mrbird.febs.common.handler.GlobalExceptionHandler Febs系统错误 验证码已过期
2022-09-15 18:23:28 ERROR http-nio-0.0.0.0-88-exec-3 cc.mrbird.febs.common.handler.GlobalExceptionHandler 系统内部异常，异常信息 
### Error querying database.  Cause: java.sql.SQLSyntaxErrorException: Unknown column 'contract_current' in 'field list'
### The error may exist in cc/mrbird/febs/rcs/mapper/PrintJobMapper.java (best guess)
### The error may involve defaultParameterMap
### The error occurred while setting parameters
### SQL: SELECT  id,contract_code,foreseen_id,transaction_id,user_id,pc_user_id,frank_machine_id,flow,flow_detail,total_count,total_amount,contract_current,contract_consolidate,type,print_object_type,cancel_msg_code,updated_time,created_time  FROM rcs_print_job           ORDER BY id DESC LIMIT ?,?
### Cause: java.sql.SQLSyntaxErrorException: Unknown column 'contract_current' in 'field list'
; bad SQL grammar []; nested exception is java.sql.SQLSyntaxErrorException: Unknown column 'contract_current' in 'field list'
2022-09-15 18:26:32 ERROR http-nio-0.0.0.0-88-exec-2 cc.mrbird.febs.common.handler.GlobalExceptionHandler 系统内部异常，异常信息 
### Error querying database.  Cause: java.sql.SQLSyntaxErrorException: Unknown column 'pc_user_id' in 'field list'
### The error may exist in cc/mrbird/febs/rcs/mapper/PrintJobMapper.java (best guess)
### The error may involve defaultParameterMap
### The error occurred while setting parameters
### SQL: SELECT  id,contract_code,foreseen_id,transaction_id,user_id,pc_user_id,frank_machine_id,flow,flow_detail,total_count,total_amount,contract_current,contract_consolidate,type,print_object_type,cancel_msg_code,updated_time,created_time  FROM rcs_print_job           ORDER BY id DESC LIMIT ?,?
### Cause: java.sql.SQLSyntaxErrorException: Unknown column 'pc_user_id' in 'field list'
; bad SQL grammar []; nested exception is java.sql.SQLSyntaxErrorException: Unknown column 'pc_user_id' in 'field list'
2022-09-15 18:26:37 ERROR http-nio-0.0.0.0-88-exec-1 cc.mrbird.febs.common.handler.GlobalExceptionHandler UnauthorizedException, Subject does not have permission [role:view]
2022-09-15 18:26:43 ERROR http-nio-0.0.0.0-88-exec-5 cc.mrbird.febs.common.handler.GlobalExceptionHandler UnauthorizedException, Subject does not have permission [role:view]
2022-09-15 18:26:43 ERROR http-nio-0.0.0.0-88-exec-10 cc.mrbird.febs.common.handler.GlobalExceptionHandler UnauthorizedException, Subject does not have permission [role:view]
2022-09-15 18:26:44 ERROR http-nio-0.0.0.0-88-exec-8 cc.mrbird.febs.common.handler.GlobalExceptionHandler UnauthorizedException, Subject does not have permission [role:view]
2022-09-15 18:26:44 ERROR http-nio-0.0.0.0-88-exec-7 cc.mrbird.febs.common.handler.GlobalExceptionHandler UnauthorizedException, Subject does not have permission [role:view]
2022-09-15 23:09:13 ERROR http-nio-0.0.0.0-88-exec-4 cc.mrbird.febs.common.handler.GlobalExceptionHandler 系统内部异常，异常信息 
### Error querying database.  Cause: java.sql.SQLSyntaxErrorException: Unknown column 'pc_user_id' in 'field list'
### The error may exist in cc/mrbird/febs/rcs/mapper/PrintJobMapper.java (best guess)
### The error may involve defaultParameterMap
### The error occurred while setting parameters
### SQL: SELECT  id,contract_code,foreseen_id,transaction_id,user_id,pc_user_id,frank_machine_id,flow,flow_detail,total_count,total_amount,contract_current,contract_consolidate,type,print_object_type,cancel_msg_code,updated_time,created_time  FROM rcs_print_job           ORDER BY id DESC LIMIT ?,?
### Cause: java.sql.SQLSyntaxErrorException: Unknown column 'pc_user_id' in 'field list'
; bad SQL grammar []; nested exception is java.sql.SQLSyntaxErrorException: Unknown column 'pc_user_id' in 'field list'
2022-09-15 23:09:57 ERROR http-nio-0.0.0.0-88-exec-6 cc.mrbird.febs.common.handler.GlobalExceptionHandler 系统内部异常，异常信息 
### Error querying database.  Cause: java.sql.SQLSyntaxErrorException: Unknown column 'pc_user_id' in 'field list'
### The error may exist in cc/mrbird/febs/rcs/mapper/PrintJobMapper.java (best guess)
### The error may involve defaultParameterMap
### The error occurred while setting parameters
### SQL: SELECT  id,contract_code,foreseen_id,transaction_id,user_id,pc_user_id,frank_machine_id,flow,flow_detail,total_count,total_amount,contract_current,contract_consolidate,type,print_object_type,cancel_msg_code,updated_time,created_time  FROM rcs_print_job           ORDER BY id DESC LIMIT ?,?
### Cause: java.sql.SQLSyntaxErrorException: Unknown column 'pc_user_id' in 'field list'
; bad SQL grammar []; nested exception is java.sql.SQLSyntaxErrorException: Unknown column 'pc_user_id' in 'field list'
2022-09-15 23:10:17 ERROR http-nio-0.0.0.0-88-exec-4 cc.mrbird.febs.common.handler.GlobalExceptionHandler 系统内部异常，异常信息 
### Error querying database.  Cause: java.sql.SQLSyntaxErrorException: Unknown column 'pc_user_id' in 'field list'
### The error may exist in cc/mrbird/febs/rcs/mapper/PrintJobMapper.java (best guess)
### The error may involve defaultParameterMap
### The error occurred while setting parameters
### SQL: SELECT  id,contract_code,foreseen_id,transaction_id,user_id,pc_user_id,frank_machine_id,flow,flow_detail,total_count,total_amount,contract_current,contract_consolidate,type,print_object_type,cancel_msg_code,updated_time,created_time  FROM rcs_print_job           ORDER BY id DESC LIMIT ?,?
### Cause: java.sql.SQLSyntaxErrorException: Unknown column 'pc_user_id' in 'field list'
; bad SQL grammar []; nested exception is java.sql.SQLSyntaxErrorException: Unknown column 'pc_user_id' in 'field list'
2022-09-15 23:12:31 ERROR http-nio-0.0.0.0-88-exec-10 cc.mrbird.febs.common.handler.GlobalExceptionHandler 系统内部异常，异常信息 
### Error querying database.  Cause: java.sql.SQLSyntaxErrorException: Unknown column 'pc_user_id' in 'field list'
### The error may exist in cc/mrbird/febs/rcs/mapper/PrintJobMapper.java (best guess)
### The error may involve defaultParameterMap
### The error occurred while setting parameters
### SQL: SELECT  id,contract_code,foreseen_id,transaction_id,user_id,pc_user_id,frank_machine_id,flow,flow_detail,total_count,total_amount,contract_current,contract_consolidate,type,print_object_type,cancel_msg_code,updated_time,created_time  FROM rcs_print_job           ORDER BY id DESC LIMIT ?,?
### Cause: java.sql.SQLSyntaxErrorException: Unknown column 'pc_user_id' in 'field list'
; bad SQL grammar []; nested exception is java.sql.SQLSyntaxErrorException: Unknown column 'pc_user_id' in 'field list'
2022-09-15 23:12:46 ERROR http-nio-0.0.0.0-88-exec-6 cc.mrbird.febs.common.handler.GlobalExceptionHandler 系统内部异常，异常信息 
### Error querying database.  Cause: java.sql.SQLSyntaxErrorException: Unknown column 'pc_user_id' in 'field list'
### The error may exist in cc/mrbird/febs/rcs/mapper/PrintJobMapper.java (best guess)
### The error may involve defaultParameterMap
### The error occurred while setting parameters
### SQL: SELECT  id,contract_code,foreseen_id,transaction_id,user_id,pc_user_id,frank_machine_id,flow,flow_detail,total_count,total_amount,contract_current,contract_consolidate,type,print_object_type,cancel_msg_code,updated_time,created_time  FROM rcs_print_job           ORDER BY id DESC LIMIT ?,?
### Cause: java.sql.SQLSyntaxErrorException: Unknown column 'pc_user_id' in 'field list'
; bad SQL grammar []; nested exception is java.sql.SQLSyntaxErrorException: Unknown column 'pc_user_id' in 'field list'
2022-09-15 23:25:27 ERROR http-nio-0.0.0.0-88-exec-1 cc.mrbird.febs.common.handler.GlobalExceptionHandler 系统内部异常，异常信息 
### Error querying database.  Cause: java.sql.SQLSyntaxErrorException: Unknown column 'pc_user_id' in 'field list'
### The error may exist in cc/mrbird/febs/rcs/mapper/PrintJobMapper.java (best guess)
### The error may involve defaultParameterMap
### The error occurred while setting parameters
### SQL: SELECT  id,contract_code,foreseen_id,transaction_id,user_id,pc_user_id,frank_machine_id,flow,flow_detail,total_count,total_amount,contract_current,contract_consolidate,type,print_object_type,cancel_msg_code,updated_time,created_time  FROM rcs_print_job           ORDER BY id DESC LIMIT ?,?
### Cause: java.sql.SQLSyntaxErrorException: Unknown column 'pc_user_id' in 'field list'
; bad SQL grammar []; nested exception is java.sql.SQLSyntaxErrorException: Unknown column 'pc_user_id' in 'field list'
2022-09-15 23:35:48 ERROR http-nio-0.0.0.0-88-exec-9 cc.mrbird.febs.common.websocket.WebSocketServer 用户错误:8,原因:null
